Logging output to C:\mr-coding-tutor-unity\data\P18-MRHuman\keylog.log
[2025-07-26 15:27:48.036 GMT+07] [Window: [Task AN] Armstrong Numbers - Google Tài li?u and 5 more pages - Armstrong Numbers - Microsoft? Edge] Key: [ALT]+[TAB]
[2025-07-26 15:27:59.209 GMT+07] [Window: main_P18-MRHuman.py - mr-coding-tutor-unity - Visual Studio Code] Key: [ALT]+[TAB]
[2025-07-26 15:28:00.939 GMT+07] [Window: [Task AN] Armstrong Numbers - Google Tài li?u and 5 more pages - Armstrong Numbers - Microsoft? Edge] Key: [ALT]+[TAB]
[2025-07-26 15:28:02.874 GMT+07] [Window: main_P18-MRHuman.py - mr-coding-tutor-unity - Visual Studio Code] Key: [ALT]+[TAB]
[2025-07-26 15:28:05.773 GMT+07] [Window: [Task AN] Armstrong Numbers - Google Tài li?u and 5 more pages - Armstrong Numbers - Microsoft? Edge] Key: [ALT]+[TAB]
[2025-07-26 15:31:47.734 GMT+07] [Window: Study Introduction: Student - Google Slides and 3 more pages - user study admin - Microsoft? Edge] Key: [CAPSLOCK]
[2025-07-26 15:31:48.222 GMT+07] [Window: Study Introduction: Student - Google Slides and 3 more pages - user study admin - Microsoft? Edge] Key: [CAPSLOCK]
[2025-07-26 16:30:30.912 GMT+07] [Window: Administrator: Command Prompt] Key: [ALT]+[TAB]
[2025-07-26 16:30:31.575 GMT+07] [Window: Task Switching] Key: [ALT]+[TAB]
[2025-07-26 16:30:31.887 GMT+07] [Window: Task Switching] Key: [ALT]+[TAB]
[2025-07-26 16:33:16.435 GMT+07] [Window: main_P18-MRHuman.py - mr-coding-tutor-unity - Visual Studio Code] Key: [ALT]+[TAB]
[2025-07-26 16:33:16.494 GMT+07] [Window: Task Switching] Key: [ALT]+[TAB]
[2025-07-26 16:33:17.681 GMT+07] [Window: Task Switching] Key: [ALT]+[TAB]
[2025-07-26 16:33:17.909 GMT+07] [Window: Task Switching] Key: [ALT]+[TAB]
[2025-07-26 16:33:18.195 GMT+07] [Window: Task Switching] Key: [ALT]+[TAB]
[2025-07-26 16:33:18.457 GMT+07] [Window: Task Switching] Key: [ALT]+[TAB]
[2025-07-26 16:33:37.346 GMT+07] [Window: [Task AN] Armstrong Numbers - Google Tài li?u and 5 more pages - Armstrong Numbers - Microsoft? Edge] Key: [ALT]+[TAB]
[2025-07-26 16:33:39.967 GMT+07] [Window: main_P18-MRHuman.py - mr-coding-tutor-unity - Visual Studio Code] Key: [ALT]+[TAB]
[2025-07-26 16:33:41.650 GMT+07] [Window: [Task AN] Armstrong Numbers - Google Tài li?u and 5 more pages - Armstrong Numbers - Microsoft? Edge] Key: [ALT]+[TAB]
[2025-07-26 16:33:52.105 GMT+07] [Window: main_P18-MRHuman.py - mr-coding-tutor-unity - Visual Studio Code] Key: [ALT]+[TAB]
[2025-07-26 16:33:55.599 GMT+07] [Window: [Task AN] Armstrong Numbers - Google Tài li?u and 5 more pages - Armstrong Numbers - Microsoft? Edge] Key: [ALT]+[TAB]
[2025-07-26 16:33:58.287 GMT+07] [Window: main_P18-MRHuman.py - mr-coding-tutor-unity - Visual Studio Code] Key: [ALT]+[TAB]
[2025-07-26 16:34:05.681 GMT+07] [Window: [Task AN] Armstrong Numbers - Google Tài li?u and 5 more pages - Armstrong Numbers - Microsoft? Edge] Key: [ALT]+[TAB]
[2025-07-26 16:34:40.485 GMT+07] [Window: main_P18-MRHuman.py - mr-coding-tutor-unity - Visual Studio Code] Key: [ALT]+[TAB]
[2025-07-26 16:34:43.058 GMT+07] [Window: [Task AN] Armstrong Numbers - Google Tài li?u and 5 more pages - Armstrong Numbers - Microsoft? Edge] Key: [ALT]+[TAB]
[2025-07-26 16:34:44.244 GMT+07] [Window: main_P18-MRHuman.py - mr-coding-tutor-unity - Visual Studio Code] Key: [ALT]+[TAB]
[2025-07-26 16:34:47.489 GMT+07] [Window: [Task AN] Armstrong Numbers - Google Tài li?u and 5 more pages - Armstrong Numbers - Microsoft? Edge] Key: [ALT]+[TAB]
[2025-07-26 16:34:48.623 GMT+07] [Window: main_P18-MRHuman.py - mr-coding-tutor-unity - Visual Studio Code] Key: a
[2025-07-26 16:34:48.977 GMT+07] [Window: main_P18-MRHuman.py - mr-coding-tutor-unity - Visual Studio Code] Key: _
[2025-07-26 16:34:49.127 GMT+07] [Window: main_P18-MRHuman.py - mr-coding-tutor-unity - Visual Studio Code] Key: +
[2025-07-26 16:34:49.308 GMT+07] [Window: main_P18-MRHuman.py - mr-coding-tutor-unity - Visual Studio Code] Key: _
[2025-07-26 16:34:49.668 GMT+07] [Window: main_P18-MRHuman.py - mr-coding-tutor-unity - Visual Studio Code] Key: 1
[2025-07-26 16:34:51.101 GMT+07] [Window: main_P18-MRHuman.py - mr-coding-tutor-unity - Visual Studio Code] Key: 5
[2025-07-26 16:34:51.375 GMT+07] [Window: main_P18-MRHuman.py - mr-coding-tutor-unity - Visual Studio Code] Key: 3
[2025-07-26 16:34:54.395 GMT+07] [Window: main_P18-MRHuman.py - mr-coding-tutor-unity - Visual Studio Code] Key: [BACKSPACE]
[2025-07-26 16:34:54.603 GMT+07] [Window: main_P18-MRHuman.py - mr-coding-tutor-unity - Visual Studio Code] Key: [BACKSPACE]
[2025-07-26 16:34:54.812 GMT+07] [Window: main_P18-MRHuman.py - mr-coding-tutor-unity - Visual Studio Code] Key: [BACKSPACE]
[2025-07-26 16:34:55.023 GMT+07] [Window: main_P18-MRHuman.py - mr-coding-tutor-unity - Visual Studio Code] Key: [BACKSPACE]
[2025-07-26 16:34:55.261 GMT+07] [Window: main_P18-MRHuman.py - mr-coding-tutor-unity - Visual Studio Code] Key: [BACKSPACE]
[2025-07-26 16:34:55.633 GMT+07] [Window: main_P18-MRHuman.py - mr-coding-tutor-unity - Visual Studio Code] Key: [BACKSPACE]
[2025-07-26 16:34:55.985 GMT+07] [Window: main_P18-MRHuman.py - mr-coding-tutor-unity - Visual Studio Code] Key: [BACKSPACE]
[2025-07-26 16:35:06.393 GMT+07] [Window: main_P18-MRHuman.py - mr-coding-tutor-unity - Visual Studio Code] Key: [ALT]+[TAB]
[2025-07-26 16:35:38.292 GMT+07] [Window: [Practice] Swap two numbers - Google Tài li?u and 3 more pages - Practice - Microsoft? Edge] Key: [ALT]+[TAB]
[2025-07-26 16:35:39.047 GMT+07] [Window: Task Switching] Key: [ALT]+[TAB]
[2025-07-26 16:35:39.226 GMT+07] [Window: Task Switching] Key: [ALT]+[TAB]
[2025-07-26 16:35:39.436 GMT+07] [Window: Task Switching] Key: [ALT]+[TAB]
[2025-07-26 16:35:39.701 GMT+07] [Window: Task Switching] Key: [ALT]+[TAB]
[2025-07-26 16:35:40.882 GMT+07] [Window: main_P18-MRHuman.py - mr-coding-tutor-unity - Visual Studio Code] Key: [ALT]+[TAB]
[2025-07-26 16:35:43.645 GMT+07] [Window: [Practice] Swap two numbers - Google Tài li?u and 3 more pages - Practice - Microsoft? Edge] Key: [ALT]+[CAPSLOCK]
[2025-07-26 16:35:44.231 GMT+07] [Window: [Practice] Swap two numbers - Google Tài li?u and 3 more pages - Practice - Microsoft? Edge] Key: [ALT]+[TAB]
[2025-07-26 16:35:45.656 GMT+07] [Window: main_P18-MRHuman.py - mr-coding-tutor-unity - Visual Studio Code] Key: [CAPSLOCK]
[2025-07-26 16:35:46.581 GMT+07] [Window: main_P18-MRHuman.py - mr-coding-tutor-unity - Visual Studio Code] Key: s
[2025-07-26 16:35:47.352 GMT+07] [Window: main_P18-MRHuman.py - mr-coding-tutor-unity - Visual Studio Code] Key: +
[2025-07-26 16:35:49.052 GMT+07] [Window: main_P18-MRHuman.py - mr-coding-tutor-unity - Visual Studio Code] Key: [BACKSPACE]
[2025-07-26 16:35:49.759 GMT+07] [Window: main_P18-MRHuman.py - mr-coding-tutor-unity - Visual Studio Code] Key: [BACKSPACE]
[2025-07-26 16:35:50.321 GMT+07] [Window: main_P18-MRHuman.py - mr-coding-tutor-unity - Visual Studio Code] Key: a
[2025-07-26 16:35:50.879 GMT+07] [Window: main_P18-MRHuman.py - mr-coding-tutor-unity - Visual Studio Code] Key: _
[2025-07-26 16:35:51.237 GMT+07] [Window: main_P18-MRHuman.py - mr-coding-tutor-unity - Visual Studio Code] Key: +
[2025-07-26 16:35:53.565 GMT+07] [Window: main_P18-MRHuman.py - mr-coding-tutor-unity - Visual Studio Code] Key: _
[2025-07-26 16:35:55.096 GMT+07] [Window: main_P18-MRHuman.py - mr-coding-tutor-unity - Visual Studio Code] Key: [LWIN]
[2025-07-26 16:35:55.399 GMT+07] [Window: main_P18-MRHuman.py - mr-coding-tutor-unity - Visual Studio Code] Key: [TAB]
[2025-07-26 16:35:59.102 GMT+07] [Window: Task View] Key: [RIGHT]
[2025-07-26 16:35:59.874 GMT+07] [Window: Task View] Key: [LWIN]
[2025-07-26 16:35:59.898 GMT+07] [Window: Task View] Key: [TAB]
[2025-07-26 16:36:01.085 GMT+07] [Window: main_P18-MRHuman.py - mr-coding-tutor-unity - Visual Studio Code] Key: [LWIN]
[2025-07-26 16:36:01.275 GMT+07] [Window: main_P18-MRHuman.py - mr-coding-tutor-unity - Visual Studio Code] Key: [TAB]
[2025-07-26 16:36:01.630 GMT+07] [Window: Task View] Key: [LWIN]
[2025-07-26 16:36:02.142 GMT+07] [Window: Task View] Key: [LWIN]
[2025-07-26 16:36:02.173 GMT+07] [Window: Task View] Key: [LWIN]
[2025-07-26 16:36:02.205 GMT+07] [Window: Task View] Key: [LWIN]
[2025-07-26 16:36:02.236 GMT+07] [Window: Task View] Key: [LWIN]
[2025-07-26 16:36:02.267 GMT+07] [Window: Task View] Key: [LWIN]
[2025-07-26 16:36:02.298 GMT+07] [Window: Task View] Key: [LWIN]
[2025-07-26 16:36:02.328 GMT+07] [Window: Task View] Key: [LWIN]
[2025-07-26 16:36:02.373 GMT+07] [Window: Task View] Key: [LWIN]
[2025-07-26 16:36:02.403 GMT+07] [Window: Task View] Key: [LWIN]
[2025-07-26 16:36:02.434 GMT+07] [Window: Task View] Key: [LWIN]
[2025-07-26 16:36:02.465 GMT+07] [Window: Task View] Key: [LWIN]
[2025-07-26 16:36:02.495 GMT+07] [Window: Task View] Key: [LWIN]
[2025-07-26 16:36:02.526 GMT+07] [Window: Task View] Key: [LWIN]
[2025-07-26 16:36:02.571 GMT+07] [Window: Task View] Key: [LWIN]
[2025-07-26 16:36:02.602 GMT+07] [Window: Task View] Key: [LWIN]
[2025-07-26 16:36:02.616 GMT+07] [Window: Task View] Key: [TAB]
[2025-07-26 16:36:03.311 GMT+07] [Window: main_P18-MRHuman.py - mr-coding-tutor-unity - Visual Studio Code] Key: [TAB]
[2025-07-26 16:36:03.319 GMT+07] [Window: main_P18-MRHuman.py - mr-coding-tutor-unity - Visual Studio Code] Key: [LWIN]
[2025-07-26 16:36:03.938 GMT+07] [Window: main_P18-MRHuman.py - mr-coding-tutor-unity - Visual Studio Code] Key: [TAB]
[2025-07-26 16:36:04.968 GMT+07] [Window: Task View] Key: [RIGHT]
[2025-07-26 16:36:05.624 GMT+07] [Window: Task View] Key: [RIGHT]
[2025-07-26 16:36:05.831 GMT+07] [Window: Task View] Key: [RIGHT]
[2025-07-26 16:36:06.021 GMT+07] [Window: Task View] Key: [RIGHT]
[2025-07-26 16:36:06.191 GMT+07] [Window: Task View] Key: [RIGHT]
[2025-07-26 16:36:06.471 GMT+07] [Window: Task View] Key: [LWIN]
[2025-07-26 16:36:06.696 GMT+07] [Window: Task View] Key: [TAB]
[2025-07-26 16:36:07.107 GMT+07] [Window: Task View] Key: [TAB]
[2025-07-26 16:36:07.502 GMT+07] [Window: Task View] Key: [TAB]
[2025-07-26 16:36:07.843 GMT+07] [Window: Task View] Key: [TAB]
[2025-07-26 16:36:12.236 GMT+07] [Window: main_P18-MRHuman.py - mr-coding-tutor-unity - Visual Studio Code] Key: [ALT]+[TAB]
[2025-07-26 16:36:28.888 GMT+07] [Window: [Practice] Swap two numbers - Google Tài li?u and 3 more pages - Practice - Microsoft? Edge] Key: [ALT]+[TAB]
[2025-07-26 16:36:31.020 GMT+07] [Window: main_P18-MRHuman.py - mr-coding-tutor-unity - Visual Studio Code] Key: [BACKSPACE]
[2025-07-26 16:36:32.034 GMT+07] [Window: main_P18-MRHuman.py - mr-coding-tutor-unity - Visual Studio Code] Key: [BACKSPACE]
[2025-07-26 16:36:33.295 GMT+07] [Window: main_P18-MRHuman.py - mr-coding-tutor-unity - Visual Studio Code] Key: [BACKSPACE]
[2025-07-26 16:36:35.555 GMT+07] [Window: main_P18-MRHuman.py - mr-coding-tutor-unity - Visual Studio Code] Key: [BACKSPACE]
[2025-07-26 16:36:38.540 GMT+07] [Window: main_P18-MRHuman.py - mr-coding-tutor-unity - Visual Studio Code] Key: 1
[2025-07-26 16:36:38.986 GMT+07] [Window: main_P18-MRHuman.py - mr-coding-tutor-unity - Visual Studio Code] Key: 3
[2025-07-26 16:36:47.548 GMT+07] [Window: main_P18-MRHuman.py - mr-coding-tutor-unity - Visual Studio Code] Key: 

[2025-07-26 16:36:50.747 GMT+07] [Window: main_P18-MRHuman.py - mr-coding-tutor-unity - Visual Studio Code] Key: b
[2025-07-26 16:36:51.278 GMT+07] [Window: main_P18-MRHuman.py - mr-coding-tutor-unity - Visual Studio Code] Key: _
[2025-07-26 16:36:51.841 GMT+07] [Window: main_P18-MRHuman.py - mr-coding-tutor-unity - Visual Studio Code] Key: +
[2025-07-26 16:36:52.304 GMT+07] [Window: main_P18-MRHuman.py - mr-coding-tutor-unity - Visual Studio Code] Key: _
[2025-07-26 16:36:56.432 GMT+07] [Window: main_P18-MRHuman.py - mr-coding-tutor-unity - Visual Studio Code] Key: _
[2025-07-26 16:37:01.147 GMT+07] [Window: main_P18-MRHuman.py - mr-coding-tutor-unity - Visual Studio Code] Key: 9
[2025-07-26 16:37:09.174 GMT+07] [Window: main_P18-MRHuman.py - mr-coding-tutor-unity - Visual Studio Code] Key: [LEFT]
[2025-07-26 16:37:10.488 GMT+07] [Window: main_P18-MRHuman.py - mr-coding-tutor-unity - Visual Studio Code] Key: [DELETE]
[2025-07-26 16:37:12.932 GMT+07] [Window: main_P18-MRHuman.py - mr-coding-tutor-unity - Visual Studio Code] Key: [BACKSPACE]
[2025-07-26 16:37:14.681 GMT+07] [Window: main_P18-MRHuman.py - mr-coding-tutor-unity - Visual Studio Code] Key: 9
[2025-07-26 16:37:16.726 GMT+07] [Window: main_P18-MRHuman.py - mr-coding-tutor-unity - Visual Studio Code] Key: 

[2025-07-26 16:37:55.572 GMT+07] [Window: main_P18-MRHuman.py - mr-coding-tutor-unity - Visual Studio Code] Key: t
[2025-07-26 16:37:56.514 GMT+07] [Window: main_P18-MRHuman.py - mr-coding-tutor-unity - Visual Studio Code] Key: m
[2025-07-26 16:37:57.518 GMT+07] [Window: main_P18-MRHuman.py - mr-coding-tutor-unity - Visual Studio Code] Key: p
[2025-07-26 16:37:58.379 GMT+07] [Window: main_P18-MRHuman.py - mr-coding-tutor-unity - Visual Studio Code] Key: _
[2025-07-26 16:38:00.409 GMT+07] [Window: main_P18-MRHuman.py - mr-coding-tutor-unity - Visual Studio Code] Key: +
[2025-07-26 16:38:01.110 GMT+07] [Window: main_P18-MRHuman.py - mr-coding-tutor-unity - Visual Studio Code] Key: _
[2025-07-26 16:38:04.393 GMT+07] [Window: main_P18-MRHuman.py - mr-coding-tutor-unity - Visual Studio Code] Key: 1
[2025-07-26 16:38:20.221 GMT+07] [Window: main_P18-MRHuman.py - mr-coding-tutor-unity - Visual Studio Code] Key: [BACKSPACE]
[2025-07-26 16:38:21.351 GMT+07] [Window: main_P18-MRHuman.py - mr-coding-tutor-unity - Visual Studio Code] Key: a
[2025-07-26 16:38:23.793 GMT+07] [Window: main_P18-MRHuman.py - mr-coding-tutor-unity - Visual Studio Code] Key: 

[2025-07-26 16:38:25.103 GMT+07] [Window: main_P18-MRHuman.py - mr-coding-tutor-unity - Visual Studio Code] Key: 

[2025-07-26 16:38:34.870 GMT+07] [Window: main_P18-MRHuman.py - mr-coding-tutor-unity - Visual Studio Code] Key: b
[2025-07-26 16:38:35.836 GMT+07] [Window: main_P18-MRHuman.py - mr-coding-tutor-unity - Visual Studio Code] Key: _
[2025-07-26 16:38:36.360 GMT+07] [Window: main_P18-MRHuman.py - mr-coding-tutor-unity - Visual Studio Code] Key: +
[2025-07-26 16:38:38.776 GMT+07] [Window: main_P18-MRHuman.py - mr-coding-tutor-unity - Visual Studio Code] Key: _
[2025-07-26 16:38:43.545 GMT+07] [Window: main_P18-MRHuman.py - mr-coding-tutor-unity - Visual Studio Code] Key: [BACKSPACE]
[2025-07-26 16:38:43.846 GMT+07] [Window: main_P18-MRHuman.py - mr-coding-tutor-unity - Visual Studio Code] Key: [BACKSPACE]
[2025-07-26 16:38:44.064 GMT+07] [Window: main_P18-MRHuman.py - mr-coding-tutor-unity - Visual Studio Code] Key: [BACKSPACE]
[2025-07-26 16:38:44.853 GMT+07] [Window: main_P18-MRHuman.py - mr-coding-tutor-unity - Visual Studio Code] Key: [BACKSPACE]
[2025-07-26 16:38:45.986 GMT+07] [Window: main_P18-MRHuman.py - mr-coding-tutor-unity - Visual Studio Code] Key: a
[2025-07-26 16:38:46.484 GMT+07] [Window: main_P18-MRHuman.py - mr-coding-tutor-unity - Visual Studio Code] Key: _
[2025-07-26 16:38:47.089 GMT+07] [Window: main_P18-MRHuman.py - mr-coding-tutor-unity - Visual Studio Code] Key: +
[2025-07-26 16:38:47.536 GMT+07] [Window: main_P18-MRHuman.py - mr-coding-tutor-unity - Visual Studio Code] Key: _
[2025-07-26 16:38:48.340 GMT+07] [Window: main_P18-MRHuman.py - mr-coding-tutor-unity - Visual Studio Code] Key: b
[2025-07-26 16:38:53.107 GMT+07] [Window: main_P18-MRHuman.py - mr-coding-tutor-unity - Visual Studio Code] Key: _
[2025-07-26 16:38:56.329 GMT+07] [Window: main_P18-MRHuman.py - mr-coding-tutor-unity - Visual Studio Code] Key: 

[2025-07-26 16:39:03.211 GMT+07] [Window: main_P18-MRHuman.py - mr-coding-tutor-unity - Visual Studio Code] Key: b
[2025-07-26 16:39:04.070 GMT+07] [Window: main_P18-MRHuman.py - mr-coding-tutor-unity - Visual Studio Code] Key: _
[2025-07-26 16:39:04.449 GMT+07] [Window: main_P18-MRHuman.py - mr-coding-tutor-unity - Visual Studio Code] Key: +
[2025-07-26 16:39:04.765 GMT+07] [Window: main_P18-MRHuman.py - mr-coding-tutor-unity - Visual Studio Code] Key: _
[2025-07-26 16:39:05.280 GMT+07] [Window: main_P18-MRHuman.py - mr-coding-tutor-unity - Visual Studio Code] Key: t
[2025-07-26 16:39:05.732 GMT+07] [Window: main_P18-MRHuman.py - mr-coding-tutor-unity - Visual Studio Code] Key: m
[2025-07-26 16:39:06.670 GMT+07] [Window: main_P18-MRHuman.py - mr-coding-tutor-unity - Visual Studio Code] Key: p
[2025-07-26 16:39:10.081 GMT+07] [Window: main_P18-MRHuman.py - mr-coding-tutor-unity - Visual Studio Code] Key: 

[2025-07-26 16:39:54.005 GMT+07] [Window: main_P18-MRHuman.py - mr-coding-tutor-unity - Visual Studio Code] Key: 

[2025-07-26 16:39:57.654 GMT+07] [Window: main_P18-MRHuman.py - mr-coding-tutor-unity - Visual Studio Code] Key: p
[2025-07-26 16:39:58.066 GMT+07] [Window: main_P18-MRHuman.py - mr-coding-tutor-unity - Visual Studio Code] Key: r
[2025-07-26 16:39:58.452 GMT+07] [Window: main_P18-MRHuman.py - mr-coding-tutor-unity - Visual Studio Code] Key: i
[2025-07-26 16:39:58.727 GMT+07] [Window: main_P18-MRHuman.py - mr-coding-tutor-unity - Visual Studio Code] Key: n
[2025-07-26 16:39:58.932 GMT+07] [Window: main_P18-MRHuman.py - mr-coding-tutor-unity - Visual Studio Code] Key: t
[2025-07-26 16:40:00.385 GMT+07] [Window: main_P18-MRHuman.py - mr-coding-tutor-unity - Visual Studio Code] Key: [SHIFT]+9
[2025-07-26 16:40:01.651 GMT+07] [Window: main_P18-MRHuman.py - mr-coding-tutor-unity - Visual Studio Code] Key: a
[2025-07-26 16:40:02.628 GMT+07] [Window: main_P18-MRHuman.py - mr-coding-tutor-unity - Visual Studio Code] Key: [SHIFT]+9
[2025-07-26 16:40:04.027 GMT+07] [Window: main_P18-MRHuman.py - mr-coding-tutor-unity - Visual Studio Code] Key: 

[2025-07-26 16:40:05.436 GMT+07] [Window: main_P18-MRHuman.py - mr-coding-tutor-unity - Visual Studio Code] Key: [BACKSPACE]
[2025-07-26 16:40:13.011 GMT+07] [Window: main_P18-MRHuman.py - mr-coding-tutor-unity - Visual Studio Code] Key: [DOWN]
[2025-07-26 16:40:16.544 GMT+07] [Window: main_P18-MRHuman.py - mr-coding-tutor-unity - Visual Studio Code] Key: [RIGHT]
[2025-07-26 16:40:17.039 GMT+07] [Window: main_P18-MRHuman.py - mr-coding-tutor-unity - Visual Studio Code] Key: [RIGHT]
[2025-07-26 16:40:17.898 GMT+07] [Window: main_P18-MRHuman.py - mr-coding-tutor-unity - Visual Studio Code] Key: [BACKSPACE]
[2025-07-26 16:40:18.278 GMT+07] [Window: main_P18-MRHuman.py - mr-coding-tutor-unity - Visual Studio Code] Key: [BACKSPACE]
[2025-07-26 16:40:21.000 GMT+07] [Window: main_P18-MRHuman.py - mr-coding-tutor-unity - Visual Studio Code] Key: [BACKSPACE]
[2025-07-26 16:40:21.886 GMT+07] [Window: main_P18-MRHuman.py - mr-coding-tutor-unity - Visual Studio Code] Key: [BACKSPACE]
[2025-07-26 16:40:22.533 GMT+07] [Window: main_P18-MRHuman.py - mr-coding-tutor-unity - Visual Studio Code] Key: [BACKSPACE]
[2025-07-26 16:40:25.844 GMT+07] [Window: main_P18-MRHuman.py - mr-coding-tutor-unity - Visual Studio Code] Key: [SHIFT]+0
[2025-07-26 16:40:29.257 GMT+07] [Window: main_P18-MRHuman.py - mr-coding-tutor-unity - Visual Studio Code] Key: [CTRL]+

[2025-07-26 16:41:01.002 GMT+07] [Window: main_P18-MRHuman.py - mr-coding-tutor-unity - Visual Studio Code] Key: p
[2025-07-26 16:41:01.749 GMT+07] [Window: main_P18-MRHuman.py - mr-coding-tutor-unity - Visual Studio Code] Key: r
[2025-07-26 16:41:02.210 GMT+07] [Window: main_P18-MRHuman.py - mr-coding-tutor-unity - Visual Studio Code] Key: i
[2025-07-26 16:41:02.627 GMT+07] [Window: main_P18-MRHuman.py - mr-coding-tutor-unity - Visual Studio Code] Key: n
[2025-07-26 16:41:03.113 GMT+07] [Window: main_P18-MRHuman.py - mr-coding-tutor-unity - Visual Studio Code] Key: t
[2025-07-26 16:41:04.535 GMT+07] [Window: main_P18-MRHuman.py - mr-coding-tutor-unity - Visual Studio Code] Key: [SHIFT]+9
[2025-07-26 16:41:05.716 GMT+07] [Window: main_P18-MRHuman.py - mr-coding-tutor-unity - Visual Studio Code] Key: b
[2025-07-26 16:41:08.582 GMT+07] [Window: main_P18-MRHuman.py - mr-coding-tutor-unity - Visual Studio Code] Key: [SHIFT]+0
[2025-07-26 16:42:05.641 GMT+07] [Window: main_P18-MRHuman.py - mr-coding-tutor-unity - Visual Studio Code] Key: [ALT]+[TAB]
[2025-07-26 16:42:07.736 GMT+07] [Window: [Practice] Swap two numbers - Google Tài li?u and 3 more pages - Practice - Microsoft? Edge] Key: [ALT]+[TAB]
[2025-07-26 16:42:08.544 GMT+07] [Window: main_P18-MRHuman.py - mr-coding-tutor-unity - Visual Studio Code] Key: [ALT]+[TAB]
[2025-07-26 16:42:14.512 GMT+07] [Window: [Task AN] Armstrong Numbers - Google Tài li?u and 5 more pages - Armstrong Numbers - Microsoft? Edge] Key: [ALT]+[TAB]
[2025-07-26 16:42:19.229 GMT+07] [Window: [Task AN] Armstrong Numbers - Google Tài li?u and 5 more pages - Armstrong Numbers - Microsoft? Edge] Key: [ALT]+[TAB]
[2025-07-26 16:42:23.812 GMT+07] [Window: main_P18-MRHuman.py - mr-coding-tutor-unity - Visual Studio Code] Key: [CTRL]+a
[2025-07-26 16:42:25.025 GMT+07] [Window: main_P18-MRHuman.py - mr-coding-tutor-unity - Visual Studio Code] Key: [BACKSPACE]
[2025-07-26 16:42:26.424 GMT+07] [Window: main_P18-MRHuman.py - mr-coding-tutor-unity - Visual Studio Code] Key: [ALT]+[TAB]
[2025-07-26 16:42:33.193 GMT+07] [Window: [Task AN] Armstrong Numbers - Google Tài li?u and 5 more pages - Armstrong Numbers - Microsoft? Edge] Key: [ALT]+[TAB]
[2025-07-26 16:42:33.918 GMT+07] [Window: main_P18-MRHuman.py - mr-coding-tutor-unity - Visual Studio Code] Key: [ALT]+[TAB]
[2025-07-26 16:42:36.163 GMT+07] [Window: [Task AN] Armstrong Numbers - Google Tài li?u and 5 more pages - Armstrong Numbers - Microsoft? Edge] Key: [ALT]+[TAB]
[2025-07-26 16:42:38.694 GMT+07] [Window: main_P18-MRHuman.py - mr-coding-tutor-unity - Visual Studio Code] Key: [ALT]+[TAB]
[2025-07-26 16:44:40.746 GMT+07] [Window: [Task AN] Armstrong Numbers - Google Tài li?u and 5 more pages - Armstrong Numbers - Microsoft? Edge] Key: [ALT]+[TAB]
[2025-07-26 16:44:53.916 GMT+07] [Window: main_P18-MRHuman.py - mr-coding-tutor-unity - Visual Studio Code] Key: z
[2025-07-26 16:44:56.294 GMT+07] [Window: main_P18-MRHuman.py - mr-coding-tutor-unity - Visual Studio Code] Key: _
[2025-07-26 16:45:00.190 GMT+07] [Window: main_P18-MRHuman.py - mr-coding-tutor-unity - Visual Studio Code] Key: [BACKSPACE]
[2025-07-26 16:45:00.622 GMT+07] [Window: main_P18-MRHuman.py - mr-coding-tutor-unity - Visual Studio Code] Key: [BACKSPACE]
[2025-07-26 16:45:02.789 GMT+07] [Window: main_P18-MRHuman.py - mr-coding-tutor-unity - Visual Studio Code] Key: x
[2025-07-26 16:45:03.555 GMT+07] [Window: main_P18-MRHuman.py - mr-coding-tutor-unity - Visual Studio Code] Key: _
[2025-07-26 16:45:04.041 GMT+07] [Window: main_P18-MRHuman.py - mr-coding-tutor-unity - Visual Studio Code] Key: +
[2025-07-26 16:45:04.645 GMT+07] [Window: main_P18-MRHuman.py - mr-coding-tutor-unity - Visual Studio Code] Key: _
[2025-07-26 16:45:10.949 GMT+07] [Window: main_P18-MRHuman.py - mr-coding-tutor-unity - Visual Studio Code] Key: 2
[2025-07-26 16:45:11.555 GMT+07] [Window: main_P18-MRHuman.py - mr-coding-tutor-unity - Visual Studio Code] Key: 3
[2025-07-26 16:45:13.165 GMT+07] [Window: main_P18-MRHuman.py - mr-coding-tutor-unity - Visual Studio Code] Key: 

[2025-07-26 16:45:37.514 GMT+07] [Window: main_P18-MRHuman.py - mr-coding-tutor-unity - Visual Studio Code] Key: l
[2025-07-26 16:45:38.038 GMT+07] [Window: main_P18-MRHuman.py - mr-coding-tutor-unity - Visual Studio Code] Key: e
[2025-07-26 16:45:38.742 GMT+07] [Window: main_P18-MRHuman.py - mr-coding-tutor-unity - Visual Studio Code] Key: n
[2025-07-26 16:45:38.858 GMT+07] [Window: main_P18-MRHuman.py - mr-coding-tutor-unity - Visual Studio Code] Key: n
[2025-07-26 16:45:40.436 GMT+07] [Window: main_P18-MRHuman.py - mr-coding-tutor-unity - Visual Studio Code] Key: [SHIFT]+9
[2025-07-26 16:45:41.450 GMT+07] [Window: main_P18-MRHuman.py - mr-coding-tutor-unity - Visual Studio Code] Key: x
[2025-07-26 16:45:42.226 GMT+07] [Window: main_P18-MRHuman.py - mr-coding-tutor-unity - Visual Studio Code] Key: [SHIFT]+0
[2025-07-26 16:45:46.479 GMT+07] [Window: main_P18-MRHuman.py - mr-coding-tutor-unity - Visual Studio Code] Key: [LEFT]
[2025-07-26 16:45:47.030 GMT+07] [Window: main_P18-MRHuman.py - mr-coding-tutor-unity - Visual Studio Code] Key: [LEFT]
[2025-07-26 16:45:47.713 GMT+07] [Window: main_P18-MRHuman.py - mr-coding-tutor-unity - Visual Studio Code] Key: [LEFT]
[2025-07-26 16:45:48.805 GMT+07] [Window: main_P18-MRHuman.py - mr-coding-tutor-unity - Visual Studio Code] Key: [LEFT]
[2025-07-26 16:45:50.077 GMT+07] [Window: main_P18-MRHuman.py - mr-coding-tutor-unity - Visual Studio Code] Key: [BACKSPACE]
[2025-07-26 16:46:50.898 GMT+07] [Window: main_P18-MRHuman.py - mr-coding-tutor-unity - Visual Studio Code] Key: [RIGHT]
[2025-07-26 16:46:53.094 GMT+07] [Window: main_P18-MRHuman.py - mr-coding-tutor-unity - Visual Studio Code] Key: [UP]
[2025-07-26 16:46:53.289 GMT+07] [Window: main_P18-MRHuman.py - mr-coding-tutor-unity - Visual Studio Code] Key: [UP]
[2025-07-26 16:46:53.442 GMT+07] [Window: main_P18-MRHuman.py - mr-coding-tutor-unity - Visual Studio Code] Key: [UP]
[2025-07-26 16:46:53.601 GMT+07] [Window: main_P18-MRHuman.py - mr-coding-tutor-unity - Visual Studio Code] Key: [UP]
[2025-07-26 16:46:53.991 GMT+07] [Window: main_P18-MRHuman.py - mr-coding-tutor-unity - Visual Studio Code] Key: [UP]
[2025-07-26 16:47:27.134 GMT+07] [Window: main_P18-MRHuman.py - mr-coding-tutor-unity - Visual Studio Code] Key: s
[2025-07-26 16:47:27.613 GMT+07] [Window: main_P18-MRHuman.py - mr-coding-tutor-unity - Visual Studio Code] Key: t
[2025-07-26 16:47:28.042 GMT+07] [Window: main_P18-MRHuman.py - mr-coding-tutor-unity - Visual Studio Code] Key: r
[2025-07-26 16:47:29.971 GMT+07] [Window: main_P18-MRHuman.py - mr-coding-tutor-unity - Visual Studio Code] Key: [SHIFT]+9
[2025-07-26 16:47:31.804 GMT+07] [Window: main_P18-MRHuman.py - mr-coding-tutor-unity - Visual Studio Code] Key: [BACKSPACE]
[2025-07-26 16:47:32.219 GMT+07] [Window: main_P18-MRHuman.py - mr-coding-tutor-unity - Visual Studio Code] Key: [BACKSPACE]
[2025-07-26 16:47:33.945 GMT+07] [Window: main_P18-MRHuman.py - mr-coding-tutor-unity - Visual Studio Code] Key: [BACKSPACE]
[2025-07-26 16:47:43.694 GMT+07] [Window: main_P18-MRHuman.py - mr-coding-tutor-unity - Visual Studio Code] Key: [BACKSPACE]
[2025-07-26 16:47:47.238 GMT+07] [Window: main_P18-MRHuman.py - mr-coding-tutor-unity - Visual Studio Code] Key: [BACKSPACE]
[2025-07-26 16:47:50.795 GMT+07] [Window: main_P18-MRHuman.py - mr-coding-tutor-unity - Visual Studio Code] Key: s
[2025-07-26 16:47:51.907 GMT+07] [Window: main_P18-MRHuman.py - mr-coding-tutor-unity - Visual Studio Code] Key: t
[2025-07-26 16:47:52.740 GMT+07] [Window: main_P18-MRHuman.py - mr-coding-tutor-unity - Visual Studio Code] Key: r
[2025-07-26 16:47:54.467 GMT+07] [Window: main_P18-MRHuman.py - mr-coding-tutor-unity - Visual Studio Code] Key: [SHIFT]+9
[2025-07-26 16:47:55.483 GMT+07] [Window: main_P18-MRHuman.py - mr-coding-tutor-unity - Visual Studio Code] Key: x
[2025-07-26 16:47:56.687 GMT+07] [Window: main_P18-MRHuman.py - mr-coding-tutor-unity - Visual Studio Code] Key: [SHIFT]+0
[2025-07-26 16:49:04.845 GMT+07] [Window: main_P18-MRHuman.py - mr-coding-tutor-unity - Visual Studio Code] Key: [LEFT]
[2025-07-26 16:49:05.538 GMT+07] [Window: main_P18-MRHuman.py - mr-coding-tutor-unity - Visual Studio Code] Key: [LEFT]
[2025-07-26 16:49:06.134 GMT+07] [Window: main_P18-MRHuman.py - mr-coding-tutor-unity - Visual Studio Code] Key: [LEFT]
[2025-07-26 16:49:09.122 GMT+07] [Window: main_P18-MRHuman.py - mr-coding-tutor-unity - Visual Studio Code] Key: p
[2025-07-26 16:49:09.645 GMT+07] [Window: main_P18-MRHuman.py - mr-coding-tutor-unity - Visual Studio Code] Key: r
[2025-07-26 16:49:10.137 GMT+07] [Window: main_P18-MRHuman.py - mr-coding-tutor-unity - Visual Studio Code] Key: i
[2025-07-26 16:49:10.546 GMT+07] [Window: main_P18-MRHuman.py - mr-coding-tutor-unity - Visual Studio Code] Key: n
[2025-07-26 16:49:11.141 GMT+07] [Window: main_P18-MRHuman.py - mr-coding-tutor-unity - Visual Studio Code] Key: t
[2025-07-26 16:49:12.701 GMT+07] [Window: main_P18-MRHuman.py - mr-coding-tutor-unity - Visual Studio Code] Key: [SHIFT]+9
[2025-07-26 16:49:13.603 GMT+07] [Window: main_P18-MRHuman.py - mr-coding-tutor-unity - Visual Studio Code] Key: [RIGHT]
[2025-07-26 16:49:13.961 GMT+07] [Window: main_P18-MRHuman.py - mr-coding-tutor-unity - Visual Studio Code] Key: [RIGHT]
[2025-07-26 16:49:14.214 GMT+07] [Window: main_P18-MRHuman.py - mr-coding-tutor-unity - Visual Studio Code] Key: [RIGHT]
[2025-07-26 16:49:14.445 GMT+07] [Window: main_P18-MRHuman.py - mr-coding-tutor-unity - Visual Studio Code] Key: [RIGHT]
[2025-07-26 16:49:14.641 GMT+07] [Window: main_P18-MRHuman.py - mr-coding-tutor-unity - Visual Studio Code] Key: [RIGHT]
[2025-07-26 16:49:14.832 GMT+07] [Window: main_P18-MRHuman.py - mr-coding-tutor-unity - Visual Studio Code] Key: [RIGHT]
[2025-07-26 16:49:15.429 GMT+07] [Window: main_P18-MRHuman.py - mr-coding-tutor-unity - Visual Studio Code] Key: [RIGHT]
[2025-07-26 16:49:16.025 GMT+07] [Window: main_P18-MRHuman.py - mr-coding-tutor-unity - Visual Studio Code] Key: [RIGHT]
[2025-07-26 16:49:18.384 GMT+07] [Window: main_P18-MRHuman.py - mr-coding-tutor-unity - Visual Studio Code] Key: [SHIFT]+0
[2025-07-26 16:49:19.388 GMT+07] [Window: main_P18-MRHuman.py - mr-coding-tutor-unity - Visual Studio Code] Key: [BACKSPACE]
[2025-07-26 16:49:21.166 GMT+07] [Window: main_P18-MRHuman.py - mr-coding-tutor-unity - Visual Studio Code] Key: [BACKSPACE]
[2025-07-26 16:49:26.863 GMT+07] [Window: main_P18-MRHuman.py - mr-coding-tutor-unity - Visual Studio Code] Key: [SHIFT]+9
[2025-07-26 16:49:28.283 GMT+07] [Window: main_P18-MRHuman.py - mr-coding-tutor-unity - Visual Studio Code] Key: [RIGHT]
[2025-07-26 16:49:28.706 GMT+07] [Window: main_P18-MRHuman.py - mr-coding-tutor-unity - Visual Studio Code] Key: [RIGHT]
[2025-07-26 16:49:31.110 GMT+07] [Window: main_P18-MRHuman.py - mr-coding-tutor-unity - Visual Studio Code] Key: [SHIFT]+0
[2025-07-26 16:49:54.373 GMT+07] [Window: main_P18-MRHuman.py - mr-coding-tutor-unity - Visual Studio Code] Key: 1
[2025-07-26 16:50:30.277 GMT+07] [Window: main_P18-MRHuman.py - mr-coding-tutor-unity - Visual Studio Code] Key: 

[2025-07-26 16:50:31.657 GMT+07] [Window: main_P18-MRHuman.py - mr-coding-tutor-unity - Visual Studio Code] Key: n
[2025-07-26 16:50:31.873 GMT+07] [Window: main_P18-MRHuman.py - mr-coding-tutor-unity - Visual Studio Code] Key: _
[2025-07-26 16:50:32.791 GMT+07] [Window: main_P18-MRHuman.py - mr-coding-tutor-unity - Visual Studio Code] Key: +
[2025-07-26 16:50:33.155 GMT+07] [Window: main_P18-MRHuman.py - mr-coding-tutor-unity - Visual Studio Code] Key: _
[2025-07-26 16:50:34.192 GMT+07] [Window: main_P18-MRHuman.py - mr-coding-tutor-unity - Visual Studio Code] Key: l
[2025-07-26 16:50:34.476 GMT+07] [Window: main_P18-MRHuman.py - mr-coding-tutor-unity - Visual Studio Code] Key: e
[2025-07-26 16:50:34.853 GMT+07] [Window: main_P18-MRHuman.py - mr-coding-tutor-unity - Visual Studio Code] Key: n
[2025-07-26 16:50:36.093 GMT+07] [Window: main_P18-MRHuman.py - mr-coding-tutor-unity - Visual Studio Code] Key: [SHIFT]+9
[2025-07-26 16:50:36.920 GMT+07] [Window: main_P18-MRHuman.py - mr-coding-tutor-unity - Visual Studio Code] Key: s
[2025-07-26 16:50:37.257 GMT+07] [Window: main_P18-MRHuman.py - mr-coding-tutor-unity - Visual Studio Code] Key: t
[2025-07-26 16:50:37.604 GMT+07] [Window: main_P18-MRHuman.py - mr-coding-tutor-unity - Visual Studio Code] Key: r
[2025-07-26 16:50:38.878 GMT+07] [Window: main_P18-MRHuman.py - mr-coding-tutor-unity - Visual Studio Code] Key: [SHIFT]+9
[2025-07-26 16:50:40.122 GMT+07] [Window: main_P18-MRHuman.py - mr-coding-tutor-unity - Visual Studio Code] Key: x
[2025-07-26 16:50:46.372 GMT+07] [Window: main_P18-MRHuman.py - mr-coding-tutor-unity - Visual Studio Code] Key: [RIGHT]
[2025-07-26 16:50:47.220 GMT+07] [Window: main_P18-MRHuman.py - mr-coding-tutor-unity - Visual Studio Code] Key: [RIGHT]
[2025-07-26 16:50:47.588 GMT+07] [Window: main_P18-MRHuman.py - mr-coding-tutor-unity - Visual Studio Code] Key: [RIGHT]
[2025-07-26 16:50:50.025 GMT+07] [Window: main_P18-MRHuman.py - mr-coding-tutor-unity - Visual Studio Code] Key: 

[2025-07-26 16:50:56.771 GMT+07] [Window: main_P18-MRHuman.py - mr-coding-tutor-unity - Visual Studio Code] Key: [RIGHT]
[2025-07-26 16:50:58.037 GMT+07] [Window: main_P18-MRHuman.py - mr-coding-tutor-unity - Visual Studio Code] Key: 

[2025-07-26 16:52:47.481 GMT+07] [Window: main_P18-MRHuman.py - mr-coding-tutor-unity - Visual Studio Code] Key: f
[2025-07-26 16:52:47.836 GMT+07] [Window: main_P18-MRHuman.py - mr-coding-tutor-unity - Visual Studio Code] Key: o
[2025-07-26 16:52:48.929 GMT+07] [Window: main_P18-MRHuman.py - mr-coding-tutor-unity - Visual Studio Code] Key: r
[2025-07-26 16:52:49.349 GMT+07] [Window: main_P18-MRHuman.py - mr-coding-tutor-unity - Visual Studio Code] Key: _
[2025-07-26 16:52:52.787 GMT+07] [Window: main_P18-MRHuman.py - mr-coding-tutor-unity - Visual Studio Code] Key: i
[2025-07-26 16:52:53.108 GMT+07] [Window: main_P18-MRHuman.py - mr-coding-tutor-unity - Visual Studio Code] Key: _
[2025-07-26 16:52:53.538 GMT+07] [Window: main_P18-MRHuman.py - mr-coding-tutor-unity - Visual Studio Code] Key: i
[2025-07-26 16:52:53.852 GMT+07] [Window: main_P18-MRHuman.py - mr-coding-tutor-unity - Visual Studio Code] Key: n
[2025-07-26 16:52:54.108 GMT+07] [Window: main_P18-MRHuman.py - mr-coding-tutor-unity - Visual Studio Code] Key: _
[2025-07-26 16:52:54.995 GMT+07] [Window: main_P18-MRHuman.py - mr-coding-tutor-unity - Visual Studio Code] Key: s
[2025-07-26 16:52:55.490 GMT+07] [Window: main_P18-MRHuman.py - mr-coding-tutor-unity - Visual Studio Code] Key: t
[2025-07-26 16:52:56.492 GMT+07] [Window: main_P18-MRHuman.py - mr-coding-tutor-unity - Visual Studio Code] Key: r
[2025-07-26 16:52:58.598 GMT+07] [Window: main_P18-MRHuman.py - mr-coding-tutor-unity - Visual Studio Code] Key: [SHIFT]+9
[2025-07-26 16:52:59.503 GMT+07] [Window: main_P18-MRHuman.py - mr-coding-tutor-unity - Visual Studio Code] Key: x
[2025-07-26 16:53:00.768 GMT+07] [Window: main_P18-MRHuman.py - mr-coding-tutor-unity - Visual Studio Code] Key: [SHIFT]+0
[2025-07-26 16:53:02.615 GMT+07] [Window: main_P18-MRHuman.py - mr-coding-tutor-unity - Visual Studio Code] Key: [SHIFT]+;
[2025-07-26 16:53:06.521 GMT+07] [Window: main_P18-MRHuman.py - mr-coding-tutor-unity - Visual Studio Code] Key: 

[2025-07-26 16:54:14.785 GMT+07] [Window: main_P18-MRHuman.py - mr-coding-tutor-unity - Visual Studio Code] Key: s
[2025-07-26 16:54:17.680 GMT+07] [Window: main_P18-MRHuman.py - mr-coding-tutor-unity - Visual Studio Code] Key: _
[2025-07-26 16:54:26.515 GMT+07] [Window: main_P18-MRHuman.py - mr-coding-tutor-unity - Visual Studio Code] Key: [UP]
[2025-07-26 16:54:27.550 GMT+07] [Window: main_P18-MRHuman.py - mr-coding-tutor-unity - Visual Studio Code] Key: [UP]
[2025-07-26 16:54:28.850 GMT+07] [Window: main_P18-MRHuman.py - mr-coding-tutor-unity - Visual Studio Code] Key: s
[2025-07-26 16:54:29.265 GMT+07] [Window: main_P18-MRHuman.py - mr-coding-tutor-unity - Visual Studio Code] Key: _
[2025-07-26 16:54:29.987 GMT+07] [Window: main_P18-MRHuman.py - mr-coding-tutor-unity - Visual Studio Code] Key: +
[2025-07-26 16:54:30.313 GMT+07] [Window: main_P18-MRHuman.py - mr-coding-tutor-unity - Visual Studio Code] Key: _
[2025-07-26 16:54:30.877 GMT+07] [Window: main_P18-MRHuman.py - mr-coding-tutor-unity - Visual Studio Code] Key: 0
[2025-07-26 16:54:34.664 GMT+07] [Window: main_P18-MRHuman.py - mr-coding-tutor-unity - Visual Studio Code] Key: [DOWN]
[2025-07-26 16:54:36.028 GMT+07] [Window: main_P18-MRHuman.py - mr-coding-tutor-unity - Visual Studio Code] Key: [DOWN]
[2025-07-26 16:54:37.433 GMT+07] [Window: main_P18-MRHuman.py - mr-coding-tutor-unity - Visual Studio Code] Key: _
[2025-07-26 16:54:39.143 GMT+07] [Window: main_P18-MRHuman.py - mr-coding-tutor-unity - Visual Studio Code] Key: +
[2025-07-26 16:54:40.490 GMT+07] [Window: main_P18-MRHuman.py - mr-coding-tutor-unity - Visual Studio Code] Key: _
[2025-07-26 16:54:43.975 GMT+07] [Window: main_P18-MRHuman.py - mr-coding-tutor-unity - Visual Studio Code] Key: s
[2025-07-26 16:55:03.468 GMT+07] [Window: main_P18-MRHuman.py - mr-coding-tutor-unity - Visual Studio Code] Key: [BACKSPACE]
[2025-07-26 16:55:05.217 GMT+07] [Window: main_P18-MRHuman.py - mr-coding-tutor-unity - Visual Studio Code] Key: i
[2025-07-26 16:55:06.190 GMT+07] [Window: main_P18-MRHuman.py - mr-coding-tutor-unity - Visual Studio Code] Key: [SHIFT]+8
[2025-07-26 16:55:06.677 GMT+07] [Window: main_P18-MRHuman.py - mr-coding-tutor-unity - Visual Studio Code] Key: [SHIFT]+8
[2025-07-26 16:55:08.840 GMT+07] [Window: main_P18-MRHuman.py - mr-coding-tutor-unity - Visual Studio Code] Key: n
[2025-07-26 16:55:11.365 GMT+07] [Window: main_P18-MRHuman.py - mr-coding-tutor-unity - Visual Studio Code] Key: [BACKSPACE]
[2025-07-26 16:55:11.670 GMT+07] [Window: main_P18-MRHuman.py - mr-coding-tutor-unity - Visual Studio Code] Key: [BACKSPACE]
[2025-07-26 16:55:11.934 GMT+07] [Window: main_P18-MRHuman.py - mr-coding-tutor-unity - Visual Studio Code] Key: [BACKSPACE]
[2025-07-26 16:55:19.525 GMT+07] [Window: main_P18-MRHuman.py - mr-coding-tutor-unity - Visual Studio Code] Key: [BACKSPACE]
[2025-07-26 16:55:20.034 GMT+07] [Window: main_P18-MRHuman.py - mr-coding-tutor-unity - Visual Studio Code] Key: s
[2025-07-26 16:55:21.441 GMT+07] [Window: main_P18-MRHuman.py - mr-coding-tutor-unity - Visual Studio Code] Key: _
[2025-07-26 16:55:22.256 GMT+07] [Window: main_P18-MRHuman.py - mr-coding-tutor-unity - Visual Studio Code] Key: [SHIFT]++
[2025-07-26 16:55:22.832 GMT+07] [Window: main_P18-MRHuman.py - mr-coding-tutor-unity - Visual Studio Code] Key: _
[2025-07-26 16:55:23.301 GMT+07] [Window: main_P18-MRHuman.py - mr-coding-tutor-unity - Visual Studio Code] Key: i
[2025-07-26 16:55:24.717 GMT+07] [Window: main_P18-MRHuman.py - mr-coding-tutor-unity - Visual Studio Code] Key: [SHIFT]+8
[2025-07-26 16:55:25.054 GMT+07] [Window: main_P18-MRHuman.py - mr-coding-tutor-unity - Visual Studio Code] Key: [SHIFT]+8
[2025-07-26 16:55:26.216 GMT+07] [Window: main_P18-MRHuman.py - mr-coding-tutor-unity - Visual Studio Code] Key: n
[2025-07-26 16:55:30.227 GMT+07] [Window: main_P18-MRHuman.py - mr-coding-tutor-unity - Visual Studio Code] Key: 

[2025-07-26 16:55:31.765 GMT+07] [Window: main_P18-MRHuman.py - mr-coding-tutor-unity - Visual Studio Code] Key: 

[2025-07-26 16:55:37.282 GMT+07] [Window: main_P18-MRHuman.py - mr-coding-tutor-unity - Visual Studio Code] Key: [SHIFT]+[TAB]
[2025-07-26 16:55:47.648 GMT+07] [Window: main_P18-MRHuman.py - mr-coding-tutor-unity - Visual Studio Code] Key: 

[2025-07-26 16:55:49.894 GMT+07] [Window: main_P18-MRHuman.py - mr-coding-tutor-unity - Visual Studio Code] Key: [BACKSPACE]
[2025-07-26 16:55:52.141 GMT+07] [Window: main_P18-MRHuman.py - mr-coding-tutor-unity - Visual Studio Code] Key: [BACKSPACE]
[2025-07-26 16:55:56.189 GMT+07] [Window: main_P18-MRHuman.py - mr-coding-tutor-unity - Visual Studio Code] Key: p
[2025-07-26 16:55:57.716 GMT+07] [Window: main_P18-MRHuman.py - mr-coding-tutor-unity - Visual Studio Code] Key: [BACKSPACE]
[2025-07-26 16:55:59.450 GMT+07] [Window: main_P18-MRHuman.py - mr-coding-tutor-unity - Visual Studio Code] Key: [SHIFT]+[TAB]
[2025-07-26 16:56:03.250 GMT+07] [Window: main_P18-MRHuman.py - mr-coding-tutor-unity - Visual Studio Code] Key: p
[2025-07-26 16:56:05.593 GMT+07] [Window: main_P18-MRHuman.py - mr-coding-tutor-unity - Visual Studio Code] Key: r
[2025-07-26 16:56:06.829 GMT+07] [Window: main_P18-MRHuman.py - mr-coding-tutor-unity - Visual Studio Code] Key: i
[2025-07-26 16:56:07.470 GMT+07] [Window: main_P18-MRHuman.py - mr-coding-tutor-unity - Visual Studio Code] Key: n
[2025-07-26 16:56:07.910 GMT+07] [Window: main_P18-MRHuman.py - mr-coding-tutor-unity - Visual Studio Code] Key: t
[2025-07-26 16:56:09.251 GMT+07] [Window: main_P18-MRHuman.py - mr-coding-tutor-unity - Visual Studio Code] Key: _
[2025-07-26 16:56:12.345 GMT+07] [Window: main_P18-MRHuman.py - mr-coding-tutor-unity - Visual Studio Code] Key: [SHIFT]+9
[2025-07-26 16:56:13.701 GMT+07] [Window: main_P18-MRHuman.py - mr-coding-tutor-unity - Visual Studio Code] Key: s
[2025-07-26 16:56:14.577 GMT+07] [Window: main_P18-MRHuman.py - mr-coding-tutor-unity - Visual Studio Code] Key: [SHIFT]+0
[2025-07-26 16:56:42.305 GMT+07] [Window: main_P18-MRHuman.py - mr-coding-tutor-unity - Visual Studio Code] Key: [LEFT]
[2025-07-26 16:56:45.169 GMT+07] [Window: main_P18-MRHuman.py - mr-coding-tutor-unity - Visual Studio Code] Key: i
[2025-07-26 16:56:45.579 GMT+07] [Window: main_P18-MRHuman.py - mr-coding-tutor-unity - Visual Studio Code] Key: n
[2025-07-26 16:56:46.000 GMT+07] [Window: main_P18-MRHuman.py - mr-coding-tutor-unity - Visual Studio Code] Key: t
[2025-07-26 16:56:52.466 GMT+07] [Window: main_P18-MRHuman.py - mr-coding-tutor-unity - Visual Studio Code] Key: [BACKSPACE]
[2025-07-26 16:56:53.102 GMT+07] [Window: main_P18-MRHuman.py - mr-coding-tutor-unity - Visual Studio Code] Key: [BACKSPACE]
[2025-07-26 16:56:53.637 GMT+07] [Window: main_P18-MRHuman.py - mr-coding-tutor-unity - Visual Studio Code] Key: [BACKSPACE]
[2025-07-26 16:57:06.869 GMT+07] [Window: main_P18-MRHuman.py - mr-coding-tutor-unity - Visual Studio Code] Key: i
[2025-07-26 16:57:07.201 GMT+07] [Window: main_P18-MRHuman.py - mr-coding-tutor-unity - Visual Studio Code] Key: n
[2025-07-26 16:57:07.410 GMT+07] [Window: main_P18-MRHuman.py - mr-coding-tutor-unity - Visual Studio Code] Key: t
[2025-07-26 16:57:08.989 GMT+07] [Window: main_P18-MRHuman.py - mr-coding-tutor-unity - Visual Studio Code] Key: [SHIFT]+9
[2025-07-26 16:57:09.853 GMT+07] [Window: main_P18-MRHuman.py - mr-coding-tutor-unity - Visual Studio Code] Key: [RIGHT]
[2025-07-26 16:57:11.885 GMT+07] [Window: main_P18-MRHuman.py - mr-coding-tutor-unity - Visual Studio Code] Key: [RIGHT]
[2025-07-26 16:57:12.887 GMT+07] [Window: main_P18-MRHuman.py - mr-coding-tutor-unity - Visual Studio Code] Key: [SHIFT]+0
[2025-07-26 16:57:15.937 GMT+07] [Window: main_P18-MRHuman.py - mr-coding-tutor-unity - Visual Studio Code] Key: [BACKSPACE]
[2025-07-26 16:57:17.478 GMT+07] [Window: main_P18-MRHuman.py - mr-coding-tutor-unity - Visual Studio Code] Key: [LEFT]
[2025-07-26 16:57:19.186 GMT+07] [Window: main_P18-MRHuman.py - mr-coding-tutor-unity - Visual Studio Code] Key: [SHIFT]+0
[2025-07-26 16:57:57.622 GMT+07] [Window: main_P18-MRHuman.py - mr-coding-tutor-unity - Visual Studio Code] Key: [BACKSPACE]
[2025-07-26 16:57:58.622 GMT+07] [Window: main_P18-MRHuman.py - mr-coding-tutor-unity - Visual Studio Code] Key: [BACKSPACE]
[2025-07-26 16:58:05.173 GMT+07] [Window: main_P18-MRHuman.py - mr-coding-tutor-unity - Visual Studio Code] Key: [UP]
[2025-07-26 16:58:06.368 GMT+07] [Window: main_P18-MRHuman.py - mr-coding-tutor-unity - Visual Studio Code] Key: [BACKSPACE]
[2025-07-26 16:58:07.219 GMT+07] [Window: main_P18-MRHuman.py - mr-coding-tutor-unity - Visual Studio Code] Key: 1
[2025-07-26 16:58:08.084 GMT+07] [Window: main_P18-MRHuman.py - mr-coding-tutor-unity - Visual Studio Code] Key: 5
[2025-07-26 16:58:08.794 GMT+07] [Window: main_P18-MRHuman.py - mr-coding-tutor-unity - Visual Studio Code] Key: 3
[2025-07-26 17:00:16.933 GMT+07] [Window: main_P18-MRHuman.py - mr-coding-tutor-unity - Visual Studio Code] Key: [ALT]+[TAB]
[2025-07-26 17:01:46.066 GMT+07] [Window: [Task AN] Armstrong Numbers - Google Tài li?u and 5 more pages - Armstrong Numbers - Microsoft? Edge] Key: [ALT]+[TAB]
[2025-07-26 17:01:50.055 GMT+07] [Window: Coding Tutor] Key: [ALT]+[TAB]
[2025-07-26 17:01:50.557 GMT+07] [Window: Task Switching] Key: [ALT]+[TAB]
[2025-07-26 17:01:51.051 GMT+07] [Window: Administrator: Command Prompt] Key: [UP]
[2025-07-26 17:01:51.468 GMT+07] [Window: Administrator: Command Prompt] Key: [LEFT]
[2025-07-26 17:01:51.975 GMT+07] [Window: Administrator: Command Prompt] Key: [LEFT]
[2025-07-26 17:01:52.005 GMT+07] [Window: Administrator: Command Prompt] Key: [LEFT]
[2025-07-26 17:01:52.036 GMT+07] [Window: Administrator: Command Prompt] Key: [LEFT]
[2025-07-26 17:01:52.068 GMT+07] [Window: Administrator: Command Prompt] Key: [LEFT]
[2025-07-26 17:01:52.100 GMT+07] [Window: Administrator: Command Prompt] Key: [LEFT]
[2025-07-26 17:01:52.146 GMT+07] [Window: Administrator: Command Prompt] Key: [LEFT]
[2025-07-26 17:01:52.178 GMT+07] [Window: Administrator: Command Prompt] Key: [LEFT]
[2025-07-26 17:01:52.209 GMT+07] [Window: Administrator: Command Prompt] Key: [LEFT]
[2025-07-26 17:01:52.240 GMT+07] [Window: Administrator: Command Prompt] Key: [LEFT]
[2025-07-26 17:01:52.271 GMT+07] [Window: Administrator: Command Prompt] Key: [LEFT]
[2025-07-26 17:01:52.302 GMT+07] [Window: Administrator: Command Prompt] Key: [LEFT]
[2025-07-26 17:01:52.333 GMT+07] [Window: Administrator: Command Prompt] Key: [LEFT]
[2025-07-26 17:01:52.364 GMT+07] [Window: Administrator: Command Prompt] Key: [LEFT]
[2025-07-26 17:01:52.412 GMT+07] [Window: Administrator: Command Prompt] Key: [LEFT]
[2025-07-26 17:01:52.443 GMT+07] [Window: Administrator: Command Prompt] Key: [LEFT]
[2025-07-26 17:01:52.473 GMT+07] [Window: Administrator: Command Prompt] Key: [LEFT]
[2025-07-26 17:01:52.504 GMT+07] [Window: Administrator: Command Prompt] Key: [LEFT]
[2025-07-26 17:01:52.535 GMT+07] [Window: Administrator: Command Prompt] Key: [LEFT]
[