Logging output to C:\mr-coding-tutor-unity\data\P16-VC\keylog.log
[2025-07-22 16:22:18.358 GMT+07] [Window: Meet - kzs-vdwz-hfq and 5 more pages - Fibo - Microsoft? Edge] Key: [ALT]+[TAB]
[2025-07-22 16:22:18.972 GMT+07] [Window: Task Switching] Key: [ALT]+[TAB]
[2025-07-22 16:22:19.153 GMT+07] [Window: Task Switching] Key: [ALT]+[TAB]
[2025-07-22 16:22:19.656 GMT+07] [Window: Task Switching] Key: [ALT]+[TAB]
[2025-07-22 16:22:30.180 GMT+07] [Window: main_P16-VC.py - mr-coding-tutor-unity - Visual Studio Code] Key: [ALT]+[TAB]
[2025-07-22 16:23:01.616 GMT+07] [Window: [Task FN] Nth Fibonacci Number - Google Tài li?u and 5 more pages - Fibo - Microsoft? Edge] Key: [ALT]+[TAB]
[2025-07-22 16:23:02.085 GMT+07] [Window: Task Switching] Key: [ALT]+[TAB]
[2025-07-22 16:23:02.361 GMT+07] [Window: Task Switching] Key: [ALT]+[TAB]
[2025-07-22 16:23:02.559 GMT+07] [Window: Task Switching] Key: [ALT]+[TAB]
[2025-07-22 16:23:07.319 GMT+07] [Window: main_P16-VC.py - mr-coding-tutor-unity - Visual Studio Code] Key: [ALT]+[TAB]
[2025-07-22 16:23:28.195 GMT+07] [Window: [Task FN] Nth Fibonacci Number - Google Tài li?u and 5 more pages - Fibo - Microsoft? Edge] Key: [ALT]+[TAB]
[2025-07-22 16:23:33.742 GMT+07] [Window: main_P16-VC.py - mr-coding-tutor-unity - Visual Studio Code] Key: [ALT]+[TAB]
[2025-07-22 16:23:35.991 GMT+07] [Window: [Task FN] Nth Fibonacci Number - Google Tài li?u and 5 more pages - Fibo - Microsoft? Edge] Key: [ALT]+[TAB]
[2025-07-22 16:23:36.974 GMT+07] [Window: main_P16-VC.py - mr-coding-tutor-unity - Visual Studio Code] Key: n
[2025-07-22 16:23:37.423 GMT+07] [Window: main_P16-VC.py - mr-coding-tutor-unity - Visual Studio Code] Key: _
[2025-07-22 16:23:37.515 GMT+07] [Window: main_P16-VC.py - mr-coding-tutor-unity - Visual Studio Code] Key: +
[2025-07-22 16:23:37.721 GMT+07] [Window: main_P16-VC.py - mr-coding-tutor-unity - Visual Studio Code] Key: _
[2025-07-22 16:23:37.871 GMT+07] [Window: main_P16-VC.py - mr-coding-tutor-unity - Visual Studio Code] Key: 5
[2025-07-22 16:23:38.828 GMT+07] [Window: main_P16-VC.py - mr-coding-tutor-unity - Visual Studio Code] Key: 

[2025-07-22 16:23:40.031 GMT+07] [Window: main_P16-VC.py - mr-coding-tutor-unity - Visual Studio Code] Key: f
[2025-07-22 16:23:40.466 GMT+07] [Window: main_P16-VC.py - mr-coding-tutor-unity - Visual Studio Code] Key: _
[2025-07-22 16:23:40.625 GMT+07] [Window: main_P16-VC.py - mr-coding-tutor-unity - Visual Studio Code] Key: +
[2025-07-22 16:23:40.718 GMT+07] [Window: main_P16-VC.py - mr-coding-tutor-unity - Visual Studio Code] Key: _
[2025-07-22 16:23:40.908 GMT+07] [Window: main_P16-VC.py - mr-coding-tutor-unity - Visual Studio Code] Key: [
[2025-07-22 16:23:41.184 GMT+07] [Window: main_P16-VC.py - mr-coding-tutor-unity - Visual Studio Code] Key: 0
[2025-07-22 16:23:42.055 GMT+07] [Window: main_P16-VC.py - mr-coding-tutor-unity - Visual Studio Code] Key: [RIGHT]
[2025-07-22 16:23:42.304 GMT+07] [Window: main_P16-VC.py - mr-coding-tutor-unity - Visual Studio Code] Key: _
[2025-07-22 16:23:42.656 GMT+07] [Window: main_P16-VC.py - mr-coding-tutor-unity - Visual Studio Code] Key: [SHIFT]+8
[2025-07-22 16:23:42.892 GMT+07] [Window: main_P16-VC.py - mr-coding-tutor-unity - Visual Studio Code] Key: _
[2025-07-22 16:23:43.830 GMT+07] [Window: main_P16-VC.py - mr-coding-tutor-unity - Visual Studio Code] Key: [SHIFT]+9
[2025-07-22 16:23:44.247 GMT+07] [Window: main_P16-VC.py - mr-coding-tutor-unity - Visual Studio Code] Key: n
[2025-07-22 16:23:45.016 GMT+07] [Window: main_P16-VC.py - mr-coding-tutor-unity - Visual Studio Code] Key: [SHIFT]++
[2025-07-22 16:23:45.360 GMT+07] [Window: main_P16-VC.py - mr-coding-tutor-unity - Visual Studio Code] Key: 1
[2025-07-22 16:23:45.608 GMT+07] [Window: main_P16-VC.py - mr-coding-tutor-unity - Visual Studio Code] Key: [RIGHT]
[2025-07-22 16:23:46.608 GMT+07] [Window: main_P16-VC.py - mr-coding-tutor-unity - Visual Studio Code] Key: 

[2025-07-22 16:23:47.028 GMT+07] [Window: main_P16-VC.py - mr-coding-tutor-unity - Visual Studio Code] Key: f
[2025-07-22 16:23:47.296 GMT+07] [Window: main_P16-VC.py - mr-coding-tutor-unity - Visual Studio Code] Key: [
[2025-07-22 16:23:47.548 GMT+07] [Window: main_P16-VC.py - mr-coding-tutor-unity - Visual Studio Code] Key: 0
[2025-07-22 16:23:47.849 GMT+07] [Window: main_P16-VC.py - mr-coding-tutor-unity - Visual Studio Code] Key: [RIGHT]
[2025-07-22 16:23:48.193 GMT+07] [Window: main_P16-VC.py - mr-coding-tutor-unity - Visual Studio Code] Key: _
[2025-07-22 16:23:48.378 GMT+07] [Window: main_P16-VC.py - mr-coding-tutor-unity - Visual Studio Code] Key: +
[2025-07-22 16:23:48.457 GMT+07] [Window: main_P16-VC.py - mr-coding-tutor-unity - Visual Studio Code] Key: _
[2025-07-22 16:23:49.119 GMT+07] [Window: main_P16-VC.py - mr-coding-tutor-unity - Visual Studio Code] Key: 1
[2025-07-22 16:23:50.137 GMT+07] [Window: main_P16-VC.py - mr-coding-tutor-unity - Visual Studio Code] Key: 

[2025-07-22 16:23:50.394 GMT+07] [Window: main_P16-VC.py - mr-coding-tutor-unity - Visual Studio Code] Key: f
[2025-07-22 16:23:50.714 GMT+07] [Window: main_P16-VC.py - mr-coding-tutor-unity - Visual Studio Code] Key: [
[2025-07-22 16:23:50.839 GMT+07] [Window: main_P16-VC.py - mr-coding-tutor-unity - Visual Studio Code] Key: 1
[2025-07-22 16:23:51.028 GMT+07] [Window: main_P16-VC.py - mr-coding-tutor-unity - Visual Studio Code] Key: [RIGHT]
[2025-07-22 16:23:51.273 GMT+07] [Window: main_P16-VC.py - mr-coding-tutor-unity - Visual Studio Code] Key: _
[2025-07-22 16:23:51.376 GMT+07] [Window: main_P16-VC.py - mr-coding-tutor-unity - Visual Studio Code] Key: +
[2025-07-22 16:23:51.509 GMT+07] [Window: main_P16-VC.py - mr-coding-tutor-unity - Visual Studio Code] Key: _
[2025-07-22 16:23:51.597 GMT+07] [Window: main_P16-VC.py - mr-coding-tutor-unity - Visual Studio Code] Key: 1
[2025-07-22 16:23:52.331 GMT+07] [Window: main_P16-VC.py - mr-coding-tutor-unity - Visual Studio Code] Key: 

[2025-07-22 16:23:52.648 GMT+07] [Window: main_P16-VC.py - mr-coding-tutor-unity - Visual Studio Code] Key: 

[2025-07-22 16:23:54.556 GMT+07] [Window: main_P16-VC.py - mr-coding-tutor-unity - Visual Studio Code] Key: f
[2025-07-22 16:23:54.711 GMT+07] [Window: main_P16-VC.py - mr-coding-tutor-unity - Visual Studio Code] Key: o
[2025-07-22 16:23:54.781 GMT+07] [Window: main_P16-VC.py - mr-coding-tutor-unity - Visual Studio Code] Key: r
[2025-07-22 16:23:54.849 GMT+07] [Window: main_P16-VC.py - mr-coding-tutor-unity - Visual Studio Code] Key: _
[2025-07-22 16:23:55.192 GMT+07] [Window: main_P16-VC.py - mr-coding-tutor-unity - Visual Studio Code] Key: [SHIFT]+9
[2025-07-22 16:23:56.461 GMT+07] [Window: main_P16-VC.py - mr-coding-tutor-unity - Visual Studio Code] Key: [BACKSPACE]
[2025-07-22 16:23:56.992 GMT+07] [Window: main_P16-VC.py - mr-coding-tutor-unity - Visual Studio Code] Key: i
[2025-07-22 16:23:57.295 GMT+07] [Window: main_P16-VC.py - mr-coding-tutor-unity - Visual Studio Code] Key: _
[2025-07-22 16:23:57.360 GMT+07] [Window: main_P16-VC.py - mr-coding-tutor-unity - Visual Studio Code] Key: i
[2025-07-22 16:23:57.560 GMT+07] [Window: main_P16-VC.py - mr-coding-tutor-unity - Visual Studio Code] Key: n
[2025-07-22 16:23:57.630 GMT+07] [Window: main_P16-VC.py - mr-coding-tutor-unity - Visual Studio Code] Key: _
[2025-07-22 16:23:57.728 GMT+07] [Window: main_P16-VC.py - mr-coding-tutor-unity - Visual Studio Code] Key: r
[2025-07-22 16:23:58.005 GMT+07] [Window: main_P16-VC.py - mr-coding-tutor-unity - Visual Studio Code] Key: a
[2025-07-22 16:23:58.082 GMT+07] [Window: main_P16-VC.py - mr-coding-tutor-unity - Visual Studio Code] Key: n
[2025-07-22 16:23:58.264 GMT+07] [Window: main_P16-VC.py - mr-coding-tutor-unity - Visual Studio Code] Key: g
[2025-07-22 16:23:58.349 GMT+07] [Window: main_P16-VC.py - mr-coding-tutor-unity - Visual Studio Code] Key: e
[2025-07-22 16:23:59.005 GMT+07] [Window: main_P16-VC.py - mr-coding-tutor-unity - Visual Studio Code] Key: [SHIFT]+9
[2025-07-22 16:23:59.248 GMT+07] [Window: main_P16-VC.py - mr-coding-tutor-unity - Visual Studio Code] Key: 2
[2025-07-22 16:24:00.021 GMT+07] [Window: main_P16-VC.py - mr-coding-tutor-unity - Visual Studio Code] Key: ,
[2025-07-22 16:24:00.443 GMT+07] [Window: main_P16-VC.py - mr-coding-tutor-unity - Visual Studio Code] Key: [BACKSPACE]
[2025-07-22 16:24:01.373 GMT+07] [Window: main_P16-VC.py - mr-coding-tutor-unity - Visual Studio Code] Key: ,
[2025-07-22 16:24:01.572 GMT+07] [Window: main_P16-VC.py - mr-coding-tutor-unity - Visual Studio Code] Key: _
[2025-07-22 16:24:02.123 GMT+07] [Window: main_P16-VC.py - mr-coding-tutor-unity - Visual Studio Code] Key: n
[2025-07-22 16:24:02.652 GMT+07] [Window: main_P16-VC.py - mr-coding-tutor-unity - Visual Studio Code] Key: [SHIFT]++
[2025-07-22 16:24:02.957 GMT+07] [Window: main_P16-VC.py - mr-coding-tutor-unity - Visual Studio Code] Key: 1
[2025-07-22 16:24:06.194 GMT+07] [Window: main_P16-VC.py - mr-coding-tutor-unity - Visual Studio Code] Key: [SHIFT]+;
[2025-07-22 16:24:06.805 GMT+07] [Window: main_P16-VC.py - mr-coding-tutor-unity - Visual Studio Code] Key: 

[2025-07-22 16:24:07.977 GMT+07] [Window: main_P16-VC.py - mr-coding-tutor-unity - Visual Studio Code] Key: f
[2025-07-22 16:24:08.052 GMT+07] [Window: main_P16-VC.py - mr-coding-tutor-unity - Visual Studio Code] Key: [
[2025-07-22 16:24:08.335 GMT+07] [Window: main_P16-VC.py - mr-coding-tutor-unity - Visual Studio Code] Key: i
[2025-07-22 16:24:09.500 GMT+07] [Window: main_P16-VC.py - mr-coding-tutor-unity - Visual Studio Code] Key: [RIGHT]
[2025-07-22 16:24:09.774 GMT+07] [Window: main_P16-VC.py - mr-coding-tutor-unity - Visual Studio Code] Key: _
[2025-07-22 16:24:09.895 GMT+07] [Window: main_P16-VC.py - mr-coding-tutor-unity - Visual Studio Code] Key: +
[2025-07-22 16:24:09.982 GMT+07] [Window: main_P16-VC.py - mr-coding-tutor-unity - Visual Studio Code] Key: _
[2025-07-22 16:24:10.148 GMT+07] [Window: main_P16-VC.py - mr-coding-tutor-unity - Visual Studio Code] Key: f
[2025-07-22 16:24:10.263 GMT+07] [Window: main_P16-VC.py - mr-coding-tutor-unity - Visual Studio Code] Key: [
[2025-07-22 16:24:10.564 GMT+07] [Window: main_P16-VC.py - mr-coding-tutor-unity - Visual Studio Code] Key: i
[2025-07-22 16:24:11.614 GMT+07] [Window: main_P16-VC.py - mr-coding-tutor-unity - Visual Studio Code] Key: -
[2025-07-22 16:24:11.698 GMT+07] [Window: main_P16-VC.py - mr-coding-tutor-unity - Visual Studio Code] Key: 1
[2025-07-22 16:24:11.935 GMT+07] [Window: main_P16-VC.py - mr-coding-tutor-unity - Visual Studio Code] Key: [RIGHT]
[2025-07-22 16:24:12.191 GMT+07] [Window: main_P16-VC.py - mr-coding-tutor-unity - Visual Studio Code] Key: _
[2025-07-22 16:24:12.799 GMT+07] [Window: main_P16-VC.py - mr-coding-tutor-unity - Visual Studio Code] Key: [SHIFT]++
[2025-07-22 16:24:13.086 GMT+07] [Window: main_P16-VC.py - mr-coding-tutor-unity - Visual Studio Code] Key: _
[2025-07-22 16:24:13.239 GMT+07] [Window: main_P16-VC.py - mr-coding-tutor-unity - Visual Studio Code] Key: f
[2025-07-22 16:24:13.476 GMT+07] [Window: main_P16-VC.py - mr-coding-tutor-unity - Visual Studio Code] Key: [
[2025-07-22 16:24:13.760 GMT+07] [Window: main_P16-VC.py - mr-coding-tutor-unity - Visual Studio Code] Key: i
[2025-07-22 16:24:14.026 GMT+07] [Window: main_P16-VC.py - mr-coding-tutor-unity - Visual Studio Code] Key: -
[2025-07-22 16:24:14.856 GMT+07] [Window: main_P16-VC.py - mr-coding-tutor-unity - Visual Studio Code] Key: 2
[2025-07-22 16:24:15.034 GMT+07] [Window: main_P16-VC.py - mr-coding-tutor-unity - Visual Studio Code] Key: [RIGHT]
[2025-07-22 16:24:15.516 GMT+07] [Window: main_P16-VC.py - mr-coding-tutor-unity - Visual Studio Code] Key: 

[2025-07-22 16:24:15.754 GMT+07] [Window: main_P16-VC.py - mr-coding-tutor-unity - Visual Studio Code] Key: 

[2025-07-22 16:24:16.106 GMT+07] [Window: main_P16-VC.py - mr-coding-tutor-unity - Visual Studio Code] Key: [BACKSPACE]
[2025-07-22 16:24:16.700 GMT+07] [Window: main_P16-VC.py - mr-coding-tutor-unity - Visual Studio Code] Key: p
[2025-07-22 16:24:16.814 GMT+07] [Window: main_P16-VC.py - mr-coding-tutor-unity - Visual Studio Code] Key: r
[2025-07-22 16:24:16.955 GMT+07] [Window: main_P16-VC.py - mr-coding-tutor-unity - Visual Studio Code] Key: i
[2025-07-22 16:24:17.141 GMT+07] [Window: main_P16-VC.py - mr-coding-tutor-unity - Visual Studio Code] Key: n
[2025-07-22 16:24:17.219 GMT+07] [Window: main_P16-VC.py - mr-coding-tutor-unity - Visual Studio Code] Key: t
[2025-07-22 16:24:17.591 GMT+07] [Window: main_P16-VC.py - mr-coding-tutor-unity - Visual Studio Code] Key: [SHIFT]+9
[2025-07-22 16:24:18.228 GMT+07] [Window: main_P16-VC.py - mr-coding-tutor-unity - Visual Studio Code] Key: f
[2025-07-22 16:24:18.471 GMT+07] [Window: main_P16-VC.py - mr-coding-tutor-unity - Visual Studio Code] Key: [
[2025-07-22 16:24:18.844 GMT+07] [Window: main_P16-VC.py - mr-coding-tutor-unity - Visual Studio Code] Key: n
[2025-07-22 16:24:19.122 GMT+07] [Window: main_P16-VC.py - mr-coding-tutor-unity - Visual Studio Code] Key: [RIGHT]
[2025-07-22 16:24:24.898 GMT+07] [Window: main_P16-VC.py - mr-coding-tutor-unity - Visual Studio Code] Key: [TAB]
[2025-07-22 16:24:25.788 GMT+07] [Window: main_P16-VC.py - mr-coding-tutor-unity - Visual Studio Code] Key: [ALT]+[TAB]
[2025-07-22 16:25:47.835 GMT+07] [Window: [Task FN] Nth Fibonacci Number - Google Tài li?u and 5 more pages - Fibo - Microsoft? Edge] Key: [ALT]+[TAB]
[2025-07-22 16:25:51.699 GMT+07] [Window: main_P16-VC.py - mr-coding-tutor-unity - Visual Studio Code] Key: [BACKSPACE]
[2025-07-22 16:25:51.874 GMT+07] [Window: main_P16-VC.py - mr-coding-tutor-unity - Visual Studio Code] Key: [BACKSPACE]
[2025-07-22 16:25:52.071 GMT+07] [Window: main_P16-VC.py - mr-coding-tutor-unity - Visual Studio Code] Key: [BACKSPACE]
[2025-07-22 16:25:53.385 GMT+07] [Window: main_P16-VC.py - mr-coding-tutor-unity - Visual Studio Code] Key: [ALT]+[TAB]
[2025-07-22 16:26:07.503 GMT+07] [Window: [Task FN] Nth Fibonacci Number - Google Tài li?u and 5 more pages - Fibo - Microsoft? Edge] Key: [ALT]+[TAB]
[2025-07-22 16:26:09.660 GMT+07] [Window: main_P16-VC.py - mr-coding-tutor-unity - Visual Studio Code] Key: n
[2025-07-22 16:26:10.089 GMT+07] [Window: main_P16-VC.py - mr-coding-tutor-unity - Visual Studio Code] Key: -
[2025-07-22 16:26:10.252 GMT+07] [Window: main_P16-VC.py - mr-coding-tutor-unity - Visual Studio Code] Key: 1
[2025-07-22 16:26:10.608 GMT+07] [Window: main_P16-VC.py - mr-coding-tutor-unity - Visual Studio Code] Key: [BACKSPACE]
[2025-07-22 16:26:10.763 GMT+07] [Window: main_P16-VC.py - mr-coding-tutor-unity - Visual Studio Code] Key: [BACKSPACE]
[2025-07-22 16:26:10.921 GMT+07] [Window: main_P16-VC.py - mr-coding-tutor-unity - Visual Studio Code] Key: [BACKSPACE]
[2025-07-22 16:26:11.521 GMT+07] [Window: main_P16-VC.py - mr-coding-tutor-unity - Visual Studio Code] Key: -
[2025-07-22 16:26:11.861 GMT+07] [Window: main_P16-VC.py - mr-coding-tutor-unity - Visual Studio Code] Key: 1
[2025-07-22 16:26:12.204 GMT+07] [Window: main_P16-VC.py - mr-coding-tutor-unity - Visual Studio Code] Key: [RIGHT]
[2025-07-22 16:26:12.470 GMT+07] [Window: main_P16-VC.py - mr-coding-tutor-unity - Visual Studio Code] Key: _
[2025-07-22 16:26:12.988 GMT+07] [Window: main_P16-VC.py - mr-coding-tutor-unity - Visual Studio Code] Key: [SHIFT]++
[2025-07-22 16:26:13.251 GMT+07] [Window: main_P16-VC.py - mr-coding-tutor-unity - Visual Studio Code] Key: _
[2025-07-22 16:26:13.368 GMT+07] [Window: main_P16-VC.py - mr-coding-tutor-unity - Visual Studio Code] Key: f
[2025-07-22 16:26:13.524 GMT+07] [Window: main_P16-VC.py - mr-coding-tutor-unity - Visual Studio Code] Key: [
[2025-07-22 16:26:13.726 GMT+07] [Window: main_P16-VC.py - mr-coding-tutor-unity - Visual Studio Code] Key: n
[2025-07-22 16:26:14.241 GMT+07] [Window: main_P16-VC.py - mr-coding-tutor-unity - Visual Studio Code] Key: -
[2025-07-22 16:26:14.919 GMT+07] [Window: main_P16-VC.py - mr-coding-tutor-unity - Visual Studio Code] Key: 2
[2025-07-22 16:26:15.135 GMT+07] [Window: main_P16-VC.py - mr-coding-tutor-unity - Visual Studio Code] Key: [RIGHT]
[2025-07-22 16:26:15.413 GMT+07] [Window: main_P16-VC.py - mr-coding-tutor-unity - Visual Studio Code] Key: [RIGHT]
[2025-07-22 16:26:26.718 GMT+07] [Window: main_P16-VC.py - mr-coding-tutor-unity - Visual Studio Code] Key: [
[2025-07-22 16:26:26.932 GMT+07] [Window: main_P16-VC.py - mr-coding-tutor-unity - Visual Studio Code] Key: n
[2025-07-22 16:26:28.823 GMT+07] [Window: main_P16-VC.py - mr-coding-tutor-unity - Visual Studio Code] Key: [ALT]+[TAB]
[2025-07-22 16:26:38.218 GMT+07] [Window: [Task FN] Nth Fibonacci Number - Google Tài li?u and 5 more pages - Fibo - Microsoft? Edge] Key: [ALT]+[TAB]
[2025-07-22 16:26:40.049 GMT+07] [Window: main_P16-VC.py - mr-coding-tutor-unity - Visual Studio Code] Key: [BACKSPACE]
[2025-07-22 16:26:40.438 GMT+07] [Window: main_P16-VC.py - mr-coding-tutor-unity - Visual Studio Code] Key: 0
[2025-07-22 16:26:50.182 GMT+07] [Window: main_P16-VC.py - mr-coding-tutor-unity - Visual Studio Code] Key: [ALT]+[TAB]
[2025-07-22 16:26:52.167 GMT+07] [Window: [Task FN] Nth Fibonacci Number - Google Tài li?u and 5 more pages - Fibo - Microsoft? Edge] Key: [ALT]+[TAB]
[2025-07-22 16:26:58.484 GMT+07] [Window: main_P16-VC.py - mr-coding-tutor-unity - Visual Studio Code] Key: [BACKSPACE]
[2025-07-22 16:26:59.977 GMT+07] [Window: main_P16-VC.py - mr-coding-tutor-unity - Visual Studio Code] Key: 0
[2025-07-22 16:27:22.597 GMT+07] [Window: main_P16-VC.py - mr-coding-tutor-unity - Visual Studio Code] Key: [BACKSPACE]
[2025-07-22 16:27:23.037 GMT+07] [Window: main_P16-VC.py - mr-coding-tutor-unity - Visual Studio Code] Key: 5
[2025-07-22 16:27:40.906 GMT+07] [Window: main_P16-VC.py - mr-coding-tutor-unity - Visual Studio Code] Key: [RIGHT]
[2025-07-22 16:27:41.624 GMT+07] [Window: main_P16-VC.py - mr-coding-tutor-unity - Visual Studio Code] Key: [BACKSPACE]
[2025-07-22 16:27:41.746 GMT+07] [Window: main_P16-VC.py - mr-coding-tutor-unity - Visual Studio Code] Key: 7
[2025-07-22 16:27:47.276 GMT+07] [Window: main_P16-VC.py - mr-coding-tutor-unity - Visual Studio Code] Key: [ALT]+[TAB]
[2025-07-22 16:27:59.657 GMT+07] [Window: [Task FN] Nth Fibonacci Number - Google Tài li?u and 5 more pages - Fibo - Microsoft? Edge] Key: [ALT]+[TAB]
[2025-07-22 16:28:07.821 GMT+07] [Window: main_P16-VC.py - mr-coding-tutor-unity - Visual Studio Code] Key: [BACKSPACE]
[2025-07-22 16:28:12.286 GMT+07] [Window: main_P16-VC.py - mr-coding-tutor-unity - Visual Studio Code] Key: a
[2025-07-22 16:28:13.864 GMT+07] [Window: main_P16-VC.py - mr-coding-tutor-unity - Visual Studio Code] Key: [BACKSPACE]
[2025-07-22 16:28:32.156 GMT+07] [Window: main_P16-VC.py - mr-coding-tutor-unity - Visual Studio Code] Key: d
[2025-07-22 16:28:32.601 GMT+07] [Window: main_P16-VC.py - mr-coding-tutor-unity - Visual Studio Code] Key: e
[2025-07-22 16:28:33.830 GMT+07] [Window: main_P16-VC.py - mr-coding-tutor-unity - Visual Studio Code] Key: f
[2025-07-22 16:28:34.446 GMT+07] [Window: main_P16-VC.py - mr-coding-tutor-unity - Visual Studio Code] Key: _
[2025-07-22 16:28:35.371 GMT+07] [Window: main_P16-VC.py - mr-coding-tutor-unity - Visual Studio Code] Key: [BACKSPACE]
[2025-07-22 16:28:35.770 GMT+07] [Window: main_P16-VC.py - mr-coding-tutor-unity - Visual Studio Code] Key: _
[2025-07-22 16:28:37.485 GMT+07] [Window: main_P16-VC.py - mr-coding-tutor-unity - Visual Studio Code] Key: [SHIFT]+9
[2025-07-22 16:28:37.931 GMT+07] [Window: main_P16-VC.py - mr-coding-tutor-unity - Visual Studio Code] Key: i
[2025-07-22 16:28:38.298 GMT+07] [Window: main_P16-VC.py - mr-coding-tutor-unity - Visual Studio Code] Key: t
[2025-07-22 16:28:39.039 GMT+07] [Window: main_P16-VC.py - mr-coding-tutor-unity - Visual Studio Code] Key: [BACKSPACE]
[2025-07-22 16:28:39.385 GMT+07] [Window: main_P16-VC.py - mr-coding-tutor-unity - Visual Studio Code] Key: n
[2025-07-22 16:28:39.506 GMT+07] [Window: main_P16-VC.py - mr-coding-tutor-unity - Visual Studio Code] Key: t
[2025-07-22 16:28:39.619 GMT+07] [Window: main_P16-VC.py - mr-coding-tutor-unity - Visual Studio Code] Key: _
[2025-07-22 16:28:40.577 GMT+07] [Window: main_P16-VC.py - mr-coding-tutor-unity - Visual Studio Code] Key: [BACKSPACE]
[2025-07-22 16:28:41.172 GMT+07] [Window: main_P16-VC.py - mr-coding-tutor-unity - Visual Studio Code] Key: _
[2025-07-22 16:28:41.360 GMT+07] [Window: main_P16-VC.py - mr-coding-tutor-unity - Visual Studio Code] Key: n
[2025-07-22 16:28:41.796 GMT+07] [Window: main_P16-VC.py - mr-coding-tutor-unity - Visual Studio Code] Key: [RIGHT]
[2025-07-22 16:28:43.331 GMT+07] [Window: main_P16-VC.py - mr-coding-tutor-unity - Visual Studio Code] Key: [LEFT]
[2025-07-22 16:28:43.685 GMT+07] [Window: main_P16-VC.py - mr-coding-tutor-unity - Visual Studio Code] Key: [BACKSPACE]
[2025-07-22 16:28:43.914 GMT+07] [Window: main_P16-VC.py - mr-coding-tutor-unity - Visual Studio Code] Key: [BACKSPACE]
[2025-07-22 16:28:44.444 GMT+07] [Window: main_P16-VC.py - mr-coding-tutor-unity - Visual Studio Code] Key: _
[2025-07-22 16:28:44.857 GMT+07] [Window: main_P16-VC.py - mr-coding-tutor-unity - Visual Studio Code] Key: n
[2025-07-22 16:28:47.859 GMT+07] [Window: main_P16-VC.py - mr-coding-tutor-unity - Visual Studio Code] Key: [BACKSPACE]
[2025-07-22 16:28:48.482 GMT+07] [Window: main_P16-VC.py - mr-coding-tutor-unity - Visual Studio Code] Key: [BACKSPACE]
[2025-07-22 16:28:48.671 GMT+07] [Window: main_P16-VC.py - mr-coding-tutor-unity - Visual Studio Code] Key: [BACKSPACE]
[2025-07-22 16:28:48.843 GMT+07] [Window: main_P16-VC.py - mr-coding-tutor-unity - Visual Studio Code] Key: [BACKSPACE]
[2025-07-22 16:28:49.205 GMT+07] [Window: main_P16-VC.py - mr-coding-tutor-unity - Visual Studio Code] Key: [BACKSPACE]
[2025-07-22 16:28:49.528 GMT+07] [Window: main_P16-VC.py - mr-coding-tutor-unity - Visual Studio Code] Key: [BACKSPACE]
[2025-07-22 16:28:50.197 GMT+07] [Window: main_P16-VC.py - mr-coding-tutor-unity - Visual Studio Code] Key: [RIGHT]
[2025-07-22 16:28:50.426 GMT+07] [Window: main_P16-VC.py - mr-coding-tutor-unity - Visual Studio Code] Key: [BACKSPACE]
[2025-07-22 16:28:50.891 GMT+07] [Window: main_P16-VC.py - mr-coding-tutor-unity - Visual Studio Code] Key: f
[2025-07-22 16:28:51.020 GMT+07] [Window: main_P16-VC.py - mr-coding-tutor-unity - Visual Studio Code] Key: i
[2025-07-22 16:28:51.180 GMT+07] [Window: main_P16-VC.py - mr-coding-tutor-unity - Visual Studio Code] Key: b
[2025-07-22 16:28:51.277 GMT+07] [Window: main_P16-VC.py - mr-coding-tutor-unity - Visual Studio Code] Key: o
[2025-07-22 16:28:51.494 GMT+07] [Window: main_P16-VC.py - mr-coding-tutor-unity - Visual Studio Code] Key: n
[2025-07-22 16:28:51.829 GMT+07] [Window: main_P16-VC.py - mr-coding-tutor-unity - Visual Studio Code] Key: c
[2025-07-22 16:28:51.980 GMT+07] [Window: main_P16-VC.py - mr-coding-tutor-unity - Visual Studio Code] Key: c
[2025-07-22 16:28:52.087 GMT+07] [Window: main_P16-VC.py - mr-coding-tutor-unity - Visual Studio Code] Key: i
[2025-07-22 16:28:52.397 GMT+07] [Window: main_P16-VC.py - mr-coding-tutor-unity - Visual Studio Code] Key: [BACKSPACE]
[2025-07-22 16:28:52.569 GMT+07] [Window: main_P16-VC.py - mr-coding-tutor-unity - Visual Studio Code] Key: [BACKSPACE]
[2025-07-22 16:28:52.676 GMT+07] [Window: main_P16-VC.py - mr-coding-tutor-unity - Visual Studio Code] Key: [BACKSPACE]
[2025-07-22 16:28:53.240 GMT+07] [Window: main_P16-VC.py - mr-coding-tutor-unity - Visual Studio Code] Key: a
[2025-07-22 16:28:53.522 GMT+07] [Window: main_P16-VC.py - mr-coding-tutor-unity - Visual Studio Code] Key: c
[2025-07-22 16:28:53.672 GMT+07] [Window: main_P16-VC.py - mr-coding-tutor-unity - Visual Studio Code] Key: c
[2025-07-22 16:28:53.750 GMT+07] [Window: main_P16-VC.py - mr-coding-tutor-unity - Visual Studio Code] Key: i
[2025-07-22 16:28:54.660 GMT+07] [Window: main_P16-VC.py - mr-coding-tutor-unity - Visual Studio Code] Key: [SHIFT]+9
[2025-07-22 16:28:55.357 GMT+07] [Window: main_P16-VC.py - mr-coding-tutor-unity - Visual Studio Code] Key: i
[2025-07-22 16:28:55.633 GMT+07] [Window: main_P16-VC.py - mr-coding-tutor-unity - Visual Studio Code] Key: n
[2025-07-22 16:28:55.920 GMT+07] [Window: main_P16-VC.py - mr-coding-tutor-unity - Visual Studio Code] Key: t
[2025-07-22 16:28:56.081 GMT+07] [Window: main_P16-VC.py - mr-coding-tutor-unity - Visual Studio Code] Key: _
[2025-07-22 16:28:56.351 GMT+07] [Window: main_P16-VC.py - mr-coding-tutor-unity - Visual Studio Code] Key: n
[2025-07-22 16:28:57.156 GMT+07] [Window: main_P16-VC.py - mr-coding-tutor-unity - Visual Studio Code] Key: [RIGHT]
[2025-07-22 16:28:59.455 GMT+07] [Window: main_P16-VC.py - mr-coding-tutor-unity - Visual Studio Code] Key: [LEFT]
[2025-07-22 16:29:01.023 GMT+07] [Window: main_P16-VC.py - mr-coding-tutor-unity - Visual Studio Code] Key: [RIGHT]
[2025-07-22 16:29:01.517 GMT+07] [Window: main_P16-VC.py - mr-coding-tutor-unity - Visual Studio Code] Key: [BACKSPACE]
[2025-07-22 16:29:01.890 GMT+07] [Window: main_P16-VC.py - mr-coding-tutor-unity - Visual Studio Code] Key: [BACKSPACE]
[2025-07-22 16:29:02.068 GMT+07] [Window: main_P16-VC.py - mr-coding-tutor-unity - Visual Studio Code] Key: [BACKSPACE]
[2025-07-22 16:29:02.247 GMT+07] [Window: main_P16-VC.py - mr-coding-tutor-unity - Visual Studio Code] Key: [BACKSPACE]
[2025-07-22 16:29:02.423 GMT+07] [Window: main_P16-VC.py - mr-coding-tutor-unity - Visual Studio Code] Key: [BACKSPACE]
[2025-07-22 16:29:02.609 GMT+07] [Window: main_P16-VC.py - mr-coding-tutor-unity - Visual Studio Code] Key: [BACKSPACE]
[2025-07-22 16:29:03.648 GMT+07] [Window: main_P16-VC.py - mr-coding-tutor-unity - Visual Studio Code] Key: [BACKSPACE]
[2025-07-22 16:29:12.131 GMT+07] [Window: main_P16-VC.py - mr-coding-tutor-unity - Visual Studio Code] Key: _
[2025-07-22 16:29:12.773 GMT+07] [Window: main_P16-VC.py - mr-coding-tutor-unity - Visual Studio Code] Key: [BACKSPACE]
[2025-07-22 16:29:13.766 GMT+07] [Window: main_P16-VC.py - mr-coding-tutor-unity - Visual Studio Code] Key: [SHIFT]+9
[2025-07-22 16:29:15.302 GMT+07] [Window: main_P16-VC.py - mr-coding-tutor-unity - Visual Studio Code] Key: i
[2025-07-22 16:29:15.530 GMT+07] [Window: main_P16-VC.py - mr-coding-tutor-unity - Visual Studio Code] Key: n
[2025-07-22 16:29:16.266 GMT+07] [Window: main_P16-VC.py - mr-coding-tutor-unity - Visual Studio Code] Key: [BACKSPACE]
[2025-07-22 16:29:16.471 GMT+07] [Window: main_P16-VC.py - mr-coding-tutor-unity - Visual Studio Code] Key: [BACKSPACE]
[2025-07-22 16:29:17.036 GMT+07] [Window: main_P16-VC.py - mr-coding-tutor-unity - Visual Studio Code] Key: n
[2025-07-22 16:29:17.471 GMT+07] [Window: main_P16-VC.py - mr-coding-tutor-unity - Visual Studio Code] Key: [RIGHT]
[2025-07-22 16:29:22.095 GMT+07] [Window: main_P16-VC.py - mr-coding-tutor-unity - Visual Studio Code] Key: [SHIFT]+;
[2025-07-22 16:29:23.014 GMT+07] [Window: main_P16-VC.py - mr-coding-tutor-unity - Visual Studio Code] Key: 

[2025-07-22 16:29:23.964 GMT+07] [Window: main_P16-VC.py - mr-coding-tutor-unity - Visual Studio Code] Key: i
[2025-07-22 16:29:23.997 GMT+07] [Window: main_P16-VC.py - mr-coding-tutor-unity - Visual Studio Code] Key: f
[2025-07-22 16:29:24.089 GMT+07] [Window: main_P16-VC.py - mr-coding-tutor-unity - Visual Studio Code] Key: _
[2025-07-22 16:29:24.411 GMT+07] [Window: main_P16-VC.py - mr-coding-tutor-unity - Visual Studio Code] Key: [SHIFT]+9
[2025-07-22 16:29:25.156 GMT+07] [Window: main_P16-VC.py - mr-coding-tutor-unity - Visual Studio Code] Key: n
[2025-07-22 16:29:25.950 GMT+07] [Window: main_P16-VC.py - mr-coding-tutor-unity - Visual Studio Code] Key: [SHIFT]+,
[2025-07-22 16:29:26.358 GMT+07] [Window: main_P16-VC.py - mr-coding-tutor-unity - Visual Studio Code] Key: +
[2025-07-22 16:29:26.625 GMT+07] [Window: main_P16-VC.py - mr-coding-tutor-unity - Visual Studio Code] Key: 1
[2025-07-22 16:29:27.243 GMT+07] [Window: main_P16-VC.py - mr-coding-tutor-unity - Visual Studio Code] Key: [RIGHT]
[2025-07-22 16:29:27.659 GMT+07] [Window: main_P16-VC.py - mr-coding-tutor-unity - Visual Studio Code] Key: _
[2025-07-22 16:29:27.785 GMT+07] [Window: main_P16-VC.py - mr-coding-tutor-unity - Visual Studio Code] Key: r
[2025-07-22 16:29:27.981 GMT+07] [Window: main_P16-VC.py - mr-coding-tutor-unity - Visual Studio Code] Key: e
[2025-07-22 16:29:28.157 GMT+07] [Window: main_P16-VC.py - mr-coding-tutor-unity - Visual Studio Code] Key: t
[2025-07-22 16:29:28.263 GMT+07] [Window: main_P16-VC.py - mr-coding-tutor-unity - Visual Studio Code] Key: u
[2025-07-22 16:29:28.358 GMT+07] [Window: main_P16-VC.py - mr-coding-tutor-unity - Visual Studio Code] Key: r
[2025-07-22 16:29:28.470 GMT+07] [Window: main_P16-VC.py - mr-coding-tutor-unity - Visual Studio Code] Key: n
[2025-07-22 16:29:28.917 GMT+07] [Window: main_P16-VC.py - mr-coding-tutor-unity - Visual Studio Code] Key: _
[2025-07-22 16:29:29.236 GMT+07] [Window: main_P16-VC.py - mr-coding-tutor-unity - Visual Studio Code] Key: n
[2025-07-22 16:29:32.146 GMT+07] [Window: main_P16-VC.py - mr-coding-tutor-unity - Visual Studio Code] Key: [ALT]+[TAB]
[2025-07-22 16:29:35.527 GMT+07] [Window: [Task FN] Nth Fibonacci Number - Google Tài li?u and 5 more pages - Fibo - Microsoft? Edge] Key: [ALT]+[TAB]
[2025-07-22 16:29:41.029 GMT+07] [Window: main_P16-VC.py - mr-coding-tutor-unity - Visual Studio Code] Key: [ALT]+[TAB]
[2025-07-22 16:29:43.275 GMT+07] [Window: [Task FN] Nth Fibonacci Number - Google Tài li?u and 5 more pages - Fibo - Microsoft? Edge] Key: [ALT]+[TAB]
[2025-07-22 16:29:44.848 GMT+07] [Window: main_P16-VC.py - mr-coding-tutor-unity - Visual Studio Code] Key: [BACKSPACE]
[2025-07-22 16:29:45.556 GMT+07] [Window: main_P16-VC.py - mr-coding-tutor-unity - Visual Studio Code] Key: [LEFT]
[2025-07-22 16:29:45.711 GMT+07] [Window: main_P16-VC.py - mr-coding-tutor-unity - Visual Studio Code] Key: [LEFT]
[2025-07-22 16:29:45.868 GMT+07] [Window: main_P16-VC.py - mr-coding-tutor-unity - Visual Studio Code] Key: [LEFT]
[2025-07-22 16:29:46.008 GMT+07] [Window: main_P16-VC.py - mr-coding-tutor-unity - Visual Studio Code] Key: [LEFT]
[2025-07-22 16:29:46.322 GMT+07] [Window: main_P16-VC.py - mr-coding-tutor-unity - Visual Studio Code] Key: [BACKSPACE]
[2025-07-22 16:29:50.245 GMT+07] [Window: main_P16-VC.py - mr-coding-tutor-unity - Visual Studio Code] Key: [SHIFT]+;
[2025-07-22 16:29:50.530 GMT+07] [Window: main_P16-VC.py - mr-coding-tutor-unity - Visual Studio Code] Key: 

[2025-07-22 16:29:53.613 GMT+07] [Window: main_P16-VC.py - mr-coding-tutor-unity - Visual Studio Code] Key: [BACKSPACE]
[2025-07-22 16:29:53.988 GMT+07] [Window: main_P16-VC.py - mr-coding-tutor-unity - Visual Studio Code] Key: [BACKSPACE]
[2025-07-22 16:29:54.288 GMT+07] [Window: main_P16-VC.py - mr-coding-tutor-unity - Visual Studio Code] Key: [TAB]
[2025-07-22 16:29:55.955 GMT+07] [Window: main_P16-VC.py - mr-coding-tutor-unity - Visual Studio Code] Key: 

[2025-07-22 16:29:56.420 GMT+07] [Window: main_P16-VC.py - mr-coding-tutor-unity - Visual Studio Code] Key: 

[2025-07-22 16:29:56.565 GMT+07] [Window: main_P16-VC.py - mr-coding-tutor-unity - Visual Studio Code] Key: r
[2025-07-22 16:29:57.023 GMT+07] [Window: main_P16-VC.py - mr-coding-tutor-unity - Visual Studio Code] Key: e
[2025-07-22 16:29:57.379 GMT+07] [Window: main_P16-VC.py - mr-coding-tutor-unity - Visual Studio Code] Key: t
[2025-07-22 16:29:57.834 GMT+07] [Window: main_P16-VC.py - mr-coding-tutor-unity - Visual Studio Code] Key: u
[2025-07-22 16:29:57.957 GMT+07] [Window: main_P16-VC.py - mr-coding-tutor-unity - Visual Studio Code] Key: r
[2025-07-22 16:29:58.097 GMT+07] [Window: main_P16-VC.py - mr-coding-tutor-unity - Visual Studio Code] Key: n
[2025-07-22 16:29:58.353 GMT+07] [Window: main_P16-VC.py - mr-coding-tutor-unity - Visual Studio Code] Key: _
[2025-07-22 16:29:59.263 GMT+07] [Window: main_P16-VC.py - mr-coding-tutor-unity - Visual Studio Code] Key: f
[2025-07-22 16:29:59.368 GMT+07] [Window: main_P16-VC.py - mr-coding-tutor-unity - Visual Studio Code] Key: i
[2025-07-22 16:29:59.764 GMT+07] [Window: main_P16-VC.py - mr-coding-tutor-unity - Visual Studio Code] Key: b
[2025-07-22 16:29:59.862 GMT+07] [Window: main_P16-VC.py - mr-coding-tutor-unity - Visual Studio Code] Key: o
[2025-07-22 16:30:00.169 GMT+07] [Window: main_P16-VC.py - mr-coding-tutor-unity - Visual Studio Code] Key: n
[2025-07-22 16:30:00.372 GMT+07] [Window: main_P16-VC.py - mr-coding-tutor-unity - Visual Studio Code] Key: a
[2025-07-22 16:30:00.621 GMT+07] [Window: main_P16-VC.py - mr-coding-tutor-unity - Visual Studio Code] Key: c
[2025-07-22 16:30:00.784 GMT+07] [Window: main_P16-VC.py - mr-coding-tutor-unity - Visual Studio Code] Key: c
[2025-07-22 16:30:00.900 GMT+07] [Window: main_P16-VC.py - mr-coding-tutor-unity - Visual Studio Code] Key: i
[2025-07-22 16:30:01.457 GMT+07] [Window: main_P16-VC.py - mr-coding-tutor-unity - Visual Studio Code] Key: [SHIFT]+0
[2025-07-22 16:30:01.795 GMT+07] [Window: main_P16-VC.py - mr-coding-tutor-unity - Visual Studio Code] Key: [BACKSPACE]
[2025-07-22 16:30:02.291 GMT+07] [Window: main_P16-VC.py - mr-coding-tutor-unity - Visual Studio Code] Key: [SHIFT]+9
[2025-07-22 16:30:02.574 GMT+07] [Window: main_P16-VC.py - mr-coding-tutor-unity - Visual Studio Code] Key: n
[2025-07-22 16:30:02.938 GMT+07] [Window: main_P16-VC.py - mr-coding-tutor-unity - Visual Studio Code] Key: -
[2025-07-22 16:30:03.049 GMT+07] [Window: main_P16-VC.py - mr-coding-tutor-unity - Visual Studio Code] Key: 1
[2025-07-22 16:30:03.309 GMT+07] [Window: main_P16-VC.py - mr-coding-tutor-unity - Visual Studio Code] Key: [RIGHT]
[2025-07-22 16:30:03.516 GMT+07] [Window: main_P16-VC.py - mr-coding-tutor-unity - Visual Studio Code] Key: _
[2025-07-22 16:30:03.829 GMT+07] [Window: main_P16-VC.py - mr-coding-tutor-unity - Visual Studio Code] Key: [SHIFT]++
[2025-07-22 16:30:04.094 GMT+07] [Window: main_P16-VC.py - mr-coding-tutor-unity - Visual Studio Code] Key: _
[2025-07-22 16:30:04.225 GMT+07] [Window: main_P16-VC.py - mr-coding-tutor-unity - Visual Studio Code] Key: f
[2025-07-22 16:30:04.415 GMT+07] [Window: main_P16-VC.py - mr-coding-tutor-unity - Visual Studio Code] Key: i
[2025-07-22 16:30:04.552 GMT+07] [Window: main_P16-VC.py - mr-coding-tutor-unity - Visual Studio Code] Key: b
[2025-07-22 16:30:04.675 GMT+07] [Window: main_P16-VC.py - mr-coding-tutor-unity - Visual Studio Code] Key: o
[2025-07-22 16:30:04.894 GMT+07] [Window: main_P16-VC.py - mr-coding-tutor-unity - Visual Studio Code] Key: n
[2025-07-22 16:30:05.543 GMT+07] [Window: main_P16-VC.py - mr-coding-tutor-unity - Visual Studio Code] Key: a
[2025-07-22 16:30:06.277 GMT+07] [Window: main_P16-VC.py - mr-coding-tutor-unity - Visual Studio Code] Key: [BACKSPACE]
[2025-07-22 16:30:07.123 GMT+07] [Window: main_P16-VC.py - mr-coding-tutor-unity - Visual Studio Code] Key: a
[2025-07-22 16:30:07.559 GMT+07] [Window: main_P16-VC.py - mr-coding-tutor-unity - Visual Studio Code] Key: c
[2025-07-22 16:30:07.798 GMT+07] [Window: main_P16-VC.py - mr-coding-tutor-unity - Visual Studio Code] Key: c
[2025-07-22 16:30:08.042 GMT+07] [Window: main_P16-VC.py - mr-coding-tutor-unity - Visual Studio Code] Key: i
[2025-07-22 16:30:08.711 GMT+07] [Window: main_P16-VC.py - mr-coding-tutor-unity - Visual Studio Code] Key: [SHIFT]+9
[2025-07-22 16:30:09.453 GMT+07] [Window: main_P16-VC.py - mr-coding-tutor-unity - Visual Studio Code] Key: n
[2025-07-22 16:30:10.177 GMT+07] [Window: main_P16-VC.py - mr-coding-tutor-unity - Visual Studio Code] Key: -
[2025-07-22 16:30:10.260 GMT+07] [Window: main_P16-VC.py - mr-coding-tutor-unity - Visual Studio Code] Key: 2
[2025-07-22 16:30:10.805 GMT+07] [Window: main_P16-VC.py - mr-coding-tutor-unity - Visual Studio Code] Key: [RIGHT]
[2025-07-22 16:30:11.267 GMT+07] [Window: main_P16-VC.py - mr-coding-tutor-unity - Visual Studio Code] Key: 

[2025-07-22 16:30:11.471 GMT+07] [Window: main_P16-VC.py - mr-coding-tutor-unity - Visual Studio Code] Key: 

[2025-07-22 16:30:12.088 GMT+07] [Window: main_P16-VC.py - mr-coding-tutor-unity - Visual Studio Code] Key: 

[2025-07-22 16:30:15.145 GMT+07] [Window: main_P16-VC.py - mr-coding-tutor-unity - Visual Studio Code] Key: p
[2025-07-22 16:30:15.284 GMT+07] [Window: main_P16-VC.py - mr-coding-tutor-unity - Visual Studio Code] Key: r
[2025-07-22 16:30:16.879 GMT+07] [Window: main_P16-VC.py - mr-coding-tutor-unity - Visual Studio Code] Key: i
[2025-07-22 16:30:17.106 GMT+07] [Window: main_P16-VC.py - mr-coding-tutor-unity - Visual Studio Code] Key: n
[2025-07-22 16:30:17.183 GMT+07] [Window: main_P16-VC.py - mr-coding-tutor-unity - Visual Studio Code] Key: t
[2025-07-22 16:30:18.332 GMT+07] [Window: main_P16-VC.py - mr-coding-tutor-unity - Visual Studio Code] Key: [SHIFT]+9
[2025-07-22 16:30:22.085 GMT+07] [Window: main_P16-VC.py - mr-coding-tutor-unity - Visual Studio Code] Key: f
[2025-07-22 16:30:22.227 GMT+07] [Window: main_P16-VC.py - mr-coding-tutor-unity - Visual Studio Code] Key: i
[2025-07-22 16:30:22.366 GMT+07] [Window: main_P16-VC.py - mr-coding-tutor-unity - Visual Studio Code] Key: b
[2025-07-22 16:30:22.441 GMT+07] [Window: main_P16-VC.py - mr-coding-tutor-unity - Visual Studio Code] Key: o
[2025-07-22 16:30:22.682 GMT+07] [Window: main_P16-VC.py - mr-coding-tutor-unity - Visual Studio Code] Key: n
[2025-07-22 16:30:23.098 GMT+07] [Window: main_P16-VC.py - mr-coding-tutor-unity - Visual Studio Code] Key: a
[2025-07-22 16:30:23.344 GMT+07] [Window: main_P16-VC.py - mr-coding-tutor-unity - Visual Studio Code] Key: c
[2025-07-22 16:30:23.629 GMT+07] [Window: main_P16-VC.py - mr-coding-tutor-unity - Visual Studio Code] Key: c
[2025-07-22 16:30:23.780 GMT+07] [Window: main_P16-VC.py - mr-coding-tutor-unity - Visual Studio Code] Key: i
[2025-07-22 16:30:24.418 GMT+07] [Window: main_P16-VC.py - mr-coding-tutor-unity - Visual Studio Code] Key: [SHIFT]+9
[2025-07-22 16:30:24.812 GMT+07] [Window: main_P16-VC.py - mr-coding-tutor-unity - Visual Studio Code] Key: n
[2025-07-22 16:30:25.243 GMT+07] [Window: main_P16-VC.py - mr-coding-tutor-unity - Visual Studio Code] Key: [RIGHT]
[2025-07-22 16:30:25.508 GMT+07] [Window: main_P16-VC.py - mr-coding-tutor-unity - Visual Studio Code] Key: [RIGHT]
[2025-07-22 16:30:27.759 GMT+07] [Window: main_P16-VC.py - mr-coding-tutor-unity - Visual Studio Code] Key: 0
[2025-07-22 16:30:28.687 GMT+07] [Window: main_P16-VC.py - mr-coding-tutor-unity - Visual Studio Code] Key: [BACKSPACE]
[2025-07-22 16:30:28.868 GMT+07] [Window: main_P16-VC.py - mr-coding-tutor-unity - Visual Studio Code] Key: [BACKSPACE]
[2025-07-22 16:30:29.012 GMT+07] [Window: main_P16-VC.py - mr-coding-tutor-unity - Visual Studio Code] Key: 0
[2025-07-22 16:30:36.305 GMT+07] [Window: main_P16-VC.py - mr-coding-tutor-unity - Visual Studio Code] Key: [BACKSPACE]
[2025-07-22 16:30:37.164 GMT+07] [Window: main_P16-VC.py - mr-coding-tutor-unity - Visual Studio Code] Key: 7
[2025-07-22 16:31:19.705 GMT+07] [Window: [00] Participant List: Student - Google Sheets and 7 more pages - user study admin - Microsoft? Edge] Key: 7
[2025-07-22 16:31:20.547 GMT+07] [Window: [00] Participant List: Student - Google Sheets and 7 more pages - user study admin - Microsoft? Edge] Key: [SHIFT]+;
[2025-07-22 16:31:21.376 GMT+07] [Window: [00] Participant List: Student - Google Sheets and 7 more pages - user study admin - Microsoft? Edge] Key: 3
[2025-07-22 16:31:21.424 GMT+07] [Window: [00] Participant List: Student - Google Sheets and 7 more pages - user study admin - Microsoft? Edge] Key: 2
[2025-07-22 16:31:45.334 GMT+07] [Window: [Self-report Survey] Cognitive Load and 5 more pages - Fibo - Microsoft? Edge] Key: [SHIFT]+P
[2025-07-22 16:31:45.965 GMT+07] [Window: [Self-report Survey] Cognitive Load and 5 more pages - Fibo - Microsoft? Edge] Key: 1
[2025-07-22 16:31:46.217 GMT+07] [Window: [Self-report Survey] Cognitive Load and 5 more pages - Fibo - Microsoft? Edge] Key: 6
[2025-07-22 16:32:10.004 GMT+07] [Window: [Self-report Survey] QoI, SM, PI Measure and 5 more pages - Fibo - Microsoft? Edge] Key: [SHIFT]+P
[2025-07-22 16:32:10.485 GMT+07] [Window: [Self-report Survey] QoI, SM, PI Measure and 5 more pages - Fibo - Microsoft? Edge] Key: 1
[2025-07-22 16:32:10.770 GMT+07] [Window: [Self-report Survey] QoI, SM, PI Measure and 5 more pages - Fibo - Microsoft? Edge] Key: 6
[2025-07-22 16:52:48.914 GMT+07] [Window: [00] Participant List: Student - Google Sheets and 7 more pages - user study admin - Microsoft? Edge] Key: 8
[2025-07-22 16:52:49.241 GMT+07] [Window: [00] Participant List: Student - Google Sheets and 7 more pages - user study admin - Microsoft? Edge] Key: [SHIFT]+;
[2025-07-22 16:52:49.445 GMT+07] [Window: [00] Participant List: Student - Google Sheets and 7 more pages - user study admin - Microsoft? Edge] Key: 5
[2025-07-22 16:52:49.561 GMT+07] [Window: [00] Participant List: Student - Google Sheets and 7 more pages - user study admin - Microsoft? Edge] Key: 8
[2025-07-22 16:53:04.185 GMT+07] [Window: [00] Participant List: Student - Google Sheets and 7 more pages - user study admin - Microsoft? Edge] Key: [ALT]+[TAB]
[2025-07-22 16:53:05.553 GMT+07] [Window: Administrator: Command Prompt] Key: [ALT]+[TAB]
[2025-07-22 16:53:18.453 GMT+07] [Window: [Self-report Survey] QoI, SM, PI Measure and 5 more pages - Fibo - Microsoft? Edge] Key: [ALT]+[TAB]
[2025-07-22 16:53:19.724 GMT+07] [Window: Task Switching] Key: [ALT]+[TAB]
[2025-07-22 16:53:19.925 GMT+07] [Window: Task Switching] Key: [ALT]+[TAB]
[2025-07-22 16:53:20.170 GMT+07] [Window: Task Switching] Key: [ALT]+[TAB]
[2025-07-22 16:53:40.432 GMT+07] [Window: data - File Explorer] Key: [ALT]+[TAB]
[2025-07-22 16:53:48.337 GMT+07] [Window: [05] Study Data - Google Drive and 7 more pages - user study admin - Microsoft? Edge] Key: [SHIFT]+P
[2025-07-22 16:53:48.642 GMT+07] [Window: [05] Study Data - Google Drive and 7 more pages - user study admin - Microsoft? Edge] Key: 1
[2025-07-22 16:53:48.751 GMT+07] [Window: [05] Study Data - Google Drive and 7 more pages - user study admin - Microsoft? Edge] Key: 5
[2025-07-22 16:53:48.924 GMT+07] [Window: [05] Study Data - Google Drive and 7 more pages - user study admin - Microsoft? Edge] Key: 

[2025-07-22 16:53:53.604 GMT+07] [Window: P15 - Google Drive and 7 more pages - user study admin - Microsoft? Edge] Key: [ALT]+[TAB]
[2025-07-22 16:53:59.813 GMT+07] [Window: data - File Explorer] Key: [ALT]+[TAB]
[2025-07-22 16:54:01.335 GMT+07] [Window: P15 - Google Drive and 7 more pages - user study admin - Microsoft? Edge] Key: [ALT]+[TAB]
[2025-07-22 16:54:01.940 GMT+07] [Window: data - File Explorer] Key: [ALT]+[TAB]
[2025-07-22 16:54:02.507 GMT+07] [Window: P15 - Google Drive and 7 more pages - user study admin - Microsoft? Edge] Key: [ALT]+[TAB]
[2025-07-22 16:54:10.472 GMT+07] [Window: P15-AI - File Explorer] Key: [ALT]+[TAB]
[2025-07-22 16:54:11.405 GMT+07] [Window: P15 - Google Drive and 7 more pages - user study admin - Microsoft? Edge] Key: [ALT]+[TAB]
[2025-07-22 16:54:17.345 GMT+07] [Window: P15-MRHuman - File Explorer] Key: [ALT]+[TAB]
[2025-07-22 16:54:18.495 GMT+07] [Window: P15 - Google Drive and 7 more pages - user study admin - Microsoft? Edge] Key: [ALT]+[TAB]
[2025-07-22 16:54:24.713 GMT+07] [Window: P15-VC - File Explorer] Key: [ALT]+[TAB]
[2025-07-22 16:54:28.079 GMT+07] [Window: P15 - Google Drive and 7 more pages - user study admin - Microsoft? Edge] Key: [ALT]+[TAB]
[2025-07-22 16:54:30.533 GMT+07] [Window: data - File Explorer] Key: [ALT]+[TAB]
[2025-07-22 16:54:32.188 GMT+07] [Window: P15 - Google Drive and 7 more pages - user study admin - Microsoft? Edge] Key: [ALT]+[TAB]
[2025-07-22 16:54:33.253 GMT+07] [Window: data - File Explorer] Key: [ALT]+[TAB]
[2025-07-22 16:54:38.222 GMT+07] [Window: P15 - Google Drive and 7 more pages - user study admin - Microsoft? Edge] Key: [ALT]+[TAB]
[2025-07-22 16:54:38.769 GMT+07] [Window: data - File Explorer] Key: [ALT]+[TAB]
[2025-07-22 16:54:48.618 GMT+07] [Window: data - File Explorer] Key: [ALT]+[TAB]
[2025-07-22 16:54:53.519 GMT+07] [Window: [05] Study Data - Google Drive and 7 more pages - user study admin - Microsoft? Edge] Key: [SHIFT]+P
[2025-07-22 16:54:54.540 GMT+07] [Window: [05] Study Data - Google Drive and 7 more pages - user study admin - Microsoft? Edge] Key: 1
[2025-07-22 16:54:54.651 GMT+07] [Window: [05] Study Data - Google Drive and 7 more pages - user study admin - Microsoft? Edge] Key: 6
[2025-07-22 16:54:54.851 GMT+07] [Window: [05] Study Data - Google Drive and 7 more pages - user study admin - Microsoft? Edge] Key: 

[2025-07-22 16:54:59.015 GMT+07] [Window: P16 - Google Drive and 7 more pages - user study admin - Microsoft? Edge] Key: [ALT]+[TAB]
[2025-07-22 16:55:02.482 GMT+07] [Window: data - File Explorer] Key: [ALT]+[TAB]
[2025-07-22 16:55:05.796 GMT+07] [Window: P16 - Google Drive and 7 more pages - user study admin - Microsoft? Edge] Key: [ALT]+[TAB]
[2025-07-22 16:55:10.289 GMT+07] [Window: P16-AI - File Explorer] Key: [ALT]+[TAB]
[2025-07-22 16:55:11.361 GMT+07] [Window: P16 - Google Drive and 7 more pages - user study admin - Microsoft? Edge] Key: [ALT]+[TAB]
[2025-07-22 16:55:16.845 GMT+07] [Window: P16-MRHuman - File Explorer] Key: [ALT]+[TAB]
[2025-07-22 16:55:17.927 GMT+07] [Window: P16 - Google Drive and 7 more pages - user study admin - Microsoft? Edge] Key: [ALT]+[TAB]
[2025-07-22 16:55:23.182 GMT+07] [Window: P16-VC - File Explorer] Key: [ALT]+[TAB]
[2025-07-22 16:55:27.988 GMT+07] [Window: P16 - Google Drive and 7 more pages - user study admin - Microsoft? Edge] Key: [ALT]+[TAB]
[2025-07-22 16:55:57.621 GMT+07] [Window: Logs - File Explorer] Key: _
[2025-07-22 16:56:12.959 GMT+07] [Window: Logs - File Explorer] Key: [DOWN]
[2025-07-22 16:56:20.246 GMT+07] [Window: Logs - File Explorer] Key: [UP]
[2025-07-22 16:56:20.606 GMT+07] [Window: Logs - File Explorer] Key: [UP]
[2025-07-22 16:56:20.924 GMT+07] [Window: Logs - File Explorer] Key: [DOWN]
[2025-07-22 16:56:21.118 GMT+07] [Window: Logs - File Explorer] Key: [DOWN]
[2025-07-22 16:56:21.336 GMT+07] [Window: Logs - File Explorer] Key: [DOWN]
[2025-07-22 16:56:29.544 GMT+07] [Window: Logs - File Explorer] Key: [UP]
[2025-07-22 16:56:33.888 GMT+07] [Window: Logs - File Explorer] Key: [DOWN]
[2025-07-22 16:56:34.957 GMT+07] [Window: Logs - File Explorer] Key: [UP]
[2025-07-22 16:56:35.702 GMT+07] [Window: Logs - File Explorer] Key: [DOWN]
[2025-07-22 16:56:38.070 GMT+07] [Window: Logs - File Explorer] Key: [UP]
[2025-07-22 16:56:39.469 GMT+07] [Window: Logs - File Explorer] Key: [DOWN]
[2025-07-22 16:56:42.979 GMT+07] [Window: Logs - File Explorer] Key: [UP]
[2025-07-22 16:56:45.818 GMT+07] [Window: Logs - File Explorer] Key: [DOWN]
[2025-07-22 16:56:48.440 GMT+07] [Window: Logs - File Explorer] Key: [DOWN]
[2025-07-22 16:56:54.048 GMT+07] [Window: Logs - File Explorer] Key: [DOWN]
[2025-07-22 16:56:57.169 GMT+07] [Window: Logs - File Explorer] Key: [DOWN]
[2025-07-22 16:56:57.629 GMT+07] [Window: Logs - File Explorer] Key: [UP]
[2025-07-22 16:56:57.913 GMT+07] [Window: Logs - File Explorer] Key: [UP]
[2025-07-22 16:56:59.419 GMT+07] [Window: Logs - File Explorer] Key: [UP]
[2025-07-22 16:57:06.278 GMT+07] [Window: Logs - File Explorer] Key: [DOWN]
[2025-07-22 16:57:06.942 GMT+07] [Window: Logs - File Explorer] Key: [DOWN]
[2025-07-22 16:57:07.365 GMT+07] [Window: Logs - File Explorer] Key: [UP]
[2025-07-22 16:57:07.650 GMT+07] [Window: Logs - File Explorer] Key: [UP]
[2025-07-22 16:57:08.615 GMT+07] [Window: Logs - File Explorer] Key: [DOWN]
[2025-07-22 16:57:09.310 GMT+07] [Window: Logs - File Explorer] Key: [UP]
[2025-07-22 16:57:09.848 GMT+07] [Window: Logs - File Explorer] Key: [DOWN]
[2025-07-22 16:57:10.492 GMT+07] [Window: Logs - File Explorer] Key: [DOWN]
[2025-07-22 16:57:32.412 GMT+07] [Window: Logs - File Explorer] Key: [UP]
[2025-07-22 16:57:33.588 GMT+07] [Window: Logs - File Explorer] Key: [UP]
[2025-07-22 16:57:34.180 GMT+07] [Window: Logs - File Explorer] Key: [DOWN]
[2025-07-22 16:57:34.801 GMT+07] [Window: Logs - File Explorer] Key: [DOWN]
[2025-07-22 16:57:37.089 GMT+07] [Window: Logs - File Explorer] Key: [UP]
[2025-07-22 16:57:37.937 GMT+07] [Window: Logs - File Explorer] Key: [DOWN]
[2025-07-22 16:57:38.296 GMT+07] [Window: Logs - File Explorer] Key: [DOWN]
[2025-07-22 16:57:40.203 GMT+07] [Window: Logs - File Explorer] Key: [UP]
[2025-07-22 16:57:40.648 GMT+07] [Window: Logs - File Explorer] Key: [UP]
[2025-07-22 16:57:41.098 GMT+07] [Window: Logs - File Explorer] Key: [UP]
[2025-07-22 16:57:41.425 GMT+07] [Window: Logs - File Explorer] Key: [UP]
[2025-07-22 16:57:44.306 GMT+07] [Window: Logs - File Explorer] Key: [DOWN]
[2025-07-22 16:57:44.583 GMT+07] [Window: Logs - File Explorer] Key: [DOWN]
[2025-07-22 16:57:45.891 GMT+07] [Window: Logs - File Explorer] Key: [UP]
[2025-07-22 16:57:46.094 GMT+07] [Window: Logs - File Explorer] Key: [UP]
[2025-07-22 16:57:46.307 GMT+07] [Window: Logs - File Explorer] Key: [UP]
[2025-07-22 16:57:46.480 GMT+07] [Window: Logs - File Explorer] Key: [UP]
[2025-07-22 16:57:46.860 GMT+07] [Window: Logs - File Explorer] Key: [UP]
[2025-07-22 16:57:47.022 GMT+07] [Window: Logs - File Explorer] Key: [UP]
[2025-07-22 16:57:47.163 GMT+07] [Window: Logs - File Explorer] Key: [UP]
[2025-07-22 16:57:47.387 GMT+07] [Window: Logs - File Explorer] Key: [UP]
[2025-07-22 16:57:47.783 GMT+07] [Window: Logs - File Explorer] Key: [UP]
[2025-07-22 16:57:48.166 GMT+07] [Window: Logs - File Explorer] Key: [UP]
[2025-07-22 16:57:48.675 GMT+07] [Window: Logs - File Explorer] Key: [UP]
[2025-07-22 16:57:48.707 GMT+07] [Window: Logs - File Explorer] Key: [UP]
[2025-07-22 16:57:48.738 GMT+07] [Window: Logs - File Explorer] Key: [UP]
[2025-07-22 16:57:48.769 GMT+07] [Window: Logs - File Explorer] Key: [UP]
[2025-07-22 16:57:48.800 GMT+07] [Window: Logs - File Explorer] Key: [UP]
[2025-07-22 16:57:48.845 GMT+07] [Window: Logs - File Explorer] Key: [UP]
[2025-07-22 16:57:48.877 GMT+07] [Window: Logs - File Explorer] Key: [UP]
[2025-07-22 16:57:48.908 GMT+07] [Window: Logs - File Explorer] Key: [UP]
[2025-07-22 16:57:48.939 GMT+07] [Window: Logs - File Explorer] Key: [UP]
[2025-07-22 16:57:48.971 GMT+07] [Window: Logs - File Explorer] Key: [UP]
[2025-07-22 16:57:49.001 GMT+07] [Window: Logs - File Explorer] Key: [UP]
[2025-07-22 16:57:49.293 GMT+07] [Window: Logs - File Explorer] Key: [UP]
[2025-07-22 16:57:53.972 GMT+07] [Window: Logs - File Explorer] Key: [DOWN]
[2025-07-22 16:57:54.475 GMT+07] [Window: Logs - File Explorer] Key: [DOWN]
[2025-07-22 16:57:54.507 GMT+07] [Window: Logs - File Explorer] Key: [DOWN]
[2025-07-22 16:57:54.553 GMT+07] [Window: Logs - File Explorer] Key: [DOWN]
[2025-07-22 16:57:54.583 GMT+07] [Window: Logs - File Explorer] Key: [DOWN]
[2025-07-22 16:57:54.614 GMT+07] [Window: Logs - File Explorer] Key: [DOWN]
[2025-07-22 16:57:54.645 GMT+07] [Window: Logs - File Explorer] Key: [DOWN]
[2025-07-22 16:57:54.675 GMT+07] [Window: Logs - File Explorer] Key: [DOWN]
[2025-07-22 16:57:54.708 GMT+07] [Window: Logs - File Explorer] Key: [DOWN]
[2025-07-22 16:57:54.737 GMT+07] [Window: Logs - File Explorer] Key: [DOWN]
[2025-07-22 16:57:54.783 GMT+07] [Window: Logs - File Explorer] Key: [DOWN]
[2025-07-22 16:57:54.814 GMT+07] [Window: Logs - File Explorer] Key: [DOWN]
[2025-07-22 16:57:54.845 GMT+07] [Window: Logs - File Explorer] Key: [DOWN]
[2025-07-22 16:57:54.876 GMT+07] [Window: Logs - File Explorer] Key: [DOWN]
[2025-07-22 16:57:54.907 GMT+07] [Window: Logs - File Explorer] Key: [DOWN]
[2025-07-22 16:57:54.939 GMT+07] [Window: Logs - File Explorer] Key: [DOWN]
[2025-07-22 16:57:54.970 GMT+07] [Window: Logs - File Explorer] Key: [DOWN]
[2025-07-22 16:57:55.000 GMT+07] [Window: Logs - File Explorer] Key: [DOWN]
[2025-07-22 16:57:55.046 GMT+07] [Window: Logs - File Explorer] Key: [DOWN]
[2025-07-22 16:57:55.078 GMT+07] [Window: Logs - File Explorer] Key: [DOWN]
[2025-07-22 16:57:55.109 GMT+07] [Window: Logs - File Explorer] Key: [DOWN]
[2025-07-22 16:57:55.140 GMT+07] [Window: Logs - File Explorer] Key: [DOWN]
[2025-07-22 16:57:55.172 GMT+07] [Window: Logs - File Explorer] Key: [DOWN]
[2025-07-22 16:57:55.203 GMT+07] [Window: Logs - File Explorer] Key: [DOWN]
[2025-07-22 16:57:55.234 GMT+07] [Window: Logs - File Explorer] Key: [DOWN]
[2025-07-22 16:57:55.266 GMT+07] [Window: Logs - File Explorer] Key: [DOWN]
[2025-07-22 16:57:55.297 GMT+07] [Window: Logs - File Explorer] Key: [DOWN]
[2025-07-22 16:57:55.343 GMT+07] [Window: Logs - File Explorer] Key: [DOWN]
[2025-07-22 16:57:55.374 GMT+07] [Window: Logs - File Explorer] Key: [DOWN]
[2025-07-22 16:57:55.406 GMT+07] [Window: Logs - File Explorer] Key: [DOWN]
[2025-07-22 16:57:55.437 GMT+07] [Window: Logs - File Explorer] Key: [DOWN]
[2025-07-22 16:57:57.223 GMT+07] [Window: Logs - File Explorer] Key: [DOWN]
[2025-07-22 16:58:07.687 GMT+07] [Window: Logs - File Explorer] Key: [UP]
[2025-07-22 16:58:08.212 GMT+07] [Window: Logs - File Explorer] Key: [UP]
[2025-07-22 16:58:08.658 GMT+07] [Window: Logs - File Explorer] Key: [UP]
[2025-07-22 16:58:08.915 GMT+07] [Window: Logs - File Explorer] Key: [UP]
[2025-07-22 16:58:09.128 GMT+07] [Window: Logs - File Explorer] Key: [UP]
[2025-07-22 16:58:09.316 GMT+07] [Window: Logs - File Explorer] Key: [UP]
[2025-07-22 16:58:09.821 GMT+07] [Window: Logs - File Explorer] Key: [UP]
[2025-07-22 16:58:09.852 GMT+07] [Window: Logs - File Explorer] Key: [UP]
[2025-07-22 16:58:09.883 GMT+07] [Window: Logs - File Explorer] Key: [UP]
[2025-07-22 16:58:09.930 GMT+07] [Window: Logs - File Explorer] Key: [UP]
[2025-07-22 16:58:09.961 GMT+07] [Window: Logs - File Explorer] Key: [UP]
[2025-07-22 16:58:09.992 GMT+07] [Window: Logs - File Explorer] Key: [UP]
[2025-07-22 16:58:10.023 GMT+07] [Window: Logs - File Explorer] Key: [UP]
[2025-07-22 16:58:10.054 GMT+07] [Window: Logs - File Explorer] Key: [UP]
[2025-07-22 16:58:10.085 GMT+07] [Window: Logs - File Explorer] Key: [UP]
[2025-07-22 16:58:10.115 GMT+07] [Window: Logs - File Explorer] Key: [UP]
[2025-07-22 16:58:10.147 GMT+07] [Window: Logs - File Explorer] Key: [UP]
[2025-07-22 16:58:10.373 GMT+07] [Window: Logs - File Explorer] Key: [UP]
[2025-07-22 16:58:10.592 GMT+07] [Window: Logs - File Explorer] Key: [UP]
[2025-07-22 16:58:10.810 GMT+07] [Window: Logs - File Explorer] Key: [UP]
[2025-07-22 16:58:11.030 GMT+07] [Window: Logs - File Explorer] Key: [UP]
[2025-07-22 16:58:11.242 GMT+07] [Window: Logs - File Explorer] Key: [UP]
[2025-07-22 16:58:11.497 GMT+07] [Window: Logs - File Explorer] Key: [UP]
[2025-07-22 16:58:13.191 GMT+07] [Window: Logs - File Explorer] Key: [DOWN]
[2025-07-22 16:58:17.945 GMT+07] [Window: Logs - File Explorer] Key: [DOWN]
[2025-07-22 16:58:19.101 GMT+07] [Window: Logs - File Explorer] Key: [UP]
[2025-07-22 16:58:22.548 GMT+07] [Window: Logs - File Explorer] Key: [ALT]+[TAB]
[2025-07-22 16:58:42.854 GMT+07] [Window: on_run - Google Drive and 7 more pages - user study admin - Microsoft? Edge] Key: [ALT]+[TAB]
[2025-07-22 16:58:54.990 GMT+07] [Window: Logs - File Explorer] Key: [ALT]+[TAB]
[2025-07-22 16:59:03.081 GMT+07] [Window: on_run - Google Drive and 7 more pages - user study admin - Microsoft? Edge] Key: [ALT]+[TAB]
[2025-07-22 16:59:10.176 GMT+07] [Window: Logs - File Explorer] Key: [ALT]+[TAB]
[2025-07-22 16:59:14.229 GMT+07] [Window: P16-AI - Google Drive and 7 more pages - user study admin - Microsoft? Edge] Key: [ALT]+[TAB]
[2025-07-22 16:59:15.632 GMT+07] [Window: Logs - File Explorer] Key: [ALT]+[TAB]
[2025-07-22 16:59:17.739 GMT+07] [Window: P16-AI - Google Drive and 7 more pages - user study admin - Microsoft? Edge] Key: [ALT]+[TAB]
[2025-07-22 16:59:25.098 GMT+07] [Window: Logs - File Explorer] Key: [ALT]+[TAB]
[2025-07-22 16:59:38.143 GMT+07] [Window: P15-AI - Google Drive and 7 more pages - user study admin - Microsoft? Edge] Key: [ALT]+[TAB]
[2025-07-22 16:59:44.490 GMT+07] [Window: Logs - File Explorer] Key: [DOWN]
[2025-07-22 16:59:45.063 GMT+07] [Window: Logs - File Explorer] Key: [UP]
[2025-07-22 16:59:46.558 GMT+07] [Window: Logs - File Explorer] Key: [ALT]+[TAB]
[2025-07-22 17:00:10.784 GMT+07] [Window: Downloads - File Explorer] Key: [ALT]+[TAB]
[2025-07-22 17:00:23.589 GMT+07] [Window: P13-VRAI - Google Drive and 7 more pages - user study admin - Microsoft? Edge] Key: [ALT]+[TAB]
[2025-07-22 17:00:31.153 GMT+07] [Window: Downloads - File Explorer] Key: [ALT]+[TAB]
[2025-07-22 17:00:51.065 GMT+07] [Window: P16 - Google Drive and 7 more pages - user study admin - Microsoft? Edge] Key: [ALT]+[TAB]
[2025-07-22 17:01:05.435 GMT+07] [Window: data - File Explorer] Key: [ALT]+[TAB]
[2025-07-22 17:01:06.061 GMT+07] [Window: P16 - Google Drive and 7 more pages - user study admin - Microsoft? Edge] Key: [ALT]+[TAB]
[2025-07-22 17:01:07.055 GMT+07] [Window: data - File Explorer] Key: [ALT]+[TAB]
[2025-07-22 17:02:03.206 GMT+07] [Window: [05] Study Data - Google Drive and 7 more pages - user study admin - Microsoft? Edge] Key: [ALT]+[TAB]
[2025-07-22 17:02:03.900 GMT+07] [Window: data - File Explorer] Key: [ALT]+[TAB]
[2025-07-22 17:02:04.099 GMT+07] [Window: Task Switching] Key: [ALT]+[TAB]
[2025-07-22 17:02:04.294 GMT+07] [Window: Task Switching] Key: [ALT]+[TAB]
[2025-07-22 17:02:06.643 GMT+07] [Window: Administrator: Windows PowerShell] Key: l
[2025-07-22 17:02:06.717 GMT+07] [Window: Administrator: Windows PowerShell] Key: z
[2025-07-22 17:02:06.813 GMT+07] [Window: Administrator: Windows PowerShell] Key: g
[2025-07-22 17:02:07.439 GMT+07] [Window: Administrator: Windows PowerShell] Key: 

[2025-07-22 17:02:08.415 GMT+07] [Window: Administrator:  mr-coding-tutor-unity - Lazygit] Key: [DOWN]
[2025-07-22 17:02:09.311 GMT+07] [Window: Administrator:  mr-coding-tutor-unity - Lazygit] Key: [DOWN]
[2025-07-22 17:02:10.221 GMT+07] [Window: Administrator:  mr-coding-tutor-unity - Lazygit] Key: _
[2025-07-22 17:02:10.820 GMT+07] [Window: Administrator:  mr-coding-tutor-unity - Lazygit] Key: [DOWN]
[2025-07-22 17:02:11.058 GMT+07] [Window: Administrator:  mr-coding-tutor-unity - Lazygit] Key: [DOWN]
[2025-07-22 17:02:11.827 GMT+07] [Window: Administrator:  mr-coding-tutor-unity - Lazygit] Key: [DOWN]
[2025-07-22 17:02:12.114 GMT+07] [Window: Administrator:  mr-coding-tutor-unity - Lazygit] Key: [DOWN]
[2025-07-22 17:02:12.508 GMT+07] [Window: Administrator:  mr-coding-tutor-unity - Lazygit] Key: [DOWN]
[2025-07-22 17:02:13.795 GMT+07] [Window: Administrator:  mr-coding-tutor-unity - Lazygit] Key: [UP]
[2025-07-22 17:02:14.237 GMT+07] [Window: Administrator:  mr-coding-tutor-unity - Lazygit] Key: _
[2025-07-22 17:02:15.018 GMT+07] [Window: Administrator:  mr-coding-tutor-unity - Lazygit] Key: 

[2025-07-22 17:02:15.603 GMT+07] [Window: Administrator:  mr-coding-tutor-unity - Lazygit] Key: [DOWN]
[2025-07-22 17:02:15.901 GMT+07] [Window: Administrator:  mr-coding-tutor-unity - Lazygit] Key: _
[2025-07-22 17:02:16.337 GMT+07] [Window: Administrator:  mr-coding-tutor-unity - Lazygit] Key: 

[2025-07-22 17:02:16.856 GMT+07] [Window: Administrator:  mr-coding-tutor-unity - Lazygit] Key: [DOWN]
[2025-07-22 17:02:17.044 GMT+07] [Window: Administrator:  mr-coding-tutor-unity - Lazygit] Key: _
[2025-07-22 17:02:17.448 GMT+07] [Window: Administrator:  mr-coding-tutor-unity - Lazygit] Key: 

[2025-07-22 17:02:17.882 GMT+07] [Window: Administrator:  mr-coding-tutor-unity - Lazygit] Key: [DOWN]
[2025-07-22 17:02:18.049 GMT+07] [Window: Administrator:  mr-coding-tutor-unity - Lazygit] Key: _
[2025-07-22 17:02:18.469 GMT+07] [Window: Administrator:  mr-coding-tutor-unity - Lazygit] Key: 

[2025-07-22 17:02:18.864 GMT+07] [Window: Administrator:  mr-coding-tutor-unity - Lazygit] Key: [DOWN]
[2025-07-22 17:02:19.047 GMT+07] [Window: Administrator:  mr-coding-tutor-unity - Lazygit] Key: _
[2025-07-22 17:02:19.413 GMT+07] [Window: Administrator:  mr-coding-tutor-unity - Lazygit] Key: 

[2025-07-22 17:02:19.827 GMT+07] [Window: Administrator:  mr-coding-tutor-unity - Lazygit] Key: [DOWN]
[2025-07-22 17:02:19.999 GMT+07] [Window: Administrator:  mr-coding-tutor-unity - Lazygit] Key: _
[2025-07-22 17:02:20.352 GMT+07] [Window: Administrator:  mr-coding-tutor-unity - Lazygit] Key: 

[2025-07-22 17:02:21.134 GMT+07] [Window: Administrator:  mr-coding-tutor-unity - Lazygit] Key: [UP]
[2025-07-22 17:02:21.557 GMT+07] [Window: Administrator:  mr-coding-tutor-unity - Lazygit] Key: [DOWN]
[2025-07-22 17:02:21.982 GMT+07] [Window: Administrator:  mr-coding-tutor-unity - Lazygit] Key: _
[2025-07-22 17:02:22.674 GMT+07] [Window: Administrator:  mr-coding-tutor-unity - Lazygit] Key: [UP]
[2025-07-22 17:02:23.123 GMT+07] [Window: Administrator:  mr-coding-tutor-unity - Lazygit] Key: [DOWN]
[2025-07-22 17:02:28.400 GMT+07] [Window: Administrator: Command Prompt] Key: [UP]
[2025-07-22 17:02:28.774 GMT+07] [Window: Administrator: Command Prompt] Key: [LEFT]
[2025-07-22 17:02:29.278 GMT+07] [Window: Administrator: Command Prompt] Key: [LEFT]
[2025-07-22 17:02:29.308 GMT+07] [Window: Administrator: Command Prompt] Key: [LEFT]
[2025-07-22 17:02:29.356 GMT+07] [Window: Administrator: Command Prompt] Key: [LEFT]
[2025-07-22 17:02:29.385 GMT+07] [Window: Administrator: Command Prompt] Key: [LEFT]
[2025-07-22 17:02:29.416 GMT+07] [Window: Administrator: Command Prompt] Key: [LEFT]
[2025-07-22 17:02:29.447 GMT+07] [Window: Administrator: Command Prompt] Key: [LEFT]
[2025-07-22 17:02:29.478 GMT+07] [Window: Administrator: Command Prompt] Key: [LEFT]
[2025-07-22 17:02:29.509 GMT+07] [Window: Administrator: Command Prompt] Key: [LEFT]
[2025-07-22 17:02:29.541 GMT+07] [Window: Administrator: Command Prompt] Key: [LEFT]
[2025-07-22 17:02:29.571 GMT+07] [Window: Administrator: Command Prompt] Key: [LEFT]
[2025-07-22 17:02:29.617 GMT+07] [Window: Administrator: Command Prompt] Key: [LEFT]
[2025-07-22 17:02:29.649 GMT+07] [Window: Administrator: Command Prompt] Key: [LEFT]
[2025-07-22 17:02:29.680 GMT+07] [Window: Administrat