[2025-07-15 14:34:15.424 GMT+07] [Window: [Practice] Swap two numbers - Google Docs and 1 more page - Sang Ly Thesis - Microsoft? Edge] Key: [ALT]+[TAB]
[2025-07-15 14:34:17.130 GMT+07] [Window: main_P13.py - mr-coding-tutor-unity - Visual Studio Code] Key: [ALT]+[TAB]
[2025-07-15 14:34:21.752 GMT+07] [Window: [Practice] Swap two numbers - Google Docs and 1 more page - Sang Ly Thesis - Microsoft? Edge] Key: [ALT]+[TAB]
[2025-07-15 14:34:43.892 GMT+07] [Window: Meet - yxz-djta-sid] Key: [ALT]+[TAB]
[2025-07-15 14:34:44.849 GMT+07] [Window: Task Switching] Key: [ALT]+[TAB]
[2025-07-15 14:34:46.328 GMT+07] [Window: [Practice] Swap two numbers - Google Docs and 1 more page - Sang Ly Thesis - Microsoft? Edge] Key: [ALT]+[TAB]
[2025-07-15 14:34:47.236 GMT+07] [Window: Meet - yxz-djta-sid] Key: [ALT]+[TAB]
[2025-07-15 14:34:48.557 GMT+07] [Window: Administrator: Command Prompt] Key: [ALT]+[TAB]
[2025-07-15 14:34:49.620 GMT+07] [Window: Task Switching] Key: [ALT]+[TAB]
[2025-07-15 14:34:56.160 GMT+07] [Window: [Practice] Swap two numbers - Google Docs and 1 more page - Sang Ly Thesis - Microsoft? Edge] Key: [CTRL]+a
[2025-07-15 14:34:56.978 GMT+07] [Window: [Practice] Swap two numbers - Google Docs and 1 more page - Sang Ly Thesis - Microsoft? Edge] Key: [CTRL]+v
[2025-07-15 14:34:57.313 GMT+07] [Window: [Practice] Swap two numbers - Google Docs and 1 more page - Sang Ly Thesis - Microsoft? Edge] Key: 

[2025-07-15 14:34:59.976 GMT+07] [Window: ## Armstrong Number Statement: https://docs.google.com/document/d/1RRatTkQ2qZcfiAt-tBEt8z0GNi_4RTxx7WG6-Et8r9c/edit?tab=t.0 Sol: https://docs.google.com/document/d/1RRatTkQ2qZcfiAt-tBEt8z0GNi_4RTxx7WG6-Et8r9c/edit?tab=t.0 - Search and 1 more page - Sang L] Key: [CTRL]+a
[2025-07-15 14:35:00.539 GMT+07] [Window: ## Armstrong Number Statement: https://docs.google.com/document/d/1RRatTkQ2qZcfiAt-tBEt8z0GNi_4RTxx7WG6-Et8r9c/edit?tab=t.0 Sol: https://docs.google.com/document/d/1RRatTkQ2qZcfiAt-tBEt8z0GNi_4RTxx7WG6-Et8r9c/edit?tab=t.0 - Search and 1 more page - Sang L] Key: [CTRL]+v
[2025-07-15 14:35:03.339 GMT+07] [Window: ## Armstrong Number Statement: https://docs.google.com/document/d/1RRatTkQ2qZcfiAt-tBEt8z0GNi_4RTxx7WG6-Et8r9c/edit?tab=t.0 Sol: https://docs.google.com/document/d/1RRatTkQ2qZcfiAt-tBEt8z0GNi_4RTxx7WG6-Et8r9c/edit?tab=t.0 - Search and 1 more page - Sang L] Key: [ALT]+[TAB]
[2025-07-15 14:35:12.336 GMT+07] [Window: • Discord | #general | Earrape and 10 more pages - Sang Ly Thesis - Microsoft? Edge] Key: [CTRL]+c
[2025-07-15 14:35:12.493 GMT+07] [Window: • Discord | #general | Earrape and 10 more pages - Sang Ly Thesis - Microsoft? Edge] Key: [CTRL]+c
[2025-07-15 14:35:12.620 GMT+07] [Window: • Discord | #general | Earrape and 10 more pages - Sang Ly Thesis - Microsoft? Edge] Key: [CTRL]+c
[2025-07-15 14:35:15.196 GMT+07] [Window: ## Armstrong Number Statement: https://docs.google.com/document/d/1RRatTkQ2qZcfiAt-tBEt8z0GNi_4RTxx7WG6-Et8r9c/edit?tab=t.0 Sol: https://docs.google.com/document/d/1RRatTkQ2qZcfiAt-tBEt8z0GNi_4RTxx7WG6-Et8r9c/edit?tab=t.0 - Search and 1 more page - Sang L] Key: [CTRL]+a
[2025-07-15 14:35:16.122 GMT+07] [Window: ## Armstrong Number Statement: https://docs.google.com/document/d/1RRatTkQ2qZcfiAt-tBEt8z0GNi_4RTxx7WG6-Et8r9c/edit?tab=t.0 Sol: https://docs.google.com/document/d/1RRatTkQ2qZcfiAt-tBEt8z0GNi_4RTxx7WG6-Et8r9c/edit?tab=t.0 - Search and 1 more page - Sang L] Key: [CTRL]+v
[2025-07-15 14:35:16.589 GMT+07] [Window: ## Armstrong Number Statement: https://docs.google.com/document/d/1RRatTkQ2qZcfiAt-tBEt8z0GNi_4RTxx7WG6-Et8r9c/edit?tab=t.0 Sol: https://docs.google.com/document/d/1RRatTkQ2qZcfiAt-tBEt8z0GNi_4RTxx7WG6-Et8r9c/edit?tab=t.0 - Search and 1 more page - Sang L] Key: 

[2025-07-15 14:37:00.052 GMT+07] [Window: Solution of [Task AN] Armstrong Numbers - Google Docs and 1 more page - Sang Ly Thesis - Microsoft? Edge] Key: [ALT]+[TAB]
[2025-07-15 14:37:01.188 GMT+07] [Window: Meet - yxz-djta-sid] Key: [ALT]+[TAB]
[2025-07-15 14:37:01.703 GMT+07] [Window: Task Switching] Key: [ALT]+[TAB]
[2025-07-15 14:37:01.734 GMT+07] [Window: Task Switching] Key: [ALT]+[TAB]
[2025-07-15 14:37:01.764 GMT+07] [Window: Task Switching] Key: [ALT]+[TAB]
[2025-07-15 14:37:01.795 GMT+07] [Window: Task Switching] Key: [ALT]+[TAB]
[2025-07-15 14:37:01.828 GMT+07] [Window: Task Switching] Key: [ALT]+[TAB]
[2025-07-15 14:37:01.859 GMT+07] [Window: Task Switching] Key: [ALT]+[TAB]
[2025-07-15 14:37:01.889 GMT+07] [Window: Task Switching] Key: [ALT]+[TAB]
[2025-07-15 14:37:01.920 GMT+07] [Window: Task Switching] Key: [ALT]+[TAB]
[2025-07-15 14:37:01.967 GMT+07] [Window: Task Switching] Key: [ALT]+[TAB]
[2025-07-15 14:37:01.998 GMT+07] [Window: Task Switching] Key: [ALT]+[TAB]
[2025-07-15 14:37:02.029 GMT+07] [Window: Task Switching] Key: [ALT]+[TAB]
[2025-07-15 14:37:02.060 GMT+07] [Window: Task Switching] Key: [ALT]+[TAB]
[2025-07-15 14:37:02.090 GMT+07] [Window: Task Switching] Key: [ALT]+[TAB]
[2025-07-15 14:37:02.122 GMT+07] [Window: Task Switching] Key: [ALT]+[TAB]
[2025-07-15 14:37:02.152 GMT+07] [Window: Task Switching] Key: [ALT]+[TAB]
[2025-07-15 14:37:02.184 GMT+07] [Window: Task Switching] Key: [ALT]+[TAB]
[2025-07-15 14:37:02.231 GMT+07] [Window: Task Switching] Key: [ALT]+[TAB]
[2025-07-15 14:37:02.261 GMT+07] [Window: Task Switching] Key: [ALT]+[TAB]
[2025-07-15 14:37:02.291 GMT+07] [Window: Task Switching] Key: [ALT]+[TAB]
[2025-07-15 14:37:02.322 GMT+07] [Window: Task Switching] Key: [ALT]+[TAB]
[2025-07-15 14:37:02.354 GMT+07] [Window: Task Switching] Key: [ALT]+[TAB]
[2025-07-15 14:37:02.385 GMT+07] [Window: Task Switching] Key: [ALT]+[TAB]
[2025-07-15 14:37:02.416 GMT+07] [Window: Task Switching] Key: [ALT]+[TAB]
[2025-07-15 14:37:02.462 GMT+07] [Window: Task Switching] Key: [ALT]+[TAB]
[2025-07-15 14:37:02.493 GMT+07] [Window: Task Switching] Key: [ALT]+[TAB]
[2025-07-15 14:37:02.525 GMT+07] [Window: Task Switching] Key: [ALT]+[TAB]
[2025-07-15 14:37:02.556 GMT+07] [Window: Task Switching] Key: [ALT]+[TAB]
[2025-07-15 14:37:02.588 GMT+07] [Window: Task Switching] Key: [ALT]+[TAB]
[2025-07-15 14:37:02.621 GMT+07] [Window: Task Switching] Key: [ALT]+[TAB]
[2025-07-15 14:37:02.651 GMT+07] [Window: Task Switching] Key: [ALT]+[TAB]
[2025-07-15 14:37:02.681 GMT+07] [Window: Task Switching] Key: [ALT]+[TAB]
[2025-07-15 14:37:02.711 GMT+07] [Window: Task Switching] Key: [ALT]+[TAB]
[2025-07-15 14:37:02.758 GMT+07] [Window: Task Switching] Key: [ALT]+[TAB]
[2025-07-15 14:37:02.788 GMT+07] [Window: Task Switching] Key: [ALT]+[TAB]
[2025-07-15 14:37:02.820 GMT+07] [Window: Task Switching] Key: [ALT]+[TAB]
[2025-07-15 14:37:02.850 GMT+07] [Window: Task Switching] Key: [ALT]+[TAB]
[2025-07-15 14:37:02.881 GMT+07] [Window: Task Switching] Key: [ALT]+[TAB]
[2025-07-15 14:37:02.914 GMT+07] [Window: Task Switching] Key: [ALT]+[TAB]
[2025-07-15 14:37:02.944 GMT+07] [Window: Task Switching] Key: [ALT]+[TAB]
[2025-07-15 14:37:02.991 GMT+07] [Window: Task Switching] Key: [ALT]+[TAB]
[2025-07-15 14:37:03.022 GMT+07] [Window: Task Switching] Key: [ALT]+[TAB]
[2025-07-15 14:37:03.051 GMT+07] [Window: Task Switching] Key: [ALT]+[TAB]
[2025-07-15 14:37:06.042 GMT+07] [Window: Meet - yxz-djta-sid and 1 more page - Sang Ly Thesis - Microsoft? Edge] Key: [ALT]+[TAB]
[2025-07-15 14:37:06.667 GMT+07] [Window: Task Switching] Key: [ALT]+[TAB]
[2025-07-15 14:37:07.298 GMT+07] [Window: Task Switching] Key: [ALT]+[TAB]
[2025-07-15 14:37:07.642 GMT+07] [Window: Task Switching] Key: [ALT]+[TAB]
[2025-07-15 14:37:07.912 GMT+07] [Window: Task Switching] Key: [ALT]+[TAB]
[2025-07-15 14:37:08.184 GMT+07] [Window: Task Switching] Key: [ALT]+[TAB]
[2025-07-15 14:37:15.119 GMT+07] [Window: main_P13-VC.py - mr-coding-tutor-unity - Visual Studio Code] Key: n
[2025-07-15 14:37:15.576 GMT+07] [Window: main_P13-VC.py - mr-coding-tutor-unity - Visual Studio Code] Key: _
[2025-07-15 14:37:17.358 GMT+07] [Window: main_P13-VC.py - mr-coding-tutor-unity - Visual Studio Code] Key: [BACKSPACE]
[2025-07-15 14:37:17.524 GMT+07] [Window: main_P13-VC.py - mr-coding-tutor-unity - Visual Studio Code] Key: [BACKSPACE]
[2025-07-15 14:37:21.289 GMT+07] [Window: main_P13-VC.py - mr-coding-tutor-unity - Visual Studio Code] Key: n
[2025-07-15 14:37:21.573 GMT+07] [Window: main_P13-VC.py - mr-coding-tutor-unity - Visual Studio Code] Key: _
[2025-07-15 14:37:22.451 GMT+07] [Window: main_P13-VC.py - mr-coding-tutor-unity - Visual Studio Code] Key: +
[2025-07-15 14:37:23.143 GMT+07] [Window: main_P13-VC.py - mr-coding-tutor-unity - Visual Studio Code] Key: _
[2025-07-15 14:37:23.495 GMT+07] [Window: main_P13-VC.py - mr-coding-tutor-unity - Visual Studio Code] Key: 1
[2025-07-15 14:37:23.655 GMT+07] [Window: main_P13-VC.py - mr-coding-tutor-unity - Visual Studio Code] Key: 5
[2025-07-15 14:37:23.947 GMT+07] [Window: main_P13-VC.py - mr-coding-tutor-unity - Visual Studio Code] Key: 3
[2025-07-15 14:37:28.407 GMT+07] [Window: main_P13-VC.py - mr-coding-tutor-unity - Visual Studio Code] Key: 

[2025-07-15 14:38:24.122 GMT+07] [Window: main_P13-VC.py - mr-coding-tutor-unity - Visual Studio Code] Key: x
[2025-07-15 14:38:24.265 GMT+07] [Window: main_P13-VC.py - mr-coding-tutor-unity - Visual Studio Code] Key: _
[2025-07-15 14:38:25.658 GMT+07] [Window: main_P13-VC.py - mr-coding-tutor-unity - Visual Studio Code] Key: +
[2025-07-15 14:38:26.881 GMT+07] [Window: main_P13-VC.py - mr-coding-tutor-unity - Visual Studio Code] Key: _
[2025-07-15 14:38:30.160 GMT+07] [Window: main_P13-VC.py - mr-coding-tutor-unity - Visual Studio Code] Key: [SHIFT]+'
[2025-07-15 14:38:31.576 GMT+07] [Window: main_P13-VC.py - mr-coding-tutor-unity - Visual Studio Code] Key: 1
[2025-07-15 14:38:31.925 GMT+07] [Window: main_P13-VC.py - mr-coding-tutor-unity - Visual Studio Code] Key: 5
[2025-07-15 14:38:34.898 GMT+07] [Window: main_P13-VC.py - mr-coding-tutor-unity - Visual Studio Code] Key: 3
[2025-07-15 14:38:35.349 GMT+07] [Window: main_P13-VC.py - mr-coding-tutor-unity - Visual Studio Code] Key: [BACKSPACE]
[2025-07-15 14:38:35.553 GMT+07] [Window: main_P13-VC.py - mr-coding-tutor-unity - Visual Studio Code] Key: [BACKSPACE]
[2025-07-15 14:38:36.669 GMT+07] [Window: main_P13-VC.py - mr-coding-tutor-unity - Visual Studio Code] Key: [BACKSPACE]
[2025-07-15 14:38:37.146 GMT+07] [Window: main_P13-VC.py - mr-coding-tutor-unity - Visual Studio Code] Key: [BACKSPACE]
[2025-07-15 14:38:47.147 GMT+07] [Window: main_P13-VC.py - mr-coding-tutor-unity - Visual Studio Code] Key: s
[2025-07-15 14:38:47.471 GMT+07] [Window: main_P13-VC.py - mr-coding-tutor-unity - Visual Studio Code] Key: t
[2025-07-15 14:38:47.959 GMT+07] [Window: main_P13-VC.py - mr-coding-tutor-unity - Visual Studio Code] Key: r
[2025-07-15 14:38:51.395 GMT+07] [Window: main_P13-VC.py - mr-coding-tutor-unity - Visual Studio Code] Key: [SHIFT]+9
[2025-07-15 14:38:51.791 GMT+07] [Window: main_P13-VC.py - mr-coding-tutor-unity - Visual Studio Code] Key: n
[2025-07-15 14:38:58.253 GMT+07] [Window: main_P13-VC.py - mr-coding-tutor-unity - Visual Studio Code] Key: [RIGHT]
[2025-07-15 14:39:00.372 GMT+07] [Window: main_P13-VC.py - mr-coding-tutor-unity - Visual Studio Code] Key: 

[2025-07-15 14:39:01.521 GMT+07] [Window: main_P13-VC.py - mr-coding-tutor-unity - Visual Studio Code] Key: k
[2025-07-15 14:39:01.723 GMT+07] [Window: main_P13-VC.py - mr-coding-tutor-unity - Visual Studio Code] Key: q
[2025-07-15 14:39:02.076 GMT+07] [Window: main_P13-VC.py - mr-coding-tutor-unity - Visual Studio Code] Key: _
[2025-07-15 14:39:02.924 GMT+07] [Window: main_P13-VC.py - mr-coding-tutor-unity - Visual Studio Code] Key: +
[2025-07-15 14:39:03.412 GMT+07] [Window: main_P13-VC.py - mr-coding-tutor-unity - Visual Studio Code] Key: _
[2025-07-15 14:39:04.004 GMT+07] [Window: main_P13-VC.py - mr-coding-tutor-unity - Visual Studio Code] Key: 0
[2025-07-15 14:39:05.125 GMT+07] [Window: main_P13-VC.py - mr-coding-tutor-unity - Visual Studio Code] Key: 

[2025-07-15 14:39:06.552 GMT+07] [Window: main_P13-VC.py - mr-coding-tutor-unity - Visual Studio Code] Key: w
[2025-07-15 14:39:07.171 GMT+07] [Window: main_P13-VC.py - mr-coding-tutor-unity - Visual Studio Code] Key: h
[2025-07-15 14:39:07.873 GMT+07] [Window: main_P13-VC.py - mr-coding-tutor-unity - Visual Studio Code] Key: i
[2025-07-15 14:39:08.087 GMT+07] [Window: main_P13-VC.py - mr-coding-tutor-unity - Visual Studio Code] Key: l
[2025-07-15 14:39:08.268 GMT+07] [Window: main_P13-VC.py - mr-coding-tutor-unity - Visual Studio Code] Key: e
[2025-07-15 14:39:08.611 GMT+07] [Window: main_P13-VC.py - mr-coding-tutor-unity - Visual Studio Code] Key: _
[2025-07-15 14:39:09.225 GMT+07] [Window: main_P13-VC.py - mr-coding-tutor-unity - Visual Studio Code] Key: n
[2025-07-15 14:39:10.099 GMT+07] [Window: main_P13-VC.py - mr-coding-tutor-unity - Visual Studio Code] Key: .
[2025-07-15 14:39:11.741 GMT+07] [Window: main_P13-VC.py - mr-coding-tutor-unity - Visual Studio Code] Key: [BACKSPACE]
[2025-07-15 14:39:15.297 GMT+07] [Window: main_P13-VC.py - mr-coding-tutor-unity - Visual Studio Code] Key: [SHIFT]+.
[2025-07-15 14:39:16.575 GMT+07] [Window: main_P13-VC.py - mr-coding-tutor-unity - Visual Studio Code] Key: 0
[2025-07-15 14:39:17.925 GMT+07] [Window: main_P13-VC.py - mr-coding-tutor-unity - Visual Studio Code] Key: ;
[2025-07-15 14:39:18.873 GMT+07] [Window: main_P13-VC.py - mr-coding-tutor-unity - Visual Studio Code] Key: [BACKSPACE]
[2025-07-15 14:39:19.817 GMT+07] [Window: main_P13-VC.py - mr-coding-tutor-unity - Visual Studio Code] Key: ;
[2025-07-15 14:39:20.357 GMT+07] [Window: main_P13-VC.py - mr-coding-tutor-unity - Visual Studio Code] Key: [BACKSPACE]
[2025-07-15 14:39:20.860 GMT+07] [Window: main_P13-VC.py - mr-coding-tutor-unity - Visual Studio Code] Key: [SHIFT]+;
[2025-07-15 14:39:22.017 GMT+07] [Window: main_P13-VC.py - mr-coding-tutor-unity - Visual Studio Code] Key: 

[2025-07-15 14:39:31.327 GMT+07] [Window: main_P13-VC.py - mr-coding-tutor-unity - Visual Studio Code] Key: 

[2025-07-15 14:39:33.149 GMT+07] [Window: main_P13-VC.py - mr-coding-tutor-unity - Visual Studio Code] Key: y
[2025-07-15 14:39:33.471 GMT+07] [Window: main_P13-VC.py - mr-coding-tutor-unity - Visual Studio Code] Key: _
[2025-07-15 14:39:34.440 GMT+07] [Window: main_P13-VC.py - mr-coding-tutor-unity - Visual Studio Code] Key: +
[2025-07-15 14:39:35.345 GMT+07] [Window: main_P13-VC.py - mr-coding-tutor-unity - Visual Studio Code] Key: 0
[2025-07-15 14:39:41.257 GMT+07] [Window: main_P13-VC.py - mr-coding-tutor-unity - Visual Studio Code] Key: [TAB]
[2025-07-15 14:39:42.929 GMT+07] [Window: main_P13-VC.py - mr-coding-tutor-unity - Visual Studio Code] Key: y
[2025-07-15 14:39:43.186 GMT+07] [Window: main_P13-VC.py - mr-coding-tutor-unity - Visual Studio Code] Key: _
[2025-07-15 14:39:43.855 GMT+07] [Window: main_P13-VC.py - mr-coding-tutor-unity - Visual Studio Code] Key: +
[2025-07-15 14:39:46.783 GMT+07] [Window: main_P13-VC.py - mr-coding-tutor-unity - Visual Studio Code] Key: _
[2025-07-15 14:39:47.472 GMT+07] [Window: main_P13-VC.py - mr-coding-tutor-unity - Visual Studio Code] Key: n
[2025-07-15 14:39:49.522 GMT+07] [Window: main_P13-VC.py - mr-coding-tutor-unity - Visual Studio Code] Key: [SHIFT]+7
[2025-07-15 14:39:50.448 GMT+07] [Window: main_P13-VC.py - mr-coding-tutor-unity - Visual Studio Code] Key: [BACKSPACE]
[2025-07-15 14:39:50.965 GMT+07] [Window: main_P13-VC.py - mr-coding-tutor-unity - Visual Studio Code] Key: [SHIFT]+5
[2025-07-15 14:39:51.751 GMT+07] [Window: main_P13-VC.py - mr-coding-tutor-unity - Visual Studio Code] Key: 1
[2025-07-15 14:39:51.897 GMT+07] [Window: main_P13-VC.py - mr-coding-tutor-unity - Visual Studio Code] Key: 0
[2025-07-15 14:39:52.887 GMT+07] [Window: main_P13-VC.py - mr-coding-tutor-unity - Visual Studio Code] Key: 

[2025-07-15 14:39:53.756 GMT+07] [Window: main_P13-VC.py - mr-coding-tutor-unity - Visual Studio Code] Key: n
[2025-07-15 14:39:53.966 GMT+07] [Window: main_P13-VC.py - mr-coding-tutor-unity - Visual Studio Code] Key: _
[2025-07-15 14:39:54.489 GMT+07] [Window: main_P13-VC.py - mr-coding-tutor-unity - Visual Studio Code] Key: +
[2025-07-15 14:39:55.216 GMT+07] [Window: main_P13-VC.py - mr-coding-tutor-unity - Visual Studio Code] Key: _
[2025-07-15 14:39:55.742 GMT+07] [Window: main_P13-VC.py - mr-coding-tutor-unity - Visual Studio Code] Key: n
[2025-07-15 14:40:00.324 GMT+07] [Window: main_P13-VC.py - mr-coding-tutor-unity - Visual Studio Code] Key: /
[2025-07-15 14:40:00.484 GMT+07] [Window: main_P13-VC.py - mr-coding-tutor-unity - Visual Studio Code] Key: /
[2025-07-15 14:40:01.130 GMT+07] [Window: main_P13-VC.py - mr-coding-tutor-unity - Visual Studio Code] Key: 1
[2025-07-15 14:40:01.286 GMT+07] [Window: main_P13-VC.py - mr-coding-tutor-unity - Visual Studio Code] Key: 0
[2025-07-15 14:40:03.455 GMT+07] [Window: main_P13-VC.py - mr-coding-tutor-unity - Visual Studio Code] Key: 

[2025-07-15 14:40:04.387 GMT+07] [Window: main_P13-VC.py - mr-coding-tutor-unity - Visual Studio Code] Key: k
[2025-07-15 14:40:04.628 GMT+07] [Window: main_P13-VC.py - mr-coding-tutor-unity - Visual Studio Code] Key: q
[2025-07-15 14:40:04.785 GMT+07] [Window: main_P13-VC.py - mr-coding-tutor-unity - Visual Studio Code] Key: _
[2025-07-15 14:40:05.523 GMT+07] [Window: main_P13-VC.py - mr-coding-tutor-unity - Visual Studio Code] Key: [SHIFT]++
[2025-07-15 14:40:05.660 GMT+07] [Window: main_P13-VC.py - mr-coding-tutor-unity - Visual Studio Code] Key: [SHIFT]++
[2025-07-15 14:40:06.499 GMT+07] [Window: main_P13-VC.py - mr-coding-tutor-unity - Visual Studio Code] Key: [BACKSPACE]
[2025-07-15 14:40:06.738 GMT+07] [Window: main_P13-VC.py - mr-coding-tutor-unity - Visual Studio Code] Key: +
[2025-07-15 14:40:07.558 GMT+07] [Window: main_P13-VC.py - mr-coding-tutor-unity - Visual Studio Code] Key: _
[2025-07-15 14:40:10.689 GMT+07] [Window: main_P13-VC.py - mr-coding-tutor-unity - Visual Studio Code] Key: y
[2025-07-15 14:40:11.862 GMT+07] [Window: main_P13-VC.py - mr-coding-tutor-unity - Visual Studio Code] Key: [SHIFT]+8
[2025-07-15 14:40:11.972 GMT+07] [Window: main_P13-VC.py - mr-coding-tutor-unity - Visual Studio Code] Key: [SHIFT]+8
[2025-07-15 14:40:13.167 GMT+07] [Window: main_P13-VC.py - mr-coding-tutor-unity - Visual Studio Code] Key: l
[2025-07-15 14:40:13.449 GMT+07] [Window: main_P13-VC.py - mr-coding-tutor-unity - Visual Studio Code] Key: e
[2025-07-15 14:40:13.723 GMT+07] [Window: main_P13-VC.py - mr-coding-tutor-unity - Visual Studio Code] Key: n
[2025-07-15 14:40:14.596 GMT+07] [Window: main_P13-VC.py - mr-coding-tutor-unity - Visual Studio Code] Key: [SHIFT]+9
[2025-07-15 14:40:15.136 GMT+07] [Window: main_P13-VC.py - mr-coding-tutor-unity - Visual Studio Code] Key: n
[2025-07-15 14:40:16.187 GMT+07] [Window: main_P13-VC.py - mr-coding-tutor-unity - Visual Studio Code] Key: [LEFT]
[2025-07-15 14:40:16.416 GMT+07] [Window: main_P13-VC.py - mr-coding-tutor-unity - Visual Studio Code] Key: [LEFT]
[2025-07-15 14:40:16.569 GMT+07] [Window: main_P13-VC.py - mr-coding-tutor-unity - Visual Studio Code] Key: [LEFT]
[2025-07-15 14:40:16.749 GMT+07] [Window: main_P13-VC.py - mr-coding-tutor-unity - Visual Studio Code] Key: [LEFT]
[2025-07-15 14:40:17.722 GMT+07] [Window: main_P13-VC.py - mr-coding-tutor-unity - Visual Studio Code] Key: [RIGHT]
[2025-07-15 14:40:17.879 GMT+07] [Window: main_P13-VC.py - mr-coding-tutor-unity - Visual Studio Code] Key: [RIGHT]
[2025-07-15 14:40:18.174 GMT+07] [Window: main_P13-VC.py - mr-coding-tutor-unity - Visual Studio Code] Key: [RIGHT]
[2025-07-15 14:40:18.538 GMT+07] [Window: main_P13-VC.py - mr-coding-tutor-unity - Visual Studio Code] Key: [RIGHT]
[2025-07-15 14:40:19.059 GMT+07] [Window: main_P13-VC.py - mr-coding-tutor-unity - Visual Studio Code] Key: [BACKSPACE]
[2025-07-15 14:40:20.371 GMT+07] [Window: main_P13-VC.py - mr-coding-tutor-unity - Visual Studio Code] Key: x
[2025-07-15 14:40:21.127 GMT+07] [Window: main_P13-VC.py - mr-coding-tutor-unity - Visual Studio Code] Key: [LEFT]
[2025-07-15 14:40:21.300 GMT+07] [Window: main_P13-VC.py - mr-coding-tutor-unity - Visual Studio Code] Key: [LEFT]
[2025-07-15 14:40:28.721 GMT+07] [Window: main_P13-VC.py - mr-coding-tutor-unity - Visual Studio Code] Key: 

[2025-07-15 14:40:29.476 GMT+07] [Window: main_P13-VC.py - mr-coding-tutor-unity - Visual Studio Code] Key: [BACKSPACE]
[2025-07-15 14:40:30.266 GMT+07] [Window: main_P13-VC.py - mr-coding-tutor-unity - Visual Studio Code] Key: i
[2025-07-15 14:40:30.641 GMT+07] [Window: main_P13-VC.py - mr-coding-tutor-unity - Visual Studio Code] Key: f
[2025-07-15 14:40:31.087 GMT+07] [Window: main_P13-VC.py - mr-coding-tutor-unity - Visual Studio Code] Key: _
[2025-07-15 14:40:32.215 GMT+07] [Window: main_P13-VC.py - mr-coding-tutor-unity - Visual Studio Code] Key: k
[2025-07-15 14:40:32.434 GMT+07] [Window: main_P13-VC.py - mr-coding-tutor-unity - Visual Studio Code] Key: q
[2025-07-15 14:40:32.616 GMT+07] [Window: main_P13-VC.py - mr-coding-tutor-unity - Visual Studio Code] Key: _
[2025-07-15 14:40:33.382 GMT+07] [Window: main_P13-VC.py - mr-coding-tutor-unity - Visual Studio Code] Key: +
[2025-07-15 14:40:33.731 GMT+07] [Window: main_P13-VC.py - mr-coding-tutor-unity - Visual Studio Code] Key: +
[2025-07-15 14:40:34.652 GMT+07] [Window: main_P13-VC.py - mr-coding-tutor-unity - Visual Studio Code] Key: _
[2025-07-15 14:40:34.913 GMT+07] [Window: main_P13-VC.py - mr-coding-tutor-unity - Visual Studio Code] Key: n
[2025-07-15 14:40:35.672 GMT+07] [Window: main_P13-VC.py - mr-coding-tutor-unity - Visual Studio Code] Key: [SHIFT]+;
[2025-07-15 14:40:36.299 GMT+07] [Window: main_P13-VC.py - mr-coding-tutor-unity - Visual Studio Code] Key: 

[2025-07-15 14:40:37.057 GMT+07] [Window: main_P13-VC.py - mr-coding-tutor-unity - Visual Studio Code] Key: p
[2025-07-15 14:40:37.445 GMT+07] [Window: main_P13-VC.py - mr-coding-tutor-unity - Visual Studio Code] Key: r
[2025-07-15 14:40:37.593 GMT+07] [Window: main_P13-VC.py - mr-coding-tutor-unity - Visual Studio Code] Key: i
[2025-07-15 14:40:37.876 GMT+07] [Window: main_P13-VC.py - mr-coding-tutor-unity - Visual Studio Code] Key: n
[2025-07-15 14:40:38.130 GMT+07] [Window: main_P13-VC.py - mr-coding-tutor-unity - Visual Studio Code] Key: t
[2025-07-15 14:40:38.666 GMT+07] [Window: main_P13-VC.py - mr-coding-tutor-unity - Visual Studio Code] Key: 9
[2025-07-15 14:40:40.047 GMT+07] [Window: main_P13-VC.py - mr-coding-tutor-unity - Visual Studio Code] Key: [SHIFT]+'
[2025-07-15 14:40:41.625 GMT+07] [Window: main_P13-VC.py - mr-coding-tutor-unity - Visual Studio Code] Key: [BACKSPACE]
[2025-07-15 14:40:41.809 GMT+07] [Window: main_P13-VC.py - mr-coding-tutor-unity - Visual Studio Code] Key: [BACKSPACE]
[2025-07-15 14:40:42.604 GMT+07] [Window: main_P13-VC.py - mr-coding-tutor-unity - Visual Studio Code] Key: [SHIFT]+9
[2025-07-15 14:40:43.759 GMT+07] [Window: main_P13-VC.py - mr-coding-tutor-unity - Visual Studio Code] Key: '
[2025-07-15 14:40:44.339 GMT+07] [Window: main_P13-VC.py - mr-coding-tutor-unity - Visual Studio Code] Key: [SHIFT]+Y
[2025-07-15 14:40:44.670 GMT+07] [Window: main_P13-VC.py - mr-coding-tutor-unity - Visual Studio Code] Key: [SHIFT]+E
[2025-07-15 14:40:44.959 GMT+07] [Window: main_P13-VC.py - mr-coding-tutor-unity - Visual Studio Code] Key: [SHIFT]+S
[2025-07-15 14:40:45.839 GMT+07] [Window: main_P13-VC.py - mr-coding-tutor-unity - Visual Studio Code] Key: [RIGHT]
[2025-07-15 14:40:46.345 GMT+07] [Window: main_P13-VC.py - mr-coding-tutor-unity - Visual Studio Code] Key: [RIGHT]
[2025-07-15 14:40:46.886 GMT+07] [Window: main_P13-VC.py - mr-coding-tutor-unity - Visual Studio Code] Key: 

[2025-07-15 14:40:48.090 GMT+07] [Window: main_P13-VC.py - mr-coding-tutor-unity - Visual Studio Code] Key: [BACKSPACE]
[2025-07-15 14:40:49.041 GMT+07] [Window: main_P13-VC.py - mr-coding-tutor-unity - Visual Studio Code] Key: e
[2025-07-15 14:40:49.492 GMT+07] [Window: main_P13-VC.py - mr-coding-tutor-unity - Visual Studio Code] Key: l
[2025-07-15 14:40:49.641 GMT+07] [Window: main_P13-VC.py - mr-coding-tutor-unity - Visual Studio Code] Key: s
[2025-07-15 14:40:49.855 GMT+07] [Window: main_P13-VC.py - mr-coding-tutor-unity - Visual Studio Code] Key: e
[2025-07-15 14:40:50.770 GMT+07] [Window: main_P13-VC.py - mr-coding-tutor-unity - Visual Studio Code] Key: [SHIFT]+;
[2025-07-15 14:40:51.064 GMT+07] [Window: main_P13-VC.py - mr-coding-tutor-unity - Visual Studio Code] Key: 

[2025-07-15 14:40:51.694 GMT+07] [Window: main_P13-VC.py - mr-coding-tutor-unity - Visual Studio Code] Key: p
[2025-07-15 14:40:52.030 GMT+07] [Window: main_P13-VC.py - mr-coding-tutor-unity - Visual Studio Code] Key: r
[2025-07-15 14:40:52.193 GMT+07] [Window: main_P13-VC.py - mr-coding-tutor-unity - Visual Studio Code] Key: i
[2025-07-15 14:40:52.422 GMT+07] [Window: main_P13-VC.py - mr-coding-tutor-unity - Visual Studio Code] Key: n
[2025-07-15 14:40:52.699 GMT+07] [Window: main_P13-VC.py - mr-coding-tutor-unity - Visual Studio Code] Key: t
[2025-07-15 14:40:53.309 GMT+07] [Window: main_P13-VC.py - mr-coding-tutor-unity - Visual Studio Code] Key: [SHIFT]+9
[2025-07-15 14:40:54.186 GMT+07] [Window: main_P13-VC.py - mr-coding-tutor-unity - Visual Studio Code] Key: [SHIFT]+'
[2025-07-15 14:40:54.855 GMT+07] [Window: main_P13-VC.py - mr-coding-tutor-unity - Visual Studio Code] Key: [SHIFT]+N
[2025-07-15 14:40:55.375 GMT+07] [Window: main_P13-VC.py - mr-coding-tutor-unity - Visual Studio Code] Key: [SHIFT]+O
[2025-07-15 14:41:58.313 GMT+07] [Window: main_P13-VC.py - mr-coding-tutor-unity - Visual Studio Code] Key: 

[2025-07-15 14:42:03.635 GMT+07] [Window: main_P13-VC.py - mr-coding-tutor-unity - Visual Studio Code] Key: p
[2025-07-15 14:42:03.791 GMT+07] [Window: main_P13-VC.py - mr-coding-tutor-unity - Visual Studio Code] Key: r
[2025-07-15 14:42:04.251 GMT+07] [Window: main_P13-VC.py - mr-coding-tutor-unity - Visual Studio Code] Key: i
[2025-07-15 14:42:10.784 GMT+07] [Window: main_P13-VC.py - mr-coding-tutor-unity - Visual Studio Code] Key: n
[2025-07-15 14:42:11.304 GMT+07] [Window: main_P13-VC.py - mr-coding-tutor-unity - Visual Studio Code] Key: t
[2025-07-15 14:42:18.387 GMT+07] [Window: main_P13-VC.py - mr-coding-tutor-unity - Visual Studio Code] Key: [BACKSPACE]
[2025-07-15 14:42:18.659 GMT+07] [Window: main_P13-VC.py - mr-coding-tutor-unity - Visual Studio Code] Key: [BACKSPACE]
[2025-07-15 14:42:18.887 GMT+07] [Window: main_P13-VC.py - mr-coding-tutor-unity - Visual Studio Code] Key: [BACKSPACE]
[2025-07-15 14:42:19.113 GMT+07] [Window: main_P13-VC.py - mr-coding-tutor-unity - Visual Studio Code] Key: [BACKSPACE]
[2025-07-15 14:42:19.315 GMT+07] [Window: main_P13-VC.py - mr-coding-tutor-unity - Visual Studio Code] Key: [BACKSPACE]
[2025-07-15 14:42:20.578 GMT+07] [Window: main_P13-VC.py - mr-coding-tutor-unity - Visual Studio Code] Key: [BACKSPACE]
[2025-07-15 14:42:20.891 GMT+07] [Window: main_P13-VC.py - mr-coding-tutor-unity - Visual Studio Code] Key: [BACKSPACE]
[2025-07-15 14:42:29.341 GMT+07] [Window: main_P13-VC.py - mr-coding-tutor-unity - Visual Studio Code] Key: 

[2025-07-15 14:42:30.638 GMT+07] [Window: main_P13-VC.py - mr-coding-tutor-unity - Visual Studio Code] Key: p
[2025-07-15 14:42:30.971 GMT+07] [Window: main_P13-VC.py - mr-coding-tutor-unity - Visual Studio Code] Key: r
[2025-07-15 14:42:31.074 GMT+07] [Window: main_P13-VC.py - mr-coding-tutor-unity - Visual Studio Code] Key: i
[2025-07-15 14:42:31.353 GMT+07] [Window: main_P13-VC.py - mr-coding-tutor-unity - Visual Studio Code] Key: n
[2025-07-15 14:42:31.675 GMT+07] [Window: main_P13-VC.py - mr-coding-tutor-unity - Visual Studio Code] Key: t
[2025-07-15 14:42:32.729 GMT+07] [Window: main_P13-VC.py - mr-coding-tutor-unity - Visual Studio Code] Key: 9
[2025-07-15 14:42:34.250 GMT+07] [Window: main_P13-VC.py - mr-coding-tutor-unity - Visual Studio Code] Key: y
[2025-07-15 14:42:35.193 GMT+07] [Window: main_P13-VC.py - mr-coding-tutor-unity - Visual Studio Code] Key: [BACKSPACE]
[2025-07-15 14:42:35.361 GMT+07] [Window: main_P13-VC.py - mr-coding-tutor-unity - Visual Studio Code] Key: [BACKSPACE]
[2025-07-15 14:42:36.541 GMT+07] [Window: main_P13-VC.py - mr-coding-tutor-unity - Visual Studio Code] Key: [SHIFT]+9
[2025-07-15 14:42:37.966 GMT+07] [Window: main_P13-VC.py - mr-coding-tutor-unity - Visual Studio Code] Key: y
[2025-07-15 14:42:49.653 GMT+07] [Window: main_P13-VC.py - mr-coding-tutor-unity - Visual Studio Code] Key: [BACKSPACE]
[2025-07-15 14:42:49.858 GMT+07] [Window: main_P13-VC.py - mr-coding-tutor-unity - Visual Studio Code] Key: [BACKSPACE]
[2025-07-15 14:42:50.047 GMT+07] [Window: main_P13-VC.py - mr-coding-tutor-unity - Visual Studio Code] Key: [BACKSPACE]
[2025-07-15 14:42:50.220 GMT+07] [Window: main_P13-VC.py - mr-coding-tutor-unity - Visual Studio Code] Key: [BACKSPACE]
[2025-07-15 14:42:50.417 GMT+07] [Window: main_P13-VC.py - mr-coding-tutor-unity - Visual Studio Code] Key: [BACKSPACE]
[2025-07-15 14:42:50.635 GMT+07] [Window: main_P13-VC.py - mr-coding-tutor-unity - Visual Studio Code] Key: [BACKSPACE]
[2025-07-15 14:42:50.902 GMT+07] [Window: main_P13-VC.py - mr-coding-tutor-unity - Visual Studio Code] Key: [BACKSPACE]
[2025-07-15 14:42:51.145 GMT+07] [Window: main_P13-VC.py - mr-coding-tutor-unity - Visual Studio Code] Key: [BACKSPACE]
[2025-07-15 14:42:51.385 GMT+07] [Window: main_P13-VC.py - mr-coding-tutor-unity - Visual Studio Code] Key: [BACKSPACE]
[2025-07-15 14:42:51.724 GMT+07] [Window: main_P13-VC.py - mr-coding-tutor-unity - Visual Studio Code] Key: [BACKSPACE]
[2025-07-15 14:42:54.514 GMT+07] [Window: main_P13-VC.py - mr-coding-tutor-unity - Visual Studio Code] Key: 

[2025-07-15 14:43:07.399 GMT+07] [Window: main_P13-VC.py - mr-coding-tutor-unity - Visual Studio Code] Key: [BACKSPACE]
[2025-07-15 14:43:08.847 GMT+07] [Window: main_P13-VC.py - mr-coding-tutor-unity - Visual Studio Code] Key: [BACKSPACE]
[2025-07-15 14:43:10.557 GMT+07] [Window: main_P13-VC.py - mr-coding-tutor-unity - Visual Studio Code] Key: 

[2025-07-15 14:43:13.390 GMT+07] [Window: main_P13-VC.py - mr-coding-tutor-unity - Visual Studio Code] Key: p
[2025-07-15 14:43:14.718 GMT+07] [Window: main_P13-VC.py - mr-coding-tutor-unity - Visual Studio Code] Key: r
[2025-07-15 14:43:14.867 GMT+07] [Window: main_P13-VC.py - mr-coding-tutor-unity - Visual Studio Code] Key: i
[2025-07-15 14:43:15.132 GMT+07] [Window: main_P13-VC.py - mr-coding-tutor-unity - Visual Studio Code] Key: n
[2025-07-15 14:43:15.400 GMT+07] [Window: main_P13-VC.py - mr-coding-tutor-unity - Visual Studio Code] Key: t
[2025-07-15 14:43:16.827 GMT+07] [Window: main_P13-VC.py - mr-coding-tutor-unity - Visual Studio Code] Key: [SHIFT]+9
[2025-07-15 14:43:18.249 GMT+07] [Window: main_P13-VC.py - mr-coding-tutor-unity - Visual Studio Code] Key: [BACKSPACE]
[2025-07-15 14:43:18.489 GMT+07] [Window: main_P13-VC.py - mr-coding-tutor-unity - Visual Studio Code] Key: [BACKSPACE]
[2025-07-15 14:43:18.691 GMT+07] [Window: main_P13-VC.py - mr-coding-tutor-unity - Visual Studio Code] Key: [BACKSPACE]
[2025-07-15 14:43:18.853 GMT+07] [Window: main_P13-VC.py - mr-coding-tutor-unity - Visual Studio Code] Key: [BACKSPACE]
[2025-07-15 14:43:19.010 GMT+07] [Window: main_P13-VC.py - mr-coding-tutor-unity - Visual Studio Code] Key: [BACKSPACE]
[2025-07-15 14:43:19.170 GMT+07] [Window: main_P13-VC.py - mr-coding-tutor-unity - Visual Studio Code] Key: [BACKSPACE]
[2025-07-15 14:43:19.363 GMT+07] [Window: main_P13-VC.py - mr-coding-tutor-unity - Visual Studio Code] Key: [BACKSPACE]
[2025-07-15 14:43:20.345 GMT+07] [Window: main_P13-VC.py - mr-coding-tutor-unity - Visual Studio Code] Key: p
[2025-07-15 14:43:20.772 GMT+07] [Window: main_P13-VC.py - mr-coding-tutor-unity - Visual Studio Code] Key: r
[2025-07-15 14:43:20.904 GMT+07] [Window: main_P13-VC.py - mr-coding-tutor-unity - Visual Studio Code] Key: i
[2025-07-15 14:43:21.231 GMT+07] [Window: main_P13-VC.py - mr-coding-tutor-unity - Visual Studio Code] Key: n
[2025-07-15 14:43:21.505 GMT+07] [Window: main_P13-VC.py - mr-coding-tutor-unity - Visual Studio Code] Key: t
[2025-07-15 14:43:25.742 GMT+07] [Window: main_P13-VC.py - mr-coding-tutor-unity - Visual Studio Code] Key: [SHIFT]+9
[2025-07-15 14:43:27.144 GMT+07] [Window: main_P13-VC.py - mr-coding-tutor-unity - Visual Studio Code] Key: s
[2025-07-15 14:43:27.293 GMT+07] [Window: main_P13-VC.py - mr-coding-tutor-unity - Visual Studio Code] Key: t
[2025-07-15 14:43:27.521 GMT+07] [Window: main_P13-VC.py - mr-coding-tutor-unity - Visual Studio Code] Key: r
[2025-07-15 14:43:34.674 GMT+07] [Window: main_P13-VC.py - mr-coding-tutor-unity - Visual Studio Code] Key: [SHIFT]+'
[2025-07-15 14:43:40.148 GMT+07] [Window: main_P13-VC.py - mr-coding-tutor-unity - Visual Studio Code] Key: [BACKSPACE]
[2025-07-15 14:43:40.494 GMT+07] [Window: main_P13-VC.py - mr-coding-tutor-unity - Visual Studio Code] Key: [BACKSPACE]
[2025-07-15 14:43:40.689 GMT+07] [Window: main_P13-VC.py - mr-coding-tutor-unity - Visual Studio Code] Key: [BACKSPACE]
[2025-07-15 14:43:40.932 GMT+07] [Window: main_P13-VC.py - mr-coding-tutor-unity - Visual Studio Code] Key: [BACKSPACE]
[2025-07-15 14:43:43.183 GMT+07] [Window: main_P13-VC.py - mr-coding-tutor-unity - Visual Studio Code] Key: [SHIFT]+'
[2025-07-15 14:43:48.170 GMT+07] [Window: main_P13-VC.py - mr-coding-tutor-unity - Visual Studio Code] Key: k
[2025-07-15 14:43:48.366 GMT+07] [Window: main_P13-VC.py - mr-coding-tutor-unity - Visual Studio Code] Key: q
[2025-07-15 14:43:51.369 GMT+07] [Window: main_P13-VC.py - mr-coding-tutor-unity - Visual Studio Code] Key: _
[2025-07-15 14:44:03.260 GMT+07] [Window: main_P13-VC.py - mr-coding-tutor-unity - Visual Studio Code] Key: ,
[2025-07-15 14:44:05.667 GMT+07] [Window: main_P13-VC.py - mr-coding-tutor-unity - Visual Studio Code] Key: k
[2025-07-15 14:44:05.839 GMT+07] [Window: main_P13-VC.py - mr-coding-tutor-unity - Visual Studio Code] Key: q
[2025-07-15 14:45:02.437 GMT+07] [Window: main_P13-VC.py - mr-coding-tutor-unity - Visual Studio Code] Key: [BACKSPACE]
[2025-07-15 14:45:02.942 GMT+07] [Window: main_P13-VC.py - mr-coding-tutor-unity - Visual Studio Code] Key: [BACKSPACE]
[2025-07-15 14:45:02.971 GMT+07] [Window: main_P13-VC.py - mr-coding-tutor-unity - Visual Studio Code] Key: [BACKSPACE]
[2025-07-15 14:45:03.018 GMT+07] [Window: main_P13-VC.py - mr-coding-tutor-unity - Visual Studio Code] Key: [BACKSPACE]
[2025-07-15 14:45:03.049 GMT+07] [Window: main_P13-VC.py - mr-coding-tutor-unity - Visual Studio Code] Key: [BACKSPACE]
[2025-07-15 14:45:03.080 GMT+07] [Window: main_P13-VC.py - mr-coding-tutor-unity - Visual Studio Code] Key: [BACKSPACE]
[2025-07-15 14:45:03.111 GMT+07] [Window: main_P13-VC.py - mr-coding-tutor-unity - Visual Studio Code] Key: [BACKSPACE]
[2025-07-15 14:45:03.406 GMT+07] [Window: main_P13-VC.py - mr-coding-tutor-unity - Visual Studio Code] Key: [BACKSPACE]
[2025-07-15 14:45:03.680 GMT+07] [Window: main_P13-VC.py - mr-coding-tutor-unity - Visual Studio Code] Key: [BACKSPACE]
[2025-07-15 14:45:03.877 GMT+07] [Window: main_P13-VC.py - mr-coding-tutor-unity - Visual Studio Code] Key: [BACKSPACE]
[2025-07-15 14:45:04.084 GMT+07] [Window: main_P13-VC.py - mr-coding-tutor-unity - Visual Studio Code] Key: [BACKSPACE]
[2025-07-15 14:45:04.276 GMT+07] [Window: main_P13-VC.py - mr-coding-tutor-unity - Visual Studio Code] Key: [BACKSPACE]
[2025-07-15 14:45:04.499 GMT+07] [Window: main_P13-VC.py - mr-coding-tutor-unity - Visual Studio Code] Key: [BACKSPACE]
[2025-07-15 14:45:04.698 GMT+07] [Window: main_P13-VC.py - mr-coding-tutor-unity - Visual Studio Code] Key: [BACKSPACE]
[2025-07-15 14:45:05.007 GMT+07] [Window: main_P13-VC.py - mr-coding-tutor-unity - Visual Studio Code] Key: [BACKSPACE]
[2025-07-15 14:45:05.623 GMT+07] [Window: main_P13-VC.py - mr-coding-tutor-unity - Visual Studio Code] Key: [BACKSPACE]
[2025-07-15 14:45:09.889 GMT+07] [Window: main_P13-VC.py - mr-coding-tutor-unity - Visual Studio Code] Key: 

[2025-07-15 14:45:13.939 GMT+07] [Window: main_P13-VC.py - mr-coding-tutor-unity - Visual Studio Code] Key: b
[2025-07-15 14:45:14.418 GMT+07] [Window: main_P13-VC.py - mr-coding-tutor-unity - Visual Studio Code] Key: i
[2025-07-15 14:45:14.602 GMT+07] [Window: main_P13-VC.py - mr-coding-tutor-unity - Visual Studio Code] Key: e
[2025-07-15 14:45:14.791 GMT+07] [Window: main_P13-VC.py - mr-coding-tutor-unity - Visual Studio Code] Key: n
[2025-07-15 14:45:15.110 GMT+07] [Window: main_P13-VC.py - mr-coding-tutor-unity - Visual Studio Code] Key: _
[2025-07-15 14:45:16.149 GMT+07] [Window: main_P13-VC.py - mr-coding-tutor-unity - Visual Studio Code] Key: +
[2025-07-15 14:45:16.509 GMT+07] [Window: main_P13-VC.py - mr-coding-tutor-unity - Visual Studio Code] Key: _
[2025-07-15 14:45:16.708 GMT+07] [Window: main_P13-VC.py - mr-coding-tutor-unity - Visual Studio Code] Key: n
[2025-07-15 14:45:21.805 GMT+07] [Window: main_P13-VC.py - mr-coding-tutor-unity - Visual Studio Code] Key: [BACKSPACE]
[2025-07-15 14:45:23.450 GMT+07] [Window: main_P13-VC.py - mr-coding-tutor-unity - Visual Studio Code] Key: b
[2025-07-15 14:45:23.822 GMT+07] [Window: main_P13-VC.py - mr-coding-tutor-unity - Visual Studio Code] Key: i
[2025-07-15 14:45:24.015 GMT+07] [Window: main_P13-VC.py - mr-coding-tutor-unity - Visual Studio Code] Key: e
[2025-07-15 14:45:24.168 GMT+07] [Window: main_P13-VC.py - mr-coding-tutor-unity - Visual Studio Code] Key: n
[2025-07-15 14:45:55.003 GMT+07] [Window: main_P13-VC.py - mr-coding-tutor-unity - Visual Studio Code] Key: [BACKSPACE]
[2025-07-15 14:45:55.467 GMT+07] [Window: main_P13-VC.py - mr-coding-tutor-unity - Visual Studio Code] Key: [BACKSPACE]
[2025-07-15 14:45:58.030 GMT+07] [Window: main_P13-VC.py - mr-coding-tutor-unity - Visual Studio Code] Key: 2
[2025-07-15 14:45:59.456 GMT+07] [Window: main_P13-VC.py - mr-coding-tutor-unity - Visual Studio Code] Key: 5
[2025-07-15 14:45:59.906 GMT+07] [Window: main_P13-VC.py - mr-coding-tutor-unity - Visual Studio Code] Key: 3
[2025-07-15 14:46:13.901 GMT+07] [Window: main_P13-VC.py - mr-coding-tutor-unity - Visual Studio Code] Key: [BACKSPACE]
[2025-07-15 14:46:14.109 GMT+07] [Window: main_P13-VC.py - mr-coding-tutor-unity - Visual Studio Code] Key: [BACKSPACE]
[2025-07-15 14:46:14.569 GMT+07] [Window: main_P13-VC.py - mr-coding-tutor-unity - Visual Studio Code] Key: [BACKSPACE]
[2025-07-15 14:46:15.597 GMT+07] [Window: main_P13-VC.py - mr-coding-tutor-unity - Visual Studio Code] Key: 6
[2025-07-15 14:46:16.264 GMT+07] [Window: main_P13-VC.py - mr-coding-tutor-unity - Visual Studio Code] Key: 3
[2025-07-15 14:46:16.506 GMT+07] [Window: main_P13-VC.py - mr-coding-tutor-unity - Visual Studio Code] Key: 4
[2025-07-15 14:46:48.946 GMT+07] [Window: • Discord | #general | Earrape and 10 more pages - Sang Ly Thesis - Microsoft? Edge] Key: [ALT]+[TAB]
[2025-07-15 14:46:52.210 GMT+07] [Window: Administrator: Command Prompt] Key: [UP]
[2025-07-15 14:46:53.543 GMT+07] [Window: Administrator: Command Prompt] Key: [UP]
[2025-07-15 14:46:55.086 GMT+07] [Window: Administrator: Command Prompt] Key: -
[2025-07-15 14:46:55.927 GMT+07] [Window: Administrator: Command Prompt] Key: [SHIFT]+V
[2025-07-15 14:46:56.169 GMT+07] [Window: Administrator: Command Prompt] Key: [SHIFT]+C
[2025-07-15 14:46:56.662 GMT+07] [Window: Administrator: Command Prompt] Key: 

