Starting periodic logging of 'C:\mr-coding-tutor-unity\data\P13-VC\main_P13-VC.py'
Interval: 1.0 seconds
Output directory: C:\mr-coding-tutor-unity\data\P13-VC\period
Content changed, saved copy to: C:\mr-coding-tutor-unity\data\P13-VC\period\20250715_143409_main_P13-VC.py
No changes detected in 'C:\mr-coding-tutor-unity\data\P13-VC\main_P13-VC.py', skipping save
No changes detected in 'C:\mr-coding-tutor-unity\data\P13-VC\main_P13-VC.py', skipping save
No changes detected in 'C:\mr-coding-tutor-unity\data\P13-VC\main_P13-VC.py', skipping save
No changes detected in 'C:\mr-coding-tutor-unity\data\P13-VC\main_P13-VC.py', skipping save
No changes detected in 'C:\mr-coding-tutor-unity\data\P13-VC\main_P13-VC.py', skipping save
No changes detected in 'C:\mr-coding-tutor-unity\data\P13-VC\main_P13-VC.py', skipping save
No changes detected in 'C:\mr-coding-tutor-unity\data\P13-VC\main_P13-VC.py', skipping save
No changes detected in 'C:\mr-coding-tutor-unity\data\P13-VC\main_P13-VC.py', skipping save
No changes detected in 'C:\mr-coding-tutor-unity\data\P13-VC\main_P13-VC.py', skipping save
No changes detected in 'C:\mr-coding-tutor-unity\data\P13-VC\main_P13-VC.py', skipping save
No changes detected in 'C:\mr-coding-tutor-unity\data\P13-VC\main_P13-VC.py', skipping save
No changes detected in 'C:\mr-coding-tutor-unity\data\P13-VC\main_P13-VC.py', skipping save
No changes detected in 'C:\mr-coding-tutor-unity\data\P13-VC\main_P13-VC.py', skipping save
No changes detected in 'C:\mr-coding-tutor-unity\data\P13-VC\main_P13-VC.py', skipping save
No changes detected in 'C:\mr-coding-tutor-unity\data\P13-VC\main_P13-VC.py', skipping save
No changes detected in 'C:\mr-coding-tutor-unity\data\P13-VC\main_P13-VC.py', skipping save
No changes detected in 'C:\mr-coding-tutor-unity\data\P13-VC\main_P13-VC.py', skipping save
No changes detected in 'C:\mr-coding-tutor-unity\data\P13-VC\main_P13-VC.py', skipping save
No changes detected in 'C:\mr-coding-tutor-unity\data\P13-VC\main_P13-VC.py', skipping save
No changes detected in 'C:\mr-coding-tutor-unity\data\P13-VC\main_P13-VC.py', skipping save
No changes detected in 'C:\mr-coding-tutor-unity\data\P13-VC\main_P13-VC.py', skipping save
No changes detected in 'C:\mr-coding-tutor-unity\data\P13-VC\main_P13-VC.py', skipping save
No changes detected in 'C:\mr-coding-tutor-unity\data\P13-VC\main_P13-VC.py', skipping save
No changes detected in 'C:\mr-coding-tutor-unity\data\P13-VC\main_P13-VC.py', skipping save
No changes detected in 'C:\mr-coding-tutor-unity\data\P13-VC\main_P13-VC.py', skipping save
No changes detected in 'C:\mr-coding-tutor-unity\data\P13-VC\main_P13-VC.py', skipping save
No changes detected in 'C:\mr-coding-tutor-unity\data\P13-VC\main_P13-VC.py', skipping save
No changes detected in 'C:\mr-coding-tutor-unity\data\P13-VC\main_P13-VC.py', skipping save
No changes detected in 'C:\mr-coding-tutor-unity\data\P13-VC\main_P13-VC.py', skipping save
No changes detected in 'C:\mr-coding-tutor-unity\data\P13-VC\main_P13-VC.py', skipping save
No changes detected in 'C:\mr-coding-tutor-unity\data\P13-VC\main_P13-VC.py', skipping save
No changes detected in 'C:\mr-coding-tutor-unity\data\P13-VC\main_P13-VC.py', skipping save
No changes detected in 'C:\mr-coding-tutor-unity\data\P13-VC\main_P13-VC.py', skipping save
No changes detected in 'C:\mr-coding-tutor-unity\data\P13-VC\main_P13-VC.py', skipping save
No changes detected in 'C:\mr-coding-tutor-unity\data\P13-VC\main_P13-VC.py', skipping save
No changes detected in 'C:\mr-coding-tutor-unity\data\P13-VC\main_P13-VC.py', skipping save
No changes detected in 'C:\mr-coding-tutor-unity\data\P13-VC\main_P13-VC.py', skipping save
No changes detected in 'C:\mr-coding-tutor-unity\data\P13-VC\main_P13-VC.py', skipping save
No changes detected in 'C:\mr-coding-tutor-unity\data\P13-VC\main_P13-VC.py', skipping save
No changes detected in 'C:\mr-coding-tutor-unity\data\P13-VC\main_P13-VC.py', skipping save
No changes detected in 'C:\mr-coding-tutor-unity\data\P13-VC\main_P13-VC.py', skipping save
No changes detected in 'C:\mr-coding-tutor-unity\data\P13-VC\main_P13-VC.py', skipping save
No changes detected in 'C:\mr-coding-tutor-unity\data\P13-VC\main_P13-VC.py', skipping save
No changes detected in 'C:\mr-coding-tutor-unity\data\P13-VC\main_P13-VC.py', skipping save
No changes detected in 'C:\mr-coding-tutor-unity\data\P13-VC\main_P13-VC.py', skipping save
No changes detected in 'C:\mr-coding-tutor-unity\data\P13-VC\main_P13-VC.py', skipping save
No changes detected in 'C:\mr-coding-tutor-unity\data\P13-VC\main_P13-VC.py', skipping save
No changes detected in 'C:\mr-coding-tutor-unity\data\P13-VC\main_P13-VC.py', skipping save
No changes detected in 'C:\mr-coding-tutor-unity\data\P13-VC\main_P13-VC.py', skipping save
No changes detected in 'C:\mr-coding-tutor-unity\data\P13-VC\main_P13-VC.py', skipping save
No changes detected in 'C:\mr-coding-tutor-unity\data\P13-VC\main_P13-VC.py', skipping save
No changes detected in 'C:\mr-coding-tutor-unity\data\P13-VC\main_P13-VC.py', skipping save
No changes detected in 'C:\mr-coding-tutor-unity\data\P13-VC\main_P13-VC.py', skipping save
No changes detected in 'C:\mr-coding-tutor-unity\data\P13-VC\main_P13-VC.py', skipping save
No changes detected in 'C:\mr-coding-tutor-unity\data\P13-VC\main_P13-VC.py', skipping save
No changes detected in 'C:\mr-coding-tutor-unity\data\P13-VC\main_P13-VC.py', skipping save
No changes detected in 'C:\mr-coding-tutor-unity\data\P13-VC\main_P13-VC.py', skipping save
No changes detected in 'C:\mr-coding-tutor-unity\data\P13-VC\main_P13-VC.py', skipping save
No changes detected in 'C:\mr-coding-tutor-unity\data\P13-VC\main_P13-VC.py', skipping save
No changes detected in 'C:\mr-coding-tutor-unity\data\P13-VC\main_P13-VC.py', skipping save
No changes detected in 'C:\mr-coding-tutor-unity\data\P13-VC\main_P13-VC.py', skipping save
No changes detected in 'C:\mr-coding-tutor-unity\data\P13-VC\main_P13-VC.py', skipping save
No changes detected in 'C:\mr-coding-tutor-unity\data\P13-VC\main_P13-VC.py', skipping save
No changes detected in 'C:\mr-coding-tutor-unity\data\P13-VC\main_P13-VC.py', skipping save
No changes detected in 'C:\mr-coding-tutor-unity\data\P13-VC\main_P13-VC.py', skipping save
No changes detected in 'C:\mr-coding-tutor-unity\data\P13-VC\main_P13-VC.py', skipping save
No changes detected in 'C:\mr-coding-tutor-unity\data\P13-VC\main_P13-VC.py', skipping save
No changes detected in 'C:\mr-coding-tutor-unity\data\P13-VC\main_P13-VC.py', skipping save
No changes detected in 'C:\mr-coding-tutor-unity\data\P13-VC\main_P13-VC.py', skipping save
No changes detected in 'C:\mr-coding-tutor-unity\data\P13-VC\main_P13-VC.py', skipping save
No changes detected in 'C:\mr-coding-tutor-unity\data\P13-VC\main_P13-VC.py', skipping save
No changes detected in 'C:\mr-coding-tutor-unity\data\P13-VC\main_P13-VC.py', skipping save
No changes detected in 'C:\mr-coding-tutor-unity\data\P13-VC\main_P13-VC.py', skipping save
No changes detected in 'C:\mr-coding-tutor-unity\data\P13-VC\main_P13-VC.py', skipping save
No changes detected in 'C:\mr-coding-tutor-unity\data\P13-VC\main_P13-VC.py', skipping save
No changes detected in 'C:\mr-coding-tutor-unity\data\P13-VC\main_P13-VC.py', skipping save
No changes detected in 'C:\mr-coding-tutor-unity\data\P13-VC\main_P13-VC.py', skipping save
No changes detected in 'C:\mr-coding-tutor-unity\data\P13-VC\main_P13-VC.py', skipping save
No changes detected in 'C:\mr-coding-tutor-unity\data\P13-VC\main_P13-VC.py', skipping save
No changes detected in 'C:\mr-coding-tutor-unity\data\P13-VC\main_P13-VC.py', skipping save
No changes detected in 'C:\mr-coding-tutor-unity\data\P13-VC\main_P13-VC.py', skipping save
No changes detected in 'C:\mr-coding-tutor-unity\data\P13-VC\main_P13-VC.py', skipping save
No changes detected in 'C:\mr-coding-tutor-unity\data\P13-VC\main_P13-VC.py', skipping save
No changes detected in 'C:\mr-coding-tutor-unity\data\P13-VC\main_P13-VC.py', skipping save
No changes detected in 'C:\mr-coding-tutor-unity\data\P13-VC\main_P13-VC.py', skipping save
No changes detected in 'C:\mr-coding-tutor-unity\data\P13-VC\main_P13-VC.py', skipping save
No changes detected in 'C:\mr-coding-tutor-unity\data\P13-VC\main_P13-VC.py', skipping save
No changes detected in 'C:\mr-coding-tutor-unity\data\P13-VC\main_P13-VC.py', skipping save
No changes detected in 'C:\mr-coding-tutor-unity\data\P13-VC\main_P13-VC.py', skipping save
No changes detected in 'C:\mr-coding-tutor-unity\data\P13-VC\main_P13-VC.py', skipping save
No changes detected in 'C:\mr-coding-tutor-unity\data\P13-VC\main_P13-VC.py', skipping save
No changes detected in 'C:\mr-coding-tutor-unity\data\P13-VC\main_P13-VC.py', skipping save
No changes detected in 'C:\mr-coding-tutor-unity\data\P13-VC\main_P13-VC.py', skipping save
No changes detected in 'C:\mr-coding-tutor-unity\data\P13-VC\main_P13-VC.py', skipping save
No changes detected in 'C:\mr-coding-tutor-unity\data\P13-VC\main_P13-VC.py', skipping save
No changes detected in 'C:\mr-coding-tutor-unity\data\P13-VC\main_P13-VC.py', skipping save
No changes detected in 'C:\mr-coding-tutor-unity\data\P13-VC\main_P13-VC.py', skipping save
No changes detected in 'C:\mr-coding-tutor-unity\data\P13-VC\main_P13-VC.py', skipping save
No changes detected in 'C:\mr-coding-tutor-unity\data\P13-VC\main_P13-VC.py', skipping save
No changes detected in 'C:\mr-coding-tutor-unity\data\P13-VC\main_P13-VC.py', skipping save
No changes detected in 'C:\mr-coding-tutor-unity\data\P13-VC\main_P13-VC.py', skipping save
No changes detected in 'C:\mr-coding-tutor-unity\data\P13-VC\main_P13-VC.py', skipping save
No changes detected in 'C:\mr-coding-tutor-unity\data\P13-VC\main_P13-VC.py', skipping save
No changes detected in 'C:\mr-coding-tutor-unity\data\P13-VC\main_P13-VC.py', skipping save
No changes detected in 'C:\mr-coding-tutor-unity\data\P13-VC\main_P13-VC.py', skipping save
No changes detected in 'C:\mr-coding-tutor-unity\data\P13-VC\main_P13-VC.py', skipping save
No changes detected in 'C:\mr-coding-tutor-unity\data\P13-VC\main_P13-VC.py', skipping save
No changes detected in 'C:\mr-coding-tutor-unity\data\P13-VC\main_P13-VC.py', skipping save
No changes detected in 'C:\mr-coding-tutor-unity\data\P13-VC\main_P13-VC.py', skipping save
No changes detected in 'C:\mr-coding-tutor-unity\data\P13-VC\main_P13-VC.py', skipping save
No changes detected in 'C:\mr-coding-tutor-unity\data\P13-VC\main_P13-VC.py', skipping save
No changes detected in 'C:\mr-coding-tutor-unity\data\P13-VC\main_P13-VC.py', skipping save
No changes detected in 'C:\mr-coding-tutor-unity\data\P13-VC\main_P13-VC.py', skipping save
No changes detected in 'C:\mr-coding-tutor-unity\data\P13-VC\main_P13-VC.py', skipping save
No changes detected in 'C:\mr-coding-tutor-unity\data\P13-VC\main_P13-VC.py', skipping save
No changes detected in 'C:\mr-coding-tutor-unity\data\P13-VC\main_P13-VC.py', skipping save
No changes detected in 'C:\mr-coding-tutor-unity\data\P13-VC\main_P13-VC.py', skipping save
No changes detected in 'C:\mr-coding-tutor-unity\data\P13-VC\main_P13-VC.py', skipping save
No changes detected in 'C:\mr-coding-tutor-unity\data\P13-VC\main_P13-VC.py', skipping save
No changes detected in 'C:\mr-coding-tutor-unity\data\P13-VC\main_P13-VC.py', skipping save
No changes detected in 'C:\mr-coding-tutor-unity\data\P13-VC\main_P13-VC.py', skipping save
No changes detected in 'C:\mr-coding-tutor-unity\data\P13-VC\main_P13-VC.py', skipping save
No changes detected in 'C:\mr-coding-tutor-unity\data\P13-VC\main_P13-VC.py', skipping save
No changes detected in 'C:\mr-coding-tutor-unity\data\P13-VC\main_P13-VC.py', skipping save
No changes detected in 'C:\mr-coding-tutor-unity\data\P13-VC\main_P13-VC.py', skipping save
No changes detected in 'C:\mr-coding-tutor-unity\data\P13-VC\main_P13-VC.py', skipping save
No changes detected in 'C:\mr-coding-tutor-unity\data\P13-VC\main_P13-VC.py', skipping save
No changes detected in 'C:\mr-coding-tutor-unity\data\P13-VC\main_P13-VC.py', skipping save
No changes detected in 'C:\mr-coding-tutor-unity\data\P13-VC\main_P13-VC.py', skipping save
No changes detected in 'C:\mr-coding-tutor-unity\data\P13-VC\main_P13-VC.py', skipping save
No changes detected in 'C:\mr-coding-tutor-unity\data\P13-VC\main_P13-VC.py', skipping save
No changes detected in 'C:\mr-coding-tutor-unity\data\P13-VC\main_P13-VC.py', skipping save
No changes detected in 'C:\mr-coding-tutor-unity\data\P13-VC\main_P13-VC.py', skipping save
No changes detected in 'C:\mr-coding-tutor-unity\data\P13-VC\main_P13-VC.py', skipping save
No changes detected in 'C:\mr-coding-tutor-unity\data\P13-VC\main_P13-VC.py', skipping save
No changes detected in 'C:\mr-coding-tutor-unity\data\P13-VC\main_P13-VC.py', skipping save
No changes detected in 'C:\mr-coding-tutor-unity\data\P13-VC\main_P13-VC.py', skipping save
No changes detected in 'C:\mr-coding-tutor-unity\data\P13-VC\main_P13-VC.py', skipping save
No changes detected in 'C:\mr-coding-tutor-unity\data\P13-VC\main_P13-VC.py', skipping save
No changes detected in 'C:\mr-coding-tutor-unity\data\P13-VC\main_P13-VC.py', skipping save
No changes detected in 'C:\mr-coding-tutor-unity\data\P13-VC\main_P13-VC.py', skipping save
No changes detected in 'C:\mr-coding-tutor-unity\data\P13-VC\main_P13-VC.py', skipping save
No changes detected in 'C:\mr-coding-tutor-unity\data\P13-VC\main_P13-VC.py', skipping save
No changes detected in 'C:\mr-coding-tutor-unity\data\P13-VC\main_P13-VC.py', skipping save
No changes detected in 'C:\mr-coding-tutor-unity\data\P13-VC\main_P13-VC.py', skipping save
No changes detected in 'C:\mr-coding-tutor-unity\data\P13-VC\main_P13-VC.py', skipping save
No changes detected in 'C:\mr-coding-tutor-unity\data\P13-VC\main_P13-VC.py', skipping save
No changes detected in 'C:\mr-coding-tutor-unity\data\P13-VC\main_P13-VC.py', skipping save
No changes detected in 'C:\mr-coding-tutor-unity\data\P13-VC\main_P13-VC.py', skipping save
No changes detected in 'C:\mr-coding-tutor-unity\data\P13-VC\main_P13-VC.py', skipping save
No changes detected in 'C:\mr-coding-tutor-unity\data\P13-VC\main_P13-VC.py', skipping save
No changes detected in 'C:\mr-coding-tutor-unity\data\P13-VC\main_P13-VC.py', skipping save
No changes detected in 'C:\mr-coding-tutor-unity\data\P13-VC\main_P13-VC.py', skipping save
No changes detected in 'C:\mr-coding-tutor-unity\data\P13-VC\main_P13-VC.py', skipping save
No changes detected in 'C:\mr-coding-tutor-unity\data\P13-VC\main_P13-VC.py', skipping save
No changes detected in 'C:\mr-coding-tutor-unity\data\P13-VC\main_P13-VC.py', skipping save
No changes detected in 'C:\mr-coding-tutor-unity\data\P13-VC\main_P13-VC.py', skipping save
No changes detected in 'C:\mr-coding-tutor-unity\data\P13-VC\main_P13-VC.py', skipping save
No changes detected in 'C:\mr-coding-tutor-unity\data\P13-VC\main_P13-VC.py', skipping save
No changes detected in 'C:\mr-coding-tutor-unity\data\P13-VC\main_P13-VC.py', skipping save
No changes detected in 'C:\mr-coding-tutor-unity\data\P13-VC\main_P13-VC.py', skipping save
No changes detected in 'C:\mr-coding-tutor-unity\data\P13-VC\main_P13-VC.py', skipping save
No changes detected in 'C:\mr-coding-tutor-unity\data\P13-VC\main_P13-VC.py', skipping save
No changes detected in 'C:\mr-coding-tutor-unity\data\P13-VC\main_P13-VC.py', skipping save
No changes detected in 'C:\mr-coding-tutor-unity\data\P13-VC\main_P13-VC.py', skipping save
No changes detected in 'C:\mr-coding-tutor-unity\data\P13-VC\main_P13-VC.py', skipping save
No changes detected in 'C:\mr-coding-tutor-unity\data\P13-VC\main_P13-VC.py', skipping save
No changes detected in 'C:\mr-coding-tutor-unity\data\P13-VC\main_P13-VC.py', skipping save
No changes detected in 'C:\mr-coding-tutor-unity\data\P13-VC\main_P13-VC.py', skipping save
No changes detected in 'C:\mr-coding-tutor-unity\data\P13-VC\main_P13-VC.py', skipping save
No changes detected in 'C:\mr-coding-tutor-unity\data\P13-VC\main_P13-VC.py', skipping save
No changes detected in 'C:\mr-coding-tutor-unity\data\P13-VC\main_P13-VC.py', skipping save
No changes detected in 'C:\mr-coding-tutor-unity\data\P13-VC\main_P13-VC.py', skipping save
No changes detected in 'C:\mr-coding-tutor-unity\data\P13-VC\main_P13-VC.py', skipping save
No changes detected in 'C:\mr-coding-tutor-unity\data\P13-VC\main_P13-VC.py', skipping save
No changes detected in 'C:\mr-coding-tutor-unity\data\P13-VC\main_P13-VC.py', skipping save
No changes detected in 'C:\mr-coding-tutor-unity\data\P13-VC\main_P13-VC.py', skipping save
No changes detected in 'C:\mr-coding-tutor-unity\data\P13-VC\main_P13-VC.py', skipping save
No changes detected in 'C:\mr-coding-tutor-unity\data\P13-VC\main_P13-VC.py', skipping save
No changes detected in 'C:\mr-coding-tutor-unity\data\P13-VC\main_P13-VC.py', skipping save
No changes detected in 'C:\mr-coding-tutor-unity\data\P13-VC\main_P13-VC.py', skipping save
No changes detected in 'C:\mr-coding-tutor-unity\data\P13-VC\main_P13-VC.py', skipping save
No changes detected in 'C:\mr-coding-tutor-unity\data\P13-VC\main_P13-VC.py', skipping save
No changes detected in 'C:\mr-coding-tutor-unity\data\P13-VC\main_P13-VC.py', skipping save
No changes detected in 'C:\mr-coding-tutor-unity\data\P13-VC\main_P13-VC.py', skipping save
No changes detected in 'C:\mr-coding-tutor-unity\data\P13-VC\main_P13-VC.py', skipping save
Content changed, saved copy to: C:\mr-coding-tutor-unity\data\P13-VC\period\20250715_143716_main_P13-VC.py
No changes detected in 'C:\mr-coding-tutor-unity\data\P13-VC\main_P13-VC.py', skipping save
Content changed, saved copy to: C:\mr-coding-tutor-unity\data\P13-VC\period\20250715_143718_main_P13-VC.py
No changes detected in 'C:\mr-coding-tutor-unity\data\P13-VC\main_P13-VC.py', skipping save
No changes detected in 'C:\mr-coding-tutor-unity\data\P13-VC\main_P13-VC.py', skipping save
No changes detected in 'C:\mr-coding-tutor-unity\data\P13-VC\main_P13-VC.py', skipping save
No changes detected in 'C:\mr-coding-tutor-unity\data\P13-VC\main_P13-VC.py', skipping save
No changes detected in 'C:\mr-coding-tutor-unity\data\P13-VC\main_P13-VC.py', skipping save
No changes detected in 'C:\mr-coding-tutor-unity\data\P13-VC\main_P13-VC.py', skipping save
Content changed, saved copy to: C:\mr-coding-tutor-unity\data\P13-VC\period\20250715_143725_main_P13-VC.py
No changes detected in 'C:\mr-coding-tutor-unity\data\P13-VC\main_P13-VC.py', skipping save
No changes detected in 'C:\mr-coding-tutor-unity\data\P13-VC\main_P13-VC.py', skipping save
No changes detected in 'C:\mr-coding-tutor-unity\data\P13-VC\main_P13-VC.py', skipping save
Content changed, saved copy to: C:\mr-coding-tutor-unity\data\P13-VC\period\20250715_143729_main_P13-VC.py
No changes detected in 'C:\mr-coding-tutor-unity\data\P13-VC\main_P13-VC.py', skipping save
No changes detected in 'C:\mr-coding-tutor-unity\data\P13-VC\main_P13-VC.py', skipping save
No changes detected in 'C:\mr-coding-tutor-unity\data\P13-VC\main_P13-VC.py', skipping save
No changes detected in 'C:\mr-coding-tutor-unity\data\P13-VC\main_P13-VC.py', skipping save
No changes detected in 'C:\mr-coding-tutor-unity\data\P13-VC\main_P13-VC.py', skipping save
No changes detected in 'C:\mr-coding-tutor-unity\data\P13-VC\main_P13-VC.py', skipping save
No changes detected in 'C:\mr-coding-tutor-unity\data\P13-VC\main_P13-VC.py', skipping save
No changes detected in 'C:\mr-coding-tutor-unity\data\P13-VC\main_P13-VC.py', skipping save
No changes detected in 'C:\mr-coding-tutor-unity\data\P13-VC\main_P13-VC.py', skipping save
No changes detected in 'C:\mr-coding-tutor-unity\data\P13-VC\main_P13-VC.py', skipping save
No changes detected in 'C:\mr-coding-tutor-unity\data\P13-VC\main_P13-VC.py', skipping save
No changes detected in 'C:\mr-coding-tutor-unity\data\P13-VC\main_P13-VC.py', skipping save
No changes detected in 'C:\mr-coding-tutor-unity\data\P13-VC\main_P13-VC.py', skipping save
No changes detected in 'C:\mr-coding-tutor-unity\data\P13-VC\main_P13-VC.py', skipping save
No changes detected in 'C:\mr-coding-tutor-unity\data\P13-VC\main_P13-VC.py', skipping save
No changes detected in 'C:\mr-coding-tutor-unity\data\P13-VC\main_P13-VC.py', skipping save
No changes detected in 'C:\mr-coding-tutor-unity\data\P13-VC\main_P13-VC.py', skipping save
No changes detected in 'C:\mr-coding-tutor-unity\data\P13-VC\main_P13-VC.py', skipping save
No changes detected in 'C:\mr-coding-tutor-unity\data\P13-VC\main_P13-VC.py', skipping save
No changes detected in 'C:\mr-coding-tutor-unity\data\P13-VC\main_P13-VC.py', skipping save
No changes detected in 'C:\mr-coding-tutor-unity\data\P13-VC\main_P13-VC.py', skipping save
No changes detected in 'C:\mr-coding-tutor-unity\data\P13-VC\main_P13-VC.py', skipping save
No changes detected in 'C:\mr-coding-tutor-unity\data\P13-VC\main_P13-VC.py', skipping save
No changes detected in 'C:\mr-coding-tutor-unity\data\P13-VC\main_P13-VC.py', skipping save
No changes detected in 'C:\mr-coding-tutor-unity\data\P13-VC\main_P13-VC.py', skipping save
No changes detected in 'C:\mr-coding-tutor-unity\data\P13-VC\main_P13-VC.py', skipping save
No changes detected in 'C:\mr-coding-tutor-unity\data\P13-VC\main_P13-VC.py', skipping save
No changes detected in 'C:\mr-coding-tutor-unity\data\P13-VC\main_P13-VC.py', skipping save
No changes detected in 'C:\mr-coding-tutor-unity\data\P13-VC\main_P13-VC.py', skipping save
No changes detected in 'C:\mr-coding-tutor-unity\data\P13-VC\main_P13-VC.py', skipping save
No changes detected in 'C:\mr-coding-tutor-unity\data\P13-VC\main_P13-VC.py', skipping save
No changes detected in 'C:\mr-coding-tutor-unity\data\P13-VC\main_P13-VC.py', skipping save
No changes detected in 'C:\mr-coding-tutor-unity\data\P13-VC\main_P13-VC.py', skipping save
No changes detected in 'C:\mr-coding-tutor-unity\data\P13-VC\main_P13-VC.py', skipping save
No changes detected in 'C:\mr-coding-tutor-unity\data\P13-VC\main_P13-VC.py', skipping save
No changes detected in 'C:\mr-coding-tutor-unity\data\P13-VC\main_P13-VC.py', skipping save
No changes detected in 'C:\mr-coding-tutor-unity\data\P13-VC\main_P13-VC.py', skipping save
No changes detected in 'C:\mr-coding-tutor-unity\data\P13-VC\main_P13-VC.py', skipping save
No changes detected in 'C:\mr-coding-tutor-unity\data\P13-VC\main_P13-VC.py', skipping save
No changes detected in 'C:\mr-coding-tutor-unity\data\P13-VC\main_P13-VC.py', skipping save
No changes detected in 'C:\mr-coding-tutor-unity\data\P13-VC\main_P13-VC.py', skipping save
No changes detected in 'C:\mr-coding-tutor-unity\data\P13-VC\main_P13-VC.py', skipping save
No changes detected in 'C:\mr-coding-tutor-unity\data\P13-VC\main_P13-VC.py', skipping save
No changes detected in 'C:\mr-coding-tutor-unity\data\P13-VC\main_P13-VC.py', skipping save
No changes detected in 'C:\mr-coding-tutor-unity\data\P13-VC\main_P13-VC.py', skipping save
No changes detected in 'C:\mr-coding-tutor-unity\data\P13-VC\main_P13-VC.py', skipping save
No changes detected in 'C:\mr-coding-tutor-unity\data\P13-VC\main_P13-VC.py', skipping save
No changes detected in 'C:\mr-coding-tutor-unity\data\P13-VC\main_P13-VC.py', skipping save
No changes detected in 'C:\mr-coding-tutor-unity\data\P13-VC\main_P13-VC.py', skipping save
No changes detected in 'C:\mr-coding-tutor-unity\data\P13-VC\main_P13-VC.py', skipping save
No changes detected in 'C:\mr-coding-tutor-unity\data\P13-VC\main_P13-VC.py', skipping save
No changes detected in 'C:\mr-coding-tutor-unity\data\P13-VC\main_P13-VC.py', skipping save
No changes detected in 'C:\mr-coding-tutor-unity\data\P13-VC\main_P13-VC.py', skipping save
No changes detected in 'C:\mr-coding-tutor-unity\data\P13-VC\main_P13-VC.py', skipping save
No changes detected in 'C:\mr-coding-tutor-unity\data\P13-VC\main_P13-VC.py', skipping save
Content changed, saved copy to: C:\mr-coding-tutor-unity\data\P13-VC\period\20250715_143825_main_P13-VC.py
Content changed, saved copy to: C:\mr-coding-tutor-unity\data\P13-VC\period\20250715_143826_main_P13-VC.py
Content changed, saved copy to: C:\mr-coding-tutor-unity\data\P13-VC\period\20250715_143827_main_P13-VC.py
No changes detected in 'C:\mr-coding-tutor-unity\data\P13-VC\main_P13-VC.py', skipping save
No changes detected in 'C:\mr-coding-tutor-unity\data\P13-VC\main_P13-VC.py', skipping save
No changes detected in 'C:\mr-coding-tutor-unity\data\P13-VC\main_P13-VC.py', skipping save
Content changed, saved copy to: C:\mr-coding-tutor-unity\data\P13-VC\period\20250715_143831_main_P13-VC.py
Content changed, saved copy to: C:\mr-coding-tutor-unity\data\P13-VC\period\20250715_143832_main_P13-VC.py
No changes detected in 'C:\mr-coding-tutor-unity\data\P13-VC\main_P13-VC.py', skipping save
No changes detected in 'C:\mr-coding-tutor-unity\data\P13-VC\main_P13-VC.py', skipping save
No changes detected in 'C:\mr-coding-tutor-unity\data\P13-VC\main_P13-VC.py', skipping save
Content changed, saved copy to: C:\mr-coding-tutor-unity\data\P13-VC\period\20250715_143836_main_P13-VC.py
No changes detected in 'C:\mr-coding-tutor-unity\data\P13-VC\main_P13-VC.py', skipping save
Content changed, saved copy to: C:\mr-coding-tutor-unity\data\P13-VC\period\20250715_143838_main_P13-VC.py
No changes detected in 'C:\mr-coding-tutor-unity\data\P13-VC\main_P13-VC.py', skipping save
No changes detected in 'C:\mr-coding-tutor-unity\data\P13-VC\main_P13-VC.py', skipping save
No changes detected in 'C:\mr-coding-tutor-unity\data\P13-VC\main_P13-VC.py', skipping save
No changes detected in 'C:\mr-coding-tutor-unity\data\P13-VC\main_P13-VC.py', skipping save
No changes detected in 'C:\mr-coding-tutor-unity\data\P13-VC\main_P13-VC.py', skipping save
No changes detected in 'C:\mr-coding-tutor-unity\data\P13-VC\main_P13-VC.py', skipping save
No changes detected in 'C:\mr-coding-tutor-unity\data\P13-VC\main_P13-VC.py', skipping save
No changes detected in 'C:\mr-coding-tutor-unity\data\P13-VC\main_P13-VC.py', skipping save
No changes detected in 'C:\mr-coding-tutor-unity\data\P13-VC\main_P13-VC.py', skipping save
Content changed, saved copy to: C:\mr-coding-tutor-unity\data\P13-VC\period\20250715_143849_main_P13-VC.py
No changes detected in 'C:\mr-coding-tutor-unity\data\P13-VC\main_P13-VC.py', skipping save
No changes detected in 'C:\mr-coding-tutor-unity\data\P13-VC\main_P13-VC.py', skipping save
No changes detected in 'C:\mr-coding-tutor-unity\data\P13-VC\main_P13-VC.py', skipping save
Content changed, saved copy to: C:\mr-coding-tutor-unity\data\P13-VC\period\20250715_143853_main_P13-VC.py
No changes detected in 'C:\mr-coding-tutor-unity\data\P13-VC\main_P13-VC.py', skipping save
No changes detected in 'C:\mr-coding-tutor-unity\data\P13-VC\main_P13-VC.py', skipping save
No changes detected in 'C:\mr-coding-tutor-unity\data\P13-VC\main_P13-VC.py', skipping save
No changes detected in 'C:\mr-coding-tutor-unity\data\P13-VC\main_P13-VC.py', skipping save
No changes detected in 'C:\mr-coding-tutor-unity\data\P13-VC\main_P13-VC.py', skipping save
No changes detected in 'C:\mr-coding-tutor-unity\data\P13-VC\main_P13-VC.py', skipping save
No changes detected in 'C:\mr-coding-tutor-unity\data\P13-VC\main_P13-VC.py', skipping save
No changes detected in 'C:\mr-coding-tutor-unity\data\P13-VC\main_P13-VC.py', skipping save
Content changed, saved copy to: C:\mr-coding-tutor-unity\data\P13-VC\period\20250715_143902_main_P13-VC.py
No changes detected in 'C:\mr-coding-tutor-unity\data\P13-VC\main_P13-VC.py', skipping save
No changes detected in 'C:\mr-coding-tutor-unity\data\P13-VC\main_P13-VC.py', skipping save
Content changed, saved copy to: C:\mr-coding-tutor-unity\data\P13-VC\period\20250715_143905_main_P13-VC.py
No changes detected in 'C:\mr-coding-tutor-unity\data\P13-VC\main_P13-VC.py', skipping save
Content changed, saved copy to: C:\mr-coding-tutor-unity\data\P13-VC\period\20250715_143907_main_P13-VC.py
No changes detected in 'C:\mr-coding-tutor-unity\data\P13-VC\main_P13-VC.py', skipping save
No changes detected in 'C:\mr-coding-tutor-unity\data\P13-VC\main_P13-VC.py', skipping save
No changes detected in 'C:\mr-coding-tutor-unity\data\P13-VC\main_P13-VC.py', skipping save
No changes detected in 'C:\mr-coding-tutor-unity\data\P13-VC\main_P13-VC.py', skipping save
Content changed, saved copy to: C:\mr-coding-tutor-unity\data\P13-VC\period\20250715_143912_main_P13-VC.py
Content changed, saved copy to: C:\mr-coding-tutor-unity\data\P13-VC\period\20250715_143913_main_P13-VC.py
No changes detected in 'C:\mr-coding-tutor-unity\data\P13-VC\main_P13-VC.py', skipping save
No changes detected in 'C:\mr-coding-tutor-unity\data\P13-VC\main_P13-VC.py', skipping save
No changes detected in 'C:\mr-coding-tutor-unity\data\P13-VC\main_P13-VC.py', skipping save
Content changed, saved copy to: C:\mr-coding-tutor-unity\data\P13-VC\period\20250715_143917_main_P13-VC.py
Content changed, saved copy to: C:\mr-coding-tutor-unity\data\P13-VC\period\20250715_143918_main_P13-VC.py
No changes detected in 'C:\mr-coding-tutor-unity\data\P13-VC\main_P13-VC.py', skipping save
No changes detected in 'C:\mr-coding-tutor-unity\data\P13-VC\main_P13-VC.py', skipping save
No changes detected in 'C:\mr-coding-tutor-unity\data\P13-VC\main_P13-VC.py', skipping save
Content changed, saved copy to: C:\mr-coding-tutor-unity\data\P13-VC\period\20250715_143922_main_P13-VC.py
Content changed, saved copy to: C:\mr-coding-tutor-unity\data\P13-VC\period\20250715_143923_main_P13-VC.py
No changes detected in 'C:\mr-coding-tutor-unity\data\P13-VC\main_P13-VC.py', skipping save
No changes detected in 'C:\mr-coding-tutor-unity\data\P13-VC\main_P13-VC.py', skipping save
No changes detected in 'C:\mr-coding-tutor-unity\data\P13-VC\main_P13-VC.py', skipping save
No changes detected in 'C:\mr-coding-tutor-unity\data\P13-VC\main_P13-VC.py', skipping save
No changes detected in 'C:\mr-coding-tutor-unity\data\P13-VC\main_P13-VC.py', skipping save
No changes detected in 'C:\mr-coding-tutor-unity\data\P13-VC\main_P13-VC.py', skipping save
No changes detected in 'C:\mr-coding-tutor-unity\data\P13-VC\main_P13-VC.py', skipping save
No changes detected in 'C:\mr-coding-tutor-unity\data\P13-VC\main_P13-VC.py', skipping save
No changes detected in 'C:\mr-coding-tutor-unity\data\P13-VC\main_P13-VC.py', skipping save
Content changed, saved copy to: C:\mr-coding-tutor-unity\data\P13-VC\period\20250715_143933_main_P13-VC.py
No changes detected in 'C:\mr-coding-tutor-unity\data\P13-VC\main_P13-VC.py', skipping save
No changes detected in 'C:\mr-coding-tutor-unity\data\P13-VC\main_P13-VC.py', skipping save
No changes detected in 'C:\mr-coding-tutor-unity\data\P13-VC\main_P13-VC.py', skipping save
Content changed, saved copy to: C:\mr-coding-tutor-unity\data\P13-VC\period\20250715_143937_main_P13-VC.py
No changes detected in 'C:\mr-coding-tutor-unity\data\P13-VC\main_P13-VC.py', skipping save
No changes detected in 'C:\mr-coding-tutor-unity\data\P13-VC\main_P13-VC.py', skipping save
No changes detected in 'C:\mr-coding-tutor-unity\data\P13-VC\main_P13-VC.py', skipping save
No changes detected in 'C:\mr-coding-tutor-unity\data\P13-VC\main_P13-VC.py', skipping save
No changes detected in 'C:\mr-coding-tutor-unity\data\P13-VC\main_P13-VC.py', skipping save
Content changed, saved copy to: C:\mr-coding-tutor-unity\data\P13-VC\period\20250715_143943_main_P13-VC.py
No changes detected in 'C:\mr-coding-tutor-unity\data\P13-VC\main_P13-VC.py', skipping save
Content changed, saved copy to: C:\mr-coding-tutor-unity\data\P13-VC\period\20250715_143945_main_P13-VC.py
No changes detected in 'C:\mr-coding-tutor-unity\data\P13-VC\main_P13-VC.py', skipping save
No changes detected in 'C:\mr-coding-tutor-unity\data\P13-VC\main_P13-VC.py', skipping save
No changes detected in 'C:\mr-coding-tutor-unity\data\P13-VC\main_P13-VC.py', skipping save
Content changed, saved copy to: C:\mr-coding-tutor-unity\data\P13-VC\period\20250715_143949_main_P13-VC.py
No changes detected in 'C:\mr-coding-tutor-unity\data\P13-VC\main_P13-VC.py', skipping save
No changes detected in 'C:\mr-coding-tutor-unity\data\P13-VC\main_P13-VC.py', skipping save
No changes detected in 'C:\mr-coding-tutor-unity\data\P13-VC\main_P13-VC.py', skipping save
No changes detected in 'C:\mr-coding-tutor-unity\data\P13-VC\main_P13-VC.py', skipping save
No changes detected in 'C:\mr-coding-tutor-unity\data\P13-VC\main_P13-VC.py', skipping save
No changes detected in 'C:\mr-coding-tutor-unity\data\P13-VC\main_P13-VC.py', skipping save
No changes detected in 'C:\mr-coding-tutor-unity\data\P13-VC\main_P13-VC.py', skipping save
Content changed, saved copy to: C:\mr-coding-tutor-unity\data\P13-VC\period\20250715_143957_main_P13-VC.py
No changes detected in 'C:\mr-coding-tutor-unity\data\P13-VC\main_P13-VC.py', skipping save
No changes detected in 'C:\mr-coding-tutor-unity\data\P13-VC\main_P13-VC.py', skipping save
No changes detected in 'C:\mr-coding-tutor-unity\data\P13-VC\main_P13-VC.py', skipping save
No changes detected in 'C:\mr-coding-tutor-unity\data\P13-VC\main_P13-VC.py', skipping save
No changes detected in 'C:\mr-coding-tutor-unity\data\P13-VC\main_P13-VC.py', skipping save
Content changed, saved copy to: C:\mr-coding-tutor-unity\data\P13-VC\period\20250715_144003_main_P13-VC.py
No changes detected in 'C:\mr-coding-tutor-unity\data\P13-VC\main_P13-VC.py', skipping save
No changes detected in 'C:\mr-coding-tutor-unity\data\P13-VC\main_P13-VC.py', skipping save
No changes detected in 'C:\mr-coding-tutor-unity\data\P13-VC\main_P13-VC.py', skipping save
No changes detected in 'C:\mr-coding-tutor-unity\data\P13-VC\main_P13-VC.py', skipping save
No changes detected in 'C:\mr-coding-tutor-unity\data\P13-VC\main_P13-VC.py', skipping save
Content changed, saved copy to: C:\mr-coding-tutor-unity\data\P13-VC\period\20250715_144009_main_P13-VC.py
No changes detected in 'C:\mr-coding-tutor-unity\data\P13-VC\main_P13-VC.py', skipping save
No changes detected in 'C:\mr-coding-tutor-unity\data\P13-VC\main_P13-VC.py', skipping save
Content changed, saved copy to: C:\mr-coding-tutor-unity\data\P13-VC\period\20250715_144012_main_P13-VC.py
Content changed, saved copy to: C:\mr-coding-tutor-unity\data\P13-VC\period\20250715_144013_main_P13-VC.py
No changes detected in 'C:\mr-coding-tutor-unity\data\P13-VC\main_P13-VC.py', skipping save
No changes detected in 'C:\mr-coding-tutor-unity\data\P13-VC\main_P13-VC.py', skipping save
Content changed, saved copy to: C:\mr-coding-tutor-unity\data\P13-VC\period\20250715_144016_main_P13-VC.py
No changes detected in 'C:\mr-coding-tutor-unity\data\P13-VC\main_P13-VC.py', skipping save
No changes detected in 'C:\mr-coding-tutor-unity\data\P13-VC\main_P13-VC.py', skipping save
No changes detected in 'C:\mr-coding-tutor-unity\data\P13-VC\main_P13-VC.py', skipping save
Content changed, saved copy to: C:\mr-coding-tutor-unity\data\P13-VC\period\20250715_144020_main_P13-VC.py
No changes detected in 'C:\mr-coding-tutor-unity\data\P13-VC\main_P13-VC.py', skipping save
Content changed, saved copy to: C:\mr-coding-tutor-unity\data\P13-VC\period\20250715_144022_main_P13-VC.py
No changes detected in 'C:\mr-coding-tutor-unity\data\P13-VC\main_P13-VC.py', skipping save
No changes detected in 'C:\mr-coding-tutor-unity\data\P13-VC\main_P13-VC.py', skipping save
No changes detected in 'C:\mr-coding-tutor-unity\data\P13-VC\main_P13-VC.py', skipping save
No changes detected in 'C:\mr-coding-tutor-unity\data\P13-VC\main_P13-VC.py', skipping save
No changes detected in 'C:\mr-coding-tutor-unity\data\P13-VC\main_P13-VC.py', skipping save
No changes detected in 'C:\mr-coding-tutor-unity\data\P13-VC\main_P13-VC.py', skipping save
No changes detected in 'C:\mr-coding-tutor-unity\data\P13-VC\main_P13-VC.py', skipping save
No changes detected in 'C:\mr-coding-tutor-unity\data\P13-VC\main_P13-VC.py', skipping save
No changes detected in 'C:\mr-coding-tutor-unity\data\P13-VC\main_P13-VC.py', skipping save
Content changed, saved copy to: C:\mr-coding-tutor-unity\data\P13-VC\period\20250715_144032_main_P13-VC.py
No changes detected in 'C:\mr-coding-tutor-unity\data\P13-VC\main_P13-VC.py', skipping save
No changes detected in 'C:\mr-coding-tutor-unity\data\P13-VC\main_P13-VC.py', skipping save
No changes detected in 'C:\mr-coding-tutor-unity\data\P13-VC\main_P13-VC.py', skipping save
No changes detected in 'C:\mr-coding-tutor-unity\data\P13-VC\main_P13-VC.py', skipping save
No changes detected in 'C:\mr-coding-tutor-unity\data\P13-VC\main_P13-VC.py', skipping save
No changes detected in 'C:\mr-coding-tutor-unity\data\P13-VC\main_P13-VC.py', skipping save
No changes detected in 'C:\mr-coding-tutor-unity\data\P13-VC\main_P13-VC.py', skipping save
Content changed, saved copy to: C:\mr-coding-tutor-unity\data\P13-VC\period\20250715_144040_main_P13-VC.py
Content changed, saved copy to: C:\mr-coding-tutor-unity\data\P13-VC\period\20250715_144041_main_P13-VC.py
No changes detected in 'C:\mr-coding-tutor-unity\data\P13-VC\main_P13-VC.py', skipping save
No changes detected in 'C:\mr-coding-tutor-unity\data\P13-VC\main_P13-VC.py', skipping save
Content changed, saved copy to: C:\mr-coding-tutor-unity\data\P13-VC\period\20250715_144044_main_P13-VC.py
No changes detected in 'C:\mr-coding-tutor-unity\data\P13-VC\main_P13-VC.py', skipping save
Content changed, saved copy to: C:\mr-coding-tutor-unity\data\P13-VC\period\20250715_144046_main_P13-VC.py
No changes detected in 'C:\mr-coding-tutor-unity\data\P13-VC\main_P13-VC.py', skipping save
Content changed, saved copy to: C:\mr-coding-tutor-unity\data\P13-VC\period\20250715_144048_main_P13-VC.py
No changes detected in 'C:\mr-coding-tutor-unity\data\P13-VC\main_P13-VC.py', skipping save
No changes detected in 'C:\mr-coding-tutor-unity\data\P13-VC\main_P13-VC.py', skipping save
No changes detected in 'C:\mr-coding-tutor-unity\data\P13-VC\main_P13-VC.py', skipping save
No changes detected in 'C:\mr-coding-tutor-unity\data\P13-VC\main_P13-VC.py', skipping save
No changes detected in 'C:\mr-coding-tutor-unity\data\P13-VC\main_P13-VC.py', skipping save
No changes detected in 'C:\mr-coding-tutor-unity\data\P13-VC\main_P13-VC.py', skipping save
No changes detected in 'C:\mr-coding-tutor-unity\data\P13-VC\main_P13-VC.py', skipping save
No changes detected in 'C:\mr-coding-tutor-unity\data\P13-VC\main_P13-VC.py', skipping save
Content changed, saved copy to: C:\mr-coding-tutor-unity\data\P13-VC\period\20250715_144057_main_P13-VC.py
No changes detected in 'C:\mr-coding-tutor-unity\data\P13-VC\main_P13-VC.py', skipping save
No changes detected in 'C:\mr-coding-tutor-unity\data\P13-VC\main_P13-VC.py', skipping save
No changes detected in 'C:\mr-coding-tutor-unity\data\P13-VC\main_P13-VC.py', skipping save
No changes detected in 'C:\mr-coding-tutor-unity\data\P13-VC\main_P13-VC.py', skipping save
No changes detected in 'C:\mr-coding-tutor-unity\data\P13-VC\main_P13-VC.py', skipping save
No changes detected in 'C:\mr-coding-tutor-unity\data\P13-VC\main_P13-VC.py', skipping save
No changes detected in 'C:\mr-coding-tutor-unity\data\P13-VC\main_P13-VC.py', skipping save
No changes detected in 'C:\mr-coding-tutor-unity\data\P13-VC\main_P13-VC.py', skipping save
No changes detected in 'C:\mr-coding-tutor-unity\data\P13-VC\main_P13-VC.py', skipping save
No changes detected in 'C:\mr-coding-tutor-unity\data\P13-VC\main_P13-VC.py', skipping save
No changes detected in 'C:\mr-coding-tutor-unity\data\P13-VC\main_P13-VC.py', skipping save
No changes detected in 'C:\mr-coding-tutor-unity\data\P13-VC\main_P13-VC.py', skipping save
No changes detected in 'C:\mr-coding-tutor-unity\data\P13-VC\main_P13-VC.py', skipping save
No changes detected in 'C:\mr-coding-tutor-unity\data\P13-VC\main_P13-VC.py', skipping save
No changes detected in 'C:\mr-coding-tutor-unity\data\P13-VC\main_P13-VC.py', skipping save
No changes detected in 'C:\mr-coding-tutor-unity\data\P13-VC\main_P13-VC.py', skipping save
No changes detected in 'C:\mr-coding-tutor-unity\data\P13-VC\main_P13-VC.py', skipping save
No changes detected in 'C:\mr-coding-tutor-unity\data\P13-VC\main_P13-VC.py', skipping save
No changes detected in 'C:\mr-coding-tutor-unity\data\P13-VC\main_P13-VC.py', skipping save
No changes detected in 'C:\mr-coding-tutor-unity\data\P13-VC\main_P13-VC.py', skipping save
No changes detected in 'C:\mr-coding-tutor-unity\data\P13-VC\main_P13-VC.py', skipping save
No changes detected in 'C:\mr-coding-tutor-unity\data\P13-VC\main_P13-VC.py', skipping save
No changes detected in 'C:\mr-coding-tutor-unity\data\P13-VC\main_P13-VC.py', skipping save
No changes detected in 'C:\mr-coding-tutor-unity\data\P13-VC\main_P13-VC.py', skipping save
No changes detected in 'C:\mr-coding-tutor-unity\data\P13-VC\main_P13-VC.py', skipping save
No changes detected in 'C:\mr-coding-tutor-unity\data\P13-VC\main_P13-VC.py', skipping save
No changes detected in 'C:\mr-coding-tutor-unity\data\P13-VC\main_P13-VC.py', skipping save
No changes detected in 'C:\mr-coding-tutor-unity\data\P13-VC\main_P13-VC.py', skipping save
No changes detected in 'C:\mr-coding-tutor-unity\data\P13-VC\main_P13-VC.py', skipping save
No changes detected in 'C:\mr-coding-tutor-unity\data\P13-VC\main_P13-VC.py', skipping save
No changes detected in 'C:\mr-coding-tutor-unity\data\P13-VC\main_P13-VC.py', skipping save
No changes detected in 'C:\mr-coding-tutor-unity\data\P13-VC\main_P13-VC.py', skipping save
No changes detected in 'C:\mr-coding-tutor-unity\data\P13-VC\main_P13-VC.py', skipping save
No changes detected in 'C:\mr-coding-tutor-unity\data\P13-VC\main_P13-VC.py', skipping save
No changes detected in 'C:\mr-coding-tutor-unity\data\P13-VC\main_P13-VC.py', skipping save
No changes detected in 'C:\mr-coding-tutor-unity\data\P13-VC\main_P13-VC.py', skipping save
No changes detected in 'C:\mr-coding-tutor-unity\data\P13-VC\main_P13-VC.py', skipping save
No changes detected in 'C:\mr-coding-tutor-unity\data\P13-VC\main_P13-VC.py', skipping save
No changes detected in 'C:\mr-coding-tutor-unity\data\P13-VC\main_P13-VC.py', skipping save
No changes detected in 'C:\mr-coding-tutor-unity\data\P13-VC\main_P13-VC.py', skipping save
No changes detected in 'C:\mr-coding-tutor-unity\data\P13-VC\main_P13-VC.py', skipping save
No changes detected in 'C:\mr-coding-tutor-unity\data\P13-VC\main_P13-VC.py', skipping save
No changes detected in 'C:\mr-coding-tutor-unity\data\P13-VC\main_P13-VC.py', skipping save
No changes detected in 'C:\mr-coding-tutor-unity\data\P13-VC\main_P13-VC.py', skipping save
No changes detected in 'C:\mr-coding-tutor-unity\data\P13-VC\main_P13-VC.py', skipping save
No changes detected in 'C:\mr-coding-tutor-unity\data\P13-VC\main_P13-VC.py', skipping save
No changes detected in 'C:\mr-coding-tutor-unity\data\P13-VC\main_P13-VC.py', skipping save
No changes detected in 'C:\mr-coding-tutor-unity\data\P13-VC\main_P13-VC.py', skipping save
No changes detected in 'C:\mr-coding-tutor-unity\data\P13-VC\main_P13-VC.py', skipping save
No changes detected in 'C:\mr-coding-tutor-unity\data\P13-VC\main_P13-VC.py', skipping save
No changes detected in 'C:\mr-coding-tutor-unity\data\P13-VC\main_P13-VC.py', skipping save
No changes detected in 'C:\mr-coding-tutor-unity\data\P13-VC\main_P13-VC.py', skipping save
No changes detected in 'C:\mr-coding-tutor-unity\data\P13-VC\main_P13-VC.py', skipping save
No changes detected in 'C:\mr-coding-tutor-unity\data\P13-VC\main_P13-VC.py', skipping save
No changes detected in 'C:\mr-coding-tutor-unity\data\P13-VC\main_P13-VC.py', skipping save
No changes detected in 'C:\mr-coding-tutor-unity\data\P13-VC\main_P13-VC.py', skipping save
No changes detected in 'C:\mr-coding-tutor-unity\data\P13-VC\main_P13-VC.py', skipping save
No changes detected in 'C:\mr-coding-tutor-unity\data\P13-VC\main_P13-VC.py', skipping save
No changes detected in 'C:\mr-coding-tutor-unity\data\P13-VC\main_P13-VC.py', skipping save
No changes detected in 'C:\mr-coding-tutor-unity\data\P13-VC\main_P13-VC.py', skipping save
No changes detected in 'C:\mr-coding-tutor-unity\data\P13-VC\main_P13-VC.py', skipping save
Content changed, saved copy to: C:\mr-coding-tutor-unity\data\P13-VC\period\20250715_144159_main_P13-VC.py
No changes detected in 'C:\mr-coding-tutor-unity\data\P13-VC\main_P13-VC.py', skipping save
No changes detected in 'C:\mr-coding-tutor-unity\data\P13-VC\main_P13-VC.py', skipping save
No changes detected in 'C:\mr-coding-tutor-unity\data\P13-VC\main_P13-VC.py', skipping save
No changes detected in 'C:\mr-coding-tutor-unity\data\P13-VC\main_P13-VC.py', skipping save
No changes detected in 'C:\mr-coding-tutor-unity\data\P13-VC\main_P13-VC.py', skipping save
Content changed, saved copy to: C:\mr-coding-tutor-unity\data\P13-VC\period\20250715_144205_main_P13-VC.py
No changes detected in 'C:\mr-coding-tutor-unity\data\P13-VC\main_P13-VC.py', skipping save
No changes detected in 'C:\mr-coding-tutor-unity\data\P13-VC\main_P13-VC.py', skipping save
No changes detected in 'C:\mr-coding-tutor-unity\data\P13-VC\main_P13-VC.py', skipping save
No changes detected in 'C:\mr-coding-tutor-unity\data\P13-VC\main_P13-VC.py', skipping save
No changes detected in 'C:\mr-coding-tutor-unity\data\P13-VC\main_P13-VC.py', skipping save
No changes detected in 'C:\mr-coding-tutor-unity\data\P13-VC\main_P13-VC.py', skipping save
Content changed, saved copy to: C:\mr-coding-tutor-unity\data\P13-VC\period\20250715_144212_main_P13-VC.py
No changes detected in 'C:\mr-coding-tutor-unity\data\P13-VC\main_P13-VC.py', skipping save
No changes detected in 'C:\mr-coding-tutor-unity\data\P13-VC\main_P13-VC.py', skipping save
No changes detected in 'C:\mr-coding-tutor-unity\data\P13-VC\main_P13-VC.py', skipping save
No changes detected in 'C:\mr-coding-tutor-unity\data\P13-VC\main_P13-VC.py', skipping save
No changes detected in 'C:\mr-coding-tutor-unity\data\P13-VC\main_P13-VC.py', skipping save
No changes detected in 'C:\mr-coding-tutor-unity\data\P13-VC\main_P13-VC.py', skipping save
No changes detected in 'C:\mr-coding-tutor-unity\data\P13-VC\main_P13-VC.py', skipping save
Content changed, saved copy to: C:\mr-coding-tutor-unity\data\P13-VC\period\20250715_144220_main_P13-VC.py
No changes detected in 'C:\mr-coding-tutor-unity\data\P13-VC\main_P13-VC.py', skipping save
Content changed, saved copy to: C:\mr-coding-tutor-unity\data\P13-VC\period\20250715_144222_main_P13-VC.py
No changes detected in 'C:\mr-coding-tutor-unity\data\P13-VC\main_P13-VC.py', skipping save
No changes detected in 'C:\mr-coding-tutor-unity\data\P13-VC\main_P13-VC.py', skipping save
No changes detected in 'C:\mr-coding-tutor-unity\data\P13-VC\main_P13-VC.py', skipping save
No changes detected in 'C:\mr-coding-tutor-unity\data\P13-VC\main_P13-VC.py', skipping save
No changes detected in 'C:\mr-coding-tutor-unity\data\P13-VC\main_P13-VC.py', skipping save
No changes detected in 'C:\mr-coding-tutor-unity\data\P13-VC\main_P13-VC.py', skipping save
No changes detected in 'C:\mr-coding-tutor-unity\data\P13-VC\main_P13-VC.py', skipping save
Content changed, saved copy to: C:\mr-coding-tutor-unity\data\P13-VC\period\20250715_144230_main_P13-VC.py
No changes detected in 'C:\mr-coding-tutor-unity\data\P13-VC\main_P13-VC.py', skipping save
No changes detected in 'C:\mr-coding-tutor-unity\data\P13-VC\main_P13-VC.py', skipping save
Content changed, saved copy to: C:\mr-coding-tutor-unity\data\P13-VC\period\20250715_144233_main_P13-VC.py
Content changed, saved copy to: C:\mr-coding-tutor-unity\data\P13-VC\period\20250715_144234_main_P13-VC.py
No changes detected in 'C:\mr-coding-tutor-unity\data\P13-VC\main_P13-VC.py', skipping save
Content changed, saved copy to: C:\mr-coding-tutor-unity\data\P13-VC\period\20250715_144236_main_P13-VC.py
No changes detected in 'C:\mr-coding-tutor-unity\data\P13-VC\main_P13-VC.py', skipping save
Content changed, saved copy to: C:\mr-coding-tutor-unity\data\P13-VC\period\20250715_144238_main_P13-VC.py
Content changed, saved copy to: C:\mr-coding-tutor-unity\data\P13-VC\period\20250715_144239_main_P13-VC.py
No changes detected in 'C:\mr-coding-tutor-unity\data\P13-VC\main_P13-VC.py', skipping save
No changes detected in 'C:\mr-coding-tutor-unity\data\P13-VC\main_P13-VC.py', skipping save
No changes detected in 'C:\mr-coding-tutor-unity\data\P13-VC\main_P13-VC.py', skipping save
No changes detected in 'C:\mr-coding-tutor-unity\data\P13-VC\main_P13-VC.py', skipping save
No changes detected in 'C:\mr-coding-tutor-unity\data\P13-VC\main_P13-VC.py', skipping save
No changes detected in 'C:\mr-coding-tutor-unity\data\P13-VC\main_P13-VC.py', skipping save
No changes detected in 'C:\mr-coding-tutor-unity\data\P13-VC\main_P13-VC.py', skipping save
No changes detected in 'C:\mr-coding-tutor-unity\data\P13-VC\main_P13-VC.py', skipping save
No changes detected in 'C:\mr-coding-tutor-unity\data\P13-VC\main_P13-VC.py', skipping save
No changes detected in 'C:\mr-coding-tutor-unity\data\P13-VC\main_P13-VC.py', skipping save
No changes detected in 'C:\mr-coding-tutor-unity\data\P13-VC\main_P13-VC.py', skipping save
No changes detected in 'C:\mr-coding-tutor-unity\data\P13-VC\main_P13-VC.py', skipping save
No changes detected in 'C:\mr-coding-tutor-unity\data\P13-VC\main_P13-VC.py', skipping save
Content changed, saved copy to: C:\mr-coding-tutor-unity\data\P13-VC\period\20250715_144253_main_P13-VC.py
No changes detected in 'C:\mr-coding-tutor-unity\data\P13-VC\main_P13-VC.py', skipping save
No changes detected in 'C:\mr-coding-tutor-unity\data\P13-VC\main_P13-VC.py', skipping save
Content changed, saved copy to: C:\mr-coding-tutor-unity\data\P13-VC\period\20250715_144256_main_P13-VC.py
No changes detected in 'C:\mr-coding-tutor-unity\data\P13-VC\main_P13-VC.py', skipping save
No changes detected in 'C:\mr-coding-tutor-unity\data\P13-VC\main_P13-VC.py', skipping save
No changes detected in 'C:\mr-coding-tutor-unity\data\P13-VC\main_P13-VC.py', skipping save
No changes detected in 'C:\mr-coding-tutor-unity\data\P13-VC\main_P13-VC.py', skipping save
No changes detected in 'C:\mr-coding-tutor-unity\data\P13-VC\main_P13-VC.py', skipping save
No changes detected in 'C:\mr-coding-tutor-unity\data\P13-VC\main_P13-VC.py', skipping save
No changes detected in 'C:\mr-coding-tutor-unity\data\P13-VC\main_P13-VC.py', skipping save
No changes detected in 'C:\mr-coding-tutor-unity\data\P13-VC\main_P13-VC.py', skipping save
No changes detected in 'C:\mr-coding-tutor-unity\data\P13-VC\main_P13-VC.py', skipping save
No changes detected in 'C:\mr-coding-tutor-unity\data\P13-VC\main_P13-VC.py', skipping save
No changes detected in 'C:\mr-coding-tutor-unity\data\P13-VC\main_P13-VC.py', skipping save
Content changed, saved copy to: C:\mr-coding-tutor-unity\data\P13-VC\period\20250715_144308_main_P13-VC.py
No changes detected in 'C:\mr-coding-tutor-unity\data\P13-VC\main_P13-VC.py', skipping save
Content changed, saved copy to: C:\mr-coding-tutor-unity\data\P13-VC\period\20250715_144310_main_P13-VC.py
No changes detected in 'C:\mr-coding-tutor-unity\data\P13-VC\main_P13-VC.py', skipping save
Content changed, saved copy to: C:\mr-coding-tutor-unity\data\P13-VC\period\20250715_144312_main_P13-VC.py
No changes detected in 'C:\mr-coding-tutor-unity\data\P13-VC\main_P13-VC.py', skipping save
Content changed, saved copy to: C:\mr-coding-tutor-unity\data\P13-VC\period\20250715_144314_main_P13-VC.py
No changes detected in 'C:\mr-coding-tutor-unity\data\P13-VC\main_P13-VC.py', skipping save
Content changed, saved copy to: C:\mr-coding-tutor-unity\data\P13-VC\period\20250715_144316_main_P13-VC.py
No changes detected in 'C:\mr-coding-tutor-unity\data\P13-VC\main_P13-VC.py', skipping save
Content changed, saved copy to: C:\mr-coding-tutor-unity\data\P13-VC\period\20250715_144318_main_P13-VC.py
No changes detected in 'C:\mr-coding-tutor-unity\data\P13-VC\main_P13-VC.py', skipping save
No changes detected in 'C:\mr-coding-tutor-unity\data\P13-VC\main_P13-VC.py', skipping save
No changes detected in 'C:\mr-coding-tutor-unity\data\P13-VC\main_P13-VC.py', skipping save
Content changed, saved copy to: C:\mr-coding-tutor-unity\data\P13-VC\period\20250715_144322_main_P13-VC.py
No changes detected in 'C:\mr-coding-tutor-unity\data\P13-VC\main_P13-VC.py', skipping save
No changes detected in 'C:\mr-coding-tutor-unity\data\P13-VC\main_P13-VC.py', skipping save
No changes detected in 'C:\mr-coding-tutor-unity\data\P13-VC\main_P13-VC.py', skipping save
No changes detected in 'C:\mr-coding-tutor-unity\data\P13-VC\main_P13-VC.py', skipping save
Content changed, saved copy to: C:\mr-coding-tutor-unity\data\P13-VC\period\20250715_144327_main_P13-VC.py
Content changed, saved copy to: C:\mr-coding-tutor-unity\data\P13-VC\period\20250715_144328_main_P13-VC.py
No changes detected in 'C:\mr-coding-tutor-unity\data\P13-VC\main_P13-VC.py', skipping save
No changes detected in 'C:\mr-coding-tutor-unity\data\P13-VC\main_P13-VC.py', skipping save
No changes detected in 'C:\mr-coding-tutor-unity\data\P13-VC\main_P13-VC.py', skipping save
No changes detected in 'C:\mr-coding-tutor-unity\data\P13-VC\main_P13-VC.py', skipping save
No changes detected in 'C:\mr-coding-tutor-unity\data\P13-VC\main_P13-VC.py', skipping save
No changes detected in 'C:\mr-coding-tutor-unity\data\P13-VC\main_P13-VC.py', skipping save
No changes detected in 'C:\mr-coding-tutor-unity\data\P13-VC\main_P13-VC.py', skipping save
Content changed, saved copy to: C:\mr-coding-tutor-unity\data\P13-VC\period\20250715_144336_main_P13-VC.py
No changes detected in 'C:\mr-coding-tutor-unity\data\P13-VC\main_P13-VC.py', skipping save
No changes detected in 'C:\mr-coding-tutor-unity\data\P13-VC\main_P13-VC.py', skipping save
No changes detected in 'C:\mr-coding-tutor-unity\data\P13-VC\main_P13-VC.py', skipping save
No changes detected in 'C:\mr-coding-tutor-unity\data\P13-VC\main_P13-VC.py', skipping save
No changes detected in 'C:\mr-coding-tutor-unity\data\P13-VC\main_P13-VC.py', skipping save
Content changed, saved copy to: C:\mr-coding-tutor-unity\data\P13-VC\period\20250715_144342_main_P13-VC.py
No changes detected in 'C:\mr-coding-tutor-unity\data\P13-VC\main_P13-VC.py', skipping save
Content changed, saved copy to: C:\mr-coding-tutor-unity\data\P13-VC\period\20250715_144344_main_P13-VC.py
No changes detected in 'C:\mr-coding-tutor-unity\data\P13-VC\main_P13-VC.py', skipping save
No changes detected in 'C:\mr-coding-tutor-unity\data\P13-VC\main_P13-VC.py', skipping save
No changes detected in 'C:\mr-coding-tutor-unity\data\P13-VC\main_P13-VC.py', skipping save
No changes detected in 'C:\mr-coding-tutor-unity\data\P13-VC\main_P13-VC.py', skipping save
Content changed, saved copy to: C:\mr-coding-tutor-unity\data\P13-VC\period\20250715_144349_main_P13-VC.py
No changes detected in 'C:\mr-coding-tutor-unity\data\P13-VC\main_P13-VC.py', skipping save
No changes detected in 'C:\mr-coding-tutor-unity\data\P13-VC\main_P13-VC.py', skipping save
Content changed, saved copy to: C:\mr-coding-tutor-unity\data\P13-VC\period\20250715_144352_main_P13-VC.py
No changes detected in 'C:\mr-coding-tutor-unity\data\P13-VC\main_P13-VC.py', skipping save
No changes detected in 'C:\mr-coding-tutor-unity\data\P13-VC\main_P13-VC.py', skipping save
No changes detected in 'C:\mr-coding-tutor-unity\data\P13-VC\main_P13-VC.py', skipping save
No changes detected in 'C:\mr-coding-tutor-unity\data\P13-VC\main_P13-VC.py', skipping save
No changes detected in 'C:\mr-coding-tutor-unity\data\P13-VC\main_P13-VC.py', skipping save
No changes detected in 'C:\mr-coding-tutor-unity\data\P13-VC\main_P13-VC.py', skipping save
No changes detected in 'C:\mr-coding-tutor-unity\data\P13-VC\main_P13-VC.py', skipping save
No changes detected in 'C:\mr-coding-tutor-unity\data\P13-VC\main_P13-VC.py', skipping save
No changes detected in 'C:\mr-coding-tutor-unity\data\P13-VC\main_P13-VC.py', skipping save
No changes detected in 'C:\mr-coding-tutor-unity\data\P13-VC\main_P13-VC.py', skipping save
No changes detected in 'C:\mr-coding-tutor-unity\data\P13-VC\main_P13-VC.py', skipping save
Content changed, saved copy to: C:\mr-coding-tutor-unity\data\P13-VC\period\20250715_144404_main_P13-VC.py
No changes detected in 'C:\mr-coding-tutor-unity\data\P13-VC\main_P13-VC.py', skipping save
No changes detected in 'C:\mr-coding-tutor-unity\data\P13-VC\main_P13-VC.py', skipping save
Content changed, saved copy to: C:\mr-coding-tutor-unity\data\P13-VC\period\20250715_144407_main_P13-VC.py
No changes detected in 'C:\mr-coding-tutor-unity\data\P13-VC\main_P13-VC.py', skipping save
No changes detected in 'C:\mr-coding-tutor-unity\data\P13-VC\main_P13-VC.py', skipping save
