[2025-07-22 16:05:31.733 GMT+07] [Window: Administrator: Command Prompt] Key: [ALT]+[TAB]
[2025-07-22 16:05:32.190 GMT+07] [Window: Task Switching] Key: [ALT]+[TAB]
[2025-07-22 16:05:45.444 GMT+07] [Window: New tab and 4 more pages - Power of Number - Microsoft? Edge] Key: [ALT]+[TAB]
[2025-07-22 16:05:49.327 GMT+07] [Window: [Task PN] Power of Numbers - Google Tài li?u and 4 more pages - Power of Number - Microsoft? Edge] Key: [ALT]+[TAB]
[2025-07-22 16:05:50.015 GMT+07] [Window: Task Switching] Key: [ALT]+[TAB]
[2025-07-22 16:05:50.208 GMT+07] [Window: Task Switching] Key: [ALT]+[TAB]
[2025-07-22 16:06:06.399 GMT+07] [Window: main_P15-MRHuman.py - mr-coding-tutor-unity - Visual Studio Code] Key: [ALT]+[TAB]
[2025-07-22 16:06:07.481 GMT+07] [Window: [Task PN] Power of Numbers - Google Tài li?u and 4 more pages - Power of Number - Microsoft? Edge] Key: [ALT]+[TAB]
[2025-07-22 16:06:09.437 GMT+07] [Window: main_P15-MRHuman.py - mr-coding-tutor-unity - Visual Studio Code] Key: [ALT]+[TAB]
[2025-07-22 16:06:11.019 GMT+07] [Window: [Task PN] Power of Numbers - Google Tài li?u and 4 more pages - Power of Number - Microsoft? Edge] Key: [ALT]+[TAB]
[2025-07-22 16:06:11.326 GMT+07] [Window: main_P15-MRHuman.py - mr-coding-tutor-unity - Visual Studio Code] Key: [ALT]+[TAB]
[2025-07-22 16:06:23.112 GMT+07] [Window: [00] Participant List: Student - Google Sheets and 7 more pages - user study admin - Microsoft? Edge] Key: 6
[2025-07-22 16:06:23.444 GMT+07] [Window: [00] Participant List: Student - Google Sheets and 7 more pages - user study admin - Microsoft? Edge] Key: [SHIFT]+;
[2025-07-22 16:06:23.834 GMT+07] [Window: [00] Participant List: Student - Google Sheets and 7 more pages - user study admin - Microsoft? Edge] Key: 8
[2025-07-22 16:06:24.295 GMT+07] [Window: [00] Participant List: Student - Google Sheets and 7 more pages - user study admin - Microsoft? Edge] Key: [BACKSPACE]
[2025-07-22 16:06:25.509 GMT+07] [Window: [00] Participant List: Student - Google Sheets and 7 more pages - user study admin - Microsoft? Edge] Key: 4
[2025-07-22 16:06:25.641 GMT+07] [Window: [00] Participant List: Student - Google Sheets and 7 more pages - user study admin - Microsoft? Edge] Key: 9
[2025-07-22 16:06:25.807 GMT+07] [Window: [00] Participant List: Student - Google Sheets and 7 more pages - user study admin - Microsoft? Edge] Key: 

[2025-07-22 16:06:27.536 GMT+07] [Window: [00] Participant List: Student - Google Sheets and 7 more pages - user study admin - Microsoft? Edge] Key: [ALT]+[TAB]
[2025-07-22 16:06:29.320 GMT+07] [Window: Task Switching] Key: [ALT]+[TAB]
[2025-07-22 16:09:49.731 GMT+07] [Window: [Task PN] Power of Numbers - Google Tài li?u and 4 more pages - Power of Number - Microsoft? Edge] Key: [ALT]+[TAB]
[2025-07-22 16:09:52.167 GMT+07] [Window: main_P15-MRHuman.py - mr-coding-tutor-unity - Visual Studio Code] Key: [ALT]+[TAB]
[2025-07-22 16:09:53.129 GMT+07] [Window: [Task PN] Power of Numbers - Google Tài li?u and 4 more pages - Power of Number - Microsoft? Edge] Key: [ALT]+[TAB]
[2025-07-22 16:09:59.345 GMT+07] [Window: main_P15-MRHuman.py - mr-coding-tutor-unity - Visual Studio Code] Key: [ALT]+[TAB]
[2025-07-22 16:12:09.948 GMT+07] [Window: [Task PN] Power of Numbers - Google Tài li?u and 4 more pages - Power of Number - Microsoft? Edge] Key: [ALT]+[TAB]
[2025-07-22 16:13:05.973 GMT+07] [Window: main_P15-MRHuman.py - mr-coding-tutor-unity - Visual Studio Code] Key: p
[2025-07-22 16:13:06.216 GMT+07] [Window: main_P15-MRHuman.py - mr-coding-tutor-unity - Visual Studio Code] Key: r
[2025-07-22 16:13:06.529 GMT+07] [Window: main_P15-MRHuman.py - mr-coding-tutor-unity - Visual Studio Code] Key: i
[2025-07-22 16:13:06.672 GMT+07] [Window: main_P15-MRHuman.py - mr-coding-tutor-unity - Visual Studio Code] Key: n
[2025-07-22 16:13:06.816 GMT+07] [Window: main_P15-MRHuman.py - mr-coding-tutor-unity - Visual Studio Code] Key: t
[2025-07-22 16:13:08.075 GMT+07] [Window: main_P15-MRHuman.py - mr-coding-tutor-unity - Visual Studio Code] Key: [SHIFT]+9
[2025-07-22 16:13:09.452 GMT+07] [Window: main_P15-MRHuman.py - mr-coding-tutor-unity - Visual Studio Code] Key: 2
[2025-07-22 16:13:10.164 GMT+07] [Window: main_P15-MRHuman.py - mr-coding-tutor-unity - Visual Studio Code] Key: [SHIFT]+8
[2025-07-22 16:13:10.353 GMT+07] [Window: main_P15-MRHuman.py - mr-coding-tutor-unity - Visual Studio Code] Key: [SHIFT]+8
[2025-07-22 16:13:16.676 GMT+07] [Window: main_P15-MRHuman.py - mr-coding-tutor-unity - Visual Studio Code] Key: 3
[2025-07-22 16:13:18.014 GMT+07] [Window: main_P15-MRHuman.py - mr-coding-tutor-unity - Visual Studio Code] Key: [BACKSPACE]
[2025-07-22 16:13:18.828 GMT+07] [Window: main_P15-MRHuman.py - mr-coding-tutor-unity - Visual Studio Code] Key: [LEFT]
[2025-07-22 16:13:19.199 GMT+07] [Window: main_P15-MRHuman.py - mr-coding-tutor-unity - Visual Studio Code] Key: 3
[2025-07-22 16:13:20.919 GMT+07] [Window: main_P15-MRHuman.py - mr-coding-tutor-unity - Visual Studio Code] Key: [RIGHT]
[2025-07-22 16:14:21.777 GMT+07] [Window: main_P15-MRHuman.py - mr-coding-tutor-unity - Visual Studio Code] Key: [BACKSPACE]
[2025-07-22 16:14:22.021 GMT+07] [Window: main_P15-MRHuman.py - mr-coding-tutor-unity - Visual Studio Code] Key: [BACKSPACE]
[2025-07-22 16:14:22.409 GMT+07] [Window: main_P15-MRHuman.py - mr-coding-tutor-unity - Visual Studio Code] Key: [BACKSPACE]
[2025-07-22 16:14:22.586 GMT+07] [Window: main_P15-MRHuman.py - mr-coding-tutor-unity - Visual Studio Code] Key: [BACKSPACE]
[2025-07-22 16:14:22.771 GMT+07] [Window: main_P15-MRHuman.py - mr-coding-tutor-unity - Visual Studio Code] Key: [BACKSPACE]
[2025-07-22 16:14:22.951 GMT+07] [Window: main_P15-MRHuman.py - mr-coding-tutor-unity - Visual Studio Code] Key: [BACKSPACE]
[2025-07-22 16:14:23.126 GMT+07] [Window: main_P15-MRHuman.py - mr-coding-tutor-unity - Visual Studio Code] Key: [BACKSPACE]
[2025-07-22 16:14:23.288 GMT+07] [Window: main_P15-MRHuman.py - mr-coding-tutor-unity - Visual Studio Code] Key: [BACKSPACE]
[2025-07-22 16:14:23.451 GMT+07] [Window: main_P15-MRHuman.py - mr-coding-tutor-unity - Visual Studio Code] Key: [BACKSPACE]
[2025-07-22 16:14:23.618 GMT+07] [Window: main_P15-MRHuman.py - mr-coding-tutor-unity - Visual Studio Code] Key: [BACKSPACE]
[2025-07-22 16:14:23.777 GMT+07] [Window: main_P15-MRHuman.py - mr-coding-tutor-unity - Visual Studio Code] Key: [BACKSPACE]
[2025-07-22 16:14:28.165 GMT+07] [Window: main_P15-MRHuman.py - mr-coding-tutor-unity - Visual Studio Code] Key: t
[2025-07-22 16:14:28.372 GMT+07] [Window: main_P15-MRHuman.py - mr-coding-tutor-unity - Visual Studio Code] Key: e
[2025-07-22 16:14:29.258 GMT+07] [Window: main_P15-MRHuman.py - mr-coding-tutor-unity - Visual Studio Code] Key: s
[2025-07-22 16:14:29.612 GMT+07] [Window: main_P15-MRHuman.py - mr-coding-tutor-unity - Visual Studio Code] Key: t
[2025-07-22 16:14:32.811 GMT+07] [Window: main_P15-MRHuman.py - mr-coding-tutor-unity - Visual Studio Code] Key: [BACKSPACE]
[2025-07-22 16:14:36.027 GMT+07] [Window: main_P15-MRHuman.py - mr-coding-tutor-unity - Visual Studio Code] Key: [BACKSPACE]
[2025-07-22 16:14:36.259 GMT+07] [Window: main_P15-MRHuman.py - mr-coding-tutor-unity - Visual Studio Code] Key: [BACKSPACE]
[2025-07-22 16:14:36.467 GMT+07] [Window: main_P15-MRHuman.py - mr-coding-tutor-unity - Visual Studio Code] Key: [BACKSPACE]
[2025-07-22 16:14:37.119 GMT+07] [Window: main_P15-MRHuman.py - mr-coding-tutor-unity - Visual Studio Code] Key: d
[2025-07-22 16:14:37.377 GMT+07] [Window: main_P15-MRHuman.py - mr-coding-tutor-unity - Visual Studio Code] Key: e
[2025-07-22 16:14:37.651 GMT+07] [Window: main_P15-MRHuman.py - mr-coding-tutor-unity - Visual Studio Code] Key: f
[2025-07-22 16:14:48.906 GMT+07] [Window: main_P15-MRHuman.py - mr-coding-tutor-unity - Visual Studio Code] Key: [SHIFT]+9
[2025-07-22 16:14:50.896 GMT+07] [Window: main_P15-MRHuman.py - mr-coding-tutor-unity - Visual Studio Code] Key: [BACKSPACE]
[2025-07-22 16:14:54.535 GMT+07] [Window: main_P15-MRHuman.py - mr-coding-tutor-unity - Visual Studio Code] Key: _
[2025-07-22 16:14:55.051 GMT+07] [Window: main_P15-MRHuman.py - mr-coding-tutor-unity - Visual Studio Code] Key: [BACKSPACE]
[2025-07-22 16:14:56.598 GMT+07] [Window: main_P15-MRHuman.py - mr-coding-tutor-unity - Visual Studio Code] Key: _
[2025-07-22 16:15:04.001 GMT+07] [Window: main_P15-MRHuman.py - mr-coding-tutor-unity - Visual Studio Code] Key: p
[2025-07-22 16:15:04.205 GMT+07] [Window: main_P15-MRHuman.py - mr-coding-tutor-unity - Visual Studio Code] Key: o
[2025-07-22 16:15:04.619 GMT+07] [Window: main_P15-MRHuman.py - mr-coding-tutor-unity - Visual Studio Code] Key: w
[2025-07-22 16:15:04.741 GMT+07] [Window: main_P15-MRHuman.py - mr-coding-tutor-unity - Visual Studio Code] Key: e
[2025-07-22 16:15:04.991 GMT+07] [Window: main_P15-MRHuman.py - mr-coding-tutor-unity - Visual Studio Code] Key: r
[2025-07-22 16:15:11.423 GMT+07] [Window: main_P15-MRHuman.py - mr-coding-tutor-unity - Visual Studio Code] Key: [SHIFT]+9
[2025-07-22 16:15:17.614 GMT+07] [Window: main_P15-MRHuman.py - mr-coding-tutor-unity - Visual Studio Code] Key: x
[2025-07-22 16:15:20.158 GMT+07] [Window: main_P15-MRHuman.py - mr-coding-tutor-unity - Visual Studio Code] Key: .
[2025-07-22 16:15:20.886 GMT+07] [Window: main_P15-MRHuman.py - mr-coding-tutor-unity - Visual Studio Code] Key: [BACKSPACE]
[2025-07-22 16:15:21.396 GMT+07] [Window: main_P15-MRHuman.py - mr-coding-tutor-unity - Visual Studio Code] Key: ,
[2025-07-22 16:15:22.106 GMT+07] [Window: main_P15-MRHuman.py - mr-coding-tutor-unity - Visual Studio Code] Key: m
[2025-07-22 16:15:22.689 GMT+07] [Window: main_P15-MRHuman.py - mr-coding-tutor-unity - Visual Studio Code] Key: [BACKSPACE]
[2025-07-22 16:15:22.974 GMT+07] [Window: main_P15-MRHuman.py - mr-coding-tutor-unity - Visual Studio Code] Key: n
[2025-07-22 16:15:26.406 GMT+07] [Window: main_P15-MRHuman.py - mr-coding-tutor-unity - Visual Studio Code] Key: [RIGHT]
[2025-07-22 16:15:27.598 GMT+07] [Window: main_P15-MRHuman.py - mr-coding-tutor-unity - Visual Studio Code] Key: [SHIFT]+;
[2025-07-22 16:15:28.581 GMT+07] [Window: main_P15-MRHuman.py - mr-coding-tutor-unity - Visual Studio Code] Key: [BACKSPACE]
[2025-07-22 16:15:30.913 GMT+07] [Window: main_P15-MRHuman.py - mr-coding-tutor-unity - Visual Studio Code] Key: [SHIFT]+;
[2025-07-22 16:15:35.661 GMT+07] [Window: main_P15-MRHuman.py - mr-coding-tutor-unity - Visual Studio Code] Key: 

[2025-07-22 16:15:50.675 GMT+07] [Window: main_P15-MRHuman.py - mr-coding-tutor-unity - Visual Studio Code] Key: i
[2025-07-22 16:15:50.770 GMT+07] [Window: main_P15-MRHuman.py - mr-coding-tutor-unity - Visual Studio Code] Key: n
[2025-07-22 16:15:50.862 GMT+07] [Window: main_P15-MRHuman.py - mr-coding-tutor-unity - Visual Studio Code] Key: t
[2025-07-22 16:15:52.775 GMT+07] [Window: main_P15-MRHuman.py - mr-coding-tutor-unity - Visual Studio Code] Key: [SHIFT]+9
[2025-07-22 16:15:55.238 GMT+07] [Window: main_P15-MRHuman.py - mr-coding-tutor-unity - Visual Studio Code] Key: x
[2025-07-22 16:15:57.414 GMT+07] [Window: main_P15-MRHuman.py - mr-coding-tutor-unity - Visual Studio Code] Key: [DOWN]
[2025-07-22 16:15:58.037 GMT+07] [Window: main_P15-MRHuman.py - mr-coding-tutor-unity - Visual Studio Code] Key: [LEFT]
[2025-07-22 16:15:58.339 GMT+07] [Window: main_P15-MRHuman.py - mr-coding-tutor-unity - Visual Studio Code] Key: [LEFT]
[2025-07-22 16:16:04.419 GMT+07] [Window: main_P15-MRHuman.py - mr-coding-tutor-unity - Visual Studio Code] Key: [LEFT]
[2025-07-22 16:16:04.862 GMT+07] [Window: main_P15-MRHuman.py - mr-coding-tutor-unity - Visual Studio Code] Key: [LEFT]
[2025-07-22 16:16:05.134 GMT+07] [Window: main_P15-MRHuman.py - mr-coding-tutor-unity - Visual Studio Code] Key: [LEFT]
[2025-07-22 16:16:05.631 GMT+07] [Window: main_P15-MRHuman.py - mr-coding-tutor-unity - Visual Studio Code] Key: [LEFT]
[2025-07-22 16:16:05.954 GMT+07] [Window: main_P15-MRHuman.py - mr-coding-tutor-unity - Visual Studio Code] Key: [LEFT]
[2025-07-22 16:16:06.260 GMT+07] [Window: main_P15-MRHuman.py - mr-coding-tutor-unity - Visual Studio Code] Key: [LEFT]
[2025-07-22 16:16:07.268 GMT+07] [Window: main_P15-MRHuman.py - mr-coding-tutor-unity - Visual Studio Code] Key: x
[2025-07-22 16:16:07.571 GMT+07] [Window: main_P15-MRHuman.py - mr-coding-tutor-unity - Visual Studio Code] Key: _
[2025-07-22 16:16:07.804 GMT+07] [Window: main_P15-MRHuman.py - mr-coding-tutor-unity - Visual Studio Code] Key: +
[2025-07-22 16:16:08.522 GMT+07] [Window: main_P15-MRHuman.py - mr-coding-tutor-unity - Visual Studio Code] Key: _
[2025-07-22 16:16:10.390 GMT+07] [Window: main_P15-MRHuman.py - mr-coding-tutor-unity - Visual Studio Code] Key: [RIGHT]
[2025-07-22 16:16:10.798 GMT+07] [Window: main_P15-MRHuman.py - mr-coding-tutor-unity - Visual Studio Code] Key: [RIGHT]
[2025-07-22 16:16:11.228 GMT+07] [Window: main_P15-MRHuman.py - mr-coding-tutor-unity - Visual Studio Code] Key: [RIGHT]
[2025-07-22 16:16:11.850 GMT+07] [Window: main_P15-MRHuman.py - mr-coding-tutor-unity - Visual Studio Code] Key: [RIGHT]
[2025-07-22 16:16:12.771 GMT+07] [Window: main_P15-MRHuman.py - mr-coding-tutor-unity - Visual Studio Code] Key: [RIGHT]
[2025-07-22 16:16:13.200 GMT+07] [Window: main_P15-MRHuman.py - mr-coding-tutor-unity - Visual Studio Code] Key: [RIGHT]
[2025-07-22 16:16:16.379 GMT+07] [Window: main_P15-MRHuman.py - mr-coding-tutor-unity - Visual Studio Code] Key: 

[2025-07-22 16:16:28.280 GMT+07] [Window: main_P15-MRHuman.py - mr-coding-tutor-unity - Visual Studio Code] Key: [BACKSPACE]
[2025-07-22 16:16:29.032 GMT+07] [Window: main_P15-MRHuman.py - mr-coding-tutor-unity - Visual Studio Code] Key: [BACKSPACE]
[2025-07-22 16:16:31.081 GMT+07] [Window: main_P15-MRHuman.py - mr-coding-tutor-unity - Visual Studio Code] Key: [BACKSPACE]
[2025-07-22 16:16:31.469 GMT+07] [Window: main_P15-MRHuman.py - mr-coding-tutor-unity - Visual Studio Code] Key: [BACKSPACE]
[2025-07-22 16:16:31.702 GMT+07] [Window: main_P15-MRHuman.py - mr-coding-tutor-unity - Visual Studio Code] Key: [BACKSPACE]
[2025-07-22 16:16:31.917 GMT+07] [Window: main_P15-MRHuman.py - mr-coding-tutor-unity - Visual Studio Code] Key: [BACKSPACE]
[2025-07-22 16:16:32.143 GMT+07] [Window: main_P15-MRHuman.py - mr-coding-tutor-unity - Visual Studio Code] Key: [BACKSPACE]
[2025-07-22 16:16:33.454 GMT+07] [Window: main_P15-MRHuman.py - mr-coding-tutor-unity - Visual Studio Code] Key: [BACKSPACE]
[2025-07-22 16:16:33.963 GMT+07] [Window: main_P15-MRHuman.py - mr-coding-tutor-unity - Visual Studio Code] Key: [BACKSPACE]
[2025-07-22 16:16:34.321 GMT+07] [Window: main_P15-MRHuman.py - mr-coding-tutor-unity - Visual Studio Code] Key: [BACKSPACE]
[2025-07-22 16:16:34.533 GMT+07] [Window: main_P15-MRHuman.py - mr-coding-tutor-unity - Visual Studio Code] Key: [BACKSPACE]
[2025-07-22 16:16:38.737 GMT+07] [Window: main_P15-MRHuman.py - mr-coding-tutor-unity - Visual Studio Code] Key: [BACKSPACE]
[2025-07-22 16:16:49.958 GMT+07] [Window: main_P15-MRHuman.py - mr-coding-tutor-unity - Visual Studio Code] Key: r
[2025-07-22 16:16:50.090 GMT+07] [Window: main_P15-MRHuman.py - mr-coding-tutor-unity - Visual Studio Code] Key: e
[2025-07-22 16:16:50.340 GMT+07] [Window: main_P15-MRHuman.py - mr-coding-tutor-unity - Visual Studio Code] Key: t
[2025-07-22 16:16:50.494 GMT+07] [Window: main_P15-MRHuman.py - mr-coding-tutor-unity - Visual Studio Code] Key: u
[2025-07-22 16:16:50.631 GMT+07] [Window: main_P15-MRHuman.py - mr-coding-tutor-unity - Visual Studio Code] Key: r
[2025-07-22 16:16:50.799 GMT+07] [Window: main_P15-MRHuman.py - mr-coding-tutor-unity - Visual Studio Code] Key: n
[2025-07-22 16:16:59.305 GMT+07] [Window: main_P15-MRHuman.py - mr-coding-tutor-unity - Visual Studio Code] Key: _
[2025-07-22 16:17:10.768 GMT+07] [Window: main_P15-MRHuman.py - mr-coding-tutor-unity - Visual Studio Code] Key: x
[2025-07-22 16:17:13.069 GMT+07] [Window: main_P15-MRHuman.py - mr-coding-tutor-unity - Visual Studio Code] Key: _
[2025-07-22 16:17:16.176 GMT+07] [Window: main_P15-MRHuman.py - mr-coding-tutor-unity - Visual Studio Code] Key: [BACKSPACE]
[2025-07-22 16:17:17.387 GMT+07] [Window: main_P15-MRHuman.py - mr-coding-tutor-unity - Visual Studio Code] Key: [SHIFT]+8
[2025-07-22 16:17:17.563 GMT+07] [Window: main_P15-MRHuman.py - mr-coding-tutor-unity - Visual Studio Code] Key: [SHIFT]+8
[2025-07-22 16:17:19.259 GMT+07] [Window: main_P15-MRHuman.py - mr-coding-tutor-unity - Visual Studio Code] Key: n
[2025-07-22 16:17:29.706 GMT+07] [Window: main_P15-MRHuman.py - mr-coding-tutor-unity - Visual Studio Code] Key: 

[2025-07-22 16:17:32.089 GMT+07] [Window: main_P15-MRHuman.py - mr-coding-tutor-unity - Visual Studio Code] Key: 

[2025-07-22 16:17:33.670 GMT+07] [Window: main_P15-MRHuman.py - mr-coding-tutor-unity - Visual Studio Code] Key: p
[2025-07-22 16:17:33.957 GMT+07] [Window: main_P15-MRHuman.py - mr-coding-tutor-unity - Visual Studio Code] Key: r
[2025-07-22 16:17:34.251 GMT+07] [Window: main_P15-MRHuman.py - mr-coding-tutor-unity - Visual Studio Code] Key: i
[2025-07-22 16:17:34.394 GMT+07] [Window: main_P15-MRHuman.py - mr-coding-tutor-unity - Visual Studio Code] Key: n
[2025-07-22 16:17:34.539 GMT+07] [Window: main_P15-MRHuman.py - mr-coding-tutor-unity - Visual Studio Code] Key: t
[2025-07-22 16:17:42.252 GMT+07] [Window: main_P15-MRHuman.py - mr-coding-tutor-unity - Visual Studio Code] Key: x
[2025-07-22 16:17:42.921 GMT+07] [Window: main_P15-MRHuman.py - mr-coding-tutor-unity - Visual Studio Code] Key: [BACKSPACE]
[2025-07-22 16:17:46.111 GMT+07] [Window: main_P15-MRHuman.py - mr-coding-tutor-unity - Visual Studio Code] Key: [SHIFT]+9
[2025-07-22 16:17:50.614 GMT+07] [Window: main_P15-MRHuman.py - mr-coding-tutor-unity - Visual Studio Code] Key: d
[2025-07-22 16:17:50.726 GMT+07] [Window: main_P15-MRHuman.py - mr-coding-tutor-unity - Visual Studio Code] Key: e
[2025-07-22 16:17:50.868 GMT+07] [Window: main_P15-MRHuman.py - mr-coding-tutor-unity - Visual Studio Code] Key: f
[2025-07-22 16:17:53.252 GMT+07] [Window: main_P15-MRHuman.py - mr-coding-tutor-unity - Visual Studio Code] Key: [BACKSPACE]
[2025-07-22 16:17:53.529 GMT+07] [Window: main_P15-MRHuman.py - mr-coding-tutor-unity - Visual Studio Code] Key: [BACKSPACE]
[2025-07-22 16:17:53.731 GMT+07] [Window: main_P15-MRHuman.py - mr-coding-tutor-unity - Visual Studio Code] Key: [BACKSPACE]
[2025-07-22 16:17:57.566 GMT+07] [Window: main_P15-MRHuman.py - mr-coding-tutor-unity - Visual Studio Code] Key: p
[2025-07-22 16:17:57.695 GMT+07] [Window: main_P15-MRHuman.py - mr-coding-tutor-unity - Visual Studio Code] Key: o
[2025-07-22 16:17:58.123 GMT+07] [Window: main_P15-MRHuman.py - mr-coding-tutor-unity - Visual Studio Code] Key: e
[2025-07-22 16:17:58.755 GMT+07] [Window: main_P15-MRHuman.py - mr-coding-tutor-unity - Visual Studio Code] Key: [BACKSPACE]
[2025-07-22 16:17:58.969 GMT+07] [Window: main_P15-MRHuman.py - mr-coding-tutor-unity - Visual Studio Code] Key: [BACKSPACE]
[2025-07-22 16:18:03.833 GMT+07] [Window: main_P15-MRHuman.py - mr-coding-tutor-unity - Visual Studio Code] Key: 

[2025-07-22 16:18:06.008 GMT+07] [Window: main_P15-MRHuman.py - mr-coding-tutor-unity - Visual Studio Code] Key: [SHIFT]+9
[2025-07-22 16:18:09.407 GMT+07] [Window: main_P15-MRHuman.py - mr-coding-tutor-unity - Visual Studio Code] Key: 4
[2025-07-22 16:18:09.859 GMT+07] [Window: main_P15-MRHuman.py - mr-coding-tutor-unity - Visual Studio Code] Key: ,
[2025-07-22 16:18:10.535 GMT+07] [Window: main_P15-MRHuman.py - mr-coding-tutor-unity - Visual Studio Code] Key: 8
[2025-07-22 16:18:58.078 GMT+07] [Window: main_P15-MRHuman.py - mr-coding-tutor-unity - Visual Studio Code] Key: [LEFT]
[2025-07-22 16:19:00.481 GMT+07] [Window: main_P15-MRHuman.py - mr-coding-tutor-unity - Visual Studio Code] Key: [RIGHT]
[2025-07-22 16:19:00.891 GMT+07] [Window: main_P15-MRHuman.py - mr-coding-tutor-unity - Visual Studio Code] Key: [BACKSPACE]
[2025-07-22 16:19:01.745 GMT+07] [Window: main_P15-MRHuman.py - mr-coding-tutor-unity - Visual Studio Code] Key: -
[2025-07-22 16:19:02.080 GMT+07] [Window: main_P15-MRHuman.py - mr-coding-tutor-unity - Visual Studio Code] Key: 2
[2025-07-22 16:19:38.114 GMT+07] [Window: Coding Tutor] Key: [ALT]+ 
[2025-07-22 16:20:45.849 GMT+07] [Window: VRStudent_1707 - File Explorer] Key: [ALT]+[TAB]
[2025-07-22 16:20:48.206 GMT+07] [Window: Task Switching] Key: [ALT]+[TAB]
[2025-07-22 16:21:11.200 GMT+07] [Window: main_P15-MRHuman.py - mr-coding-tutor-unity - Visual Studio Code] Key: [ALT]+[TAB]
[2025-07-22 16:21:11.921 GMT+07] [Window: Task Switching] Key: [ALT]+[TAB]
[2025-07-22 16:21:16.234 GMT+07] [Window: New tab and 5 more pages - Fibo - Microsoft? Edge] Key: [ALT]+[TAB]
[2025-07-22 16:21:26.496 GMT+07] [Window: (6) ntfy and 5 more pages - Fibo - Microsoft? Edge] Key: [CTRL]+c
[2025-07-22 16:21:26.680 GMT+07] [Window: (6) ntfy and 5 more pages - Fibo - Microsoft? Edge] Key: [CTRL]+c
[2025-07-22 16:21:27.400 GMT+07] [Window: (6) ntfy and 5 more pages - Fibo - Microsoft? Edge] Key: [ALT]+[TAB]
[2025-07-22 16:21:28.757 GMT+07] [Window: [Self-report Survey] QoI, SM, PI Measure and 5 more pages - Fibo - Microsoft? Edge] Key: [ALT]+[TAB]
[2025-07-22 16:21:30.237 GMT+07] [Window: (6) ntfy and 5 more pages - Fibo - Microsoft? Edge] Key: [ALT]+[TAB]
[2025-07-22 16:21:36.977 GMT+07] [Window: Meet and 5 more pages - Fibo - Microsoft? Edge] Key: [CTRL]+v
[2025-07-22 16:21:38.135 GMT+07] [Window: Meet and 5 more pages - Fibo - Microsoft? Edge] Key: 

[2025-07-22 16:21:45.413 GMT+07] [Window: Meet and 5 more pages - Fibo - Microsoft? Edge] Key: [CAPSLOCK]
[2025-07-22 16:21:45.640 GMT+07] [Window: Meet and 5 more pages - Fibo - Microsoft? Edge] Key: H
[2025-07-22 16:21:45.758 GMT+07] [Window: Meet and 5 more pages - Fibo - Microsoft? Edge] Key: [CAPSLOCK]
[2025-07-22 16:21:45.860 GMT+07] [Window: Meet and 5 more pages - Fibo - Microsoft? Edge] Key: u
[2025-07-22 16:21:46.171 GMT+07] [Window: Meet and 5 more pages - Fibo - Microsoft? Edge] Key: y
[2025-07-22 16:21:58.819 GMT+07] [Window: [00] Participant List: Student - Google Sheets and 7 more pages - user study admin - Microsoft? Edge] Key: [ALT]+[TAB]
[2025-07-22 16:21:59.762 GMT+07] [Window: Task Switching] Key: [ALT]+[TAB]
[2025-07-22 16:21:59.923 GMT+07] [Window: Task Switching] Key: [ALT]+[TAB]
[2025-07-22 16:22:00.094 GMT+07] [Window: Task Switching] Key: [ALT]+[TAB]
[2025-07-22 16:22:00.784 GMT+07] [Window: Administrator: Command Prompt] Key: [UP]
[2025-07-22 16:22:01.216 GMT+07] [Window: Administrator: Command Prompt] Key: [LEFT]
[2025-07-22 16:22:01.731 GMT+07] [Window: Administrator: Command Prompt] Key: [LEFT]
[2025-07-22 16:22:01.762 GMT+07] [Window: Administrator: Command Prompt] Key: [LEFT]
[2025-07-22 16:22:01.794 GMT+07] [Window: Administrator: Command Prompt] Key: [LEFT]
[2025-07-22 16:22:01.825 GMT+07] [Window: Administrator: Command Prompt] Key: [LEFT]
[2025-07-22 16:22:01.855 GMT+07] [Window: Administrator: Command Prompt] Key: [LEFT]
[2025-07-22 16:22:01.886 GMT+07] [Window: Administrator: Command Prompt] Key: [LEFT]
[2025-07-22 16:22:01.917 GMT+07] [Window: Administrator: Command Prompt] Key: [LEFT]
[2025-07-22 16:22:01.947 GMT+07] [Window: Administrator: Command Prompt] Key: [LEFT]
[2025-07-22 16:22:01.993 GMT+07] [Window: Administrator: Command Prompt] Key: [LEFT]
[2025-07-22 16:22:02.024 GMT+07] [Window: Administrator: Command Prompt] Key: [LEFT]
[2025-07-22 16:22:02.055 GMT+07] [Window: Administrator: Command Prompt] Key: [LEFT]
[2025-07-22 16:22:02.087 GMT+07] [Window: Administrator: Command Prompt] Key: [LEFT]
[2025-07-22 16:22:02.118 GMT+07] [Window: Administrator: Command Prompt] Key: [LEFT]
[2025-07-22 16:22:02.148 GMT+07] [Window: Administrator: Command Prompt] Key: [LEFT]
[2025-07-22 16:22:02.180 GMT+07] [Window: Administrator: Command Prompt] Key: [LEFT]
[2025-07-22 16:22:02.225 GMT+07] [Window: Administrator: Command Prompt] Key: [LEFT]
[2025-07-22 16:22:02.257 GMT+07] [Window: Administrator: Command Prompt] Key: [LEFT]
[2025-07-22 16:22:02.288 GMT+07] [Window: Administrator: Command Prompt] Key: [LEFT]
[2025-07-22 16:22:02.318 GMT+07] [Window: Administrator: Command Prompt] Key: [LEFT]
[2025-07-22 16:22:02.350 GMT+07] [Window: Administrator: Command Prompt] Key: [LEFT]
[2025-07-22 16:22:02.381 GMT+07] [Window: Administrator: Command Prompt] Key: [LEFT]
[2025-07-22 16:22:02.414 GMT+07] [Window: Administrator: Command Prompt] Key: [LEFT]
[2025-07-22 16:22:02.446 GMT+07] [Window: Administrator: Command Prompt] Key: [LEFT]
[2025-07-22 16:22:02.478 GMT+07] [Window: Administrator: Command Prompt] Key: [LEFT]
[2025-07-22 16:22:02.649 GMT+07] [Window: Administrator: Command Prompt] Key: [LEFT]
[2025-07-22 16:22:02.801 GMT+07] [Window: Administrator: Command Prompt] Key: [LEFT]
[2025-07-22 16:22:02.950 GMT+07] [Window: Administrator: Command Prompt] Key: [LEFT]
[2025-07-22 16:22:03.343 GMT+07] [Window: Administrator: Command Prompt] Key: [BACKSPACE]
[2025-07-22 16:22:03.499 GMT+07] [Window: Administrator: Command Prompt] Key: [BACKSPACE]
[2025-07-22 16:22:03.644 GMT+07] [Window: Administrator: Command Prompt] Key: [BACKSPACE]
[2025-07-22 16:22:04.159 GMT+07] [Window: Administrator: Command Prompt] Key: s
[2025-07-22 16:22:04.256 GMT+07] [Window: Administrator: Command Prompt] Key: t
[2025-07-22 16:22:04.357 GMT+07] [Window: Administrator: Command Prompt] Key: o
[2025-07-22 16:22:04.416 GMT+07] [Window: Administrator: Command Prompt] Key: p
[2025-07-22 16:22:04.629 GMT+07] [Window: Administrator: Command Prompt] Key: 

