Logging output to C:\mr-coding-tutor-unity\data\P16-MRHuman\keylog.log
[2025-07-22 15:48:58.388 GMT+07] [Window: main_P16-MRHuman.py - mr-coding-tutor-unity - Visual Studio Code] Key: [ALT]+[TAB]
[2025-07-22 15:49:03.871 GMT+07] [Window: New tab and 5 more pages - Armstrong Numbers - Microsoft? Edge] Key: [ALT]+[TAB]
[2025-07-22 15:49:25.383 GMT+07] [Window: [00] Participant List: Student - Google Sheets and 7 more pages - user study admin - Microsoft? Edge] Key: 1
[2025-07-22 15:49:25.508 GMT+07] [Window: [00] Participant List: Student - Google Sheets and 7 more pages - user study admin - Microsoft? Edge] Key: 4
[2025-07-22 15:49:26.448 GMT+07] [Window: [00] Participant List: Student - Google Sheets and 7 more pages - user study admin - Microsoft? Edge] Key: [SHIFT]+;
[2025-07-22 15:49:26.733 GMT+07] [Window: [00] Participant List: Student - Google Sheets and 7 more pages - user study admin - Microsoft? Edge] Key: 5
[2025-07-22 15:49:26.896 GMT+07] [Window: [00] Participant List: Student - Google Sheets and 7 more pages - user study admin - Microsoft? Edge] Key: 5
[2025-07-22 15:49:31.554 GMT+07] [Window: [00] Participant List: Student - Google Sheets and 7 more pages - user study admin - Microsoft? Edge] Key: 1
[2025-07-22 15:49:31.712 GMT+07] [Window: [00] Participant List: Student - Google Sheets and 7 more pages - user study admin - Microsoft? Edge] Key: 0
[2025-07-22 15:49:32.045 GMT+07] [Window: [00] Participant List: Student - Google Sheets and 7 more pages - user study admin - Microsoft? Edge] Key: [SHIFT]+;
[2025-07-22 15:49:33.328 GMT+07] [Window: [00] Participant List: Student - Google Sheets and 7 more pages - user study admin - Microsoft? Edge] Key: 0
[2025-07-22 15:49:33.397 GMT+07] [Window: [00] Participant List: Student - Google Sheets and 7 more pages - user study admin - Microsoft? Edge] Key: 5
[2025-07-22 15:49:37.964 GMT+07] [Window: [00] Participant List: Student - Google Sheets and 7 more pages - user study admin - Microsoft? Edge] Key: [ALT]+[TAB]
[2025-07-22 15:49:38.819 GMT+07] [Window: Task Switching] Key: [ALT]+[TAB]
[2025-07-22 15:49:39.104 GMT+07] [Window: Task Switching] Key: [ALT]+[TAB]
[2025-07-22 15:49:39.401 GMT+07] [Window: Task Switching] Key: [ALT]+[TAB]
[2025-07-22 15:49:51.826 GMT+07] [Window: [Task AN] Armstrong Numbers - Google Tài li?u and 5 more pages - Armstrong Numbers - Microsoft? Edge] Key: [ALT]+[TAB]
[2025-07-22 15:49:52.380 GMT+07] [Window: Task Switching] Key: [ALT]+[TAB]
[2025-07-22 15:49:52.557 GMT+07] [Window: Task Switching] Key: [ALT]+[TAB]
[2025-07-22 15:49:52.833 GMT+07] [Window: Task Switching] Key: [ALT]+[TAB]
[2025-07-22 15:49:54.912 GMT+07] [Window: main_P16-MRHuman.py - mr-coding-tutor-unity - Visual Studio Code] Key: [ALT]+[TAB]
[2025-07-22 15:50:55.185 GMT+07] [Window: Coding Tutor] Key: [ALT]+[TAB]
[2025-07-22 15:51:10.914 GMT+07] [Window: config.json - mr-coding-tutor-unity - Visual Studio Code] Key: [ALT]+[TAB]
[2025-07-22 15:51:11.982 GMT+07] [Window: [Task AN] Armstrong Numbers - Google Tài li?u and 5 more pages - Armstrong Numbers - Microsoft? Edge] Key: [ALT]+[TAB]
[2025-07-22 15:51:12.392 GMT+07] [Window: config.json - mr-coding-tutor-unity - Visual Studio Code] Key: [ALT]+[TAB]
[2025-07-22 15:51:16.247 GMT+07] [Window: Meet and 5 more pages - Armstrong Numbers - Microsoft? Edge] Key: [ALT]+[TAB]
[2025-07-22 15:51:17.830 GMT+07] [Window: (7) ntfy and 5 more pages - Armstrong Numbers - Microsoft? Edge] Key: [ALT]+[TAB]
[2025-07-22 15:51:18.405 GMT+07] [Window: Task Switching] Key: [ALT]+[TAB]
[2025-07-22 15:51:18.571 GMT+07] [Window: Task Switching] Key: [ALT]+[TAB]
[2025-07-22 15:54:44.949 GMT+07] [Window: main_P16-MRHuman.py - mr-coding-tutor-unity - Visual Studio Code] Key: [ALT]+[TAB]
[2025-07-22 15:54:45.919 GMT+07] [Window: Task Switching] Key: [ALT]+[TAB]
[2025-07-22 15:54:46.239 GMT+07] [Window: Task Switching] Key: [ALT]+[TAB]
[2025-07-22 15:54:47.062 GMT+07] [Window: [Task AN] Armstrong Numbers - Google Tài li?u and 5 more pages - Armstrong Numbers - Microsoft? Edge] Key: [ALT]+[TAB]
[2025-07-22 15:54:47.657 GMT+07] [Window: main_P16-MRHuman.py - mr-coding-tutor-unity - Visual Studio Code] Key: [ALT]+[TAB]
[2025-07-22 15:57:16.013 GMT+07] [Window: [Task AN] Armstrong Numbers - Google Tài li?u and 5 more pages - Armstrong Numbers - Microsoft? Edge] Key: [ALT]+[TAB]
[2025-07-22 15:57:19.318 GMT+07] [Window: main_P16-MRHuman.py - mr-coding-tutor-unity - Visual Studio Code] Key: x
[2025-07-22 15:57:19.613 GMT+07] [Window: main_P16-MRHuman.py - mr-coding-tutor-unity - Visual Studio Code] Key: _
[2025-07-22 15:57:19.863 GMT+07] [Window: main_P16-MRHuman.py - mr-coding-tutor-unity - Visual Studio Code] Key: +
[2025-07-22 15:57:19.991 GMT+07] [Window: main_P16-MRHuman.py - mr-coding-tutor-unity - Visual Studio Code] Key: _
[2025-07-22 15:57:21.448 GMT+07] [Window: main_P16-MRHuman.py - mr-coding-tutor-unity - Visual Studio Code] Key: [ALT]+[TAB]
[2025-07-22 15:57:24.693 GMT+07] [Window: [Task AN] Armstrong Numbers - Google Tài li?u and 5 more pages - Armstrong Numbers - Microsoft? Edge] Key: [ALT]+[TAB]
[2025-07-22 15:57:26.282 GMT+07] [Window: main_P16-MRHuman.py - mr-coding-tutor-unity - Visual Studio Code] Key: 1
[2025-07-22 15:57:27.450 GMT+07] [Window: main_P16-MRHuman.py - mr-coding-tutor-unity - Visual Studio Code] Key: 5
[2025-07-22 15:57:27.631 GMT+07] [Window: main_P16-MRHuman.py - mr-coding-tutor-unity - Visual Studio Code] Key: 3
[2025-07-22 15:57:28.972 GMT+07] [Window: main_P16-MRHuman.py - mr-coding-tutor-unity - Visual Studio Code] Key: 

[2025-07-22 15:57:29.574 GMT+07] [Window: main_P16-MRHuman.py - mr-coding-tutor-unity - Visual Studio Code] Key: s
[2025-07-22 15:57:29.764 GMT+07] [Window: main_P16-MRHuman.py - mr-coding-tutor-unity - Visual Studio Code] Key: _
[2025-07-22 15:57:30.070 GMT+07] [Window: main_P16-MRHuman.py - mr-coding-tutor-unity - Visual Studio Code] Key: +
[2025-07-22 15:57:30.138 GMT+07] [Window: main_P16-MRHuman.py - mr-coding-tutor-unity - Visual Studio Code] Key: _
[2025-07-22 15:57:30.289 GMT+07] [Window: main_P16-MRHuman.py - mr-coding-tutor-unity - Visual Studio Code] Key: s
[2025-07-22 15:57:30.698 GMT+07] [Window: main_P16-MRHuman.py - mr-coding-tutor-unity - Visual Studio Code] Key: r
[2025-07-22 15:57:31.031 GMT+07] [Window: main_P16-MRHuman.py - mr-coding-tutor-unity - Visual Studio Code] Key: e
[2025-07-22 15:57:32.283 GMT+07] [Window: main_P16-MRHuman.py - mr-coding-tutor-unity - Visual Studio Code] Key: [BACKSPACE]
[2025-07-22 15:57:32.873 GMT+07] [Window: main_P16-MRHuman.py - mr-coding-tutor-unity - Visual Studio Code] Key: [BACKSPACE]
[2025-07-22 15:57:34.018 GMT+07] [Window: main_P16-MRHuman.py - mr-coding-tutor-unity - Visual Studio Code] Key: t
[2025-07-22 15:57:34.239 GMT+07] [Window: main_P16-MRHuman.py - mr-coding-tutor-unity - Visual Studio Code] Key: r
[2025-07-22 15:57:39.007 GMT+07] [Window: main_P16-MRHuman.py - mr-coding-tutor-unity - Visual Studio Code] Key: [BACKSPACE]
[2025-07-22 15:57:39.509 GMT+07] [Window: main_P16-MRHuman.py - mr-coding-tutor-unity - Visual Studio Code] Key: [BACKSPACE]
[2025-07-22 15:57:39.553 GMT+07] [Window: main_P16-MRHuman.py - mr-coding-tutor-unity - Visual Studio Code] Key: [BACKSPACE]
[2025-07-22 15:57:39.585 GMT+07] [Window: main_P16-MRHuman.py - mr-coding-tutor-unity - Visual Studio Code] Key: [BACKSPACE]
[2025-07-22 15:57:39.617 GMT+07] [Window: main_P16-MRHuman.py - mr-coding-tutor-unity - Visual Studio Code] Key: [BACKSPACE]
[2025-07-22 15:57:39.649 GMT+07] [Window: main_P16-MRHuman.py - mr-coding-tutor-unity - Visual Studio Code] Key: [BACKSPACE]
[2025-07-22 15:57:39.687 GMT+07] [Window: main_P16-MRHuman.py - mr-coding-tutor-unity - Visual Studio Code] Key: [BACKSPACE]
[2025-07-22 15:57:39.984 GMT+07] [Window: main_P16-MRHuman.py - mr-coding-tutor-unity - Visual Studio Code] Key: [BACKSPACE]
[2025-07-22 15:57:40.192 GMT+07] [Window: main_P16-MRHuman.py - mr-coding-tutor-unity - Visual Studio Code] Key: [BACKSPACE]
[2025-07-22 15:57:40.366 GMT+07] [Window: main_P16-MRHuman.py - mr-coding-tutor-unity - Visual Studio Code] Key: [BACKSPACE]
[2025-07-22 15:57:40.513 GMT+07] [Window: main_P16-MRHuman.py - mr-coding-tutor-unity - Visual Studio Code] Key: [BACKSPACE]
[2025-07-22 15:57:40.691 GMT+07] [Window: main_P16-MRHuman.py - mr-coding-tutor-unity - Visual Studio Code] Key: [BACKSPACE]
[2025-07-22 15:57:43.484 GMT+07] [Window: main_P16-MRHuman.py - mr-coding-tutor-unity - Visual Studio Code] Key: [ALT]+[TAB]
[2025-07-22 15:57:45.799 GMT+07] [Window: [Task AN] Armstrong Numbers - Google Tài li?u and 5 more pages - Armstrong Numbers - Microsoft? Edge] Key: [ALT]+[TAB]
[2025-07-22 15:57:49.163 GMT+07] [Window: main_P16-MRHuman.py - mr-coding-tutor-unity - Visual Studio Code] Key: s
[2025-07-22 15:57:49.374 GMT+07] [Window: main_P16-MRHuman.py - mr-coding-tutor-unity - Visual Studio Code] Key: t
[2025-07-22 15:57:49.597 GMT+07] [Window: main_P16-MRHuman.py - mr-coding-tutor-unity - Visual Studio Code] Key: r
[2025-07-22 15:57:51.214 GMT+07] [Window: main_P16-MRHuman.py - mr-coding-tutor-unity - Visual Studio Code] Key: [SHIFT]+9
[2025-07-22 15:57:53.390 GMT+07] [Window: main_P16-MRHuman.py - mr-coding-tutor-unity - Visual Studio Code] Key: x
[2025-07-22 15:57:54.528 GMT+07] [Window: main_P16-MRHuman.py - mr-coding-tutor-unity - Visual Studio Code] Key: [RIGHT]
[2025-07-22 15:57:55.119 GMT+07] [Window: main_P16-MRHuman.py - mr-coding-tutor-unity - Visual Studio Code] Key: 

[2025-07-22 15:57:56.178 GMT+07] [Window: main_P16-MRHuman.py - mr-coding-tutor-unity - Visual Studio Code] Key: n
[2025-07-22 15:57:56.688 GMT+07] [Window: main_P16-MRHuman.py - mr-coding-tutor-unity - Visual Studio Code] Key: _
[2025-07-22 15:57:57.259 GMT+07] [Window: main_P16-MRHuman.py - mr-coding-tutor-unity - Visual Studio Code] Key: +
[2025-07-22 15:57:57.473 GMT+07] [Window: main_P16-MRHuman.py - mr-coding-tutor-unity - Visual Studio Code] Key: _
[2025-07-22 15:57:57.999 GMT+07] [Window: main_P16-MRHuman.py - mr-coding-tutor-unity - Visual Studio Code] Key: l
[2025-07-22 15:57:58.214 GMT+07] [Window: main_P16-MRHuman.py - mr-coding-tutor-unity - Visual Studio Code] Key: e
[2025-07-22 15:57:58.424 GMT+07] [Window: main_P16-MRHuman.py - mr-coding-tutor-unity - Visual Studio Code] Key: n
[2025-07-22 15:57:59.279 GMT+07] [Window: main_P16-MRHuman.py - mr-coding-tutor-unity - Visual Studio Code] Key: [SHIFT]+9
[2025-07-22 15:57:59.700 GMT+07] [Window: main_P16-MRHuman.py - mr-coding-tutor-unity - Visual Studio Code] Key: s
[2025-07-22 15:58:00.268 GMT+07] [Window: main_P16-MRHuman.py - mr-coding-tutor-unity - Visual Studio Code] Key: [RIGHT]
[2025-07-22 15:58:00.807 GMT+07] [Window: main_P16-MRHuman.py - mr-coding-tutor-unity - Visual Studio Code] Key: 

[2025-07-22 15:58:01.714 GMT+07] [Window: main_P16-MRHuman.py - mr-coding-tutor-unity - Visual Studio Code] Key: 

[2025-07-22 15:58:02.881 GMT+07] [Window: main_P16-MRHuman.py - mr-coding-tutor-unity - Visual Studio Code] Key: f
[2025-07-22 15:58:03.014 GMT+07] [Window: main_P16-MRHuman.py - mr-coding-tutor-unity - Visual Studio Code] Key: o
[2025-07-22 15:58:03.486 GMT+07] [Window: main_P16-MRHuman.py - mr-coding-tutor-unity - Visual Studio Code] Key: r
[2025-07-22 15:58:03.672 GMT+07] [Window: main_P16-MRHuman.py - mr-coding-tutor-unity - Visual Studio Code] Key: _
[2025-07-22 15:58:06.818 GMT+07] [Window: main_P16-MRHuman.py - mr-coding-tutor-unity - Visual Studio Code] Key: i
[2025-07-22 15:58:07.070 GMT+07] [Window: main_P16-MRHuman.py - mr-coding-tutor-unity - Visual Studio Code] Key: _
[2025-07-22 15:58:07.803 GMT+07] [Window: main_P16-MRHuman.py - mr-coding-tutor-unity - Visual Studio Code] Key: i
[2025-07-22 15:58:09.121 GMT+07] [Window: main_P16-MRHuman.py - mr-coding-tutor-unity - Visual Studio Code] Key: n
[2025-07-22 15:58:09.518 GMT+07] [Window: main_P16-MRHuman.py - mr-coding-tutor-unity - Visual Studio Code] Key: _
[2025-07-22 15:58:10.465 GMT+07] [Window: main_P16-MRHuman.py - mr-coding-tutor-unity - Visual Studio Code] Key: s
[2025-07-22 15:58:12.172 GMT+07] [Window: main_P16-MRHuman.py - mr-coding-tutor-unity - Visual Studio Code] Key: [SHIFT]+;
[2025-07-22 15:58:13.481 GMT+07] [Window: main_P16-MRHuman.py - mr-coding-tutor-unity - Visual Studio Code] Key: [ALT]+[TAB]
[2025-07-22 15:58:17.214 GMT+07] [Window: [Task AN] Armstrong Numbers - Google Tài li?u and 5 more pages - Armstrong Numbers - Microsoft? Edge] Key: [ALT]+[TAB]
[2025-07-22 15:58:19.719 GMT+07] [Window: main_P16-MRHuman.py - mr-coding-tutor-unity - Visual Studio Code] Key: 

[2025-07-22 15:58:20.529 GMT+07] [Window: main_P16-MRHuman.py - mr-coding-tutor-unity - Visual Studio Code] Key: s
[2025-07-22 15:58:20.611 GMT+07] [Window: main_P16-MRHuman.py - mr-coding-tutor-unity - Visual Studio Code] Key: u
[2025-07-22 15:58:22.265 GMT+07] [Window: main_P16-MRHuman.py - mr-coding-tutor-unity - Visual Studio Code] Key: m
[2025-07-22 15:58:22.503 GMT+07] [Window: main_P16-MRHuman.py - mr-coding-tutor-unity - Visual Studio Code] Key: _
[2025-07-22 15:58:23.050 GMT+07] [Window: main_P16-MRHuman.py - mr-coding-tutor-unity - Visual Studio Code] Key: +
[2025-07-22 15:58:23.223 GMT+07] [Window: main_P16-MRHuman.py - mr-coding-tutor-unity - Visual Studio Code] Key: _
[2025-07-22 15:58:23.564 GMT+07] [Window: main_P16-MRHuman.py - mr-coding-tutor-unity - Visual Studio Code] Key: 0
[2025-07-22 15:58:27.089 GMT+07] [Window: main_P16-MRHuman.py - mr-coding-tutor-unity - Visual Studio Code] Key: 

[2025-07-22 15:58:27.536 GMT+07] [Window: main_P16-MRHuman.py - mr-coding-tutor-unity - Visual Studio Code] Key: s
[2025-07-22 15:58:28.017 GMT+07] [Window: main_P16-MRHuman.py - mr-coding-tutor-unity - Visual Studio Code] Key: u
[2025-07-22 15:58:28.551 GMT+07] [Window: main_P16-MRHuman.py - mr-coding-tutor-unity - Visual Studio Code] Key: m
[2025-07-22 15:58:28.990 GMT+07] [Window: main_P16-MRHuman.py - mr-coding-tutor-unity - Visual Studio Code] Key: _
[2025-07-22 15:58:30.175 GMT+07] [Window: main_P16-MRHuman.py - mr-coding-tutor-unity - Visual Studio Code] Key: [SHIFT]++
[2025-07-22 15:58:30.390 GMT+07] [Window: main_P16-MRHuman.py - mr-coding-tutor-unity - Visual Studio Code] Key: +
[2025-07-22 15:58:30.893 GMT+07] [Window: main_P16-MRHuman.py - mr-coding-tutor-unity - Visual Studio Code] Key: _
[2025-07-22 15:58:47.050 GMT+07] [Window: main_P16-MRHuman.py - mr-coding-tutor-unity - Visual Studio Code] Key: p
[2025-07-22 15:58:47.342 GMT+07] [Window: main_P16-MRHuman.py - mr-coding-tutor-unity - Visual Studio Code] Key: o
[2025-07-22 15:58:51.009 GMT+07] [Window: main_P16-MRHuman.py - mr-coding-tutor-unity - Visual Studio Code] Key: [BACKSPACE]
[2025-07-22 15:58:55.520 GMT+07] [Window: main_P16-MRHuman.py - mr-coding-tutor-unity - Visual Studio Code] Key: o
[2025-07-22 15:58:55.709 GMT+07] [Window: main_P16-MRHuman.py - mr-coding-tutor-unity - Visual Studio Code] Key: w
[2025-07-22 15:58:56.828 GMT+07] [Window: main_P16-MRHuman.py - mr-coding-tutor-unity - Visual Studio Code] Key: [SHIFT]+9
[2025-07-22 15:59:00.422 GMT+07] [Window: main_P16-MRHuman.py - mr-coding-tutor-unity - Visual Studio Code] Key: i
[2025-07-22 15:59:01.882 GMT+07] [Window: main_P16-MRHuman.py - mr-coding-tutor-unity - Visual Studio Code] Key: ,
[2025-07-22 15:59:01.990 GMT+07] [Window: main_P16-MRHuman.py - mr-coding-tutor-unity - Visual Studio Code] Key: _
[2025-07-22 15:59:02.814 GMT+07] [Window: main_P16-MRHuman.py - mr-coding-tutor-unity - Visual Studio Code] Key: n
[2025-07-22 15:59:03.450 GMT+07] [Window: main_P16-MRHuman.py - mr-coding-tutor-unity - Visual Studio Code] Key: [RIGHT]
[2025-07-22 15:59:19.040 GMT+07] [Window: main_P16-MRHuman.py - mr-coding-tutor-unity - Visual Studio Code] Key: [BACKSPACE]
[2025-07-22 15:59:19.226 GMT+07] [Window: main_P16-MRHuman.py - mr-coding-tutor-unity - Visual Studio Code] Key: [BACKSPACE]
[2025-07-22 15:59:19.399 GMT+07] [Window: main_P16-MRHuman.py - mr-coding-tutor-unity - Visual Studio Code] Key: [BACKSPACE]
[2025-07-22 15:59:19.573 GMT+07] [Window: main_P16-MRHuman.py - mr-coding-tutor-unity - Visual Studio Code] Key: [BACKSPACE]
[2025-07-22 15:59:20.121 GMT+07] [Window: main_P16-MRHuman.py - mr-coding-tutor-unity - Visual Studio Code] Key: [BACKSPACE]
[2025-07-22 15:59:20.349 GMT+07] [Window: main_P16-MRHuman.py - mr-coding-tutor-unity - Visual Studio Code] Key: [BACKSPACE]
[2025-07-22 15:59:20.560 GMT+07] [Window: main_P16-MRHuman.py - mr-coding-tutor-unity - Visual Studio Code] Key: [BACKSPACE]
[2025-07-22 15:59:21.781 GMT+07] [Window: main_P16-MRHuman.py - mr-coding-tutor-unity - Visual Studio Code] Key: w
[2025-07-22 15:59:24.338 GMT+07] [Window: main_P16-MRHuman.py - mr-coding-tutor-unity - Visual Studio Code] Key: [BACKSPACE]
[2025-07-22 15:59:24.533 GMT+07] [Window: main_P16-MRHuman.py - mr-coding-tutor-unity - Visual Studio Code] Key: [BACKSPACE]
[2025-07-22 15:59:24.714 GMT+07] [Window: main_P16-MRHuman.py - mr-coding-tutor-unity - Visual Studio Code] Key: [BACKSPACE]
[2025-07-22 15:59:29.389 GMT+07] [Window: main_P16-MRHuman.py - mr-coding-tutor-unity - Visual Studio Code] Key: i
[2025-07-22 15:59:33.947 GMT+07] [Window: main_P16-MRHuman.py - mr-coding-tutor-unity - Visual Studio Code] Key: _
[2025-07-22 15:59:35.472 GMT+07] [Window: main_P16-MRHuman.py - mr-coding-tutor-unity - Visual Studio Code] Key: [SHIFT]+8
[2025-07-22 15:59:35.648 GMT+07] [Window: main_P16-MRHuman.py - mr-coding-tutor-unity - Visual Studio Code] Key: [SHIFT]+8
[2025-07-22 15:59:36.172 GMT+07] [Window: main_P16-MRHuman.py - mr-coding-tutor-unity - Visual Studio Code] Key: _
[2025-07-22 15:59:36.566 GMT+07] [Window: main_P16-MRHuman.py - mr-coding-tutor-unity - Visual Studio Code] Key: n
[2025-07-22 15:59:38.986 GMT+07] [Window: main_P16-MRHuman.py - mr-coding-tutor-unity - Visual Studio Code] Key: [LEFT]
[2025-07-22 15:59:39.181 GMT+07] [Window: main_P16-MRHuman.py - mr-coding-tutor-unity - Visual Studio Code] Key: [LEFT]
[2025-07-22 15:59:39.347 GMT+07] [Window: main_P16-MRHuman.py - mr-coding-tutor-unity - Visual Studio Code] Key: [LEFT]
[2025-07-22 15:59:39.495 GMT+07] [Window: main_P16-MRHuman.py - mr-coding-tutor-unity - Visual Studio Code] Key: [LEFT]
[2025-07-22 15:59:39.716 GMT+07] [Window: main_P16-MRHuman.py - mr-coding-tutor-unity - Visual Studio Code] Key: [LEFT]
[2025-07-22 15:59:43.462 GMT+07] [Window: main_P16-MRHuman.py - mr-coding-tutor-unity - Visual Studio Code] Key: n
[2025-07-22 15:59:43.582 GMT+07] [Window: main_P16-MRHuman.py - mr-coding-tutor-unity - Visual Studio Code] Key: t
[2025-07-22 15:59:44.653 GMT+07] [Window: main_P16-MRHuman.py - mr-coding-tutor-unity - Visual Studio Code] Key: [SHIFT]+9
[2025-07-22 15:59:44.934 GMT+07] [Window: main_P16-MRHuman.py - mr-coding-tutor-unity - Visual Studio Code] Key: i
[2025-07-22 15:59:46.151 GMT+07] [Window: main_P16-MRHuman.py - mr-coding-tutor-unity - Visual Studio Code] Key: [RIGHT]
[2025-07-22 15:59:48.883 GMT+07] [Window: main_P16-MRHuman.py - mr-coding-tutor-unity - Visual Studio Code] Key: 

[2025-07-22 15:59:49.042 GMT+07] [Window: main_P16-MRHuman.py - mr-coding-tutor-unity - Visual Studio Code] Key: 

[2025-07-22 15:59:49.936 GMT+07] [Window: main_P16-MRHuman.py - mr-coding-tutor-unity - Visual Studio Code] Key: [BACKSPACE]
[2025-07-22 15:59:50.677 GMT+07] [Window: main_P16-MRHuman.py - mr-coding-tutor-unity - Visual Studio Code] Key: i
[2025-07-22 15:59:50.745 GMT+07] [Window: main_P16-MRHuman.py - mr-coding-tutor-unity - Visual Studio Code] Key: f
[2025-07-22 15:59:50.851 GMT+07] [Window: main_P16-MRHuman.py - mr-coding-tutor-unity - Visual Studio Code] Key: _
[2025-07-22 15:59:53.307 GMT+07] [Window: main_P16-MRHuman.py - mr-coding-tutor-unity - Visual Studio Code] Key: [SHIFT]+9
[2025-07-22 15:59:53.554 GMT+07] [Window: main_P16-MRHuman.py - mr-coding-tutor-unity - Visual Studio Code] Key: s
[2025-07-22 15:59:53.739 GMT+07] [Window: main_P16-MRHuman.py - mr-coding-tutor-unity - Visual Studio Code] Key: u
[2025-07-22 15:59:54.040 GMT+07] [Window: main_P16-MRHuman.py - mr-coding-tutor-unity - Visual Studio Code] Key: m
[2025-07-22 15:59:55.047 GMT+07] [Window: main_P16-MRHuman.py - mr-coding-tutor-unity - Visual Studio Code] Key: +
[2025-07-22 15:59:55.194 GMT+07] [Window: main_P16-MRHuman.py - mr-coding-tutor-unity - Visual Studio Code] Key: +
[2025-07-22 15:59:55.300 GMT+07] [Window: main_P16-MRHuman.py - mr-coding-tutor-unity - Visual Studio Code] Key: x
[2025-07-22 15:59:57.827 GMT+07] [Window: main_P16-MRHuman.py - mr-coding-tutor-unity - Visual Studio Code] Key: [ALT]+[TAB]
[2025-07-22 16:00:02.128 GMT+07] [Window: [Task AN] Armstrong Numbers - Google Tài li?u and 5 more pages - Armstrong Numbers - Microsoft? Edge] Key: [ALT]+[TAB]
[2025-07-22 16:00:06.031 GMT+07] [Window: main_P16-MRHuman.py - mr-coding-tutor-unity - Visual Studio Code] Key: [SHIFT]+;
[2025-07-22 16:00:06.490 GMT+07] [Window: main_P16-MRHuman.py - mr-coding-tutor-unity - Visual Studio Code] Key: 

[2025-07-22 16:00:07.447 GMT+07] [Window: main_P16-MRHuman.py - mr-coding-tutor-unity - Visual Studio Code] Key: p
[2025-07-22 16:00:07.954 GMT+07] [Window: main_P16-MRHuman.py - mr-coding-tutor-unity - Visual Studio Code] Key: r
[2025-07-22 16:00:08.065 GMT+07] [Window: main_P16-MRHuman.py - mr-coding-tutor-unity - Visual Studio Code] Key: i
[2025-07-22 16:00:08.253 GMT+07] [Window: main_P16-MRHuman.py - mr-coding-tutor-unity - Visual Studio Code] Key: n
[2025-07-22 16:00:08.368 GMT+07] [Window: main_P16-MRHuman.py - mr-coding-tutor-unity - Visual Studio Code] Key: t
[2025-07-22 16:00:09.248 GMT+07] [Window: main_P16-MRHuman.py - mr-coding-tutor-unity - Visual Studio Code] Key: [SHIFT]+9
[2025-07-22 16:00:10.348 GMT+07] [Window: main_P16-MRHuman.py - mr-coding-tutor-unity - Visual Studio Code] Key: [SHIFT]+'
[2025-07-22 16:00:11.169 GMT+07] [Window: main_P16-MRHuman.py - mr-coding-tutor-unity - Visual Studio Code] Key: [CAPSLOCK]
[2025-07-22 16:00:11.530 GMT+07] [Window: main_P16-MRHuman.py - mr-coding-tutor-unity - Visual Studio Code] Key: Y
[2025-07-22 16:00:11.648 GMT+07] [Window: main_P16-MRHuman.py - mr-coding-tutor-unity - Visual Studio Code] Key: [CAPSLOCK]
[2025-07-22 16:00:12.003 GMT+07] [Window: main_P16-MRHuman.py - mr-coding-tutor-unity - Visual Studio Code] Key: e
[2025-07-22 16:00:12.166 GMT+07] [Window: main_P16-MRHuman.py - mr-coding-tutor-unity - Visual Studio Code] Key: s
[2025-07-22 16:00:16.506 GMT+07] [Window: main_P16-MRHuman.py - mr-coding-tutor-unity - Visual Studio Code] Key: [RIGHT]
[2025-07-22 16:00:16.923 GMT+07] [Window: main_P16-MRHuman.py - mr-coding-tutor-unity - Visual Studio Code] Key: [RIGHT]
[2025-07-22 16:00:22.736 GMT+07] [Window: main_P16-MRHuman.py - mr-coding-tutor-unity - Visual Studio Code] Key: [BACKSPACE]
[2025-07-22 16:00:23.455 GMT+07] [Window: main_P16-MRHuman.py - mr-coding-tutor-unity - Visual Studio Code] Key: [LEFT]
[2025-07-22 16:00:23.963 GMT+07] [Window: main_P16-MRHuman.py - mr-coding-tutor-unity - Visual Studio Code] Key: [LEFT]
[2025-07-22 16:00:23.994 GMT+07] [Window: main_P16-MRHuman.py - mr-coding-tutor-unity - Visual Studio Code] Key: [LEFT]
[2025-07-22 16:00:24.024 GMT+07] [Window: main_P16-MRHuman.py - mr-coding-tutor-unity - Visual Studio Code] Key: [LEFT]
[2025-07-22 16:00:24.298 GMT+07] [Window: main_P16-MRHuman.py - mr-coding-tutor-unity - Visual Studio Code] Key: [LEFT]
[2025-07-22 16:00:24.600 GMT+07] [Window: main_P16-MRHuman.py - mr-coding-tutor-unity - Visual Studio Code] Key: [LEFT]
[2025-07-22 16:00:25.446 GMT+07] [Window: main_P16-MRHuman.py - mr-coding-tutor-unity - Visual Studio Code] Key: [BACKSPACE]
[2025-07-22 16:00:27.777 GMT+07] [Window: main_P16-MRHuman.py - mr-coding-tutor-unity - Visual Studio Code] Key: 

[2025-07-22 16:00:28.350 GMT+07] [Window: main_P16-MRHuman.py - mr-coding-tutor-unity - Visual Studio Code] Key: [BACKSPACE]
[2025-07-22 16:00:29.311 GMT+07] [Window: main_P16-MRHuman.py - mr-coding-tutor-unity - Visual Studio Code] Key: w
[2025-07-22 16:00:29.462 GMT+07] [Window: main_P16-MRHuman.py - mr-coding-tutor-unity - Visual Studio Code] Key: l
[2025-07-22 16:00:29.638 GMT+07] [Window: main_P16-MRHuman.py - mr-coding-tutor-unity - Visual Studio Code] Key: a
[2025-07-22 16:00:29.687 GMT+07] [Window: main_P16-MRHuman.py - mr-coding-tutor-unity - Visual Studio Code] Key: w
[2025-07-22 16:00:30.589 GMT+07] [Window: main_P16-MRHuman.py - mr-coding-tutor-unity - Visual Studio Code] Key: [BACKSPACE]
[2025-07-22 16:00:30.803 GMT+07] [Window: main_P16-MRHuman.py - mr-coding-tutor-unity - Visual Studio Code] Key: [BACKSPACE]
[2025-07-22 16:00:31.210 GMT+07] [Window: main_P16-MRHuman.py - mr-coding-tutor-unity - Visual Studio Code] Key: [BACKSPACE]
[2025-07-22 16:00:31.432 GMT+07] [Window: main_P16-MRHuman.py - mr-coding-tutor-unity - Visual Studio Code] Key: [BACKSPACE]
[2025-07-22 16:00:31.748 GMT+07] [Window: main_P16-MRHuman.py - mr-coding-tutor-unity - Visual Studio Code] Key: e
[2025-07-22 16:00:32.611 GMT+07] [Window: main_P16-MRHuman.py - mr-coding-tutor-unity - Visual Studio Code] Key: l
[2025-07-22 16:00:32.687 GMT+07] [Window: main_P16-MRHuman.py - mr-coding-tutor-unity - Visual Studio Code] Key: s
[2025-07-22 16:00:32.879 GMT+07] [Window: main_P16-MRHuman.py - mr-coding-tutor-unity - Visual Studio Code] Key: e
[2025-07-22 16:00:33.956 GMT+07] [Window: main_P16-MRHuman.py - mr-coding-tutor-unity - Visual Studio Code] Key: [SHIFT]+;
[2025-07-22 16:00:34.268 GMT+07] [Window: main_P16-MRHuman.py - mr-coding-tutor-unity - Visual Studio Code] Key: 

[2025-07-22 16:00:35.474 GMT+07] [Window: main_P16-MRHuman.py - mr-coding-tutor-unity - Visual Studio Code] Key: p
[2025-07-22 16:00:35.749 GMT+07] [Window: main_P16-MRHuman.py - mr-coding-tutor-unity - Visual Studio Code] Key: r
[2025-07-22 16:00:35.875 GMT+07] [Window: main_P16-MRHuman.py - mr-coding-tutor-unity - Visual Studio Code] Key: i
[2025-07-22 16:00:36.057 GMT+07] [Window: main_P16-MRHuman.py - mr-coding-tutor-unity - Visual Studio Code] Key: n
[2025-07-22 16:00:36.110 GMT+07] [Window: main_P16-MRHuman.py - mr-coding-tutor-unity - Visual Studio Code] Key: t
[2025-07-22 16:00:36.549 GMT+07] [Window: main_P16-MRHuman.py - mr-coding-tutor-unity - Visual Studio Code] Key: [SHIFT]+9
[2025-07-22 16:00:37.896 GMT+07] [Window: main_P16-MRHuman.py - mr-coding-tutor-unity - Visual Studio Code] Key: [SHIFT]+'
[2025-07-22 16:00:38.840 GMT+07] [Window: main_P16-MRHuman.py - mr-coding-tutor-unity - Visual Studio Code] Key: [CAPSLOCK]
[2025-07-22 16:00:39.033 GMT+07] [Window: main_P16-MRHuman.py - mr-coding-tutor-unity - Visual Studio Code] Key: N
[2025-07-22 16:00:39.180 GMT+07] [Window: main_P16-MRHuman.py - mr-coding-tutor-unity - Visual Studio Code] Key: [CAPSLOCK]
[2025-07-22 16:00:40.651 GMT+07] [Window: main_P16-MRHuman.py - mr-coding-tutor-unity - Visual Studio Code] Key: o
[2025-07-22 16:00:41.309 GMT+07] [Window: main_P16-MRHuman.py - mr-coding-tutor-unity - Visual Studio Code] Key: [RIGHT]
[2025-07-22 16:00:41.599 GMT+07] [Window: main_P16-MRHuman.py - mr-coding-tutor-unity - Visual Studio Code] Key: [RIGHT]
[2025-07-22 16:00:53.951 GMT+07] [Window: main_P16-MRHuman.py - mr-coding-tutor-unity - Visual Studio Code] Key: [BACKSPACE]
[2025-07-22 16:00:54.385 GMT+07] [Window: main_P16-MRHuman.py - mr-coding-tutor-unity - Visual Studio Code] Key: [BACKSPACE]
[2025-07-22 16:00:55.416 GMT+07] [Window: main_P16-MRHuman.py - mr-coding-tutor-unity - Visual Studio Code] Key: 2
[2025-07-22 16:00:55.564 GMT+07] [Window: main_P16-MRHuman.py - mr-coding-tutor-unity - Visual Studio Code] Key: 0
[2025-07-22 16:01:02.439 GMT+07] [Window: main_P16-MRHuman.py - mr-coding-tutor-unity - Visual Studio Code] Key: [ALT]+[TAB]
[2025-07-22 16:01:08.203 GMT+07] [Window: [Task AN] Armstrong Numbers - Google Tài li?u and 5 more pages - Armstrong Numbers - Microsoft? Edge] Key: [ALT]+[TAB]
[2025-07-22 16:01:13.745 GMT+07] [Window: main_P16-MRHuman.py - mr-coding-tutor-unity - Visual Studio Code] Key: [BACKSPACE]
[2025-07-22 16:01:14.079 GMT+07] [Window: main_P16-MRHuman.py - mr-coding-tutor-unity - Visual Studio Code] Key: 5
[2025-07-22 16:01:14.477 GMT+07] [Window: main_P16-MRHuman.py - mr-coding-tutor-unity - Visual Studio Code] Key: 2
[2025-07-22 16:01:16.023 GMT+07] [Window: main_P16-MRHuman.py - mr-coding-tutor-unity - Visual Studio Code] Key: [BACKSPACE]
[2025-07-22 16:01:16.292 GMT+07] [Window: main_P16-MRHuman.py - mr-coding-tutor-unity - Visual Studio Code] Key: 3
[2025-07-22 16:01:21.854 GMT+07] [Window: main_P16-MRHuman.py - mr-coding-tutor-unity - Visual Studio Code] Key: [ALT]+[TAB]
[2025-07-22 16:01:24.210 GMT+07] [Window: [Task AN] Armstrong Numbers - Google Tài li?u and 5 more pages - Armstrong Numbers - Microsoft? Edge] Key: [ALT]+[TAB]
[2025-07-22 16:01:28.321 GMT+07] [Window: main_P16-MRHuman.py - mr-coding-tutor-unity - Visual Studio Code] Key: [BACKSPACE]
[2025-07-22 16:01:28.657 GMT+07] [Window: main_P16-MRHuman.py - mr-coding-tutor-unity - Visual Studio Code] Key: [BACKSPACE]
[2025-07-22 16:01:28.894 GMT+07] [Window: main_P16-MRHuman.py - mr-coding-tutor-unity - Visual Studio Code] Key: [BACKSPACE]
[2025-07-22 16:01:30.612 GMT+07] [Window: main_P16-MRHuman.py - mr-coding-tutor-unity - Visual Studio Code] Key: 6
[2025-07-22 16:01:31.070 GMT+07] [Window: main_P16-MRHuman.py - mr-coding-tutor-unity - Visual Studio Code] Key: 3
[2025-07-22 16:01:31.562 GMT+07] [Window: main_P16-MRHuman.py - mr-coding-tutor-unity - Visual Studio Code] Key: 4
[2025-07-22 16:01:40.800 GMT+07] [Window: main_P16-MRHuman.py - mr-coding-tutor-unity - Visual Studio Code] Key: [ALT]+[TAB]
[2025-07-22 16:01:43.888 GMT+07] [Window: [Task AN] Armstrong Numbers - Google Tài li?u and 5 more pages - Armstrong Numbers - Microsoft? Edge] Key: [ALT]+[TAB]
[2025-07-22 16:01:51.464 GMT+07] [Window: main_P16-MRHuman.py - mr-coding-tutor-unity - Visual Studio Code] Key: [BACKSPACE]
[2025-07-22 16:01:51.734 GMT+07] [Window: main_P16-MRHuman.py - mr-coding-tutor-unity - Visual Studio Code] Key: [BACKSPACE]
[2025-07-22 16:01:52.448 GMT+07] [Window: main_P16-MRHuman.py - mr-coding-tutor-unity - Visual Studio Code] Key: [BACKSPACE]
[2025-07-22 16:01:52.758 GMT+07] [Window: main_P16-MRHuman.py - mr-coding-tutor-unity - Visual Studio Code] Key: [BACKSPACE]
[2025-07-22 16:01:53.686 GMT+07] [Window: main_P16-MRHuman.py - mr-coding-tutor-unity - Visual Studio Code] Key: 4
[2025-07-22 16:01:54.003 GMT+07] [Window: main_P16-MRHuman.py - mr-coding-tutor-unity - Visual Studio Code] Key: 0
[2025-07-22 16:01:54.431 GMT+07] [Window: main_P16-MRHuman.py - mr-coding-tutor-unity - Visual Studio Code] Key: 7
[2025-07-22 16:02:09.037 GMT+07] [Window: main_P16-MRHuman.py - mr-coding-tutor-unity - Visual Studio Code] Key: [BACKSPACE]
[2025-07-22 16:02:09.234 GMT+07] [Window: main_P16-MRHuman.py - mr-coding-tutor-unity - Visual Studio Code] Key: [BACKSPACE]
[2025-07-22 16:02:09.698 GMT+07] [Window: main_P16-MRHuman.py - mr-coding-tutor-unity - Visual Studio Code] Key: [BACKSPACE]
[2025-07-22 16:02:14.015 GMT+07] [Window: main_P16-MRHuman.py - mr-coding-tutor-unity - Visual Studio Code] Key: 6
[2025-07-22 16:02:14.345 GMT+07] [Window: main_P16-MRHuman.py - mr-coding-tutor-unity - Visual Studio Code] Key: 7
[2025-07-22 16:02:14.955 GMT+07] [Window: main_P16-MRHuman.py - mr-coding-tutor-unity - Visual Studio Code] Key: 3
[2025-07-22 16:02:16.316 GMT+07] [Window: main_P16-MRHuman.py - mr-coding-tutor-unity - Visual Studio Code] Key: 1
[2025-07-22 16:02:16.768 GMT+07] [Window: main_P16-MRHuman.py - mr-coding-tutor-unity - Visual Studio Code] Key: 2
[2025-07-22 16:02:54.939 GMT+07] [Window: main_P16-MRHuman.py - mr-coding-tutor-unity - Visual Studio Code] Key: [ALT]+[TAB]
[2025-07-22 16:03:19.937 GMT+07] [Window: StreamingAssets - File Explorer] Key: [ALT]+[TAB]
[2025-07-22 16:03:21.569 GMT+07] [Window: Coding Tutor] Key: [ALT]+ 
[2025-07-22 16:03:22.993 GMT+07] [Window: StreamingAssets - File Explorer] Key: [ALT]+[TAB]
[2025-07-22 16:03:34.744 GMT+07] [Window: [00] Participant List: Student - Google Sheets and 7 more pages - user study admin - Microsoft? Edge] Key: [ALT]+[TAB]
[2025-07-22 16:04:07.690 GMT+07] [Window: StreamingAssets - File Explorer] Key: [ALT]+[TAB]
[2025-07-22 16:04:08.364 GMT+07] [Window: Task Switching] Key: [ALT]+[TAB]
[2025-07-22 16:04:09.565 GMT+07] [Window: Administrator: Command Prompt] Key: [UP]
[2025-07-22 16:04:09.877 GMT+07] [Window: Administrator: Command Prompt] Key: [LEFT]
[2025-07-22 16:04:10.379 GMT+07] [Window: Administrator: Command Prompt] Key: [LEFT]
[2025-07-22 16:04:10.424 GMT+07] [Window: Administrator: Command Prompt] Key: [LEFT]
[2025-07-22 16:04:10.455 GMT+07] [Window: Administrator: Command Prompt] Key: [LEFT]
[2025-07-22 16:04:10.487 GMT+07] [Window: Administrator: Command Prompt] Key: [LEFT]
[2025-07-22 16:04:10.518 GMT+07] [Window: Administrator: Command Prompt] Key: [LEFT]
[2025-07-22 16:04:10.549 GMT+07] [Window: Administrator: Command Prompt] Key: [LEFT]
[2025-07-22 16:04:10.580 GMT+07] [Window: Administrator: Command Prompt] Key: [LEFT]
[2025-07-22 16:04:10.611 GMT+07] [Window: Admini