Logging output to C:\mr-coding-tutor-unity\data\P18-VC\keylog.log
[2025-07-26 17:05:36.795 GMT+07] [Window: [Task FN] Nth Fibonacci Number - Google Tài li?u and 5 more pages - Fibo - Microsoft? Edge] Key: [ALT]+[TAB]
[2025-07-26 17:05:38.704 GMT+07] [Window: main_P18-MRHuman.py - mr-coding-tutor-unity - Visual Studio Code] Key: [ALT]+[TAB]
[2025-07-26 17:05:53.080 GMT+07] [Window: main_P18-VC.py - mr-coding-tutor-unity - Visual Studio Code] Key: [ALT]+[TAB]
[2025-07-26 17:06:17.427 GMT+07] [Window: Meet - tmy-mcwv-szq and 5 more pages - Fibo - Microsoft? Edge] Key: [ALT]+[TAB]
[2025-07-26 17:06:18.371 GMT+07] [Window: meet.google.com is sharing your screen.] Key: [ALT]+[TAB]
[2025-07-26 17:06:19.026 GMT+07] [Window: Task Switching] Key: [ALT]+[TAB]
[2025-07-26 17:06:19.241 GMT+07] [Window: Task Switching] Key: [ALT]+[TAB]
[2025-07-26 17:06:19.937 GMT+07] [Window: main_P18-VC.py - mr-coding-tutor-unity - Visual Studio Code] Key: [ALT]+[TAB]
[2025-07-26 17:06:20.671 GMT+07] [Window: meet.google.com is sharing your screen.] Key: [ALT]+[TAB]
[2025-07-26 17:06:21.456 GMT+07] [Window: Task Switching] Key: [ALT]+[TAB]
[2025-07-26 17:06:33.971 GMT+07] [Window: Meet - tmy-mcwv-szq] Key: [ALT]+[TAB]
[2025-07-26 17:06:34.970 GMT+07] [Window: Task Switching] Key: [ALT]+[TAB]
[2025-07-26 17:06:35.209 GMT+07] [Window: Task Switching] Key: [ALT]+[TAB]
[2025-07-26 17:06:36.109 GMT+07] [Window: main_P18-VC.py - mr-coding-tutor-unity - Visual Studio Code] Key: [ALT]+[TAB]
[2025-07-26 17:06:36.588 GMT+07] [Window: Task Switching] Key: [ALT]+[TAB]
[2025-07-26 17:06:36.798 GMT+07] [Window: Task Switching] Key: [ALT]+[TAB]
[2025-07-26 17:06:37.040 GMT+07] [Window: Task Switching] Key: [ALT]+[TAB]
[2025-07-26 17:06:38.423 GMT+07] [Window: [Task FN] Nth Fibonacci Number - Google Tài li?u and 5 more pages - Fibo - Microsoft? Edge] Key: [ALT]+[TAB]
[2025-07-26 17:06:40.010 GMT+07] [Window: main_P18-VC.py - mr-coding-tutor-unity - Visual Studio Code] Key: [ALT]+[TAB]
[2025-07-26 17:06:41.133 GMT+07] [Window: [Task FN] Nth Fibonacci Number - Google Tài li?u and 5 more pages - Fibo - Microsoft? Edge] Key: [ALT]+[TAB]
[2025-07-26 17:06:44.112 GMT+07] [Window: main_P18-VC.py - mr-coding-tutor-unity - Visual Studio Code] Key: [ALT]+[TAB]
[2025-07-26 17:10:24.199 GMT+07] [Window: [Task FN] Nth Fibonacci Number - Google Tài li?u and 5 more pages - Fibo - Microsoft? Edge] Key: [ALT]+[TAB]
[2025-07-26 17:10:25.880 GMT+07] [Window: main_P18-VC.py - mr-coding-tutor-unity - Visual Studio Code] Key: [ALT]+[TAB]
[2025-07-26 17:10:26.680 GMT+07] [Window: [Task FN] Nth Fibonacci Number - Google Tài li?u and 5 more pages - Fibo - Microsoft? Edge] Key: [ALT]+[TAB]
[2025-07-26 17:10:27.645 GMT+07] [Window: main_P18-VC.py - mr-coding-tutor-unity - Visual Studio Code] Key: [ALT]+[TAB]
[2025-07-26 17:10:46.441 GMT+07] [Window: [Task FN] Nth Fibonacci Number - Google Tài li?u and 5 more pages - Fibo - Microsoft? Edge] Key: [ALT]+[TAB]
[2025-07-26 17:10:47.432 GMT+07] [Window: main_P18-VC.py - mr-coding-tutor-unity - Visual Studio Code] Key: [ALT]+[TAB]
[2025-07-26 17:12:16.562 GMT+07] [Window: [Task FN] Nth Fibonacci Number - Google Tài li?u and 5 more pages - Fibo - Microsoft? Edge] Key: [ALT]+[TAB]
[2025-07-26 17:12:29.118 GMT+07] [Window: main_P18-VC.py - mr-coding-tutor-unity - Visual Studio Code] Key: n
[2025-07-26 17:12:30.147 GMT+07] [Window: main_P18-VC.py - mr-coding-tutor-unity - Visual Studio Code] Key: 

[2025-07-26 17:12:31.249 GMT+07] [Window: main_P18-VC.py - mr-coding-tutor-unity - Visual Studio Code] Key: [BACKSPACE]
[2025-07-26 17:12:31.656 GMT+07] [Window: main_P18-VC.py - mr-coding-tutor-unity - Visual Studio Code] Key: [BACKSPACE]
[2025-07-26 17:12:31.846 GMT+07] [Window: main_P18-VC.py - mr-coding-tutor-unity - Visual Studio Code] Key: [BACKSPACE]
[2025-07-26 17:12:31.980 GMT+07] [Window: main_P18-VC.py - mr-coding-tutor-unity - Visual Studio Code] Key: [BACKSPACE]
[2025-07-26 17:12:32.182 GMT+07] [Window: main_P18-VC.py - mr-coding-tutor-unity - Visual Studio Code] Key: [BACKSPACE]
[2025-07-26 17:12:32.404 GMT+07] [Window: main_P18-VC.py - mr-coding-tutor-unity - Visual Studio Code] Key: [BACKSPACE]
[2025-07-26 17:12:32.917 GMT+07] [Window: main_P18-VC.py - mr-coding-tutor-unity - Visual Studio Code] Key: [BACKSPACE]
[2025-07-26 17:12:34.042 GMT+07] [Window: main_P18-VC.py - mr-coding-tutor-unity - Visual Studio Code] Key: +
[2025-07-26 17:12:36.135 GMT+07] [Window: main_P18-VC.py - mr-coding-tutor-unity - Visual Studio Code] Key: +
[2025-07-26 17:12:36.945 GMT+07] [Window: main_P18-VC.py - mr-coding-tutor-unity - Visual Studio Code] Key: [BACKSPACE]
[2025-07-26 17:12:37.197 GMT+07] [Window: main_P18-VC.py - mr-coding-tutor-unity - Visual Studio Code] Key: [BACKSPACE]
[2025-07-26 17:12:38.562 GMT+07] [Window: main_P18-VC.py - mr-coding-tutor-unity - Visual Studio Code] Key: [BACKSPACE]
[2025-07-26 17:12:42.276 GMT+07] [Window: main_P18-VC.py - mr-coding-tutor-unity - Visual Studio Code] Key: [BACKSPACE]
[2025-07-26 17:12:44.859 GMT+07] [Window: main_P18-VC.py - mr-coding-tutor-unity - Visual Studio Code] Key: _
[2025-07-26 17:12:47.138 GMT+07] [Window: main_P18-VC.py - mr-coding-tutor-unity - Visual Studio Code] Key: _
[2025-07-26 17:12:47.899 GMT+07] [Window: main_P18-VC.py - mr-coding-tutor-unity - Visual Studio Code] Key: +
[2025-07-26 17:12:48.112 GMT+07] [Window: main_P18-VC.py - mr-coding-tutor-unity - Visual Studio Code] Key: _
[2025-07-26 17:12:48.941 GMT+07] [Window: main_P18-VC.py - mr-coding-tutor-unity - Visual Studio Code] Key: 5
[2025-07-26 17:12:49.703 GMT+07] [Window: main_P18-VC.py - mr-coding-tutor-unity - Visual Studio Code] Key: 

[2025-07-26 17:13:02.212 GMT+07] [Window: main_P18-VC.py - mr-coding-tutor-unity - Visual Studio Code] Key: [SHIFT]+9
[2025-07-26 17:13:02.750 GMT+07] [Window: main_P18-VC.py - mr-coding-tutor-unity - Visual Studio Code] Key: 5
[2025-07-26 17:13:03.914 GMT+07] [Window: main_P18-VC.py - mr-coding-tutor-unity - Visual Studio Code] Key: -
[2025-07-26 17:13:04.230 GMT+07] [Window: main_P18-VC.py - mr-coding-tutor-unity - Visual Studio Code] Key: 1
[2025-07-26 17:13:05.765 GMT+07] [Window: main_P18-VC.py - mr-coding-tutor-unity - Visual Studio Code] Key: [RIGHT]
[2025-07-26 17:13:06.710 GMT+07] [Window: main_P18-VC.py - mr-coding-tutor-unity - Visual Studio Code] Key: [SHIFT]++
[2025-07-26 17:13:07.727 GMT+07] [Window: main_P18-VC.py - mr-coding-tutor-unity - Visual Studio Code] Key: [SHIFT]+9
[2025-07-26 17:13:08.966 GMT+07] [Window: main_P18-VC.py - mr-coding-tutor-unity - Visual Studio Code] Key: 5
[2025-07-26 17:13:09.967 GMT+07] [Window: main_P18-VC.py - mr-coding-tutor-unity - Visual Studio Code] Key: -
[2025-07-26 17:13:11.479 GMT+07] [Window: main_P18-VC.py - mr-coding-tutor-unity - Visual Studio Code] Key: 2
[2025-07-26 17:13:12.936 GMT+07] [Window: main_P18-VC.py - mr-coding-tutor-unity - Visual Studio Code] Key: [RIGHT]
[2025-07-26 17:13:13.724 GMT+07] [Window: main_P18-VC.py - mr-coding-tutor-unity - Visual Studio Code] Key: _
[2025-07-26 17:13:14.577 GMT+07] [Window: main_P18-VC.py - mr-coding-tutor-unity - Visual Studio Code] Key: +
[2025-07-26 17:13:14.983 GMT+07] [Window: main_P18-VC.py - mr-coding-tutor-unity - Visual Studio Code] Key: _
[2025-07-26 17:13:16.546 GMT+07] [Window: main_P18-VC.py - mr-coding-tutor-unity - Visual Studio Code] Key: x
[2025-07-26 17:13:17.018 GMT+07] [Window: main_P18-VC.py - mr-coding-tutor-unity - Visual Studio Code] Key: 

[2025-07-26 17:13:18.218 GMT+07] [Window: main_P18-VC.py - mr-coding-tutor-unity - Visual Studio Code] Key: x
[2025-07-26 17:13:18.537 GMT+07] [Window: main_P18-VC.py - mr-coding-tutor-unity - Visual Studio Code] Key: _
[2025-07-26 17:13:18.870 GMT+07] [Window: main_P18-VC.py - mr-coding-tutor-unity - Visual Studio Code] Key: +
[2025-07-26 17:13:19.342 GMT+07] [Window: main_P18-VC.py - mr-coding-tutor-unity - Visual Studio Code] Key: _
[2025-07-26 17:13:19.838 GMT+07] [Window: main_P18-VC.py - mr-coding-tutor-unity - Visual Studio Code] Key: n
[2025-07-26 17:13:22.890 GMT+07] [Window: main_P18-VC.py - mr-coding-tutor-unity - Visual Studio Code] Key: [BACKSPACE]
[2025-07-26 17:13:23.938 GMT+07] [Window: main_P18-VC.py - mr-coding-tutor-unity - Visual Studio Code] Key: n
[2025-07-26 17:13:24.637 GMT+07] [Window: main_P18-VC.py - mr-coding-tutor-unity - Visual Studio Code] Key: [RIGHT]
[2025-07-26 17:13:24.821 GMT+07] [Window: main_P18-VC.py - mr-coding-tutor-unity - Visual Studio Code] Key: [RIGHT]
[2025-07-26 17:13:24.983 GMT+07] [Window: main_P18-VC.py - mr-coding-tutor-unity - Visual Studio Code] Key: [RIGHT]
[2025-07-26 17:13:25.104 GMT+07] [Window: main_P18-VC.py - mr-coding-tutor-unity - Visual Studio Code] Key: [RIGHT]
[2025-07-26 17:13:25.252 GMT+07] [Window: main_P18-VC.py - mr-coding-tutor-unity - Visual Studio Code] Key: [RIGHT]
[2025-07-26 17:13:26.202 GMT+07] [Window: main_P18-VC.py - mr-coding-tutor-unity - Visual Studio Code] Key: [BACKSPACE]
[2025-07-26 17:13:27.310 GMT+07] [Window: main_P18-VC.py - mr-coding-tutor-unity - Visual Studio Code] Key: [RIGHT]
[2025-07-26 17:13:27.769 GMT+07] [Window: main_P18-VC.py - mr-coding-tutor-unity - Visual Studio Code] Key: [BACKSPACE]
[2025-07-26 17:13:28.334 GMT+07] [Window: main_P18-VC.py - mr-coding-tutor-unity - Visual Studio Code] Key: [SHIFT]+9
[2025-07-26 17:13:28.702 GMT+07] [Window: main_P18-VC.py - mr-coding-tutor-unity - Visual Studio Code] Key: n
[2025-07-26 17:14:11.156 GMT+07] [Window: main_P18-VC.py - mr-coding-tutor-unity - Visual Studio Code] Key: [ALT]+[TAB]
[2025-07-26 17:20:06.392 GMT+07] [Window: [Task FN] Nth Fibonacci Number - Google Tài li?u and 5 more pages - Fibo - Microsoft? Edge] Key: [ALT]+[TAB]
[2025-07-26 17:20:08.739 GMT+07] [Window: main_P18-VC.py - mr-coding-tutor-unity - Visual Studio Code] Key: [BACKSPACE]
[2025-07-26 17:20:08.928 GMT+07] [Window: main_P18-VC.py - mr-coding-tutor-unity - Visual Studio Code] Key: [BACKSPACE]
[2025-07-26 17:20:09.077 GMT+07] [Window: main_P18-VC.py - mr-coding-tutor-unity - Visual Studio Code] Key: [BACKSPACE]
[2025-07-26 17:20:09.227 GMT+07] [Window: main_P18-VC.py - mr-coding-tutor-unity - Visual Studio Code] Key: [BACKSPACE]
[2025-07-26 17:20:09.387 GMT+07] [Window: main_P18-VC.py - mr-coding-tutor-unity - Visual Studio Code] Key: [BACKSPACE]
[2025-07-26 17:20:09.543 GMT+07] [Window: main_P18-VC.py - mr-coding-tutor-unity - Visual Studio Code] Key: [BACKSPACE]
[2025-07-26 17:20:09.711 GMT+07] [Window: main_P18-VC.py - mr-coding-tutor-unity - Visual Studio Code] Key: [BACKSPACE]
[2025-07-26 17:20:09.886 GMT+07] [Window: main_P18-VC.py - mr-coding-tutor-unity - Visual Studio Code] Key: [BACKSPACE]
[2025-07-26 17:20:10.039 GMT+07] [Window: main_P18-VC.py - mr-coding-tutor-unity - Visual Studio Code] Key: [BACKSPACE]
[2025-07-26 17:20:10.189 GMT+07] [Window: main_P18-VC.py - mr-coding-tutor-unity - Visual Studio Code] Key: [BACKSPACE]
[2025-07-26 17:20:10.354 GMT+07] [Window: main_P18-VC.py - mr-coding-tutor-unity - Visual Studio Code] Key: [BACKSPACE]
[2025-07-26 17:20:10.524 GMT+07] [Window: main_P18-VC.py - mr-coding-tutor-unity - Visual Studio Code] Key: [BACKSPACE]
[2025-07-26 17:20:10.696 GMT+07] [Window: main_P18-VC.py - mr-coding-tutor-unity - Visual Studio Code] Key: [BACKSPACE]
[2025-07-26 17:20:10.864 GMT+07] [Window: main_P18-VC.py - mr-coding-tutor-unity - Visual Studio Code] Key: [BACKSPACE]
[2025-07-26 17:20:11.032 GMT+07] [Window: main_P18-VC.py - mr-coding-tutor-unity - Visual Studio Code] Key: [BACKSPACE]
[2025-07-26 17:20:11.196 GMT+07] [Window: main_P18-VC.py - mr-coding-tutor-unity - Visual Studio Code] Key: [BACKSPACE]
[2025-07-26 17:20:11.363 GMT+07] [Window: main_P18-VC.py - mr-coding-tutor-unity - Visual Studio Code] Key: [BACKSPACE]
[2025-07-26 17:20:11.549 GMT+07] [Window: main_P18-VC.py - mr-coding-tutor-unity - Visual Studio Code] Key: [BACKSPACE]
[2025-07-26 17:20:11.737 GMT+07] [Window: main_P18-VC.py - mr-coding-tutor-unity - Visual Studio Code] Key: [BACKSPACE]
[2025-07-26 17:20:11.911 GMT+07] [Window: main_P18-VC.py - mr-coding-tutor-unity - Visual Studio Code] Key: [BACKSPACE]
[2025-07-26 17:20:12.233 GMT+07] [Window: main_P18-VC.py - mr-coding-tutor-unity - Visual Studio Code] Key: [BACKSPACE]
[2025-07-26 17:20:12.424 GMT+07] [Window: main_P18-VC.py - mr-coding-tutor-unity - Visual Studio Code] Key: [BACKSPACE]
[2025-07-26 17:20:12.600 GMT+07] [Window: main_P18-VC.py - mr-coding-tutor-unity - Visual Studio Code] Key: [BACKSPACE]
[2025-07-26 17:20:12.771 GMT+07] [Window: main_P18-VC.py - mr-coding-tutor-unity - Visual Studio Code] Key: [BACKSPACE]
[2025-07-26 17:20:12.942 GMT+07] [Window: main_P18-VC.py - mr-coding-tutor-unity - Visual Studio Code] Key: [BACKSPACE]
[2025-07-26 17:20:13.406 GMT+07] [Window: main_P18-VC.py - mr-coding-tutor-unity - Visual Studio Code] Key: [BACKSPACE]
[2025-07-26 17:20:13.758 GMT+07] [Window: main_P18-VC.py - mr-coding-tutor-unity - Visual Studio Code] Key: [BACKSPACE]
[2025-07-26 17:20:15.635 GMT+07] [Window: main_P18-VC.py - mr-coding-tutor-unity - Visual Studio Code] Key: n
[2025-07-26 17:20:19.933 GMT+07] [Window: main_P18-VC.py - mr-coding-tutor-unity - Visual Studio Code] Key: _
[2025-07-26 17:20:25.459 GMT+07] [Window: main_P18-VC.py - mr-coding-tutor-unity - Visual Studio Code] Key: +
[2025-07-26 17:20:25.799 GMT+07] [Window: main_P18-VC.py - mr-coding-tutor-unity - Visual Studio Code] Key: _
[2025-07-26 17:20:26.121 GMT+07] [Window: main_P18-VC.py - mr-coding-tutor-unity - Visual Studio Code] Key: 5
[2025-07-26 17:20:26.740 GMT+07] [Window: main_P18-VC.py - mr-coding-tutor-unity - Visual Studio Code] Key: 

[2025-07-26 17:20:36.196 GMT+07] [Window: main_P18-VC.py - mr-coding-tutor-unity - Visual Studio Code] Key: f
[2025-07-26 17:20:36.541 GMT+07] [Window: main_P18-VC.py - mr-coding-tutor-unity - Visual Studio Code] Key: o
[2025-07-26 17:20:36.818 GMT+07] [Window: main_P18-VC.py - mr-coding-tutor-unity - Visual Studio Code] Key: r
[2025-07-26 17:20:37.432 GMT+07] [Window: main_P18-VC.py - mr-coding-tutor-unity - Visual Studio Code] Key: _
[2025-07-26 17:20:38.175 GMT+07] [Window: main_P18-VC.py - mr-coding-tutor-unity - Visual Studio Code] Key: i
[2025-07-26 17:20:39.329 GMT+07] [Window: main_P18-VC.py - mr-coding-tutor-unity - Visual Studio Code] Key: _
[2025-07-26 17:20:40.162 GMT+07] [Window: main_P18-VC.py - mr-coding-tutor-unity - Visual Studio Code] Key: i
[2025-07-26 17:20:41.093 GMT+07] [Window: main_P18-VC.py - mr-coding-tutor-unity - Visual Studio Code] Key: n
[2025-07-26 17:20:41.496 GMT+07] [Window: main_P18-VC.py - mr-coding-tutor-unity - Visual Studio Code] Key: _
[2025-07-26 17:20:43.160 GMT+07] [Window: main_P18-VC.py - mr-coding-tutor-unity - Visual Studio Code] Key: [SHIFT]+9
[2025-07-26 17:20:44.046 GMT+07] [Window: main_P18-VC.py - mr-coding-tutor-unity - Visual Studio Code] Key: 5
[2025-07-26 17:20:46.653 GMT+07] [Window: main_P18-VC.py - mr-coding-tutor-unity - Visual Studio Code] Key: [BACKSPACE]
[2025-07-26 17:20:47.254 GMT+07] [Window: main_P18-VC.py - mr-coding-tutor-unity - Visual Studio Code] Key: n
[2025-07-26 17:20:50.268 GMT+07] [Window: main_P18-VC.py - mr-coding-tutor-unity - Visual Studio Code] Key: [LEFT]
[2025-07-26 17:20:50.486 GMT+07] [Window: main_P18-VC.py - mr-coding-tutor-unity - Visual Studio Code] Key: [LEFT]
[2025-07-26 17:20:50.700 GMT+07] [Window: main_P18-VC.py - mr-coding-tutor-unity - Visual Studio Code] Key: [LEFT]
[2025-07-26 17:20:50.895 GMT+07] [Window: main_P18-VC.py - mr-coding-tutor-unity - Visual Studio Code] Key: [LEFT]
[2025-07-26 17:20:51.179 GMT+07] [Window: main_P18-VC.py - mr-coding-tutor-unity - Visual Studio Code] Key: [RIGHT]
[2025-07-26 17:20:51.656 GMT+07] [Window: main_P18-VC.py - mr-coding-tutor-unity - Visual Studio Code] Key: _
[2025-07-26 17:20:51.938 GMT+07] [Window: main_P18-VC.py - mr-coding-tutor-unity - Visual Studio Code] Key: r
[2025-07-26 17:20:52.266 GMT+07] [Window: main_P18-VC.py - mr-coding-tutor-unity - Visual Studio Code] Key: a
[2025-07-26 17:20:52.410 GMT+07] [Window: main_P18-VC.py - mr-coding-tutor-unity - Visual Studio Code] Key: n
[2025-07-26 17:20:52.597 GMT+07] [Window: main_P18-VC.py - mr-coding-tutor-unity - Visual Studio Code] Key: g
[2025-07-26 17:20:52.845 GMT+07] [Window: main_P18-VC.py - mr-coding-tutor-unity - Visual Studio Code] Key: e
[2025-07-26 17:20:53.956 GMT+07] [Window: main_P18-VC.py - mr-coding-tutor-unity - Visual Studio Code] Key: [RIGHT]
[2025-07-26 17:20:54.341 GMT+07] [Window: main_P18-VC.py - mr-coding-tutor-unity - Visual Studio Code] Key: [RIGHT]
[2025-07-26 17:20:54.603 GMT+07] [Window: main_P18-VC.py - mr-coding-tutor-unity - Visual Studio Code] Key: [RIGHT]
[2025-07-26 17:20:54.917 GMT+07] [Window: main_P18-VC.py - mr-coding-tutor-unity - Visual Studio Code] Key: [RIGHT]
[2025-07-26 17:20:55.818 GMT+07] [Window: main_P18-VC.py - mr-coding-tutor-unity - Visual Studio Code] Key: [SHIFT]+;
[2025-07-26 17:20:56.393 GMT+07] [Window: main_P18-VC.py - mr-coding-tutor-unity - Visual Studio Code] Key: [BACKSPACE]
[2025-07-26 17:20:57.092 GMT+07] [Window: main_P18-VC.py - mr-coding-tutor-unity - Visual Studio Code] Key: [SHIFT]+;
[2025-07-26 17:20:57.372 GMT+07] [Window: main_P18-VC.py - mr-coding-tutor-unity - Visual Studio Code] Key: 

[2025-07-26 17:21:36.019 GMT+07] [Window: main_P18-VC.py - mr-coding-tutor-unity - Visual Studio Code] Key: a
[2025-07-26 17:21:36.852 GMT+07] [Window: main_P18-VC.py - mr-coding-tutor-unity - Visual Studio Code] Key: r
[2025-07-26 17:21:37.878 GMT+07] [Window: main_P18-VC.py - mr-coding-tutor-unity - Visual Studio Code] Key: [BACKSPACE]
[2025-07-26 17:21:38.322 GMT+07] [Window: main_P18-VC.py - mr-coding-tutor-unity - Visual Studio Code] Key: [BACKSPACE]
[2025-07-26 17:21:40.471 GMT+07] [Window: main_P18-VC.py - mr-coding-tutor-unity - Visual Studio Code] Key: 

[2025-07-26 17:21:40.865 GMT+07] [Window: main_P18-VC.py - mr-coding-tutor-unity - Visual Studio Code] Key: a
[2025-07-26 17:21:41.409 GMT+07] [Window: main_P18-VC.py - mr-coding-tutor-unity - Visual Studio Code] Key: r
[2025-07-26 17:21:41.624 GMT+07] [Window: main_P18-VC.py - mr-coding-tutor-unity - Visual Studio Code] Key: r
[2025-07-26 17:21:42.629 GMT+07] [Window: main_P18-VC.py - mr-coding-tutor-unity - Visual Studio Code] Key: +
[2025-07-26 17:21:43.207 GMT+07] [Window: main_P18-VC.py - mr-coding-tutor-unity - Visual Studio Code] Key: _
[2025-07-26 17:21:44.449 GMT+07] [Window: main_P18-VC.py - mr-coding-tutor-unity - Visual Studio Code] Key: [
[2025-07-26 17:21:45.393 GMT+07] [Window: main_P18-VC.py - mr-coding-tutor-unity - Visual Studio Code] Key: 0
[2025-07-26 17:21:45.989 GMT+07] [Window: main_P18-VC.py - mr-coding-tutor-unity - Visual Studio Code] Key: ,
[2025-07-26 17:21:46.407 GMT+07] [Window: main_P18-VC.py - mr-coding-tutor-unity - Visual Studio Code] Key: 1
[2025-07-26 17:22:28.861 GMT+07] [Window: main_P18-VC.py - mr-coding-tutor-unity - Visual Studio Code] Key: v
[2025-07-26 17:22:29.131 GMT+07] [Window: main_P18-VC.py - mr-coding-tutor-unity - Visual Studio Code] Key: a
[2025-07-26 17:22:29.791 GMT+07] [Window: main_P18-VC.py - mr-coding-tutor-unity - Visual Studio Code] Key: l
[2025-07-26 17:22:30.247 GMT+07] [Window: main_P18-VC.py - mr-coding-tutor-unity - Visual Studio Code] Key: _
[2025-07-26 17:22:30.980 GMT+07] [Window: main_P18-VC.py - mr-coding-tutor-unity - Visual Studio Code] Key: +
[2025-07-26 17:22:31.350 GMT+07] [Window: main_P18-VC.py - mr-coding-tutor-unity - Visual Studio Code] Key: _
[2025-07-26 17:22:32.512 GMT+07] [Window: main_P18-VC.py - mr-coding-tutor-unity - Visual Studio Code] Key: a
[2025-07-26 17:22:32.844 GMT+07] [Window: main_P18-VC.py - mr-coding-tutor-unity - Visual Studio Code] Key: r
[2025-07-26 17:22:33.023 GMT+07] [Window: main_P18-VC.py - mr-coding-tutor-unity - Visual Studio Code] Key: r
[2025-07-26 17:22:34.057 GMT+07] [Window: main_P18-VC.py - mr-coding-tutor-unity - Visual Studio Code] Key: [
[2025-07-26 17:22:35.061 GMT+07] [Window: main_P18-VC.py - mr-coding-tutor-unity - Visual Studio Code] Key: i
[2025-07-26 17:22:37.058 GMT+07] [Window: main_P18-VC.py - mr-coding-tutor-unity - Visual Studio Code] Key: ]
[2025-07-26 17:22:37.582 GMT+07] [Window: main_P18-VC.py - mr-coding-tutor-unity - Visual Studio Code] Key: _
[2025-07-26 17:22:38.486 GMT+07] [Window: main_P18-VC.py - mr-coding-tutor-unity - Visual Studio Code] Key: [SHIFT]++
[2025-07-26 17:22:38.835 GMT+07] [Window: main_P18-VC.py - mr-coding-tutor-unity - Visual Studio Code] Key: _
[2025-07-26 17:22:39.781 GMT+07] [Window: main_P18-VC.py - mr-coding-tutor-unity - Visual Studio Code] Key: r
[2025-07-26 17:22:39.978 GMT+07] [Window: main_P18-VC.py - mr-coding-tutor-unity - Visual Studio Code] Key: r
[2025-07-26 17:22:40.639 GMT+07] [Window: main_P18-VC.py - mr-coding-tutor-unity - Visual Studio Code] Key: [BACKSPACE]
[2025-07-26 17:22:40.825 GMT+07] [Window: main_P18-VC.py - mr-coding-tutor-unity - Visual Studio Code] Key: [BACKSPACE]
[2025-07-26 17:22:41.239 GMT+07] [Window: main_P18-VC.py - mr-coding-tutor-unity - Visual Studio Code] Key: a
[2025-07-26 17:22:41.527 GMT+07] [Window: main_P18-VC.py - mr-coding-tutor-unity - Visual Studio Code] Key: r
[2025-07-26 17:22:41.686 GMT+07] [Window: main_P18-VC.py - mr-coding-tutor-unity - Visual Studio Code] Key: r
[2025-07-26 17:22:42.618 GMT+07] [Window: main_P18-VC.py - mr-coding-tutor-unity - Visual Studio Code] Key: [
[2025-07-26 17:22:43.893 GMT+07] [Window: main_P18-VC.py - mr-coding-tutor-unity - Visual Studio Code] Key: i
[2025-07-26 17:22:44.952 GMT+07] [Window: main_P18-VC.py - mr-coding-tutor-unity - Visual Studio Code] Key: [SHIFT]++
[2025-07-26 17:22:46.011 GMT+07] [Window: main_P18-VC.py - mr-coding-tutor-unity - Visual Studio Code] Key: 1
[2025-07-26 17:22:47.250 GMT+07] [Window: main_P18-VC.py - mr-coding-tutor-unity - Visual Studio Code] Key: [RIGHT]
[2025-07-26 17:22:52.161 GMT+07] [Window: main_P18-VC.py - mr-coding-tutor-unity - Visual Studio Code] Key: 

[2025-07-26 17:23:21.930 GMT+07] [Window: main_P18-VC.py - mr-coding-tutor-unity - Visual Studio Code] Key: a
[2025-07-26 17:23:22.190 GMT+07] [Window: main_P18-VC.py - mr-coding-tutor-unity - Visual Studio Code] Key: r
[2025-07-26 17:23:22.401 GMT+07] [Window: main_P18-VC.py - mr-coding-tutor-unity - Visual Studio Code] Key: r
[2025-07-26 17:23:23.660 GMT+07] [Window: main_P18-VC.py - mr-coding-tutor-unity - Visual Studio Code] Key: .
[2025-07-26 17:23:23.883 GMT+07] [Window: main_P18-VC.py - mr-coding-tutor-unity - Visual Studio Code] Key: a
[2025-07-26 17:23:24.090 GMT+07] [Window: main_P18-VC.py - mr-coding-tutor-unity - Visual Studio Code] Key: p
[2025-07-26 17:23:24.292 GMT+07] [Window: main_P18-VC.py - mr-coding-tutor-unity - Visual Studio Code] Key: p
[2025-07-26 17:23:24.557 GMT+07] [Window: main_P18-VC.py - mr-coding-tutor-unity - Visual Studio Code] Key: e
[2025-07-26 17:23:24.871 GMT+07] [Window: main_P18-VC.py - mr-coding-tutor-unity - Visual Studio Code] Key: n
[2025-07-26 17:23:25.279 GMT+07] [Window: main_P18-VC.py - mr-coding-tutor-unity - Visual Studio Code] Key: d
[2025-07-26 17:23:26.672 GMT+07] [Window: main_P18-VC.py - mr-coding-tutor-unity - Visual Studio Code] Key: [SHIFT]+9
[2025-07-26 17:23:27.062 GMT+07] [Window: main_P18-VC.py - mr-coding-tutor-unity - Visual Studio Code] Key: v
[2025-07-26 17:23:27.263 GMT+07] [Window: main_P18-VC.py - mr-coding-tutor-unity - Visual Studio Code] Key: a
[2025-07-26 17:23:27.578 GMT+07] [Window: main_P18-VC.py - mr-coding-tutor-unity - Visual Studio Code] Key: l
[2025-07-26 17:23:28.538 GMT+07] [Window: main_P18-VC.py - mr-coding-tutor-unity - Visual Studio Code] Key: [SHIFT]+0
[2025-07-26 17:23:37.781 GMT+07] [Window: main_P18-VC.py - mr-coding-tutor-unity - Visual Studio Code] Key: [UP]
[2025-07-26 17:23:38.118 GMT+07] [Window: main_P18-VC.py - mr-coding-tutor-unity - Visual Studio Code] Key: [UP]
[2025-07-26 17:23:38.759 GMT+07] [Window: main_P18-VC.py - mr-coding-tutor-unity - Visual Studio Code] Key: [LEFT]
[2025-07-26 17:23:39.123 GMT+07] [Window: main_P18-VC.py - mr-coding-tutor-unity - Visual Studio Code] Key: [LEFT]
[2025-07-26 17:23:39.895 GMT+07] [Window: main_P18-VC.py - mr-coding-tutor-unity - Visual Studio Code] Key: -
[2025-07-26 17:23:40.377 GMT+07] [Window: main_P18-VC.py - mr-coding-tutor-unity - Visual Studio Code] Key: 2
[2025-07-26 17:23:41.493 GMT+07] [Window: main_P18-VC.py - mr-coding-tutor-unity - Visual Studio Code] Key: [DOWN]
[2025-07-26 17:23:41.818 GMT+07] [Window: main_P18-VC.py - mr-coding-tutor-unity - Visual Studio Code] Key: [DOWN]
[2025-07-26 17:23:49.105 GMT+07] [Window: main_P18-VC.py - mr-coding-tutor-unity - Visual Studio Code] Key: 

[2025-07-26 17:23:50.801 GMT+07] [Window: main_P18-VC.py - mr-coding-tutor-unity - Visual Studio Code] Key: [SHIFT]+[TAB]
[2025-07-26 17:23:51.378 GMT+07] [Window: main_P18-VC.py - mr-coding-tutor-unity - Visual Studio Code] Key: 

[2025-07-26 17:23:53.126 GMT+07] [Window: main_P18-VC.py - mr-coding-tutor-unity - Visual Studio Code] Key: p
[2025-07-26 17:23:53.356 GMT+07] [Window: main_P18-VC.py - mr-coding-tutor-unity - Visual Studio Code] Key: r
[2025-07-26 17:23:53.534 GMT+07] [Window: main_P18-VC.py - mr-coding-tutor-unity - Visual Studio Code] Key: i
[2025-07-26 17:23:53.843 GMT+07] [Window: main_P18-VC.py - mr-coding-tutor-unity - Visual Studio Code] Key: n
[2025-07-26 17:23:55.055 GMT+07] [Window: main_P18-VC.py - mr-coding-tutor-unity - Visual Studio Code] Key: t
[2025-07-26 17:23:56.405 GMT+07] [Window: main_P18-VC.py - mr-coding-tutor-unity - Visual Studio Code] Key: [SHIFT]+9
[2025-07-26 17:23:56.738 GMT+07] [Window: main_P18-VC.py - mr-coding-tutor-unity - Visual Studio Code] Key: a
[2025-07-26 17:23:57.005 GMT+07] [Window: main_P18-VC.py - mr-coding-tutor-unity - Visual Studio Code] Key: r
[2025-07-26 17:23:57.213 GMT+07] [Window: main_P18-VC.py - mr-coding-tutor-unity - Visual Studio Code] Key: r
[2025-07-26 17:24:09.982 GMT+07] [Window: main_P18-VC.py - mr-coding-tutor-unity - Visual Studio Code] Key: [
[2025-07-26 17:24:10.993 GMT+07] [Window: main_P18-VC.py - mr-coding-tutor-unity - Visual Studio Code] Key: n
[2025-07-26 17:24:33.059 GMT+07] [Window: main_P18-VC.py - mr-coding-tutor-unity - Visual Studio Code] Key: [BACKSPACE]
[2025-07-26 17:24:33.339 GMT+07] [Window: main_P18-VC.py - mr-coding-tutor-unity - Visual Studio Code] Key: 1
[2025-07-26 17:24:44.694 GMT+07] [Window: main_P18-VC.py - mr-coding-tutor-unity - Visual Studio Code] Key: [BACKSPACE]
[2025-07-26 17:24:45.615 GMT+07] [Window: main_P18-VC.py - mr-coding-tutor-unity - Visual Studio Code] Key: 8
[2025-07-26 17:24:53.428 GMT+07] [Window: main_P18-VC.py - mr-coding-tutor-unity - Visual Studio Code] Key: [ALT]+[TAB]
[2025-07-26 17:24:54.947 GMT+07] [Window: Meet - tmy-mcwv-szq] Key: [ALT]+[TAB]
[2025-07-26 17:24:56.266 GMT+07] [Window: main_P18-VC.py - mr-coding-tutor-unity - Visual Studio Code] Key: [ALT]+[TAB]
[2025-07-26 17:24:56.564 GMT+07] [Window: Task Switching] Key: [ALT]+[TAB]
[2025-07-26 17:25:02.024 GMT+07] [Window: [Task FN] Nth Fibonacci Number - Google Tài li?u and 5 more pages - Fibo - Microsoft? Edge] Key: [RIGHT]
[2025-07-26 17:25:02.423 GMT+07] [Window: [Task FN] Nth Fibonacci Number - Google Tài li?u and 5 more pages - Fibo - Microsoft? Edge] Key: [RIGHT]
[2025-07-26 17:25:02.801 GMT+07] [Window: [Task FN] Nth Fibonacci Number - Google Tài li?u and 5 more pages - Fibo - Microsoft? Edge] Key: [RIGHT]
[2025-07-26 17:25:03.079 GMT+07] [Window: [Task FN] Nth Fibonacci Number - Google Tài li?u and 5 more pages - Fibo - Microsoft? Edge] Key: [RIGHT]
[2025-07-26 17:25:03.290 GMT+07] [Window: [Task FN] Nth Fibonacci Number - Google Tài li?u and 5 more pages - Fibo - Microsoft? Edge] Key: [RIGHT]
[2025-07-26 17:25:03.519 GMT+07] [Window: [Task FN] Nth Fibonacci Number - Google Tài li?u and 5 more pages - Fibo - Microsoft? Edge] Key: [RIGHT]
[2025-07-26 17:25:03.732 GMT+07] [Window: [Task FN] Nth Fibonacci Number - Google Tài li?u and 5 more pages - Fibo - Microsoft? Edge] Key: [RIGHT]
[2025-07-26 17:25:03.926 GMT+07] [Window: [Task FN] Nth Fibonacci Number - Google Tài li?u and 5 more pages - Fibo - Microsoft? Edge] Key: [RIGHT]
[2025-07-26 17:25:04.248 GMT+07] [Window: [Task FN] Nth Fibonacci Number - Google Tài li?u and 5 more pages - Fibo - Microsoft? Edge] Key: [RIGHT]
[2025-07-26 17:25:04.460 GMT+07] [Window: [Task FN] Nth Fibonacci Number - Google Tài li?u and 5 more pages - Fibo - Microsoft? Edge] Key: [RIGHT]
[2025-07-26 17:34:17.264 GMT+07] [Window: New tab and 5 more pages - Power of Number - Microsoft? Edge] Key: [ALT]+[TAB]
[2025-07-26 17:34:19.718 GMT+07] [Window: New tab and 5 more pages - Power of Number - Microsoft? Edge] Key: [CTRL]+w
[2025-07-26 17:34:23.599 GMT+07] [Window: [Task PN] Power of Numbers - Google Tài li?u and 4 more pages - Power of Number - Microsoft? Edge] Key: [ALT]+[TAB]
[2025-07-26 17:34:24.601 GMT+07] [Window: Task 