[2025-07-26 12:49:26.132 GMT+07] [Window: [Task PN] Power of Numbers - Google Tài li?u and 4 more pages - Power of Number - Microsoft? Edge] Key: [ALT]+[TAB]
[2025-07-26 12:49:26.884 GMT+07] [Window: Task Switching] Key: [ALT]+[TAB]
[2025-07-26 12:49:27.053 GMT+07] [Window: Task Switching] Key: [ALT]+[TAB]
[2025-07-26 12:49:27.243 GMT+07] [Window: Task Switching] Key: [ALT]+[TAB]
[2025-07-26 12:49:27.451 GMT+07] [Window: Task Switching] Key: [ALT]+[TAB]
[2025-07-26 12:49:38.119 GMT+07] [Window: main_P17-VC.py - mr-coding-tutor-unity - Visual Studio Code] Key: [ALT]+[TAB]
[2025-07-26 12:49:39.734 GMT+07] [Window: [Task PN] Power of Numbers - Google Tài li?u and 4 more pages - Power of Number - Microsoft? Edge] Key: [ALT]+[TAB]
[2025-07-26 12:49:40.171 GMT+07] [Window: main_P17-VC.py - mr-coding-tutor-unity - Visual Studio Code] Key: [ALT]+[TAB]
[2025-07-26 12:50:41.519 GMT+07] [Window: Meet - tmy-mcwv-szq] Key: [ALT]+[TAB]
[2025-07-26 12:50:42.183 GMT+07] [Window: Task Switching] Key: [ALT]+[TAB]
[2025-07-26 12:50:43.239 GMT+07] [Window: main_P17-VC.py - mr-coding-tutor-unity - Visual Studio Code] Key: [ALT]+[TAB]
[2025-07-26 12:50:44.129 GMT+07] [Window: Meet - tmy-mcwv-szq] Key: [ALT]+[TAB]
[2025-07-26 12:50:45.260 GMT+07] [Window: Task Switching] Key: [ALT]+[TAB]
[2025-07-26 12:50:45.710 GMT+07] [Window: [Task PN] Power of Numbers - Google Tài li?u and 4 more pages - Power of Number - Microsoft? Edge] Key: [ALT]+[TAB]
[2025-07-26 12:50:46.566 GMT+07] [Window: Task Switching] Key: [ALT]+[TAB]
[2025-07-26 12:50:47.045 GMT+07] [Window: main_P17-VC.py - mr-coding-tutor-unity - Visual Studio Code] Key: [ALT]+[TAB]
[2025-07-26 12:50:47.567 GMT+07] [Window: [Task PN] Power of Numbers - Google Tài li?u and 4 more pages - Power of Number - Microsoft? Edge] Key: [ALT]+[TAB]
[2025-07-26 12:50:48.078 GMT+07] [Window: main_P17-VC.py - mr-coding-tutor-unity - Visual Studio Code] Key: [ALT]+[TAB]
[2025-07-26 12:50:48.520 GMT+07] [Window: [Task PN] Power of Numbers - Google Tài li?u and 4 more pages - Power of Number - Microsoft? Edge] Key: [ALT]+[TAB]
[2025-07-26 12:53:31.744 GMT+07] [Window: main_P17-VC.py - mr-coding-tutor-unity - Visual Studio Code] Key: [ALT]+[TAB]
[2025-07-26 12:53:33.469 GMT+07] [Window: Meet - tmy-mcwv-szq] Key: [ALT]+[TAB]
[2025-07-26 12:53:34.554 GMT+07] [Window: main_P17-VC.py - mr-coding-tutor-unity - Visual Studio Code] Key: [ALT]+[TAB]
[2025-07-26 12:53:37.279 GMT+07] [Window: Task Switching] Key: [ALT]+[TAB]
[2025-07-26 12:56:35.360 GMT+07] [Window: [Task PN] Power of Numbers - Google Tài li?u and 4 more pages - Power of Number - Microsoft? Edge] Key: [ALT]+[TAB]
[2025-07-26 12:56:39.040 GMT+07] [Window: main_P17-VC.py - mr-coding-tutor-unity - Visual Studio Code] Key: i
[2025-07-26 12:56:40.821 GMT+07] [Window: main_P17-VC.py - mr-coding-tutor-unity - Visual Studio Code] Key: [BACKSPACE]
[2025-07-26 12:56:45.056 GMT+07] [Window: main_P17-VC.py - mr-coding-tutor-unity - Visual Studio Code] Key: i
[2025-07-26 12:56:45.752 GMT+07] [Window: main_P17-VC.py - mr-coding-tutor-unity - Visual Studio Code] Key: [BACKSPACE]
[2025-07-26 12:56:52.218 GMT+07] [Window: main_P17-VC.py - mr-coding-tutor-unity - Visual Studio Code] Key: 2
[2025-07-26 12:56:54.012 GMT+07] [Window: main_P17-VC.py - mr-coding-tutor-unity - Visual Studio Code] Key: [BACKSPACE]
[2025-07-26 12:56:58.140 GMT+07] [Window: main_P17-VC.py - mr-coding-tutor-unity - Visual Studio Code] Key: n
[2025-07-26 12:56:59.177 GMT+07] [Window: main_P17-VC.py - mr-coding-tutor-unity - Visual Studio Code] Key: _
[2025-07-26 12:56:59.429 GMT+07] [Window: main_P17-VC.py - mr-coding-tutor-unity - Visual Studio Code] Key: +
[2025-07-26 12:56:59.631 GMT+07] [Window: main_P17-VC.py - mr-coding-tutor-unity - Visual Studio Code] Key: _
[2025-07-26 12:57:00.247 GMT+07] [Window: main_P17-VC.py - mr-coding-tutor-unity - Visual Studio Code] Key: 1
[2025-07-26 12:57:00.362 GMT+07] [Window: main_P17-VC.py - mr-coding-tutor-unity - Visual Studio Code] Key: 0
[2025-07-26 12:57:00.610 GMT+07] [Window: main_P17-VC.py - mr-coding-tutor-unity - Visual Studio Code] Key: 

[2025-07-26 12:57:02.536 GMT+07] [Window: main_P17-VC.py - mr-coding-tutor-unity - Visual Studio Code] Key: f
[2025-07-26 12:57:02.722 GMT+07] [Window: main_P17-VC.py - mr-coding-tutor-unity - Visual Studio Code] Key: o
[2025-07-26 12:57:03.728 GMT+07] [Window: main_P17-VC.py - mr-coding-tutor-unity - Visual Studio Code] Key: [TAB]
[2025-07-26 12:57:04.364 GMT+07] [Window: main_P17-VC.py - mr-coding-tutor-unity - Visual Studio Code] Key: _
[2025-07-26 12:57:04.604 GMT+07] [Window: main_P17-VC.py - mr-coding-tutor-unity - Visual Studio Code] Key: i
[2025-07-26 12:57:04.750 GMT+07] [Window: main_P17-VC.py - mr-coding-tutor-unity - Visual Studio Code] Key: _
[2025-07-26 12:57:04.900 GMT+07] [Window: main_P17-VC.py - mr-coding-tutor-unity - Visual Studio Code] Key: i
[2025-07-26 12:57:05.116 GMT+07] [Window: main_P17-VC.py - mr-coding-tutor-unity - Visual Studio Code] Key: n
[2025-07-26 12:57:05.858 GMT+07] [Window: main_P17-VC.py - mr-coding-tutor-unity - Visual Studio Code] Key: _
[2025-07-26 12:57:06.321 GMT+07] [Window: main_P17-VC.py - mr-coding-tutor-unity - Visual Studio Code] Key: r
[2025-07-26 12:57:06.643 GMT+07] [Window: main_P17-VC.py - mr-coding-tutor-unity - Visual Studio Code] Key: a
[2025-07-26 12:57:07.820 GMT+07] [Window: main_P17-VC.py - mr-coding-tutor-unity - Visual Studio Code] Key: [DOWN]
[2025-07-26 12:57:08.484 GMT+07] [Window: main_P17-VC.py - mr-coding-tutor-unity - Visual Studio Code] Key: [TAB]
[2025-07-26 12:57:15.131 GMT+07] [Window: main_P17-VC.py - mr-coding-tutor-unity - Visual Studio Code] Key: [ALT]+[TAB]
[2025-07-26 12:57:21.579 GMT+07] [Window: [Task PN] Power of Numbers - Google Tài li?u and 4 more pages - Power of Number - Microsoft? Edge] Key: [ALT]+[TAB]
[2025-07-26 12:57:22.661 GMT+07] [Window: main_P17-VC.py - mr-coding-tutor-unity - Visual Studio Code] Key: _
[2025-07-26 12:57:22.971 GMT+07] [Window: main_P17-VC.py - mr-coding-tutor-unity - Visual Studio Code] Key: n
[2025-07-26 12:57:25.364 GMT+07] [Window: main_P17-VC.py - mr-coding-tutor-unity - Visual Studio Code] Key: [SHIFT]+;
[2025-07-26 12:57:26.352 GMT+07] [Window: main_P17-VC.py - mr-coding-tutor-unity - Visual Studio Code] Key: 

[2025-07-26 12:57:27.363 GMT+07] [Window: main_P17-VC.py - mr-coding-tutor-unity - Visual Studio Code] Key: [BACKSPACE]
[2025-07-26 12:57:27.671 GMT+07] [Window: main_P17-VC.py - mr-coding-tutor-unity - Visual Studio Code] Key: [BACKSPACE]
[2025-07-26 12:57:27.981 GMT+07] [Window: main_P17-VC.py - mr-coding-tutor-unity - Visual Studio Code] Key: [BACKSPACE]
[2025-07-26 12:57:28.378 GMT+07] [Window: main_P17-VC.py - mr-coding-tutor-unity - Visual Studio Code] Key: [SHIFT]+9
[2025-07-26 12:57:29.462 GMT+07] [Window: main_P17-VC.py - mr-coding-tutor-unity - Visual Studio Code] Key: n
[2025-07-26 12:57:30.766 GMT+07] [Window: main_P17-VC.py - mr-coding-tutor-unity - Visual Studio Code] Key: [RIGHT]
[2025-07-26 12:57:31.263 GMT+07] [Window: main_P17-VC.py - mr-coding-tutor-unity - Visual Studio Code] Key: [SHIFT]+;
[2025-07-26 12:57:31.809 GMT+07] [Window: main_P17-VC.py - mr-coding-tutor-unity - Visual Studio Code] Key: 

[2025-07-26 12:58:40.202 GMT+07] [Window: main_P17-VC.py - mr-coding-tutor-unity - Visual Studio Code] Key: 2
[2025-07-26 12:58:41.541 GMT+07] [Window: main_P17-VC.py - mr-coding-tutor-unity - Visual Studio Code] Key: [BACKSPACE]
[2025-07-26 12:58:50.211 GMT+07] [Window: main_P17-VC.py - mr-coding-tutor-unity - Visual Studio Code] Key: a
[2025-07-26 12:58:50.563 GMT+07] [Window: main_P17-VC.py - mr-coding-tutor-unity - Visual Studio Code] Key: _
[2025-07-26 12:58:51.550 GMT+07] [Window: main_P17-VC.py - mr-coding-tutor-unity - Visual Studio Code] Key: +
[2025-07-26 12:58:53.407 GMT+07] [Window: main_P17-VC.py - mr-coding-tutor-unity - Visual Studio Code] Key: _
[2025-07-26 12:58:54.609 GMT+07] [Window: main_P17-VC.py - mr-coding-tutor-unity - Visual Studio Code] Key: [BACKSPACE]
[2025-07-26 12:58:54.777 GMT+07] [Window: main_P17-VC.py - mr-coding-tutor-unity - Visual Studio Code] Key: [BACKSPACE]
[2025-07-26 12:58:54.953 GMT+07] [Window: main_P17-VC.py - mr-coding-tutor-unity - Visual Studio Code] Key: [BACKSPACE]
[2025-07-26 12:58:55.662 GMT+07] [Window: main_P17-VC.py - mr-coding-tutor-unity - Visual Studio Code] Key: [BACKSPACE]
[2025-07-26 12:58:58.272 GMT+07] [Window: main_P17-VC.py - mr-coding-tutor-unity - Visual Studio Code] Key: [UP]
[2025-07-26 12:58:58.776 GMT+07] [Window: main_P17-VC.py - mr-coding-tutor-unity - Visual Studio Code] Key: [UP]
[2025-07-26 12:58:59.313 GMT+07] [Window: main_P17-VC.py - mr-coding-tutor-unity - Visual Studio Code] Key: [DOWN]
[2025-07-26 12:58:59.514 GMT+07] [Window: main_P17-VC.py - mr-coding-tutor-unity - Visual Studio Code] Key: [DOWN]
[2025-07-26 12:58:59.779 GMT+07] [Window: main_P17-VC.py - mr-coding-tutor-unity - Visual Studio Code] Key: [UP]
[2025-07-26 12:58:59.982 GMT+07] [Window: main_P17-VC.py - mr-coding-tutor-unity - Visual Studio Code] Key: [UP]
[2025-07-26 12:59:00.396 GMT+07] [Window: main_P17-VC.py - mr-coding-tutor-unity - Visual Studio Code] Key: [RIGHT]
[2025-07-26 12:59:00.579 GMT+07] [Window: main_P17-VC.py - mr-coding-tutor-unity - Visual Studio Code] Key: [RIGHT]
[2025-07-26 12:59:01.658 GMT+07] [Window: main_P17-VC.py - mr-coding-tutor-unity - Visual Studio Code] Key: [LEFT]
[2025-07-26 12:59:01.705 GMT+07] [Window: main_P17-VC.py - mr-coding-tutor-unity - Visual Studio Code] Key: [RIGHT]
[2025-07-26 12:59:01.912 GMT+07] [Window: main_P17-VC.py - mr-coding-tutor-unity - Visual Studio Code] Key: [RIGHT]
[2025-07-26 12:59:02.512 GMT+07] [Window: main_P17-VC.py - mr-coding-tutor-unity - Visual Studio Code] Key: [DOWN]
[2025-07-26 12:59:03.033 GMT+07] [Window: main_P17-VC.py - mr-coding-tutor-unity - Visual Studio Code] Key: [UP]
[2025-07-26 12:59:03.440 GMT+07] [Window: main_P17-VC.py - mr-coding-tutor-unity - Visual Studio Code] Key: [LEFT]
[2025-07-26 12:59:04.081 GMT+07] [Window: main_P17-VC.py - mr-coding-tutor-unity - Visual Studio Code] Key: 

[2025-07-26 12:59:05.513 GMT+07] [Window: main_P17-VC.py - mr-coding-tutor-unity - Visual Studio Code] Key: a
[2025-07-26 12:59:06.479 GMT+07] [Window: main_P17-VC.py - mr-coding-tutor-unity - Visual Studio Code] Key: _
[2025-07-26 12:59:08.795 GMT+07] [Window: main_P17-VC.py - mr-coding-tutor-unity - Visual Studio Code] Key: +
[2025-07-26 12:59:09.018 GMT+07] [Window: main_P17-VC.py - mr-coding-tutor-unity - Visual Studio Code] Key: _
[2025-07-26 12:59:09.522 GMT+07] [Window: main_P17-VC.py - mr-coding-tutor-unity - Visual Studio Code] Key: 0
[2025-07-26 12:59:10.436 GMT+07] [Window: main_P17-VC.py - mr-coding-tutor-unity - Visual Studio Code] Key: [DOWN]
[2025-07-26 12:59:10.638 GMT+07] [Window: main_P17-VC.py - mr-coding-tutor-unity - Visual Studio Code] Key: [DOWN]
[2025-07-26 12:59:13.155 GMT+07] [Window: main_P17-VC.py - mr-coding-tutor-unity - Visual Studio Code] Key: [UP]
[2025-07-26 12:59:13.351 GMT+07] [Window: main_P17-VC.py - mr-coding-tutor-unity - Visual Studio Code] Key: [UP]
[2025-07-26 12:59:14.111 GMT+07] [Window: main_P17-VC.py - mr-coding-tutor-unity - Visual Studio Code] Key: [BACKSPACE]
[2025-07-26 12:59:19.672 GMT+07] [Window: main_P17-VC.py - mr-coding-tutor-unity - Visual Studio Code] Key: 1
[2025-07-26 12:59:20.481 GMT+07] [Window: main_P17-VC.py - mr-coding-tutor-unity - Visual Studio Code] Key: [DOWN]
[2025-07-26 12:59:20.815 GMT+07] [Window: main_P17-VC.py - mr-coding-tutor-unity - Visual Studio Code] Key: [DOWN]
[2025-07-26 12:59:23.619 GMT+07] [Window: main_P17-VC.py - mr-coding-tutor-unity - Visual Studio Code] Key: 2
[2025-07-26 12:59:28.046 GMT+07] [Window: main_P17-VC.py - mr-coding-tutor-unity - Visual Studio Code] Key: [BACKSPACE]
[2025-07-26 12:59:45.011 GMT+07] [Window: main_P17-VC.py - mr-coding-tutor-unity - Visual Studio Code] Key: 2
[2025-07-26 12:59:48.412 GMT+07] [Window: main_P17-VC.py - mr-coding-tutor-unity - Visual Studio Code] Key: [BACKSPACE]
[2025-07-26 13:00:04.474 GMT+07] [Window: main_P17-VC.py - mr-coding-tutor-unity - Visual Studio Code] Key: 2
[2025-07-26 13:00:05.554 GMT+07] [Window: main_P17-VC.py - mr-coding-tutor-unity - Visual Studio Code] Key: [SHIFT]+8
[2025-07-26 13:00:06.365 GMT+07] [Window: main_P17-VC.py - mr-coding-tutor-unity - Visual Studio Code] Key: a
[2025-07-26 13:00:11.353 GMT+07] [Window: main_P17-VC.py - mr-coding-tutor-unity - Visual Studio Code] Key: [TAB]
[2025-07-26 13:00:12.593 GMT+07] [Window: main_P17-VC.py - mr-coding-tutor-unity - Visual Studio Code] Key: [UP]
[2025-07-26 13:00:13.047 GMT+07] [Window: main_P17-VC.py - mr-coding-tutor-unity - Visual Studio Code] Key: [DOWN]
[2025-07-26 13:00:13.702 GMT+07] [Window: main_P17-VC.py - mr-coding-tutor-unity - Visual Studio Code] Key: [LEFT]
[2025-07-26 13:00:13.987 GMT+07] [Window: main_P17-VC.py - mr-coding-tutor-unity - Visual Studio Code] Key: [LEFT]
[2025-07-26 13:00:14.332 GMT+07] [Window: main_P17-VC.py - mr-coding-tutor-unity - Visual Studio Code] Key: [RIGHT]
[2025-07-26 13:00:14.523 GMT+07] [Window: main_P17-VC.py - mr-coding-tutor-unity - Visual Studio Code] Key: [RIGHT]
[2025-07-26 13:00:15.385 GMT+07] [Window: main_P17-VC.py - mr-coding-tutor-unity - Visual Studio Code] Key: _
[2025-07-26 13:00:16.592 GMT+07] [Window: main_P17-VC.py - mr-coding-tutor-unity - Visual Studio Code] Key: +
[2025-07-26 13:00:16.814 GMT+07] [Window: main_P17-VC.py - mr-coding-tutor-unity - Visual Studio Code] Key: _
[2025-07-26 13:00:17.061 GMT+07] [Window: main_P17-VC.py - mr-coding-tutor-unity - Visual Studio Code] Key: a
[2025-07-26 13:00:20.685 GMT+07] [Window: main_P17-VC.py - mr-coding-tutor-unity - Visual Studio Code] Key: [BACKSPACE]
[2025-07-26 13:00:20.867 GMT+07] [Window: main_P17-VC.py - mr-coding-tutor-unity - Visual Studio Code] Key: [BACKSPACE]
[2025-07-26 13:00:21.014 GMT+07] [Window: main_P17-VC.py - mr-coding-tutor-unity - Visual Studio Code] Key: [BACKSPACE]
[2025-07-26 13:00:21.175 GMT+07] [Window: main_P17-VC.py - mr-coding-tutor-unity - Visual Studio Code] Key: [BACKSPACE]
[2025-07-26 13:00:21.791 GMT+07] [Window: main_P17-VC.py - mr-coding-tutor-unity - Visual Studio Code] Key: [LEFT]
[2025-07-26 13:00:21.956 GMT+07] [Window: main_P17-VC.py - mr-coding-tutor-unity - Visual Studio Code] Key: [LEFT]
[2025-07-26 13:00:22.353 GMT+07] [Window: main_P17-VC.py - mr-coding-tutor-unity - Visual Studio Code] Key: [LEFT]
[2025-07-26 13:00:22.754 GMT+07] [Window: main_P17-VC.py - mr-coding-tutor-unity - Visual Studio Code] Key: a
[2025-07-26 13:00:23.090 GMT+07] [Window: main_P17-VC.py - mr-coding-tutor-unity - Visual Studio Code] Key: +
[2025-07-26 13:00:23.960 GMT+07] [Window: main_P17-VC.py - mr-coding-tutor-unity - Visual Studio Code] Key: _
[2025-07-26 13:00:24.146 GMT+07] [Window: main_P17-VC.py - mr-coding-tutor-unity - Visual Studio Code] Key: +
[2025-07-26 13:00:24.285 GMT+07] [Window: main_P17-VC.py - mr-coding-tutor-unity - Visual Studio Code] Key: _
[2025-07-26 13:00:25.017 GMT+07] [Window: main_P17-VC.py - mr-coding-tutor-unity - Visual Studio Code] Key: [RIGHT]
[2025-07-26 13:00:25.259 GMT+07] [Window: main_P17-VC.py - mr-coding-tutor-unity - Visual Studio Code] Key: [RIGHT]
[2025-07-26 13:00:25.419 GMT+07] [Window: main_P17-VC.py - mr-coding-tutor-unity - Visual Studio Code] Key: [RIGHT]
[2025-07-26 13:00:27.453 GMT+07] [Window: main_P17-VC.py - mr-coding-tutor-unity - Visual Studio Code] Key: [LEFT]
[2025-07-26 13:00:27.645 GMT+07] [Window: main_P17-VC.py - mr-coding-tutor-unity - Visual Studio Code] Key: [LEFT]
[2025-07-26 13:00:27.845 GMT+07] [Window: main_P17-VC.py - mr-coding-tutor-unity - Visual Studio Code] Key: [LEFT]
[2025-07-26 13:00:28.362 GMT+07] [Window: main_P17-VC.py - mr-coding-tutor-unity - Visual Studio Code] Key: [LEFT]
[2025-07-26 13:00:28.836 GMT+07] [Window: main_P17-VC.py - mr-coding-tutor-unity - Visual Studio Code] Key: [BACKSPACE]
[2025-07-26 13:00:29.096 GMT+07] [Window: main_P17-VC.py - mr-coding-tutor-unity - Visual Studio Code] Key: [BACKSPACE]
[2025-07-26 13:00:29.504 GMT+07] [Window: main_P17-VC.py - mr-coding-tutor-unity - Visual Studio Code] Key: [BACKSPACE]
[2025-07-26 13:00:29.822 GMT+07] [Window: main_P17-VC.py - mr-coding-tutor-unity - Visual Studio Code] Key: _
[2025-07-26 13:00:30.252 GMT+07] [Window: main_P17-VC.py - mr-coding-tutor-unity - Visual Studio Code] Key: +
[2025-07-26 13:00:31.469 GMT+07] [Window: main_P17-VC.py - mr-coding-tutor-unity - Visual Studio Code] Key: [RIGHT]
[2025-07-26 13:00:31.651 GMT+07] [Window: main_P17-VC.py - mr-coding-tutor-unity - Visual Studio Code] Key: [RIGHT]
[2025-07-26 13:00:31.819 GMT+07] [Window: main_P17-VC.py - mr-coding-tutor-unity - Visual Studio Code] Key: [RIGHT]
[2025-07-26 13:00:31.984 GMT+07] [Window: main_P17-VC.py - mr-coding-tutor-unity - Visual Studio Code] Key: [RIGHT]
[2025-07-26 13:00:33.227 GMT+07] [Window: main_P17-VC.py - mr-coding-tutor-unity - Visual Studio Code] Key: 

[2025-07-26 13:00:36.542 GMT+07] [Window: main_P17-VC.py - mr-coding-tutor-unity - Visual Studio Code] Key: [LEFT]
[2025-07-26 13:00:37.285 GMT+07] [Window: main_P17-VC.py - mr-coding-tutor-unity - Visual Studio Code] Key: [LEFT]
[2025-07-26 13:00:38.059 GMT+07] [Window: main_P17-VC.py - mr-coding-tutor-unity - Visual Studio Code] Key: [LEFT]
[2025-07-26 13:00:38.424 GMT+07] [Window: main_P17-VC.py - mr-coding-tutor-unity - Visual Studio Code] Key: [LEFT]
[2025-07-26 13:00:39.340 GMT+07] [Window: main_P17-VC.py - mr-coding-tutor-unity - Visual Studio Code] Key: p
[2025-07-26 13:00:39.431 GMT+07] [Window: main_P17-VC.py - mr-coding-tutor-unity - Visual Studio Code] Key: r
[2025-07-26 13:00:39.901 GMT+07] [Window: main_P17-VC.py - mr-coding-tutor-unity - Visual Studio Code] Key: [TAB]
[2025-07-26 13:00:40.769 GMT+07] [Window: main_P17-VC.py - mr-coding-tutor-unity - Visual Studio Code] Key: [SHIFT]+9
[2025-07-26 13:00:41.096 GMT+07] [Window: main_P17-VC.py - mr-coding-tutor-unity - Visual Studio Code] Key: a
[2025-07-26 13:00:55.600 GMT+07] [Window: main_P17-VC.py - mr-coding-tutor-unity - Visual Studio Code] Key: [CTRL]+-
[2025-07-26 13:01:02.879 GMT+07] [Window: main_P17-VC.py - mr-coding-tutor-unity - Visual Studio Code] Key: 

[2025-07-26 13:01:10.420 GMT+07] [Window: main_P17-VC.py - mr-coding-tutor-unity - Visual Studio Code] Key: x
[2025-07-26 13:01:13.702 GMT+07] [Window: main_P17-VC.py - mr-coding-tutor-unity - Visual Studio Code] Key: _
[2025-07-26 13:01:15.708 GMT+07] [Window: main_P17-VC.py - mr-coding-tutor-unity - Visual Studio Code] Key: +
[2025-07-26 13:01:16.706 GMT+07] [Window: main_P17-VC.py - mr-coding-tutor-unity - Visual Studio Code] Key: _
[2025-07-26 13:01:20.850 GMT+07] [Window: main_P17-VC.py - mr-coding-tutor-unity - Visual Studio Code] Key: 3
[2025-07-26 13:01:26.549 GMT+07] [Window: main_P17-VC.py - mr-coding-tutor-unity - Visual Studio Code] Key: [BACKSPACE]
[2025-07-26 13:01:26.737 GMT+07] [Window: main_P17-VC.py - mr-coding-tutor-unity - Visual Studio Code] Key: [BACKSPACE]
[2025-07-26 13:01:26.930 GMT+07] [Window: main_P17-VC.py - mr-coding-tutor-unity - Visual Studio Code] Key: 3
[2025-07-26 13:01:31.120 GMT+07] [Window: main_P17-VC.py - mr-coding-tutor-unity - Visual Studio Code] Key: [BACKSPACE]
[2025-07-26 13:01:31.265 GMT+07] [Window: main_P17-VC.py - mr-coding-tutor-unity - Visual Studio Code] Key: x
[2025-07-26 13:01:41.901 GMT+07] [Window: main_P17-VC.py - mr-coding-tutor-unity - Visual Studio Code] Key: [ALT]+[TAB]
[2025-07-26 13:01:43.503 GMT+07] [Window: Meet - tmy-mcwv-szq] Key: [ALT]+[TAB]
[2025-07-26 13:01:44.008 GMT+07] [Window: Task Switching] Key: [ALT]+[TAB]
[2025-07-26 13:02:29.640 GMT+07] [Window: [Task PN] Power of Numbers - Google Tài li?u and 4 more pages - Power of Number - Microsoft? Edge] Key: [ALT]+[TAB]
[2025-07-26 13:02:30.840 GMT+07] [Window: Meet - tmy-mcwv-szq] Key: [ALT]+[TAB]
[2025-07-26 13:02:31.548 GMT+07] [Window: Task Switching] Key: [ALT]+[TAB]
[2025-07-26 13:02:34.109 GMT+07] [Window: main_P17-VC.py - mr-coding-tutor-unity - Visual Studio Code] Key: 

[2025-07-26 13:02:35.002 GMT+07] [Window: main_P17-VC.py - mr-coding-tutor-unity - Visual Studio Code] Key: i
[2025-07-26 13:02:35.698 GMT+07] [Window: main_P17-VC.py - mr-coding-tutor-unity - Visual Studio Code] Key: f
[2025-07-26 13:02:36.356 GMT+07] [Window: main_P17-VC.py - mr-coding-tutor-unity - Visual Studio Code] Key: _
[2025-07-26 13:02:36.721 GMT+07] [Window: main_P17-VC.py - mr-coding-tutor-unity - Visual Studio Code] Key: n
[2025-07-26 13:02:38.193 GMT+07] [Window: main_P17-VC.py - mr-coding-tutor-unity - Visual Studio Code] Key: _
[2025-07-26 13:02:38.639 GMT+07] [Window: main_P17-VC.py - mr-coding-tutor-unity - Visual Studio Code] Key: [SHIFT]+,
[2025-07-26 13:02:39.779 GMT+07] [Window: main_P17-VC.py - mr-coding-tutor-unity - Visual Studio Code] Key: _
[2025-07-26 13:02:40.339 GMT+07] [Window: main_P17-VC.py - mr-coding-tutor-unity - Visual Studio Code] Key: 0
[2025-07-26 13:02:43.215 GMT+07] [Window: main_P17-VC.py - mr-coding-tutor-unity - Visual Studio Code] Key: [SHIFT]+;
[2025-07-26 13:02:44.298 GMT+07] [Window: main_P17-VC.py - mr-coding-tutor-unity - Visual Studio Code] Key: 

[2025-07-26 13:02:46.692 GMT+07] [Window: main_P17-VC.py - mr-coding-tutor-unity - Visual Studio Code] Key: a
[2025-07-26 13:02:47.392 GMT+07] [Window: main_P17-VC.py - mr-coding-tutor-unity - Visual Studio Code] Key: _
[2025-07-26 13:02:47.528 GMT+07] [Window: main_P17-VC.py - mr-coding-tutor-unity - Visual Studio Code] Key: +
[2025-07-26 13:02:47.651 GMT+07] [Window: main_P17-VC.py - mr-coding-tutor-unity - Visual Studio Code] Key: _
[2025-07-26 13:02:48.525 GMT+07] [Window: main_P17-VC.py - mr-coding-tutor-unity - Visual Studio Code] Key: 1
[2025-07-26 13:02:49.139 GMT+07] [Window: main_P17-VC.py - mr-coding-tutor-unity - Visual Studio Code] Key: /
[2025-07-26 13:02:49.753 GMT+07] [Window: main_P17-VC.py - mr-coding-tutor-unity - Visual Studio Code] Key: a
[2025-07-26 13:02:50.743 GMT+07] [Window: main_P17-VC.py - mr-coding-tutor-unity - Visual Studio Code] Key: [TAB]
[2025-07-26 13:03:40.709 GMT+07] [Window: main_P17-VC.py - mr-coding-tutor-unity - Visual Studio Code] Key: 

[2025-07-26 13:03:41.689 GMT+07] [Window: main_P17-VC.py - mr-coding-tutor-unity - Visual Studio Code] Key: a
[2025-07-26 13:03:41.793 GMT+07] [Window: main_P17-VC.py - mr-coding-tutor-unity - Visual Studio Code] Key: b
[2025-07-26 13:03:41.927 GMT+07] [Window: main_P17-VC.py - mr-coding-tutor-unity - Visual Studio Code] Key: s
[2025-07-26 13:03:43.425 GMT+07] [Window: main_P17-VC.py - mr-coding-tutor-unity - Visual Studio Code] Key: [SHIFT]+9
[2025-07-26 13:03:44.030 GMT+07] [Window: main_P17-VC.py - mr-coding-tutor-unity - Visual Studio Code] Key: n
[2025-07-26 13:03:46.834 GMT+07] [Window: main_P17-VC.py - mr-coding-tutor-unity - Visual Studio Code] Key: [RIGHT]
[2025-07-26 13:03:48.147 GMT+07] [Window: main_P17-VC.py - mr-coding-tutor-unity - Visual Studio Code] Key: [LEFT]
[2025-07-26 13:03:48.488 GMT+07] [Window: main_P17-VC.py - mr-coding-tutor-unity - Visual Studio Code] Key: [UP]
[2025-07-26 13:03:49.691 GMT+07] [Window: main_P17-VC.py - mr-coding-tutor-unity - Visual Studio Code] Key: [DOWN]
[2025-07-26 13:03:50.131 GMT+07] [Window: main_P17-VC.py - mr-coding-tutor-unity - Visual Studio Code] Key: [UP]
[2025-07-26 13:03:50.340 GMT+07] [Window: main_P17-VC.py - mr-coding-tutor-unity - Visual Studio Code] Key: [UP]
[2025-07-26 13:03:50.510 GMT+07] [Window: main_P17-VC.py - mr-coding-tutor-unity - Visual Studio Code] Key: [UP]
[2025-07-26 13:03:50.761 GMT+07] [Window: main_P17-VC.py - mr-coding-tutor-unity - Visual Studio Code] Key: [RIGHT]
[2025-07-26 13:03:50.946 GMT+07] [Window: main_P17-VC.py - mr-coding-tutor-unity - Visual Studio Code] Key: [RIGHT]
[2025-07-26 13:03:51.110 GMT+07] [Window: main_P17-VC.py - mr-coding-tutor-unity - Visual Studio Code] Key: [RIGHT]
[2025-07-26 13:03:52.048 GMT+07] [Window: main_P17-VC.py - mr-coding-tutor-unity - Visual Studio Code] Key: a
[2025-07-26 13:03:52.134 GMT+07] [Window: main_P17-VC.py - mr-coding-tutor-unity - Visual Studio Code] Key: b
[2025-07-26 13:03:52.284 GMT+07] [Window: main_P17-VC.py - mr-coding-tutor-unity - Visual Studio Code] Key: s
[2025-07-26 13:03:53.248 GMT+07] [Window: main_P17-VC.py - mr-coding-tutor-unity - Visual Studio Code] Key: [SHIFT]+9
[2025-07-26 13:03:54.445 GMT+07] [Window: main_P17-VC.py - mr-coding-tutor-unity - Visual Studio Code] Key: [RIGHT]
[2025-07-26 13:03:54.789 GMT+07] [Window: main_P17-VC.py - mr-coding-tutor-unity - Visual Studio Code] Key: [RIGHT]
[2025-07-26 13:03:55.687 GMT+07] [Window: main_P17-VC.py - mr-coding-tutor-unity - Visual Studio Code] Key: [SHIFT]+0
[2025-07-26 13:03:57.567 GMT+07] [Window: main_P17-VC.py - mr-coding-tutor-unity - Visual Studio Code] Key: [DOWN]
[2025-07-26 13:03:57.723 GMT+07] [Window: main_P17-VC.py - mr-coding-tutor-unity - Visual Studio Code] Key: [DOWN]
[2025-07-26 13:03:58.021 GMT+07] [Window: main_P17-VC.py - mr-coding-tutor-unity - Visual Studio Code] Key: [DOWN]
[2025-07-26 13:03:58.495 GMT+07] [Window: main_P17-VC.py - mr-coding-tutor-unity - Visual Studio Code] Key: [BACKSPACE]
[2025-07-26 13:03:58.668 GMT+07] [Window: main_P17-VC.py - mr-coding-tutor-unity - Visual Studio Code] Key: [BACKSPACE]
[2025-07-26 13:03:58.794 GMT+07] [Window: main_P17-VC.py - mr-coding-tutor-unity - Visual Studio Code] Key: [BACKSPACE]
[2025-07-26 13:03:58.938 GMT+07] [Window: main_P17-VC.py - mr-coding-tutor-unity - Visual Studio Code] Key: [BACKSPACE]
[2025-07-26 13:03:59.071 GMT+07] [Window: main_P17-VC.py - mr-coding-tutor-unity - Visual Studio Code] Key: [BACKSPACE]
[2025-07-26 13:03:59.281 GMT+07] [Window: main_P17-VC.py - mr-coding-tutor-unity - Visual Studio Code] Key: [BACKSPACE]
[2025-07-26 13:03:59.568 GMT+07] [Window: main_P17-VC.py - mr-coding-tutor-unity - Visual Studio Code] Key: [BACKSPACE]
[2025-07-26 13:03:59.907 GMT+07] [Window: main_P17-VC.py - mr-coding-tutor-unity - Visual Studio Code] Key: [BACKSPACE]
[2025-07-26 13:04:00.258 GMT+07] [Window: main_P17-VC.py - mr-coding-tutor-unity - Visual Studio Code] Key: [BACKSPACE]
[2025-07-26 13:04:11.282 GMT+07] [Window: main_P17-VC.py - mr-coding-tutor-unity - Visual Studio Code] Key: [CTRL]+[SHIFT]+[RIGHT]
[2025-07-26 13:04:12.091 GMT+07] [Window: main_P17-VC.py - mr-coding-tutor-unity - Visual Studio Code] Key: [CTRL]+[SHIFT]+[RIGHT]
[2025-07-26 13:04:12.265 GMT+07] [Window: main_P17-VC.py - mr-coding-tutor-unity - Visual Studio Code] Key: [CTRL]+[SHIFT]+[RIGHT]
[2025-07-26 13:04:12.677 GMT+07] [Window: main_P17-VC.py - mr-coding-tutor-unity - Visual Studio Code] Key: [CTRL]+[SHIFT]+[RIGHT]
[2025-07-26 13:04:13.220 GMT+07] [Window: main_P17-VC.py - mr-coding-tutor-unity - Visual Studio Code] Key: [CTRL]+[SHIFT]+[RIGHT]
[2025-07-26 13:04:14.579 GMT+07] [Window: main_P17-VC.py - mr-coding-tutor-unity - Visual Studio Code] Key: [CTRL]+[SHIFT]+[DOWN]
[2025-07-26 13:04:15.211 GMT+07] [Window: main_P17-VC.py - mr-coding-tutor-unity - Visual Studio Code] Key: [CTRL]+[SHIFT]+[RIGHT]
[2025-07-26 13:04:16.715 GMT+07] [Window: main_P17-VC.py - mr-coding-tutor-unity - Visual Studio Code] Key: [CTRL]+x
[2025-07-26 13:04:18.191 GMT+07] [Window: main_P17-VC.py - mr-coding-tutor-unity - Visual Studio Code] Key: [BACKSPACE]
[2025-07-26 13:04:18.562 GMT+07] [Window: main_P17-VC.py - mr-coding-tutor-unity - Visual Studio Code] Key: [BACKSPACE]
[2025-07-26 13:04:19.133 GMT+07] [Window: main_P17-VC.py - mr-coding-tutor-unity - Visual Studio Code] Key: [UP]
[2025-07-26 13:04:19.309 GMT+07] [Window: main_P17-VC.py - mr-coding-tutor-unity - Visual Studio Code] Key: [UP]
[2025-07-26 13:04:19.777 GMT+07] [Window: main_P17-VC.py - mr-coding-tutor-unity - Visual Studio Code] Key: 

[2025-07-26 13:04:20.475 GMT+07] [Window: main_P17-VC.py - mr-coding-tutor-unity - Visual Studio Code] Key: [CTRL]+v
[2025-07-26 13:04:23.648 GMT+07] [Window: main_P17-VC.py - mr-coding-tutor-unity - Visual Studio Code] Key: [BACKSPACE]
[2025-07-26 13:04:30.992 GMT+07] [Window: main_P17-VC.py - mr-coding-tutor-unity - Visual Studio Code] Key: 

[2025-07-26 13:04:31.743 GMT+07] [Window: main_P17-VC.py - mr-coding-tutor-unity - Visual Studio Code] Key: [UP]
[2025-07-26 13:04:42.159 GMT+07] [Window: main_P17-VC.py - mr-coding-tutor-unity - Visual Studio Code] Key: [UP]
[2025-07-26 13:04:45.740 GMT+07] [Window: main_P17-VC.py - mr-coding-tutor-unity - Visual Studio Code] Key: [CTRL]+z
[2025-07-26 13:04:46.981 GMT+07] [Window: main_P17-VC.py - mr-coding-tutor-unity - Visual Studio Code] Key: [CTRL]+z
[2025-07-26 13:04:47.396 GMT+07] [Window: main_P17-VC.py - mr-coding-tutor-unity - Visual Studio Code] Key: [CTRL]+z
[2025-07-26 13:04:48.198 GMT+07] [Window: main_P17-VC.py - mr-coding-tutor-unity - Visual Studio Code] Key: [DOWN]
[2025-07-26 13:04:48.372 GMT+07] [Window: main_P17-VC.py - mr-coding-tutor-unity - Visual Studio Code] Key: [DOWN]
[2025-07-26 13:04:50.544 GMT+07] [Window: main_P17-VC.py - mr-coding-tutor-unity - Visual Studio Code] Key: [CTRL]+[RIGHT]
[2025-07-26 13:04:50.894 GMT+07] [Window: main_P17-VC.py - mr-coding-tutor-unity - Visual Studio Code] Key: [CTRL]+[RIGHT]
[2025-07-26 13:04:51.077 GMT+07] [Window: main_P17-VC.py - mr-coding-tutor-unity - Visual Studio Code] Key: [CTRL]+[RIGHT]
[2025-07-26 13:04:51.239 GMT+07] [Window: main_P17-VC.py - mr-coding-tutor-unity - Visual Studio Code] Key: [CTRL]+[RIGHT]
[2025-07-26 13:04:51.698 GMT+07] [Window: main_P17-VC.py - mr-coding-tutor-unity - Visual Studio Code] Key: 

[2025-07-26 13:04:52.130 GMT+07] [Window: main_P17-VC.py - mr-coding-tutor-unity - Visual Studio Code] Key: [LEFT]
[2025-07-26 13:04:52.461 GMT+07] [Window: main_P17-VC.py - mr-coding-tutor-unity - Visual Studio Code] Key: [LEFT]
[2025-07-26 13:04:52.791 GMT+07] [Window: main_P17-VC.py - mr-coding-tutor-unity - Visual Studio Code] Key: [LEFT]
[2025-07-26 13:04:53.522 GMT+07] [Window: main_P17-VC.py - mr-coding-tutor-unity - Visual Studio Code] Key: [LEFT]
[2025-07-26 13:04:53.922 GMT+07] [Window: main_P17-VC.py - mr-coding-tutor-unity - Visual Studio Code] Key: [CTRL]+c
[2025-07-26 13:04:55.104 GMT+07] [Window: main_P17-VC.py - mr-coding-tutor-unity - Visual Studio Code] Key: [CTRL]+v
[2025-07-26 13:04:56.722 GMT+07] [Window: main_P17-VC.py - mr-coding-tutor-unity - Visual Studio Code] Key: [BACKSPACE]
[2025-07-26 13:04:58.098 GMT+07] [Window: main_P17-VC.py - mr-coding-tutor-unity - Visual Studio Code] Key: [CTRL]+z
[2025-07-26 13:04:58.411 GMT+07] [Window: main_P17-VC.py - mr-coding-tutor-unity - Visual Studio Code] Key: [CTRL]+z
[2025-07-26 13:04:58.730 GMT+07] [Window: main_P17-VC.py - mr-coding-tutor-unity - Visual Studio Code] Key: [CTRL]+z
[2025-07-26 13:04:59.164 GMT+07] [Window: main_P17-VC.py - mr-coding-tutor-unity - Visual Studio Code] Key: [CTRL]+z
[2025-07-26 13:05:01.347 GMT+07] [Window: main_P17-VC.py - mr-coding-tutor-unity - Visual Studio Code] Key: [CTRL]+z
[2025-07-26 13:05:01.829 GMT+07] [Window: main_P17-VC.py - mr-coding-tutor-unity - Visual Studio Code] Key: [CTRL]+z
[2025-07-26 13:05:02.273 GMT+07] [Window: main_P17-VC.py - mr-coding-tutor-unity - Visual Studio Code] Key: [CTRL]+z
[2025-07-26 13:05:03.518 GMT+07] [Window: main_P17-VC.py - mr-coding-tutor-unity - Visual Studio Code] Key: [CTRL]+x
[2025-07-26 13:05:04.551 GMT+07] [Window: main_P17-VC.py - mr-coding-tutor-unity - Visual Studio Code] Key: [BACKSPACE]
[2025-07-26 13:05:05.563 GMT+07] [Window: main_P17-VC.py - mr-coding-tutor-unity - Visual Studio Code] Key: [CTRL]+v
[2025-07-26 13:05:06.937 GMT+07] [Window: main_P17-VC.py - mr-coding-tutor-unity - Visual Studio Code] Key: [LEFT]
[2025-07-26 13:05:07.314 GMT+07] [Window: main_P17-VC.py - mr-coding-tutor-unity - Visual Studio Code] Key: [CTRL]+[LEFT]
[2025-07-26 13:05:07.821 GMT+07] [Window: main_P17-VC.py - mr-coding-tutor-unity - Visual Studio Code] Key: [CTRL]+[LEFT]
[2025-07-26 13:05:08.123 GMT+07] [Window: main_P17-VC.py - mr-coding-tutor-unity - Visual Studio Code] Key: [CTRL]+[LEFT]
[2025-07-26 13:05:08.527 GMT+07] [Window: main_P17-VC.py - mr-coding-tutor-unity - Visual Studio Code] Key: [BACKSPACE]
[2025-07-26 13:05:13.670 GMT+07] [Window: main_P17-VC.py - mr-coding-tutor-unity - Visual Studio Code] Key: -
[2025-07-26 13:05:19.018 GMT+07] [Window: main_P17-VC.py - mr-coding-tutor-unity - Visual Studio Code] Key: [ALT]+[TAB]
[2025-07-26 13:05:19.910 GMT+07] [Window: Meet - tmy-mcwv-szq] Key: [ALT]+[TAB]
[2025-07-26 13:05:20.304 GMT+07] [Window: Task Switching] Key: [ALT]+[TAB]
[2025-07-26 13:05:21.643 GMT+07] [Window: [Task PN] Power of Numbers - Google Tài li?u and 4 more pages - Power of Number - Microsoft? Edge] Key: [ALT]+[TAB]
[2025-07-26 13:05:22.343 GMT+07] [Window: Meet - tmy-mcwv-szq] Key: [ALT]+[TAB]
[2025-07-26 13:05:22.957 GMT+07] [Window: Task Switching] Key: [ALT]+[TAB]
[2025-07-26 13:05:24.608 GMT+07] [Window: main_P17-VC.py - mr-coding-tutor-unity - Visual Studio Code] Key: [RIGHT]
[2025-07-26 13:05:25.048 GMT+07] [Window: main_P17-VC.py - mr-coding-tutor-unity - Visual Studio Code] Key: [BACKSPACE]
[2025-07-26 13:05:25.227 GMT+07] [Window: main_P17-VC.py - mr-coding-tutor-unity - Visual Studio Code] Key: 2
[2025-07-26 13:05:25.866 GMT+07] [Window: main_P17-VC.py - mr-coding-tutor-unity - Visual Studio Code] Key: [DOWN]
[2025-07-26 13:05:26.040 GMT+07] [Window: main_P17-VC.py - mr-coding-tutor-unity - Visual Studio Code] Key: [DOWN]
[2025-07-26 13:05:26.802 GMT+07] [Window: main_P17-VC.py - mr-coding-tutor-unity - Visual Studio Code] Key: [BACKSPACE]
[2025-07-26 13:05:26.994 GMT+07] [Window: main_P17-VC.py - mr-coding-tutor-unity - Visual Studio Code] Key: 6
[2025-07-26 13:05:27.207 GMT+07] [Window: main_P17-VC.py - mr-coding-tutor-unity - Visual Studio Code] Key: 5
[2025-07-26 13:05:27.547 GMT+07] [Window: main_P17-VC.py - mr-coding-tutor-unity - Visual Studio Code] Key: [BACKSPACE]
[2025-07-26 13:05:27.711 GMT+07] [Window: main_P17-VC.py - mr-coding-tutor-unity - Visual Studio Code] Key: [BACKSPACE]
[2025-07-26 13:05:27.790 GMT+07] [Window: main_P17-VC.py - mr-coding-tutor-unity - Visual Studio Code] Key: 5
[2025-07-26 13:07:40.358 GMT+07] [Window: main_P17-VC.py - mr-coding-tutor-unity - Visual Studio Code] Key: [ALT]+[TAB]
[2025-07-26 13:07:46.170 GMT+07] [Window: Administrator: Command Prompt] Key: [UP]
[2025-07-26 13:07:46.436 GMT+07] [Window: Administrator: Command Prompt] Key: [LEFT]
[2025-07-26 13:07:46.938 GMT+07] [Window: Administrator: Command Prompt] Key: [LEFT]
[2025-07-26 13:07:46.984 GMT+07] [Window: Administrator: Command Prompt] Key: [LEFT]
[2025-07-26 13:07:47.016 GMT+07] [Window: Administrator: Command Prompt] Key: [LEFT]
[2025-07-26 13:07:47.047 GMT+07] [Window: Administrator: Command Prompt] Key: [LEFT]
[2025-07-26 13:07:47.078 GMT+07] [Window: Administrator: Command Prompt] Key: [LEFT]
[2025-07-26 13:07:47.109 GMT+07] [Window: Administrator: Command Prompt] Key: [LEFT]
[2025-07-26 13:07:47.140 GMT+07] [Window: Administrator: Command Prompt] Key: [LEFT]
[2025-07-26 13:07:47.170 GMT+07] [Window: Administrator: Command Prompt] Key: [LEFT]
[2025-07-26 13:07:47.202 GMT+07] [Window: Administrator: Command Prompt] Key: [LEFT]
[2025-07-26 13:07:47.233 GMT+07] [Window: Administrator: Command Prompt] Key: [LEFT]
[2025-07-26 13:07:47.280 GMT+07] [Window: Administrator: Command Prompt] Key: [LEFT]
[2025-07-26 13:07:47.312 GMT+07] [Window: Administrator: Command Prompt] Key: [LEFT]
[2025-07-26 13:07:47.343 GMT+07] [Window: Administrator: Command Prompt] Key: [LEFT]
[2025-07-26 13:07:47.375 GMT+07] [Window: Administrator: Command Prompt] Key: [LEFT]
[2025-07-26 13:07:47.406 GMT+07] [Window: Administrator: Command Prompt] Key: [LEFT]
[2025-07-26 13:07:47.437 GMT+07] [Window: Administrator: Command Prompt] Key: [LEFT]
[2025-07-26 13:07:47.468 GMT+07] [Window: Administrator: Command Prompt] Key: [LEFT]
[2025-07-26 13:07:47.499 GMT+07] [Window: Administrator: Command Prompt] Key: [LEFT]
[2025-07-26 13:07:47.531 GMT+07] [Window: Administrator: Command Prompt] Key: [LEFT]
[2025-07-26 13:07:47.578 GMT+07] [Window: Administrator: Command Prompt] Key: [LEFT]
[2025-07-26 13:07:47.610 GMT+07] [Window: Administrator: Command Prompt] Key: [LEFT]
[2025-07-26 13:07:47.640 GMT+07] [Window: Administrator: Command Prompt] Key: [LEFT]
[2025-07-26 13:07:48.188 GMT+07] [Window: Administrator: Command Prompt] Key: [BACKSPACE]
[2025-07-26 13:07:48.347 GMT+07] [Window: Administrator: Command Prompt] Key: [BACKSPACE]
[2025-07-26 13:07:48.770 GMT+07] [Window: Administrator: Command Prompt] Key: [BACKSPACE]
[2025-07-26 13:07:49.071 GMT+07] [Window: Administrator: Command Prompt] Key: s
[2025-07-26 13:07:49.132 GMT+07] [Window: Administrator: Command Prompt] Key: t
[2025-07-26 13:07:49.281 GMT+07] [Window: Administrator: Command Prompt] Key: o
[2025-07-26 13:07:49.317 GMT+07] [Window: Administrator: Command Prompt] Key: p
[2025-07-26 13:07:49.597 GMT+07] [Window: Administrator: Command Prompt] Key: 

