Starting periodic logging of 'C:\mr-coding-tutor-unity\data\P17-VC\main_P17-VC.py'
Interval: 1.0 seconds
Output directory: C:\mr-coding-tutor-unity\data\P17-VC\period
Content changed, saved copy to: C:\mr-coding-tutor-unity\data\P17-VC\period\20250726_124924_main_P17-VC.py
No changes detected in 'C:\mr-coding-tutor-unity\data\P17-VC\main_P17-VC.py', skipping save
No changes detected in 'C:\mr-coding-tutor-unity\data\P17-VC\main_P17-VC.py', skipping save
No changes detected in 'C:\mr-coding-tutor-unity\data\P17-VC\main_P17-VC.py', skipping save
No changes detected in 'C:\mr-coding-tutor-unity\data\P17-VC\main_P17-VC.py', skipping save
No changes detected in 'C:\mr-coding-tutor-unity\data\P17-VC\main_P17-VC.py', skipping save
No changes detected in 'C:\mr-coding-tutor-unity\data\P17-VC\main_P17-VC.py', skipping save
No changes detected in 'C:\mr-coding-tutor-unity\data\P17-VC\main_P17-VC.py', skipping save
No changes detected in 'C:\mr-coding-tutor-unity\data\P17-VC\main_P17-VC.py', skipping save
No changes detected in 'C:\mr-coding-tutor-unity\data\P17-VC\main_P17-VC.py', skipping save
No changes detected in 'C:\mr-coding-tutor-unity\data\P17-VC\main_P17-VC.py', skipping save
No changes detected in 'C:\mr-coding-tutor-unity\data\P17-VC\main_P17-VC.py', skipping save
No changes detected in 'C:\mr-coding-tutor-unity\data\P17-VC\main_P17-VC.py', skipping save
No changes detected in 'C:\mr-coding-tutor-unity\data\P17-VC\main_P17-VC.py', skipping save
No changes detected in 'C:\mr-coding-tutor-unity\data\P17-VC\main_P17-VC.py', skipping save
No changes detected in 'C:\mr-coding-tutor-unity\data\P17-VC\main_P17-VC.py', skipping save
No changes detected in 'C:\mr-coding-tutor-unity\data\P17-VC\main_P17-VC.py', skipping save
No changes detected in 'C:\mr-coding-tutor-unity\data\P17-VC\main_P17-VC.py', skipping save
No changes detected in 'C:\mr-coding-tutor-unity\data\P17-VC\main_P17-VC.py', skipping save
No changes detected in 'C:\mr-coding-tutor-unity\data\P17-VC\main_P17-VC.py', skipping save
No changes detected in 'C:\mr-coding-tutor-unity\data\P17-VC\main_P17-VC.py', skipping save
No changes detected in 'C:\mr-coding-tutor-unity\data\P17-VC\main_P17-VC.py', skipping save
No changes detected in 'C:\mr-coding-tutor-unity\data\P17-VC\main_P17-VC.py', skipping save
No changes detected in 'C:\mr-coding-tutor-unity\data\P17-VC\main_P17-VC.py', skipping save
No changes detected in 'C:\mr-coding-tutor-unity\data\P17-VC\main_P17-VC.py', skipping save
No changes detected in 'C:\mr-coding-tutor-unity\data\P17-VC\main_P17-VC.py', skipping save
No changes detected in 'C:\mr-coding-tutor-unity\data\P17-VC\main_P17-VC.py', skipping save
No changes detected in 'C:\mr-coding-tutor-unity\data\P17-VC\main_P17-VC.py', skipping save
No changes detected in 'C:\mr-coding-tutor-unity\data\P17-VC\main_P17-VC.py', skipping save
No changes detected in 'C:\mr-coding-tutor-unity\data\P17-VC\main_P17-VC.py', skipping save
No changes detected in 'C:\mr-coding-tutor-unity\data\P17-VC\main_P17-VC.py', skipping save
No changes detected in 'C:\mr-coding-tutor-unity\data\P17-VC\main_P17-VC.py', skipping save
No changes detected in 'C:\mr-coding-tutor-unity\data\P17-VC\main_P17-VC.py', skipping save
No changes detected in 'C:\mr-coding-tutor-unity\data\P17-VC\main_P17-VC.py', skipping save
No changes detected in 'C:\mr-coding-tutor-unity\data\P17-VC\main_P17-VC.py', skipping save
No changes detected in 'C:\mr-coding-tutor-unity\data\P17-VC\main_P17-VC.py', skipping save
No changes detected in 'C:\mr-coding-tutor-unity\data\P17-VC\main_P17-VC.py', skipping save
No changes detected in 'C:\mr-coding-tutor-unity\data\P17-VC\main_P17-VC.py', skipping save
No changes detected in 'C:\mr-coding-tutor-unity\data\P17-VC\main_P17-VC.py', skipping save
No changes detected in 'C:\mr-coding-tutor-unity\data\P17-VC\main_P17-VC.py', skipping save
No changes detected in 'C:\mr-coding-tutor-unity\data\P17-VC\main_P17-VC.py', skipping save
No changes detected in 'C:\mr-coding-tutor-unity\data\P17-VC\main_P17-VC.py', skipping save
No changes detected in 'C:\mr-coding-tutor-unity\data\P17-VC\main_P17-VC.py', skipping save
No changes detected in 'C:\mr-coding-tutor-unity\data\P17-VC\main_P17-VC.py', skipping save
No changes detected in 'C:\mr-coding-tutor-unity\data\P17-VC\main_P17-VC.py', skipping save
No changes detected in 'C:\mr-coding-tutor-unity\data\P17-VC\main_P17-VC.py', skipping save
No changes detected in 'C:\mr-coding-tutor-unity\data\P17-VC\main_P17-VC.py', skipping save
No changes detected in 'C:\mr-coding-tutor-unity\data\P17-VC\main_P17-VC.py', skipping save
No changes detected in 'C:\mr-coding-tutor-unity\data\P17-VC\main_P17-VC.py', skipping save
No changes detected in 'C:\mr-coding-tutor-unity\data\P17-VC\main_P17-VC.py', skipping save
No changes detected in 'C:\mr-coding-tutor-unity\data\P17-VC\main_P17-VC.py', skipping save
No changes detected in 'C:\mr-coding-tutor-unity\data\P17-VC\main_P17-VC.py', skipping save
No changes detected in 'C:\mr-coding-tutor-unity\data\P17-VC\main_P17-VC.py', skipping save
No changes detected in 'C:\mr-coding-tutor-unity\data\P17-VC\main_P17-VC.py', skipping save
No changes detected in 'C:\mr-coding-tutor-unity\data\P17-VC\main_P17-VC.py', skipping save
No changes detected in 'C:\mr-coding-tutor-unity\data\P17-VC\main_P17-VC.py', skipping save
No changes detected in 'C:\mr-coding-tutor-unity\data\P17-VC\main_P17-VC.py', skipping save
No changes detected in 'C:\mr-coding-tutor-unity\data\P17-VC\main_P17-VC.py', skipping save
No changes detected in 'C:\mr-coding-tutor-unity\data\P17-VC\main_P17-VC.py', skipping save
No changes detected in 'C:\mr-coding-tutor-unity\data\P17-VC\main_P17-VC.py', skipping save
No changes detected in 'C:\mr-coding-tutor-unity\data\P17-VC\main_P17-VC.py', skipping save
No changes detected in 'C:\mr-coding-tutor-unity\data\P17-VC\main_P17-VC.py', skipping save
No changes detected in 'C:\mr-coding-tutor-unity\data\P17-VC\main_P17-VC.py', skipping save
No changes detected in 'C:\mr-coding-tutor-unity\data\P17-VC\main_P17-VC.py', skipping save
No changes detected in 'C:\mr-coding-tutor-unity\data\P17-VC\main_P17-VC.py', skipping save
No changes detected in 'C:\mr-coding-tutor-unity\data\P17-VC\main_P17-VC.py', skipping save
No changes detected in 'C:\mr-coding-tutor-unity\data\P17-VC\main_P17-VC.py', skipping save
No changes detected in 'C:\mr-coding-tutor-unity\data\P17-VC\main_P17-VC.py', skipping save
No changes detected in 'C:\mr-coding-tutor-unity\data\P17-VC\main_P17-VC.py', skipping save
No changes detected in 'C:\mr-coding-tutor-unity\data\P17-VC\main_P17-VC.py', skipping save
No changes detected in 'C:\mr-coding-tutor-unity\data\P17-VC\main_P17-VC.py', skipping save
No changes detected in 'C:\mr-coding-tutor-unity\data\P17-VC\main_P17-VC.py', skipping save
No changes detected in 'C:\mr-coding-tutor-unity\data\P17-VC\main_P17-VC.py', skipping save
No changes detected in 'C:\mr-coding-tutor-unity\data\P17-VC\main_P17-VC.py', skipping save
No changes detected in 'C:\mr-coding-tutor-unity\data\P17-VC\main_P17-VC.py', skipping save
No changes detected in 'C:\mr-coding-tutor-unity\data\P17-VC\main_P17-VC.py', skipping save
No changes detected in 'C:\mr-coding-tutor-unity\data\P17-VC\main_P17-VC.py', skipping save
No changes detected in 'C:\mr-coding-tutor-unity\data\P17-VC\main_P17-VC.py', skipping save
No changes detected in 'C:\mr-coding-tutor-unity\data\P17-VC\main_P17-VC.py', skipping save
No changes detected in 'C:\mr-coding-tutor-unity\data\P17-VC\main_P17-VC.py', skipping save
No changes detected in 'C:\mr-coding-tutor-unity\data\P17-VC\main_P17-VC.py', skipping save
No changes detected in 'C:\mr-coding-tutor-unity\data\P17-VC\main_P17-VC.py', skipping save
No changes detected in 'C:\mr-coding-tutor-unity\data\P17-VC\main_P17-VC.py', skipping save
No changes detected in 'C:\mr-coding-tutor-unity\data\P17-VC\main_P17-VC.py', skipping save
No changes detected in 'C:\mr-coding-tutor-unity\data\P17-VC\main_P17-VC.py', skipping save
No changes detected in 'C:\mr-coding-tutor-unity\data\P17-VC\main_P17-VC.py', skipping save
No changes detected in 'C:\mr-coding-tutor-unity\data\P17-VC\main_P17-VC.py', skipping save
No changes detected in 'C:\mr-coding-tutor-unity\data\P17-VC\main_P17-VC.py', skipping save
No changes detected in 'C:\mr-coding-tutor-unity\data\P17-VC\main_P17-VC.py', skipping save
No changes detected in 'C:\mr-coding-tutor-unity\data\P17-VC\main_P17-VC.py', skipping save
No changes detected in 'C:\mr-coding-tutor-unity\data\P17-VC\main_P17-VC.py', skipping save
No changes detected in 'C:\mr-coding-tutor-unity\data\P17-VC\main_P17-VC.py', skipping save
No changes detected in 'C:\mr-coding-tutor-unity\data\P17-VC\main_P17-VC.py', skipping save
No changes detected in 'C:\mr-coding-tutor-unity\data\P17-VC\main_P17-VC.py', skipping save
No changes detected in 'C:\mr-coding-tutor-unity\data\P17-VC\main_P17-VC.py', skipping save
No changes detected in 'C:\mr-coding-tutor-unity\data\P17-VC\main_P17-VC.py', skipping save
No changes detected in 'C:\mr-coding-tutor-unity\data\P17-VC\main_P17-VC.py', skipping save
No changes detected in 'C:\mr-coding-tutor-unity\data\P17-VC\main_P17-VC.py', skipping save
No changes detected in 'C:\mr-coding-tutor-unity\data\P17-VC\main_P17-VC.py', skipping save
No changes detected in 'C:\mr-coding-tutor-unity\data\P17-VC\main_P17-VC.py', skipping save
No changes detected in 'C:\mr-coding-tutor-unity\data\P17-VC\main_P17-VC.py', skipping save
No changes detected in 'C:\mr-coding-tutor-unity\data\P17-VC\main_P17-VC.py', skipping save
No changes detected in 'C:\mr-coding-tutor-unity\data\P17-VC\main_P17-VC.py', skipping save
No changes detected in 'C:\mr-coding-tutor-unity\data\P17-VC\main_P17-VC.py', skipping save
No changes detected in 'C:\mr-coding-tutor-unity\data\P17-VC\main_P17-VC.py', skipping save
No changes detected in 'C:\mr-coding-tutor-unity\data\P17-VC\main_P17-VC.py', skipping save
No changes detected in 'C:\mr-coding-tutor-unity\data\P17-VC\main_P17-VC.py', skipping save
No changes detected in 'C:\mr-coding-tutor-unity\data\P17-VC\main_P17-VC.py', skipping save
No changes detected in 'C:\mr-coding-tutor-unity\data\P17-VC\main_P17-VC.py', skipping save
No changes detected in 'C:\mr-coding-tutor-unity\data\P17-VC\main_P17-VC.py', skipping save
No changes detected in 'C:\mr-coding-tutor-unity\data\P17-VC\main_P17-VC.py', skipping save
No changes detected in 'C:\mr-coding-tutor-unity\data\P17-VC\main_P17-VC.py', skipping save
No changes detected in 'C:\mr-coding-tutor-unity\data\P17-VC\main_P17-VC.py', skipping save
No changes detected in 'C:\mr-coding-tutor-unity\data\P17-VC\main_P17-VC.py', skipping save
No changes detected in 'C:\mr-coding-tutor-unity\data\P17-VC\main_P17-VC.py', skipping save
No changes detected in 'C:\mr-coding-tutor-unity\data\P17-VC\main_P17-VC.py', skipping save
No changes detected in 'C:\mr-coding-tutor-unity\data\P17-VC\main_P17-VC.py', skipping save
No changes detected in 'C:\mr-coding-tutor-unity\data\P17-VC\main_P17-VC.py', skipping save
No changes detected in 'C:\mr-coding-tutor-unity\data\P17-VC\main_P17-VC.py', skipping save
No changes detected in 'C:\mr-coding-tutor-unity\data\P17-VC\main_P17-VC.py', skipping save
No changes detected in 'C:\mr-coding-tutor-unity\data\P17-VC\main_P17-VC.py', skipping save
No changes detected in 'C:\mr-coding-tutor-unity\data\P17-VC\main_P17-VC.py', skipping save
No changes detected in 'C:\mr-coding-tutor-unity\data\P17-VC\main_P17-VC.py', skipping save
No changes detected in 'C:\mr-coding-tutor-unity\data\P17-VC\main_P17-VC.py', skipping save
No changes detected in 'C:\mr-coding-tutor-unity\data\P17-VC\main_P17-VC.py', skipping save
No changes detected in 'C:\mr-coding-tutor-unity\data\P17-VC\main_P17-VC.py', skipping save
No changes detected in 'C:\mr-coding-tutor-unity\data\P17-VC\main_P17-VC.py', skipping save
No changes detected in 'C:\mr-coding-tutor-unity\data\P17-VC\main_P17-VC.py', skipping save
No changes detected in 'C:\mr-coding-tutor-unity\data\P17-VC\main_P17-VC.py', skipping save
No changes detected in 'C:\mr-coding-tutor-unity\data\P17-VC\main_P17-VC.py', skipping save
No changes detected in 'C:\mr-coding-tutor-unity\data\P17-VC\main_P17-VC.py', skipping save
No changes detected in 'C:\mr-coding-tutor-unity\data\P17-VC\main_P17-VC.py', skipping save
No changes detected in 'C:\mr-coding-tutor-unity\data\P17-VC\main_P17-VC.py', skipping save
No changes detected in 'C:\mr-coding-tutor-unity\data\P17-VC\main_P17-VC.py', skipping save
No changes detected in 'C:\mr-coding-tutor-unity\data\P17-VC\main_P17-VC.py', skipping save
No changes detected in 'C:\mr-coding-tutor-unity\data\P17-VC\main_P17-VC.py', skipping save
No changes detected in 'C:\mr-coding-tutor-unity\data\P17-VC\main_P17-VC.py', skipping save
No changes detected in 'C:\mr-coding-tutor-unity\data\P17-VC\main_P17-VC.py', skipping save
No changes detected in 'C:\mr-coding-tutor-unity\data\P17-VC\main_P17-VC.py', skipping save
No changes detected in 'C:\mr-coding-tutor-unity\data\P17-VC\main_P17-VC.py', skipping save
No changes detected in 'C:\mr-coding-tutor-unity\data\P17-VC\main_P17-VC.py', skipping save
No changes detected in 'C:\mr-coding-tutor-unity\data\P17-VC\main_P17-VC.py', skipping save
No changes detected in 'C:\mr-coding-tutor-unity\data\P17-VC\main_P17-VC.py', skipping save
No changes detected in 'C:\mr-coding-tutor-unity\data\P17-VC\main_P17-VC.py', skipping save
No changes detected in 'C:\mr-coding-tutor-unity\data\P17-VC\main_P17-VC.py', skipping save
No changes detected in 'C:\mr-coding-tutor-unity\data\P17-VC\main_P17-VC.py', skipping save
No changes detected in 'C:\mr-coding-tutor-unity\data\P17-VC\main_P17-VC.py', skipping save
No changes detected in 'C:\mr-coding-tutor-unity\data\P17-VC\main_P17-VC.py', skipping save
No changes detected in 'C:\mr-coding-tutor-unity\data\P17-VC\main_P17-VC.py', skipping save
No changes detected in 'C:\mr-coding-tutor-unity\data\P17-VC\main_P17-VC.py', skipping save
No changes detected in 'C:\mr-coding-tutor-unity\data\P17-VC\main_P17-VC.py', skipping save
No changes detected in 'C:\mr-coding-tutor-unity\data\P17-VC\main_P17-VC.py', skipping save
No changes detected in 'C:\mr-coding-tutor-unity\data\P17-VC\main_P17-VC.py', skipping save
No changes detected in 'C:\mr-coding-tutor-unity\data\P17-VC\main_P17-VC.py', skipping save
No changes detected in 'C:\mr-coding-tutor-unity\data\P17-VC\main_P17-VC.py', skipping save
No changes detected in 'C:\mr-coding-tutor-unity\data\P17-VC\main_P17-VC.py', skipping save
No changes detected in 'C:\mr-coding-tutor-unity\data\P17-VC\main_P17-VC.py', skipping save
No changes detected in 'C:\mr-coding-tutor-unity\data\P17-VC\main_P17-VC.py', skipping save
No changes detected in 'C:\mr-coding-tutor-unity\data\P17-VC\main_P17-VC.py', skipping save
No changes detected in 'C:\mr-coding-tutor-unity\data\P17-VC\main_P17-VC.py', skipping save
No changes detected in 'C:\mr-coding-tutor-unity\data\P17-VC\main_P17-VC.py', skipping save
No changes detected in 'C:\mr-coding-tutor-unity\data\P17-VC\main_P17-VC.py', skipping save
No changes detected in 'C:\mr-coding-tutor-unity\data\P17-VC\main_P17-VC.py', skipping save
No changes detected in 'C:\mr-coding-tutor-unity\data\P17-VC\main_P17-VC.py', skipping save
No changes detected in 'C:\mr-coding-tutor-unity\data\P17-VC\main_P17-VC.py', skipping save
No changes detected in 'C:\mr-coding-tutor-unity\data\P17-VC\main_P17-VC.py', skipping save
No changes detected in 'C:\mr-coding-tutor-unity\data\P17-VC\main_P17-VC.py', skipping save
No changes detected in 'C:\mr-coding-tutor-unity\data\P17-VC\main_P17-VC.py', skipping save
No changes detected in 'C:\mr-coding-tutor-unity\data\P17-VC\main_P17-VC.py', skipping save
No changes detected in 'C:\mr-coding-tutor-unity\data\P17-VC\main_P17-VC.py', skipping save
No changes detected in 'C:\mr-coding-tutor-unity\data\P17-VC\main_P17-VC.py', skipping save
No changes detected in 'C:\mr-coding-tutor-unity\data\P17-VC\main_P17-VC.py', skipping save
No changes detected in 'C:\mr-coding-tutor-unity\data\P17-VC\main_P17-VC.py', skipping save
No changes detected in 'C:\mr-coding-tutor-unity\data\P17-VC\main_P17-VC.py', skipping save
No changes detected in 'C:\mr-coding-tutor-unity\data\P17-VC\main_P17-VC.py', skipping save
No changes detected in 'C:\mr-coding-tutor-unity\data\P17-VC\main_P17-VC.py', skipping save
No changes detected in 'C:\mr-coding-tutor-unity\data\P17-VC\main_P17-VC.py', skipping save
No changes detected in 'C:\mr-coding-tutor-unity\data\P17-VC\main_P17-VC.py', skipping save
No changes detected in 'C:\mr-coding-tutor-unity\data\P17-VC\main_P17-VC.py', skipping save
No changes detected in 'C:\mr-coding-tutor-unity\data\P17-VC\main_P17-VC.py', skipping save
No changes detected in 'C:\mr-coding-tutor-unity\data\P17-VC\main_P17-VC.py', skipping save
No changes detected in 'C:\mr-coding-tutor-unity\data\P17-VC\main_P17-VC.py', skipping save
No changes detected in 'C:\mr-coding-tutor-unity\data\P17-VC\main_P17-VC.py', skipping save
No changes detected in 'C:\mr-coding-tutor-unity\data\P17-VC\main_P17-VC.py', skipping save
No changes detected in 'C:\mr-coding-tutor-unity\data\P17-VC\main_P17-VC.py', skipping save
No changes detected in 'C:\mr-coding-tutor-unity\data\P17-VC\main_P17-VC.py', skipping save
No changes detected in 'C:\mr-coding-tutor-unity\data\P17-VC\main_P17-VC.py', skipping save
No changes detected in 'C:\mr-coding-tutor-unity\data\P17-VC\main_P17-VC.py', skipping save
No changes detected in 'C:\mr-coding-tutor-unity\data\P17-VC\main_P17-VC.py', skipping save
No changes detected in 'C:\mr-coding-tutor-unity\data\P17-VC\main_P17-VC.py', skipping save
No changes detected in 'C:\mr-coding-tutor-unity\data\P17-VC\main_P17-VC.py', skipping save
No changes detected in 'C:\mr-coding-tutor-unity\data\P17-VC\main_P17-VC.py', skipping save
No changes detected in 'C:\mr-coding-tutor-unity\data\P17-VC\main_P17-VC.py', skipping save
No changes detected in 'C:\mr-coding-tutor-unity\data\P17-VC\main_P17-VC.py', skipping save
No changes detected in 'C:\mr-coding-tutor-unity\data\P17-VC\main_P17-VC.py', skipping save
No changes detected in 'C:\mr-coding-tutor-unity\data\P17-VC\main_P17-VC.py', skipping save
No changes detected in 'C:\mr-coding-tutor-unity\data\P17-VC\main_P17-VC.py', skipping save
No changes detected in 'C:\mr-coding-tutor-unity\data\P17-VC\main_P17-VC.py', skipping save
No changes detected in 'C:\mr-coding-tutor-unity\data\P17-VC\main_P17-VC.py', skipping save
No changes detected in 'C:\mr-coding-tutor-unity\data\P17-VC\main_P17-VC.py', skipping save
No changes detected in 'C:\mr-coding-tutor-unity\data\P17-VC\main_P17-VC.py', skipping save
No changes detected in 'C:\mr-coding-tutor-unity\data\P17-VC\main_P17-VC.py', skipping save
No changes detected in 'C:\mr-coding-tutor-unity\data\P17-VC\main_P17-VC.py', skipping save
No changes detected in 'C:\mr-coding-tutor-unity\data\P17-VC\main_P17-VC.py', skipping save
No changes detected in 'C:\mr-coding-tutor-unity\data\P17-VC\main_P17-VC.py', skipping save
No changes detected in 'C:\mr-coding-tutor-unity\data\P17-VC\main_P17-VC.py', skipping save
No changes detected in 'C:\mr-coding-tutor-unity\data\P17-VC\main_P17-VC.py', skipping save
No changes detected in 'C:\mr-coding-tutor-unity\data\P17-VC\main_P17-VC.py', skipping save
No changes detected in 'C:\mr-coding-tutor-unity\data\P17-VC\main_P17-VC.py', skipping save
No changes detected in 'C:\mr-coding-tutor-unity\data\P17-VC\main_P17-VC.py', skipping save
No changes detected in 'C:\mr-coding-tutor-unity\data\P17-VC\main_P17-VC.py', skipping save
No changes detected in 'C:\mr-coding-tutor-unity\data\P17-VC\main_P17-VC.py', skipping save
No changes detected in 'C:\mr-coding-tutor-unity\data\P17-VC\main_P17-VC.py', skipping save
No changes detected in 'C:\mr-coding-tutor-unity\data\P17-VC\main_P17-VC.py', skipping save
No changes detected in 'C:\mr-coding-tutor-unity\data\P17-VC\main_P17-VC.py', skipping save
No changes detected in 'C:\mr-coding-tutor-unity\data\P17-VC\main_P17-VC.py', skipping save
No changes detected in 'C:\mr-coding-tutor-unity\data\P17-VC\main_P17-VC.py', skipping save
No changes detected in 'C:\mr-coding-tutor-unity\data\P17-VC\main_P17-VC.py', skipping save
No changes detected in 'C:\mr-coding-tutor-unity\data\P17-VC\main_P17-VC.py', skipping save
No changes detected in 'C:\mr-coding-tutor-unity\data\P17-VC\main_P17-VC.py', skipping save
No changes detected in 'C:\mr-coding-tutor-unity\data\P17-VC\main_P17-VC.py', skipping save
No changes detected in 'C:\mr-coding-tutor-unity\data\P17-VC\main_P17-VC.py', skipping save
No changes detected in 'C:\mr-coding-tutor-unity\data\P17-VC\main_P17-VC.py', skipping save
No changes detected in 'C:\mr-coding-tutor-unity\data\P17-VC\main_P17-VC.py', skipping save
No changes detected in 'C:\mr-coding-tutor-unity\data\P17-VC\main_P17-VC.py', skipping save
No changes detected in 'C:\mr-coding-tutor-unity\data\P17-VC\main_P17-VC.py', skipping save
No changes detected in 'C:\mr-coding-tutor-unity\data\P17-VC\main_P17-VC.py', skipping save
No changes detected in 'C:\mr-coding-tutor-unity\data\P17-VC\main_P17-VC.py', skipping save
No changes detected in 'C:\mr-coding-tutor-unity\data\P17-VC\main_P17-VC.py', skipping save
No changes detected in 'C:\mr-coding-tutor-unity\data\P17-VC\main_P17-VC.py', skipping save
No changes detected in 'C:\mr-coding-tutor-unity\data\P17-VC\main_P17-VC.py', skipping save
No changes detected in 'C:\mr-coding-tutor-unity\data\P17-VC\main_P17-VC.py', skipping save
No changes detected in 'C:\mr-coding-tutor-unity\data\P17-VC\main_P17-VC.py', skipping save
No changes detected in 'C:\mr-coding-tutor-unity\data\P17-VC\main_P17-VC.py', skipping save
No changes detected in 'C:\mr-coding-tutor-unity\data\P17-VC\main_P17-VC.py', skipping save
No changes detected in 'C:\mr-coding-tutor-unity\data\P17-VC\main_P17-VC.py', skipping save
No changes detected in 'C:\mr-coding-tutor-unity\data\P17-VC\main_P17-VC.py', skipping save
No changes detected in 'C:\mr-coding-tutor-unity\data\P17-VC\main_P17-VC.py', skipping save
No changes detected in 'C:\mr-coding-tutor-unity\data\P17-VC\main_P17-VC.py', skipping save
No changes detected in 'C:\mr-coding-tutor-unity\data\P17-VC\main_P17-VC.py', skipping save
No changes detected in 'C:\mr-coding-tutor-unity\data\P17-VC\main_P17-VC.py', skipping save
No changes detected in 'C:\mr-coding-tutor-unity\data\P17-VC\main_P17-VC.py', skipping save
No changes detected in 'C:\mr-coding-tutor-unity\data\P17-VC\main_P17-VC.py', skipping save
No changes detected in 'C:\mr-coding-tutor-unity\data\P17-VC\main_P17-VC.py', skipping save
No changes detected in 'C:\mr-coding-tutor-unity\data\P17-VC\main_P17-VC.py', skipping save
No changes detected in 'C:\mr-coding-tutor-unity\data\P17-VC\main_P17-VC.py', skipping save
No changes detected in 'C:\mr-coding-tutor-unity\data\P17-VC\main_P17-VC.py', skipping save
No changes detected in 'C:\mr-coding-tutor-unity\data\P17-VC\main_P17-VC.py', skipping save
No changes detected in 'C:\mr-coding-tutor-unity\data\P17-VC\main_P17-VC.py', skipping save
No changes detected in 'C:\mr-coding-tutor-unity\data\P17-VC\main_P17-VC.py', skipping save
No changes detected in 'C:\mr-coding-tutor-unity\data\P17-VC\main_P17-VC.py', skipping save
No changes detected in 'C:\mr-coding-tutor-unity\data\P17-VC\main_P17-VC.py', skipping save
No changes detected in 'C:\mr-coding-tutor-unity\data\P17-VC\main_P17-VC.py', skipping save
No changes detected in 'C:\mr-coding-tutor-unity\data\P17-VC\main_P17-VC.py', skipping save
No changes detected in 'C:\mr-coding-tutor-unity\data\P17-VC\main_P17-VC.py', skipping save
No changes detected in 'C:\mr-coding-tutor-unity\data\P17-VC\main_P17-VC.py', skipping save
No changes detected in 'C:\mr-coding-tutor-unity\data\P17-VC\main_P17-VC.py', skipping save
No changes detected in 'C:\mr-coding-tutor-unity\data\P17-VC\main_P17-VC.py', skipping save
No changes detected in 'C:\mr-coding-tutor-unity\data\P17-VC\main_P17-VC.py', skipping save
No changes detected in 'C:\mr-coding-tutor-unity\data\P17-VC\main_P17-VC.py', skipping save
No changes detected in 'C:\mr-coding-tutor-unity\data\P17-VC\main_P17-VC.py', skipping save
No changes detected in 'C:\mr-coding-tutor-unity\data\P17-VC\main_P17-VC.py', skipping save
No changes detected in 'C:\mr-coding-tutor-unity\data\P17-VC\main_P17-VC.py', skipping save
No changes detected in 'C:\mr-coding-tutor-unity\data\P17-VC\main_P17-VC.py', skipping save
No changes detected in 'C:\mr-coding-tutor-unity\data\P17-VC\main_P17-VC.py', skipping save
No changes detected in 'C:\mr-coding-tutor-unity\data\P17-VC\main_P17-VC.py', skipping save
No changes detected in 'C:\mr-coding-tutor-unity\data\P17-VC\main_P17-VC.py', skipping save
No changes detected in 'C:\mr-coding-tutor-unity\data\P17-VC\main_P17-VC.py', skipping save
No changes detected in 'C:\mr-coding-tutor-unity\data\P17-VC\main_P17-VC.py', skipping save
No changes detected in 'C:\mr-coding-tutor-unity\data\P17-VC\main_P17-VC.py', skipping save
No changes detected in 'C:\mr-coding-tutor-unity\data\P17-VC\main_P17-VC.py', skipping save
No changes detected in 'C:\mr-coding-tutor-unity\data\P17-VC\main_P17-VC.py', skipping save
No changes detected in 'C:\mr-coding-tutor-unity\data\P17-VC\main_P17-VC.py', skipping save
No changes detected in 'C:\mr-coding-tutor-unity\data\P17-VC\main_P17-VC.py', skipping save
No changes detected in 'C:\mr-coding-tutor-unity\data\P17-VC\main_P17-VC.py', skipping save
No changes detected in 'C:\mr-coding-tutor-unity\data\P17-VC\main_P17-VC.py', skipping save
No changes detected in 'C:\mr-coding-tutor-unity\data\P17-VC\main_P17-VC.py', skipping save
No changes detected in 'C:\mr-coding-tutor-unity\data\P17-VC\main_P17-VC.py', skipping save
No changes detected in 'C:\mr-coding-tutor-unity\data\P17-VC\main_P17-VC.py', skipping save
No changes detected in 'C:\mr-coding-tutor-unity\data\P17-VC\main_P17-VC.py', skipping save
No changes detected in 'C:\mr-coding-tutor-unity\data\P17-VC\main_P17-VC.py', skipping save
No changes detected in 'C:\mr-coding-tutor-unity\data\P17-VC\main_P17-VC.py', skipping save
No changes detected in 'C:\mr-coding-tutor-unity\data\P17-VC\main_P17-VC.py', skipping save
No changes detected in 'C:\mr-coding-tutor-unity\data\P17-VC\main_P17-VC.py', skipping save
No changes detected in 'C:\mr-coding-tutor-unity\data\P17-VC\main_P17-VC.py', skipping save
No changes detected in 'C:\mr-coding-tutor-unity\data\P17-VC\main_P17-VC.py', skipping save
No changes detected in 'C:\mr-coding-tutor-unity\data\P17-VC\main_P17-VC.py', skipping save
No changes detected in 'C:\mr-coding-tutor-unity\data\P17-VC\main_P17-VC.py', skipping save
No changes detected in 'C:\mr-coding-tutor-unity\data\P17-VC\main_P17-VC.py', skipping save
No changes detected in 'C:\mr-coding-tutor-unity\data\P17-VC\main_P17-VC.py', skipping save
No changes detected in 'C:\mr-coding-tutor-unity\data\P17-VC\main_P17-VC.py', skipping save
No changes detected in 'C:\mr-coding-tutor-unity\data\P17-VC\main_P17-VC.py', skipping save
No changes detected in 'C:\mr-coding-tutor-unity\data\P17-VC\main_P17-VC.py', skipping save
No changes detected in 'C:\mr-coding-tutor-unity\data\P17-VC\main_P17-VC.py', skipping save
No changes detected in 'C:\mr-coding-tutor-unity\data\P17-VC\main_P17-VC.py', skipping save
No changes detected in 'C:\mr-coding-tutor-unity\data\P17-VC\main_P17-VC.py', skipping save
No changes detected in 'C:\mr-coding-tutor-unity\data\P17-VC\main_P17-VC.py', skipping save
No changes detected in 'C:\mr-coding-tutor-unity\data\P17-VC\main_P17-VC.py', skipping save
No changes detected in 'C:\mr-coding-tutor-unity\data\P17-VC\main_P17-VC.py', skipping save
No changes detected in 'C:\mr-coding-tutor-unity\data\P17-VC\main_P17-VC.py', skipping save
No changes detected in 'C:\mr-coding-tutor-unity\data\P17-VC\main_P17-VC.py', skipping save
No changes detected in 'C:\mr-coding-tutor-unity\data\P17-VC\main_P17-VC.py', skipping save
No changes detected in 'C:\mr-coding-tutor-unity\data\P17-VC\main_P17-VC.py', skipping save
No changes detected in 'C:\mr-coding-tutor-unity\data\P17-VC\main_P17-VC.py', skipping save
No changes detected in 'C:\mr-coding-tutor-unity\data\P17-VC\main_P17-VC.py', skipping save
No changes detected in 'C:\mr-coding-tutor-unity\data\P17-VC\main_P17-VC.py', skipping save
No changes detected in 'C:\mr-coding-tutor-unity\data\P17-VC\main_P17-VC.py', skipping save
No changes detected in 'C:\mr-coding-tutor-unity\data\P17-VC\main_P17-VC.py', skipping save
No changes detected in 'C:\mr-coding-tutor-unity\data\P17-VC\main_P17-VC.py', skipping save
No changes detected in 'C:\mr-coding-tutor-unity\data\P17-VC\main_P17-VC.py', skipping save
No changes detected in 'C:\mr-coding-tutor-unity\data\P17-VC\main_P17-VC.py', skipping save
No changes detected in 'C:\mr-coding-tutor-unity\data\P17-VC\main_P17-VC.py', skipping save
No changes detected in 'C:\mr-coding-tutor-unity\data\P17-VC\main_P17-VC.py', skipping save
No changes detected in 'C:\mr-coding-tutor-unity\data\P17-VC\main_P17-VC.py', skipping save
No changes detected in 'C:\mr-coding-tutor-unity\data\P17-VC\main_P17-VC.py', skipping save
No changes detected in 'C:\mr-coding-tutor-unity\data\P17-VC\main_P17-VC.py', skipping save
No changes detected in 'C:\mr-coding-tutor-unity\data\P17-VC\main_P17-VC.py', skipping save
No changes detected in 'C:\mr-coding-tutor-unity\data\P17-VC\main_P17-VC.py', skipping save
No changes detected in 'C:\mr-coding-tutor-unity\data\P17-VC\main_P17-VC.py', skipping save
No changes detected in 'C:\mr-coding-tutor-unity\data\P17-VC\main_P17-VC.py', skipping save
No changes detected in 'C:\mr-coding-tutor-unity\data\P17-VC\main_P17-VC.py', skipping save
No changes detected in 'C:\mr-coding-tutor-unity\data\P17-VC\main_P17-VC.py', skipping save
No changes detected in 'C:\mr-coding-tutor-unity\data\P17-VC\main_P17-VC.py', skipping save
No changes detected in 'C:\mr-coding-tutor-unity\data\P17-VC\main_P17-VC.py', skipping save
No changes detected in 'C:\mr-coding-tutor-unity\data\P17-VC\main_P17-VC.py', skipping save
No changes detected in 'C:\mr-coding-tutor-unity\data\P17-VC\main_P17-VC.py', skipping save
No changes detected in 'C:\mr-coding-tutor-unity\data\P17-VC\main_P17-VC.py', skipping save
No changes detected in 'C:\mr-coding-tutor-unity\data\P17-VC\main_P17-VC.py', skipping save
No changes detected in 'C:\mr-coding-tutor-unity\data\P17-VC\main_P17-VC.py', skipping save
No changes detected in 'C:\mr-coding-tutor-unity\data\P17-VC\main_P17-VC.py', skipping save
No changes detected in 'C:\mr-coding-tutor-unity\data\P17-VC\main_P17-VC.py', skipping save
No changes detected in 'C:\mr-coding-tutor-unity\data\P17-VC\main_P17-VC.py', skipping save
No changes detected in 'C:\mr-coding-tutor-unity\data\P17-VC\main_P17-VC.py', skipping save
No changes detected in 'C:\mr-coding-tutor-unity\data\P17-VC\main_P17-VC.py', skipping save
No changes detected in 'C:\mr-coding-tutor-unity\data\P17-VC\main_P17-VC.py', skipping save
No changes detected in 'C:\mr-coding-tutor-unity\data\P17-VC\main_P17-VC.py', skipping save
No changes detected in 'C:\mr-coding-tutor-unity\data\P17-VC\main_P17-VC.py', skipping save
No changes detected in 'C:\mr-coding-tutor-unity\data\P17-VC\main_P17-VC.py', skipping save
No changes detected in 'C:\mr-coding-tutor-unity\data\P17-VC\main_P17-VC.py', skipping save
No changes detected in 'C:\mr-coding-tutor-unity\data\P17-VC\main_P17-VC.py', skipping save
No changes detected in 'C:\mr-coding-tutor-unity\data\P17-VC\main_P17-VC.py', skipping save
No changes detected in 'C:\mr-coding-tutor-unity\data\P17-VC\main_P17-VC.py', skipping save
No changes detected in 'C:\mr-coding-tutor-unity\data\P17-VC\main_P17-VC.py', skipping save
No changes detected in 'C:\mr-coding-tutor-unity\data\P17-VC\main_P17-VC.py', skipping save
No changes detected in 'C:\mr-coding-tutor-unity\data\P17-VC\main_P17-VC.py', skipping save
No changes detected in 'C:\mr-coding-tutor-unity\data\P17-VC\main_P17-VC.py', skipping save
No changes detected in 'C:\mr-coding-tutor-unity\data\P17-VC\main_P17-VC.py', skipping save
No changes detected in 'C:\mr-coding-tutor-unity\data\P17-VC\main_P17-VC.py', skipping save
No changes detected in 'C:\mr-coding-tutor-unity\data\P17-VC\main_P17-VC.py', skipping save
No changes detected in 'C:\mr-coding-tutor-unity\data\P17-VC\main_P17-VC.py', skipping save
No changes detected in 'C:\mr-coding-tutor-unity\data\P17-VC\main_P17-VC.py', skipping save
No changes detected in 'C:\mr-coding-tutor-unity\data\P17-VC\main_P17-VC.py', skipping save
No changes detected in 'C:\mr-coding-tutor-unity\data\P17-VC\main_P17-VC.py', skipping save
No changes detected in 'C:\mr-coding-tutor-unity\data\P17-VC\main_P17-VC.py', skipping save
No changes detected in 'C:\mr-coding-tutor-unity\data\P17-VC\main_P17-VC.py', skipping save
No changes detected in 'C:\mr-coding-tutor-unity\data\P17-VC\main_P17-VC.py', skipping save
No changes detected in 'C:\mr-coding-tutor-unity\data\P17-VC\main_P17-VC.py', skipping save
No changes detected in 'C:\mr-coding-tutor-unity\data\P17-VC\main_P17-VC.py', skipping save
No changes detected in 'C:\mr-coding-tutor-unity\data\P17-VC\main_P17-VC.py', skipping save
No changes detected in 'C:\mr-coding-tutor-unity\data\P17-VC\main_P17-VC.py', skipping save
No changes detected in 'C:\mr-coding-tutor-unity\data\P17-VC\main_P17-VC.py', skipping save
No changes detected in 'C:\mr-coding-tutor-unity\data\P17-VC\main_P17-VC.py', skipping save
No changes detected in 'C:\mr-coding-tutor-unity\data\P17-VC\main_P17-VC.py', skipping save
No changes detected in 'C:\mr-coding-tutor-unity\data\P17-VC\main_P17-VC.py', skipping save
No changes detected in 'C:\mr-coding-tutor-unity\data\P17-VC\main_P17-VC.py', skipping save
No changes detected in 'C:\mr-coding-tutor-unity\data\P17-VC\main_P17-VC.py', skipping save
No changes detected in 'C:\mr-coding-tutor-unity\data\P17-VC\main_P17-VC.py', skipping save
No changes detected in 'C:\mr-coding-tutor-unity\data\P17-VC\main_P17-VC.py', skipping save
No changes detected in 'C:\mr-coding-tutor-unity\data\P17-VC\main_P17-VC.py', skipping save
No changes detected in 'C:\mr-coding-tutor-unity\data\P17-VC\main_P17-VC.py', skipping save
No changes detected in 'C:\mr-coding-tutor-unity\data\P17-VC\main_P17-VC.py', skipping save
No changes detected in 'C:\mr-coding-tutor-unity\data\P17-VC\main_P17-VC.py', skipping save
No changes detected in 'C:\mr-coding-tutor-unity\data\P17-VC\main_P17-VC.py', skipping save
No changes detected in 'C:\mr-coding-tutor-unity\data\P17-VC\main_P17-VC.py', skipping save
No changes detected in 'C:\mr-coding-tutor-unity\data\P17-VC\main_P17-VC.py', skipping save
No changes detected in 'C:\mr-coding-tutor-unity\data\P17-VC\main_P17-VC.py', skipping save
No changes detected in 'C:\mr-coding-tutor-unity\data\P17-VC\main_P17-VC.py', skipping save
No changes detected in 'C:\mr-coding-tutor-unity\data\P17-VC\main_P17-VC.py', skipping save
No changes detected in 'C:\mr-coding-tutor-unity\data\P17-VC\main_P17-VC.py', skipping save
No changes detected in 'C:\mr-coding-tutor-unity\data\P17-VC\main_P17-VC.py', skipping save
No changes detected in 'C:\mr-coding-tutor-unity\data\P17-VC\main_P17-VC.py', skipping save
No changes detected in 'C:\mr-coding-tutor-unity\data\P17-VC\main_P17-VC.py', skipping save
No changes detected in 'C:\mr-coding-tutor-unity\data\P17-VC\main_P17-VC.py', skipping save
No changes detected in 'C:\mr-coding-tutor-unity\data\P17-VC\main_P17-VC.py', skipping save
No changes detected in 'C:\mr-coding-tutor-unity\data\P17-VC\main_P17-VC.py', skipping save
No changes detected in 'C:\mr-coding-tutor-unity\data\P17-VC\main_P17-VC.py', skipping save
No changes detected in 'C:\mr-coding-tutor-unity\data\P17-VC\main_P17-VC.py', skipping save
No changes detected in 'C:\mr-coding-tutor-unity\data\P17-VC\main_P17-VC.py', skipping save
No changes detected in 'C:\mr-coding-tutor-unity\data\P17-VC\main_P17-VC.py', skipping save
No changes detected in 'C:\mr-coding-tutor-unity\data\P17-VC\main_P17-VC.py', skipping save
No changes detected in 'C:\mr-coding-tutor-unity\data\P17-VC\main_P17-VC.py', skipping save
No changes detected in 'C:\mr-coding-tutor-unity\data\P17-VC\main_P17-VC.py', skipping save
No changes detected in 'C:\mr-coding-tutor-unity\data\P17-VC\main_P17-VC.py', skipping save
No changes detected in 'C:\mr-coding-tutor-unity\data\P17-VC\main_P17-VC.py', skipping save
No changes detected in 'C:\mr-coding-tutor-unity\data\P17-VC\main_P17-VC.py', skipping save
No changes detected in 'C:\mr-coding-tutor-unity\data\P17-VC\main_P17-VC.py', skipping save
No changes detected in 'C:\mr-coding-tutor-unity\data\P17-VC\main_P17-VC.py', skipping save
No changes detected in 'C:\mr-coding-tutor-unity\data\P17-VC\main_P17-VC.py', skipping save
No changes detected in 'C:\mr-coding-tutor-unity\data\P17-VC\main_P17-VC.py', skipping save
No changes detected in 'C:\mr-coding-tutor-unity\data\P17-VC\main_P17-VC.py', skipping save
No changes detected in 'C:\mr-coding-tutor-unity\data\P17-VC\main_P17-VC.py', skipping save
No changes detected in 'C:\mr-coding-tutor-unity\data\P17-VC\main_P17-VC.py', skipping save
No changes detected in 'C:\mr-coding-tutor-unity\data\P17-VC\main_P17-VC.py', skipping save
No changes detected in 'C:\mr-coding-tutor-unity\data\P17-VC\main_P17-VC.py', skipping save
No changes detected in 'C:\mr-coding-tutor-unity\data\P17-VC\main_P17-VC.py', skipping save
No changes detected in 'C:\mr-coding-tutor-unity\data\P17-VC\main_P17-VC.py', skipping save
No changes detected in 'C:\mr-coding-tutor-unity\data\P17-VC\main_P17-VC.py', skipping save
No changes detected in 'C:\mr-coding-tutor-unity\data\P17-VC\main_P17-VC.py', skipping save
No changes detected in 'C:\mr-coding-tutor-unity\data\P17-VC\main_P17-VC.py', skipping save
No changes detected in 'C:\mr-coding-tutor-unity\data\P17-VC\main_P17-VC.py', skipping save
No changes detected in 'C:\mr-coding-tutor-unity\data\P17-VC\main_P17-VC.py', skipping save
No changes detected in 'C:\mr-coding-tutor-unity\data\P17-VC\main_P17-VC.py', skipping save
No changes detected in 'C:\mr-coding-tutor-unity\data\P17-VC\main_P17-VC.py', skipping save
No changes detected in 'C:\mr-coding-tutor-unity\data\P17-VC\main_P17-VC.py', skipping save
No changes detected in 'C:\mr-coding-tutor-unity\data\P17-VC\main_P17-VC.py', skipping save
No changes detected in 'C:\mr-coding-tutor-unity\data\P17-VC\main_P17-VC.py', skipping save
No changes detected in 'C:\mr-coding-tutor-unity\data\P17-VC\main_P17-VC.py', skipping save
No changes detected in 'C:\mr-coding-tutor-unity\data\P17-VC\main_P17-VC.py', skipping save
No changes detected in 'C:\mr-coding-tutor-unity\data\P17-VC\main_P17-VC.py', skipping save
No changes detected in 'C:\mr-coding-tutor-unity\data\P17-VC\main_P17-VC.py', skipping save
No changes detected in 'C:\mr-coding-tutor-unity\data\P17-VC\main_P17-VC.py', skipping save
No changes detected in 'C:\mr-coding-tutor-unity\data\P17-VC\main_P17-VC.py', skipping save
No changes detected in 'C:\mr-coding-tutor-unity\data\P17-VC\main_P17-VC.py', skipping save
No changes detected in 'C:\mr-coding-tutor-unity\data\P17-VC\main_P17-VC.py', skipping save
No changes detected in 'C:\mr-coding-tutor-unity\data\P17-VC\main_P17-VC.py', skipping save
No changes detected in 'C:\mr-coding-tutor-unity\data\P17-VC\main_P17-VC.py', skipping save
No changes detected in 'C:\mr-coding-tutor-unity\data\P17-VC\main_P17-VC.py', skipping save
No changes detected in 'C:\mr-coding-tutor-unity\data\P17-VC\main_P17-VC.py', skipping save
No changes detected in 'C:\mr-coding-tutor-unity\data\P17-VC\main_P17-VC.py', skipping save
No changes detected in 'C:\mr-coding-tutor-unity\data\P17-VC\main_P17-VC.py', skipping save
No changes detected in 'C:\mr-coding-tutor-unity\data\P17-VC\main_P17-VC.py', skipping save
No changes detected in 'C:\mr-coding-tutor-unity\data\P17-VC\main_P17-VC.py', skipping save
No changes detected in 'C:\mr-coding-tutor-unity\data\P17-VC\main_P17-VC.py', skipping save
No changes detected in 'C:\mr-coding-tutor-unity\data\P17-VC\main_P17-VC.py', skipping save
No changes detected in 'C:\mr-coding-tutor-unity\data\P17-VC\main_P17-VC.py', skipping save
No changes detected in 'C:\mr-coding-tutor-unity\data\P17-VC\main_P17-VC.py', skipping save
Content changed, saved copy to: C:\mr-coding-tutor-unity\data\P17-VC\period\20250726_125640_main_P17-VC.py
Content changed, saved copy to: C:\mr-coding-tutor-unity\data\P17-VC\period\20250726_125641_main_P17-VC.py
No changes detected in 'C:\mr-coding-tutor-unity\data\P17-VC\main_P17-VC.py', skipping save
No changes detected in 'C:\mr-coding-tutor-unity\data\P17-VC\main_P17-VC.py', skipping save
No changes detected in 'C:\mr-coding-tutor-unity\data\P17-VC\main_P17-VC.py', skipping save
No changes detected in 'C:\mr-coding-tutor-unity\data\P17-VC\main_P17-VC.py', skipping save
No changes detected in 'C:\mr-coding-tutor-unity\data\P17-VC\main_P17-VC.py', skipping save
No changes detected in 'C:\mr-coding-tutor-unity\data\P17-VC\main_P17-VC.py', skipping save
No changes detected in 'C:\mr-coding-tutor-unity\data\P17-VC\main_P17-VC.py', skipping save
No changes detected in 'C:\mr-coding-tutor-unity\data\P17-VC\main_P17-VC.py', skipping save
No changes detected in 'C:\mr-coding-tutor-unity\data\P17-VC\main_P17-VC.py', skipping save
No changes detected in 'C:\mr-coding-tutor-unity\data\P17-VC\main_P17-VC.py', skipping save
No changes detected in 'C:\mr-coding-tutor-unity\data\P17-VC\main_P17-VC.py', skipping save
Content changed, saved copy to: C:\mr-coding-tutor-unity\data\P17-VC\period\20250726_125653_main_P17-VC.py
No changes detected in 'C:\mr-coding-tutor-unity\data\P17-VC\main_P17-VC.py', skipping save
Content changed, saved copy to: C:\mr-coding-tutor-unity\data\P17-VC\period\20250726_125655_main_P17-VC.py
No changes detected in 'C:\mr-coding-tutor-unity\data\P17-VC\main_P17-VC.py', skipping save
No changes detected in 'C:\mr-coding-tutor-unity\data\P17-VC\main_P17-VC.py', skipping save
No changes detected in 'C:\mr-coding-tutor-unity\data\P17-VC\main_P17-VC.py', skipping save
Content changed, saved copy to: C:\mr-coding-tutor-unity\data\P17-VC\period\20250726_125659_main_P17-VC.py
No changes detected in 'C:\mr-coding-tutor-unity\data\P17-VC\main_P17-VC.py', skipping save
Content changed, saved copy to: C:\mr-coding-tutor-unity\data\P17-VC\period\20250726_125701_main_P17-VC.py
No changes detected in 'C:\mr-coding-tutor-unity\data\P17-VC\main_P17-VC.py', skipping save
No changes detected in 'C:\mr-coding-tutor-unity\data\P17-VC\main_P17-VC.py', skipping save
No changes detected in 'C:\mr-coding-tutor-unity\data\P17-VC\main_P17-VC.py', skipping save
No changes detected in 'C:\mr-coding-tutor-unity\data\P17-VC\main_P17-VC.py', skipping save
No changes detected in 'C:\mr-coding-tutor-unity\data\P17-VC\main_P17-VC.py', skipping save
Content changed, saved copy to: C:\mr-coding-tutor-unity\data\P17-VC\period\20250726_125707_main_P17-VC.py
No changes detected in 'C:\mr-coding-tutor-unity\data\P17-VC\main_P17-VC.py', skipping save
Content changed, saved copy to: C:\mr-coding-tutor-unity\data\P17-VC\period\20250726_125709_main_P17-VC.py
No changes detected in 'C:\mr-coding-tutor-unity\data\P17-VC\main_P17-VC.py', skipping save
No changes detected in 'C:\mr-coding-tutor-unity\data\P17-VC\main_P17-VC.py', skipping save
No changes detected in 'C:\mr-coding-tutor-unity\data\P17-VC\main_P17-VC.py', skipping save
No changes detected in 'C:\mr-coding-tutor-unity\data\P17-VC\main_P17-VC.py', skipping save
No changes detected in 'C:\mr-coding-tutor-unity\data\P17-VC\main_P17-VC.py', skipping save
No changes detected in 'C:\mr-coding-tutor-unity\data\P17-VC\main_P17-VC.py', skipping save
No changes detected in 'C:\mr-coding-tutor-unity\data\P17-VC\main_P17-VC.py', skipping save
No changes detected in 'C:\mr-coding-tutor-unity\data\P17-VC\main_P17-VC.py', skipping save
No changes detected in 'C:\mr-coding-tutor-unity\data\P17-VC\main_P17-VC.py', skipping save
No changes detected in 'C:\mr-coding-tutor-unity\data\P17-VC\main_P17-VC.py', skipping save
No changes detected in 'C:\mr-coding-tutor-unity\data\P17-VC\main_P17-VC.py', skipping save
No changes detected in 'C:\mr-coding-tutor-unity\data\P17-VC\main_P17-VC.py', skipping save
No changes detected in 'C:\mr-coding-tutor-unity\data\P17-VC\main_P17-VC.py', skipping save
No changes detected in 'C:\mr-coding-tutor-unity\data\P17-VC\main_P17-VC.py', skipping save
Content changed, saved copy to: C:\mr-coding-tutor-unity\data\P17-VC\period\20250726_125724_main_P17-VC.py
No changes detected in 'C:\mr-coding-tutor-unity\data\P17-VC\main_P17-VC.py', skipping save
No changes detected in 'C:\mr-coding-tutor-unity\data\P17-VC\main_P17-VC.py', skipping save
No changes detected in 'C:\mr-coding-tutor-unity\data\P17-VC\main_P17-VC.py', skipping save
No changes detected in 'C:\mr-coding-tutor-unity\data\P17-VC\main_P17-VC.py', skipping save
Content changed, saved copy to: C:\mr-coding-tutor-unity\data\P17-VC\period\20250726_125729_main_P17-VC.py
Content changed, saved copy to: C:\mr-coding-tutor-unity\data\P17-VC\period\20250726_125730_main_P17-VC.py
No changes detected in 'C:\mr-coding-tutor-unity\data\P17-VC\main_P17-VC.py', skipping save
Content changed, saved copy to: C:\mr-coding-tutor-unity\data\P17-VC\period\20250726_125732_main_P17-VC.py
No changes detected in 'C:\mr-coding-tutor-unity\data\P17-VC\main_P17-VC.py', skipping save
No changes detected in 'C:\mr-coding-tutor-unity\data\P17-VC\main_P17-VC.py', skipping save
No changes detected in 'C:\mr-coding-tutor-unity\data\P17-VC\main_P17-VC.py', skipping save
No changes detected in 'C:\mr-coding-tutor-unity\data\P17-VC\main_P17-VC.py', skipping save
No changes detected in 'C:\mr-coding-tutor-unity\data\P17-VC\main_P17-VC.py', skipping save
No changes detected in 'C:\mr-coding-tutor-unity\data\P17-VC\main_P17-VC.py', skipping save
No changes detected in 'C:\mr-coding-tutor-unity\data\P17-VC\main_P17-VC.py', skipping save
No changes detected in 'C:\mr-coding-tutor-unity\data\P17-VC\main_P17-VC.py', skipping save
No changes detected in 'C:\mr-coding-tutor-unity\data\P17-VC\main_P17-VC.py', skipping save
No changes detected in 'C:\mr-coding-tutor-unity\data\P17-VC\main_P17-VC.py', skipping save
No changes detected in 'C:\mr-coding-tutor-unity\data\P17-VC\main_P17-VC.py', skipping save
No changes detected in 'C:\mr-coding-tutor-unity\data\P17-VC\main_P17-VC.py', skipping save
No changes detected in 'C:\mr-coding-tutor-unity\data\P17-VC\main_P17-VC.py', skipping save
No changes detected in 'C:\mr-coding-tutor-unity\data\P17-VC\main_P17-VC.py', skipping save
No changes detected in 'C:\mr-coding-tutor-unity\data\P17-VC\main_P17-VC.py', skipping save
No changes detected in 'C:\mr-coding-tutor-unity\data\P17-VC\main_P17-VC.py', skipping save
No changes detected in 'C:\mr-coding-tutor-unity\data\P17-VC\main_P17-VC.py', skipping save
No changes detected in 'C:\mr-coding-tutor-unity\data\P17-VC\main_P17-VC.py', skipping save
No changes detected in 'C:\mr-coding-tutor-unity\data\P17-VC\main_P17-VC.py', skipping save
No changes detected in 'C:\mr-coding-tutor-unity\data\P17-VC\main_P17-VC.py', skipping save
No changes detected in 'C:\mr-coding-tutor-unity\data\P17-VC\main_P17-VC.py', skipping save
No changes detected in 'C:\mr-coding-tutor-unity\data\P17-VC\main_P17-VC.py', skipping save
No changes detected in 'C:\mr-coding-tutor-unity\data\P17-VC\main_P17-VC.py', skipping save
No changes detected in 'C:\mr-coding-tutor-unity\data\P17-VC\main_P17-VC.py', skipping save
No changes detected in 'C:\mr-coding-tutor-unity\data\P17-VC\main_P17-VC.py', skipping save
No changes detected in 'C:\mr-coding-tutor-unity\data\P17-VC\main_P17-VC.py', skipping save
No changes detected in 'C:\mr-coding-tutor-unity\data\P17-VC\main_P17-VC.py', skipping save
No changes detected in 'C:\mr-coding-tutor-unity\data\P17-VC\main_P17-VC.py', skipping save
No changes detected in 'C:\mr-coding-tutor-unity\data\P17-VC\main_P17-VC.py', skipping save
No changes detected in 'C:\mr-coding-tutor-unity\data\P17-VC\main_P17-VC.py', skipping save
No changes detected in 'C:\mr-coding-tutor-unity\data\P17-VC\main_P17-VC.py', skipping save
No changes detected in 'C:\mr-coding-tutor-unity\data\P17-VC\main_P17-VC.py', skipping save
No changes detected in 'C:\mr-coding-tutor-unity\data\P17-VC\main_P17-VC.py', skipping save
No changes detected in 'C:\mr-coding-tutor-unity\data\P17-VC\main_P17-VC.py', skipping save
No changes detected in 'C:\mr-coding-tutor-unity\data\P17-VC\main_P17-VC.py', skipping save
No changes detected in 'C:\mr-coding-tutor-unity\data\P17-VC\main_P17-VC.py', skipping save
No changes detected in 'C:\mr-coding-tutor-unity\data\P17-VC\main_P17-VC.py', skipping save
No changes detected in 'C:\mr-coding-tutor-unity\data\P17-VC\main_P17-VC.py', skipping save
No changes detected in 'C:\mr-coding-tutor-unity\data\P17-VC\main_P17-VC.py', skipping save
No changes detected in 'C:\mr-coding-tutor-unity\data\P17-VC\main_P17-VC.py', skipping save
No changes detected in 'C:\mr-coding-tutor-unity\data\P17-VC\main_P17-VC.py', skipping save
No changes detected in 'C:\mr-coding-tutor-unity\data\P17-VC\main_P17-VC.py', skipping save
No changes detected in 'C:\mr-coding-tutor-unity\data\P17-VC\main_P17-VC.py', skipping save
No changes detected in 'C:\mr-coding-tutor-unity\data\P17-VC\main_P17-VC.py', skipping save
No changes detected in 'C:\mr-coding-tutor-unity\data\P17-VC\main_P17-VC.py', skipping save
No changes detected in 'C:\mr-coding-tutor-unity\data\P17-VC\main_P17-VC.py', skipping save
No changes detected in 'C:\mr-coding-tutor-unity\data\P17-VC\main_P17-VC.py', skipping save
No changes detected in 'C:\mr-coding-tutor-unity\data\P17-VC\main_P17-VC.py', skipping save
No changes detected in 'C:\mr-coding-tutor-unity\data\P17-VC\main_P17-VC.py', skipping save
No changes detected in 'C:\mr-coding-tutor-unity\data\P17-VC\main_P17-VC.py', skipping save
No changes detected in 'C:\mr-coding-tutor-unity\data\P17-VC\main_P17-VC.py', skipping save
No changes detected in 'C:\mr-coding-tutor-unity\data\P17-VC\main_P17-VC.py', skipping save
No changes detected in 'C:\mr-coding-tutor-unity\data\P17-VC\main_P17-VC.py', skipping save
No changes detected in 'C:\mr-coding-tutor-unity\data\P17-VC\main_P17-VC.py', skipping save
No changes detected in 'C:\mr-coding-tutor-unity\data\P17-VC\main_P17-VC.py', skipping save
No changes detected in 'C:\mr-coding-tutor-unity\data\P17-VC\main_P17-VC.py', skipping save
No changes detected in 'C:\mr-coding-tutor-unity\data\P17-VC\main_P17-VC.py', skipping save
No changes detected in 'C:\mr-coding-tutor-unity\data\P17-VC\main_P17-VC.py', skipping save
No changes detected in 'C:\mr-coding-tutor-unity\data\P17-VC\main_P17-VC.py', skipping save
No changes detected in 'C:\mr-coding-tutor-unity\data\P17-VC\main_P17-VC.py', skipping save
No changes detected in 'C:\mr-coding-tutor-unity\data\P17-VC\main_P17-VC.py', skipping save
No changes detected in 'C:\mr-coding-tutor-unity\data\P17-VC\main_P17-VC.py', skipping save
No changes detected in 'C:\mr-coding-tutor-unity\data\P17-VC\main_P17-VC.py', skipping save
No changes detected in 'C:\mr-coding-tutor-unity\data\P17-VC\main_P17-VC.py', skipping save
No changes detected in 'C:\mr-coding-tutor-unity\data\P17-VC\main_P17-VC.py', skipping save
No changes detected in 'C:\mr-coding-tutor-unity\data\P17-VC\main_P17-VC.py', skipping save
No changes detected in 'C:\mr-coding-tutor-unity\data\P17-VC\main_P17-VC.py', skipping save
No changes detected in 'C:\mr-coding-tutor-unity\data\P17-VC\main_P17-VC.py', skipping save
Content changed, saved copy to: C:\mr-coding-tutor-unity\data\P17-VC\period\20250726_125842_main_P17-VC.py
Content changed, saved copy to: C:\mr-coding-tutor-unity\data\P17-VC\period\20250726_125843_main_P17-VC.py
No changes detected in 'C:\mr-coding-tutor-unity\data\P17-VC\main_P17-VC.py', skipping save
No changes detected in 'C:\mr-coding-tutor-unity\data\P17-VC\main_P17-VC.py', skipping save
No changes detected in 'C:\mr-coding-tutor-unity\data\P17-VC\main_P17-VC.py', skipping save
No changes detected in 'C:\mr-coding-tutor-unity\data\P17-VC\main_P17-VC.py', skipping save
No changes detected in 'C:\mr-coding-tutor-unity\data\P17-VC\main_P17-VC.py', skipping save
No changes detected in 'C:\mr-coding-tutor-unity\data\P17-VC\main_P17-VC.py', skipping save
No changes detected in 'C:\mr-coding-tutor-unity\data\P17-VC\main_P17-VC.py', skipping save
No changes detected in 'C:\mr-coding-tutor-unity\data\P17-VC\main_P17-VC.py', skipping save
No changes detected in 'C:\mr-coding-tutor-unity\data\P17-VC\main_P17-VC.py', skipping save
Content changed, saved copy to: C:\mr-coding-tutor-unity\data\P17-VC\period\20250726_125853_main_P17-VC.py
No changes detected in 'C:\mr-coding-tutor-unity\data\P17-VC\main_P17-VC.py', skipping save
Content changed, saved copy to: C:\mr-coding-tutor-unity\data\P17-VC\period\20250726_125855_main_P17-VC.py
No changes detected in 'C:\mr-coding-tutor-unity\data\P17-VC\main_P17-VC.py', skipping save
Content changed, saved copy to: C:\mr-coding-tutor-unity\data\P17-VC\period\20250726_125857_main_P17-VC.py
No changes detected in 'C:\mr-coding-tutor-unity\data\P17-VC\main_P17-VC.py', skipping save
No changes detected in 'C:\mr-coding-tutor-unity\data\P17-VC\main_P17-VC.py', skipping save
No changes detected in 'C:\mr-coding-tutor-unity\data\P17-VC\main_P17-VC.py', skipping save
No changes detected in 'C:\mr-coding-tutor-unity\data\P17-VC\main_P17-VC.py', skipping save
No changes detected in 'C:\mr-coding-tutor-unity\data\P17-VC\main_P17-VC.py', skipping save
No changes detected in 'C:\mr-coding-tutor-unity\data\P17-VC\main_P17-VC.py', skipping save
No changes detected in 'C:\mr-coding-tutor-unity\data\P17-VC\main_P17-VC.py', skipping save
No changes detected in 'C:\mr-coding-tutor-unity\data\P17-VC\main_P17-VC.py', skipping save
Content changed, saved copy to: C:\mr-coding-tutor-unity\data\P17-VC\period\20250726_125906_main_P17-VC.py
No changes detected in 'C:\mr-coding-tutor-unity\data\P17-VC\main_P17-VC.py', skipping save
Content changed, saved copy to: C:\mr-coding-tutor-unity\data\P17-VC\period\20250726_125908_main_P17-VC.py
No changes detected in 'C:\mr-coding-tutor-unity\data\P17-VC\main_P17-VC.py', skipping save
No changes detected in 'C:\mr-coding-tutor-unity\data\P17-VC\main_P17-VC.py', skipping save
Content changed, saved copy to: C:\mr-coding-tutor-unity\data\P17-VC\period\20250726_125911_main_P17-VC.py
No changes detected in 'C:\mr-coding-tutor-unity\data\P17-VC\main_P17-VC.py', skipping save
No changes detected in 'C:\mr-coding-tutor-unity\data\P17-VC\main_P17-VC.py', skipping save
No changes detected in 'C:\mr-coding-tutor-unity\data\P17-VC\main_P17-VC.py', skipping save
No changes detected in 'C:\mr-coding-tutor-unity\data\P17-VC\main_P17-VC.py', skipping save
Content changed, saved copy to: C:\mr-coding-tutor-unity\data\P17-VC\period\20250726_125916_main_P17-VC.py
No changes detected in 'C:\mr-coding-tutor-unity\data\P17-VC\main_P17-VC.py', skipping save
No changes detected in 'C:\mr-coding-tutor-unity\data\P17-VC\main_P17-VC.py', skipping save
No changes detected in 'C:\mr-coding-tutor-unity\data\P17-VC\main_P17-VC.py', skipping save
No changes detected in 'C:\mr-coding-tutor-unity\data\P17-VC\main_P17-VC.py', skipping save
Content changed, saved copy to: C:\mr-coding-tutor-unity\data\P17-VC\period\20250726_125921_main_P17-VC.py
No changes detected in 'C:\mr-coding-tutor-unity\data\P17-VC\main_P17-VC.py', skipping save
No changes detected in 'C:\mr-coding-tutor-unity\data\P17-VC\main_P17-VC.py', skipping save
No changes detected in 'C:\mr-coding-tutor-unity\data\P17-VC\main_P17-VC.py', skipping save
Content changed, saved copy to: C:\mr-coding-tutor-unity\data\P17-VC\period\20250726_125925_main_P17-VC.py
No changes detected in 'C:\mr-coding-tutor-unity\data\P17-VC\main_P17-VC.py', skipping save
No changes detected in 'C:\mr-coding-tutor-unity\data\P17-VC\main_P17-VC.py', skipping save
No changes detected in 'C:\mr-coding-tutor-unity\data\P17-VC\main_P17-VC.py', skipping save
Content changed, saved copy to: C:\mr-coding-tutor-unity\data\P17-VC\period\20250726_125929_main_P17-VC.py
No changes detected in 'C:\mr-coding-tutor-unity\data\P17-VC\main_P17-VC.py', skipping save
No changes detected in 'C:\mr-coding-tutor-unity\data\P17-VC\main_P17-VC.py', skipping save
No changes detected in 'C:\mr-coding-tutor-unity\data\P17-VC\main_P17-VC.py', skipping save
No changes detected in 'C:\mr-coding-tutor-unity\data\P17-VC\main_P17-VC.py', skipping save
No changes detected in 'C:\mr-coding-tutor-unity\data\P17-VC\main_P17-VC.py', skipping save
No changes detected in 'C:\mr-coding-tutor-unity\data\P17-VC\main_P17-VC.py', skipping save
No changes detected in 'C:\mr-coding-tutor-unity\data\P17-VC\main_P17-VC.py', skipping save
No changes detected in 'C:\mr-coding-tutor-unity\data\P17-VC\main_P17-VC.py', skipping save
No changes detected in 'C:\mr-coding-tutor-unity\data\P17-VC\main_P17-VC.py', skipping save
No changes detected in 'C:\mr-coding-tutor-unity\data\P17-VC\main_P17-VC.py', skipping save
No changes detected in 'C:\mr-coding-tutor-unity\data\P17-VC\main_P17-VC.py', skipping save
No changes detected in 'C:\mr-coding-tutor-unity\data\P17-VC\main_P17-VC.py', skipping save
No changes detected in 'C:\mr-coding-tutor-unity\data\P17-VC\main_P17-VC.py', skipping save
No changes detected in 'C:\mr-coding-tutor-unity\data\P17-VC\main_P17-VC.py', skipping save
No changes detected in 'C:\mr-coding-tutor-unity\data\P17-VC\main_P17-VC.py', skipping save
No changes detected in 'C:\mr-coding-tutor-unity\data\P17-VC\main_P17-VC.py', skipping save
Content changed, saved copy to: C:\mr-coding-tutor-unity\data\P17-VC\period\20250726_125946_main_P17-VC.py
No changes detected in 'C:\mr-coding-tutor-unity\data\P17-VC\main_P17-VC.py', skipping save
No changes detected in 'C:\mr-coding-tutor-unity\data\P17-VC\main_P17-VC.py', skipping save
No changes detected in 'C:\mr-coding-tutor-unity\data\P17-VC\main_P17-VC.py', skipping save
Content changed, saved copy to: C:\mr-coding-tutor-unity\data\P17-VC\period\20250726_125950_main_P17-VC.py
No changes detected in 'C:\mr-coding-tutor-unity\data\P17-VC\main_P17-VC.py', skipping save
No changes detected in 'C:\mr-coding-tutor-unity\data\P17-VC\main_P17-VC.py', skipping save
No changes detected in 'C:\mr-coding-tutor-unity\data\P17-VC\main_P17-VC.py', skipping save
No changes detected in 'C:\mr-coding-tutor-unity\data\P17-VC\main_P17-VC.py', skipping save
No changes detected in 'C:\mr-coding-tutor-unity\data\P17-VC\main_P17-VC.py', skipping save
No changes detected in 'C:\mr-coding-tutor-unity\data\P17-VC\main_P17-VC.py', skipping save
No changes detected in 'C:\mr-coding-tutor-unity\data\P17-VC\main_P17-VC.py', skipping save
No changes detected in 'C:\mr-coding-tutor-unity\data\P17-VC\main_P17-VC.py', skipping save
No changes detected in 'C:\mr-coding-tutor-unity\data\P17-VC\main_P17-VC.py', skipping save
No changes detected in 'C:\mr-coding-tutor-unity\data\P17-VC\main_P17-VC.py', skipping save
No changes detected in 'C:\mr-coding-tutor-unity\data\P17-VC\main_P17-VC.py', skipping save
No changes detected in 'C:\mr-coding-tutor-unity\data\P17-VC\main_P17-VC.py', skipping save
No changes detected in 'C:\mr-coding-tutor-unity\data\P17-VC\main_P17-VC.py', skipping save
No changes detected in 'C:\mr-coding-tutor-unity\data\P17-VC\main_P17-VC.py', skipping save
No changes detected in 'C:\mr-coding-tutor-unity\data\P17-VC\main_P17-VC.py', skipping save
Content changed, saved copy to: C:\mr-coding-tutor-unity\data\P17-VC\period\20250726_130006_main_P17-VC.py
No changes detected in 'C:\mr-coding-tutor-unity\data\P17-VC\main_P17-VC.py', skipping save
Content changed, saved copy to: C:\mr-coding-tutor-unity\data\P17-VC\period\20250726_130008_main_P17-VC.py
No changes detected in 'C:\mr-coding-tutor-unity\data\P17-VC\main_P17-VC.py', skipping save
No changes detected in 'C:\mr-coding-tutor-unity\data\P17-VC\main_P17-VC.py', skipping save
No changes detected in 'C:\mr-coding-tutor-unity\data\P17-VC\main_P17-VC.py', skipping save
No changes detected in 'C:\mr-coding-tutor-unity\data\P17-VC\main_P17-VC.py', skipping save
No changes detected in 'C:\mr-coding-tutor-unity\data\P17-VC\main_P17-VC.py', skipping save
No changes detected in 'C:\mr-coding-tutor-unity\data\P17-VC\main_P17-VC.py', skipping save
No changes detected in 'C:\mr-coding-tutor-unity\data\P17-VC\main_P17-VC.py', skipping save
No changes detected in 'C:\mr-coding-tutor-unity\data\P17-VC\main_P17-VC.py', skipping save
Content changed, saved copy to: C:\mr-coding-tutor-unity\data\P17-VC\period\20250726_130017_main_P17-VC.py
Content changed, saved copy to: C:\mr-coding-tutor-unity\data\P17-VC\period\20250726_130018_main_P17-VC.py
No changes detected in 'C:\mr-coding-tutor-unity\data\P17-VC\main_P17-VC.py', skipping save
No changes detected in 'C:\mr-coding-tutor-unity\data\P17-VC\main_P17-VC.py', skipping save
No changes detected in 'C:\mr-coding-tutor-unity\data\P17-VC\main_P17-VC.py', skipping save
Content changed, saved copy to: C:\mr-coding-tutor-unity\data\P17-VC\period\20250726_130022_main_P17-VC.py
No changes detected in 'C:\mr-coding-tutor-unity\data\P17-VC\main_P17-VC.py', skipping save
No changes detected in 'C:\mr-coding-tutor-unity\data\P17-VC\main_P17-VC.py', skipping save
No changes detected in 'C:\mr-coding-tutor-unity\data\P17-VC\main_P17-VC.py', skipping save
Content changed, saved copy to: C:\mr-coding-tutor-unity\data\P17-VC\period\20250726_130026_main_P17-VC.py
No changes detected in 'C:\mr-coding-tutor-unity\data\P17-VC\main_P17-VC.py', skipping save
No changes detected in 'C:\mr-coding-tutor-unity\data\P17-VC\main_P17-VC.py', skipping save
No changes detected in 'C:\mr-coding-tutor-unity\data\P17-VC\main_P17-VC.py', skipping save
No changes detected in 'C:\mr-coding-tutor-unity\data\P17-VC\main_P17-VC.py', skipping save
No changes detected in 'C:\mr-coding-tutor-unity\data\P17-VC\main_P17-VC.py', skipping save
Content changed, saved copy to: C:\mr-coding-tutor-unity\data\P17-VC\period\20250726_130032_main_P17-VC.py
No changes detected in 'C:\mr-coding-tutor-unity\data\P17-VC\main_P17-VC.py', skipping save
No changes detected in 'C:\mr-coding-tutor-unity\data\P17-VC\main_P17-VC.py', skipping save
Content changed, saved copy to: C:\mr-coding-tutor-unity\data\P17-VC\period\20250726_130035_main_P17-VC.py
No changes detected in 'C:\mr-coding-tutor-unity\data\P17-VC\main_P17-VC.py', skipping save
No changes detected in 'C:\mr-coding-tutor-unity\data\P17-VC\main_P17-VC.py', skipping save
No changes detected in 'C:\mr-coding-tutor-unity\data\P17-VC\main_P17-VC.py', skipping save
No changes detected in 'C:\mr-coding-tutor-unity\data\P17-VC\main_P17-VC.py', skipping save
No changes detected in 'C:\mr-coding-tutor-unity\data\P17-VC\main_P17-VC.py', skipping save
No changes detected in 'C:\mr-coding-tutor-unity\data\P17-VC\main_P17-VC.py', skipping save
Content changed, saved copy to: C:\mr-coding-tutor-unity\data\P17-VC\period\20250726_130042_main_P17-VC.py
No changes detected in 'C:\mr-coding-tutor-unity\data\P17-VC\main_P17-VC.py', skipping save
No changes detected in 'C:\mr-coding-tutor-unity\data\P17-VC\main_P17-VC.py', skipping save
No changes detected in 'C:\mr-coding-tutor-unity\data\P17-VC\main_P17-VC.py', skipping save
No changes detected in 'C:\mr-coding-tutor-unity\data\P17-VC\main_P17-VC.py', skipping save
No changes detected in 'C:\mr-coding-tutor-unity\data\P17-VC\main_P17-VC.py', skipping save
No changes detected in 'C:\mr-coding-tutor-unity\data\P17-VC\main_P17-VC.py', skipping save
No changes detected in 'C:\mr-coding-tutor-unity\data\P17-VC\main_P17-VC.py', skipping save
No changes detected in 'C:\mr-coding-tutor-unity\data\P17-VC\main_P17-VC.py', skipping save
No changes detected in 'C:\mr-coding-tutor-unity\data\P17-VC\main_P17-VC.py', skipping save
No changes detected in 'C:\mr-coding-tutor-unity\data\P17-VC\main_P17-VC.py', skipping save
No changes detected in 'C:\mr-coding-tutor-unity\data\P17-VC\main_P17-VC.py', skipping save
No changes detected in 'C:\mr-coding-tutor-unity\data\P17-VC\main_P17-VC.py', skipping save
No changes detected in 'C:\mr-coding-tutor-unity\data\P17-VC\main_P17-VC.py', skipping save
No changes detected in 'C:\mr-coding-tutor-unity\data\P17-VC\main_P17-VC.py', skipping save
No changes detected in 'C:\mr-coding-tutor-unity\data\P17-VC\main_P17-VC.py', skipping save
No changes detected in 'C:\mr-coding-tutor-unity\data\P17-VC\main_P17-VC.py', skipping save
No changes detected in 'C:\mr-coding-tutor-unity\data\P17-VC\main_P17-VC.py', skipping save
No changes detected in 'C:\mr-coding-tutor-unity\data\P17-VC\main_P17-VC.py', skipping save
No changes detected in 'C:\mr-coding-tutor-unity\data\P17-VC\main_P17-VC.py', skipping save
No changes detected in 'C:\mr-coding-tutor-unity\data\P17-VC\main_P17-VC.py', skipping save
No changes detected in 'C:\mr-coding-tutor-unity\data\P17-VC\main_P17-VC.py', skipping save
Content changed, saved copy to: C:\mr-coding-tutor-unity\data\P17-VC\period\20250726_130104_main_P17-VC.py
No changes detected in 'C:\mr-coding-tutor-unity\data\P17-VC\main_P17-VC.py', skipping save
No changes detected in 'C:\mr-coding-tutor-unity\data\P17-VC\main_P17-VC.py', skipping save
No changes detected in 'C:\mr-coding-tutor-unity\data\P17-VC\main_P17-VC.py', skipping save
No changes detected in 'C:\mr-coding-tutor-unity\data\P17-VC\main_P17-VC.py', skipping save
No changes detected in 'C:\mr-coding-tutor-unity\data\P17-VC\main_P17-VC.py', skipping save
No changes detected in 'C:\mr-coding-tutor-unity\data\P17-VC\main_P17-VC.py', skipping save
No changes detected in 'C:\mr-coding-tutor-unity\data\P17-VC\main_P17-VC.py', skipping save
Content changed, saved copy to: C:\mr-coding-tutor-unity\data\P17-VC\period\20250726_130112_main_P17-VC.py
No changes detected in 'C:\mr-coding-tutor-unity\data\P17-VC\main_P17-VC.py', skipping save
No changes detected in 'C:\mr-coding-tutor-unity\data\P17-VC\main_P17-VC.py', skipping save
Content changed, saved copy to: C:\mr-coding-tutor-unity\data\P17-VC\period\20250726_130115_main_P17-VC.py
No changes detected in 'C:\mr-coding-tutor-unity\data\P17-VC\main_P17-VC.py', skipping save
No changes detected in 'C:\mr-coding-tutor-unity\data\P17-VC\main_P17-VC.py', skipping save
Content changed, saved copy to: C:\mr-coding-tutor-unity\data\P17-VC\period\20250726_130118_main_P17-VC.py
No changes detected in 'C:\mr-coding-tutor-unity\data\P17-VC\main_P17-VC.py', skipping save
No changes detected in 'C:\mr-coding-tutor-unity\data\P17-VC\main_P17-VC.py', skipping save
No changes detected in 'C:\mr-coding-tutor-unity\data\P17-VC\main_P17-VC.py', skipping save
Content changed, saved copy to: C:\mr-coding-tutor-unity\data\P17-VC\period\20250726_130122_main_P17-VC.py
No changes detected in 'C:\mr-coding-tutor-unity\data\P17-VC\main_P17-VC.py', skipping save
No changes detected in 'C:\mr-coding-tutor-unity\data\P17-VC\main_P17-VC.py', skipping save
No changes detected in 'C:\mr-coding-tutor-unity\data\P17-VC\main_P17-VC.py', skipping save
No changes detected in 'C:\mr-coding-tutor-unity\data\P17-VC\main_P17-VC.py', skipping save
No changes detected in 'C:\mr-coding-tutor-unity\data\P17-VC\main_P17-VC.py', skipping save
Content changed, saved copy to: C:\mr-coding-tutor-unity\data\P17-VC\period\20250726_130128_main_P17-VC.py
No changes detected in 'C:\mr-coding-tutor-unity\data\P17-VC\main_P17-VC.py', skipping save
No changes detected in 'C:\mr-coding-tutor-unity\data\P17-VC\main_P17-VC.py', skipping save
No changes detected in 'C:\mr-coding-tutor-unity\data\P17-VC\main_P17-VC.py', skipping save
Content changed, saved copy to: C:\mr-coding-tutor-unity\data\P17-VC\period\20250726_130132_main_P17-VC.py
No changes detected in 'C:\mr-coding-tutor-unity\data\P17-VC\main_P17-VC.py', skipping save
No changes detected in 'C:\mr-coding-tutor-unity\data\P17-VC\main_P17-VC.py', skipping save
No changes detected in 'C:\mr-coding-tutor-unity\data\P17-VC\main_P17-VC.py', skipping save
No changes detected in 'C:\mr-coding-tutor-unity\data\P17-VC\main_P17-VC.py', skipping save
No changes detected in 'C:\mr-coding-tutor-unity\data\P17-VC\main_P17-VC.py', skipping save
No changes detected in 'C:\mr-coding-tutor-unity\data\P17-VC\main_P17-VC.py', skipping save
No changes detected in 'C:\mr-coding-tutor-unity\data\P17-VC\main_P17-VC.py', skipping save
No changes detected in 'C:\mr-coding-tutor-unity\data\P17-VC\main_P17-VC.py', skipping save
No changes detected in 'C:\mr-coding-tutor-unity\data\P17-VC\main_P17-VC.py', skipping save
No changes detected in 'C:\mr-coding-tutor-unity\data\P17-VC\main_P17-VC.py', skipping save
No changes detected in 'C:\mr-coding-tutor-unity\data\P17-VC\main_P17-VC.py', skipping save
No changes detected in 'C:\mr-coding-tutor-unity\data\P17-VC\main_P17-VC.py', skipping save
No changes detected in 'C:\mr-coding-tutor-unity\data\P17-VC\main_P17-VC.py', skipping save
No changes detected in 'C:\mr-coding-tutor-unity\data\P17-VC\main_P17-VC.py', skipping save
No changes detected in 'C:\mr-coding-tutor-unity\data\P17-VC\main_P17-VC.py', skipping save
No changes detected in 'C:\mr-coding-tutor-unity\data\P17-VC\main_P17-VC.py', skipping save
No changes detected in 'C:\mr-coding-tutor-unity\data\P17-VC\main_P17-VC.py', skipping save
No changes detected in 'C:\mr-coding-tutor-unity\data\P17-VC\main_P17-VC.py', skipping save
No changes detected in 'C:\mr-coding-tutor-unity\data\P17-VC\main_P17-VC.py', skipping save
No changes detected in 'C:\mr-coding-tutor-unity\data\P17-VC\main_P17-VC.py', skipping save
No changes detected in 'C:\mr-coding-tutor-unity\data\P17-VC\main_P17-VC.py', skipping save
No changes detected in 'C:\mr-coding-tutor-unity\data\P17-VC\main_P17-VC.py', skipping save
No changes detected in 'C:\mr-coding-tutor-unity\data\P17-VC\main_P17-VC.py', skipping save
No changes detected in 'C:\mr-coding-tutor-unity\data\P17-VC\main_P17-VC.py', skipping save
No changes detected in 'C:\mr-coding-tutor-unity\data\P17-VC\main_P17-VC.py', skipping save
No changes detected in 'C:\mr-coding-tutor-unity\data\P17-VC\main_P17-VC.py', skipping save
No changes detected in 'C:\mr-coding-tutor-unity\data\P17-VC\main_P17-VC.py', skipping save
No changes detected in 'C:\mr-coding-tutor-unity\data\P17-VC\main_P17-VC.py', skipping save
No changes detected in 'C:\mr-coding-tutor-unity\data\P17-VC\main_P17-VC.py', skipping save
No changes detected in 'C:\mr-coding-tutor-unity\data\P17-VC\main_P17-VC.py', skipping save
No changes detected in 'C:\mr-coding-tutor-unity\data\P17-VC\main_P17-VC.py', skipping save
No changes detected in 'C:\mr-coding-tutor-unity\data\P17-VC\main_P17-VC.py', skipping save
No changes detected in 'C:\mr-coding-tutor-unity\data\P17-VC\main_P17-VC.py', skipping save
No changes detected in 'C:\mr-coding-tutor-unity\data\P17-VC\main_P17-VC.py', skipping save
No changes detected in 'C:\mr-coding-tutor-unity\data\P17-VC\main_P17-VC.py', skipping save
No changes detected in 'C:\mr-coding-tutor-unity\data\P17-VC\main_P17-VC.py', skipping save
No changes detected in 'C:\mr-coding-tutor-unity\data\P17-VC\main_P17-VC.py', skipping save
No changes detected in 'C:\mr-coding-tutor-unity\data\P17-VC\main_P17-VC.py', skipping save
No changes detected in 'C:\mr-coding-tutor-unity\data\P17-VC\main_P17-VC.py', skipping save
No changes detected in 'C:\mr-coding-tutor-unity\data\P17-VC\main_P17-VC.py', skipping save
No changes detected in 'C:\mr-coding-tutor-unity\data\P17-VC\main_P17-VC.py', skipping save
No changes detected in 'C:\mr-coding-tutor-unity\data\P17-VC\main_P17-VC.py', skipping save
No changes detected in 'C:\mr-coding-tutor-unity\data\P17-VC\main_P17-VC.py', skipping save
No changes detected in 'C:\mr-coding-tutor-unity\data\P17-VC\main_P17-VC.py', skipping save
No changes detected in 'C:\mr-coding-tutor-unity\data\P17-VC\main_P17-VC.py', skipping save
No changes detected in 'C:\mr-coding-tutor-unity\data\P17-VC\main_P17-VC.py', skipping save
No changes detected in 'C:\mr-coding-tutor-unity\data\P17-VC\main_P17-VC.py', skipping save
No changes detected in 'C:\mr-coding-tutor-unity\data\P17-VC\main_P17-VC.py', skipping save
No changes detected in 'C:\mr-coding-tutor-unity\data\P17-VC\main_P17-VC.py', skipping save
No changes detected in 'C:\mr-coding-tutor-unity\data\P17-VC\main_P17-VC.py', skipping save
No changes detected in 'C:\mr-coding-tutor-unity\data\P17-VC\main_P17-VC.py', skipping save
No changes detected in 'C:\mr-coding-tutor-unity\data\P17-VC\main_P17-VC.py', skipping save
No changes detected in 'C:\mr-coding-tutor-unity\data\P17-VC\main_P17-VC.py', skipping save
No changes detected in 'C:\mr-coding-tutor-unity\data\P17-VC\main_P17-VC.py', skipping save
No changes detected in 'C:\mr-coding-tutor-unity\data\P17-VC\main_P17-VC.py', skipping save
No changes detected in 'C:\mr-coding-tutor-unity\data\P17-VC\main_P17-VC.py', skipping save
No changes detected in 'C:\mr-coding-tutor-unity\data\P17-VC\main_P17-VC.py', skipping save
No changes detected in 'C:\mr-coding-tutor-unity\data\P17-VC\main_P17-VC.py', skipping save
No changes detected in 'C:\mr-coding-tutor-unity\data\P17-VC\main_P17-VC.py', skipping save
No changes detected in 'C:\mr-coding-tutor-unity\data\P17-VC\main_P17-VC.py', skipping save
No changes detected in 'C:\mr-coding-tutor-unity\data\P17-VC\main_P17-VC.py', skipping save
No changes detected in 'C:\mr-coding-tutor-unity\data\P17-VC\main_P17-VC.py', skipping save
No changes detected in 'C:\mr-coding-tutor-unity\data\P17-VC\main_P17-VC.py', skipping save
No changes detected in 'C:\mr-coding-tutor-unity\data\P17-VC\main_P17-VC.py', skipping save
No changes detected in 'C:\mr-coding-tutor-unity\data\P17-VC\main_P17-VC.py', skipping save
Content changed, saved copy to: C:\mr-coding-tutor-unity\data\P17-VC\period\20250726_130238_main_P17-VC.py
No changes detected in 'C:\mr-coding-tutor-unity\data\P17-VC\main_P17-VC.py', skipping save
Content changed, saved copy to: C:\mr-coding-tutor-unity\data\P17-VC\period\20250726_130240_main_P17-VC.py
Content changed, saved copy to: C:\mr-coding-tutor-unity\data\P17-VC\period\20250726_130241_main_P17-VC.py
No changes detected in 'C:\mr-coding-tutor-unity\data\P17-VC\main_P17-VC.py', skipping save
No changes detected in 'C:\mr-coding-tutor-unity\data\P17-VC\main_P17-VC.py', skipping save
Content changed, saved copy to: C:\mr-coding-tutor-unity\data\P17-VC\period\20250726_130244_main_P17-VC.py
Content changed, saved copy to: C:\mr-coding-tutor-unity\data\P17-VC\period\20250726_130245_main_P17-VC.py
No changes detected in 'C:\mr-coding-tutor-unity\data\P17-VC\main_P17-VC.py', skipping save
No changes detected in 'C:\mr-coding-tutor-unity\data\P17-VC\main_P17-VC.py', skipping save
No changes detected in 'C:\mr-coding-tutor-unity\data\P17-VC\main_P17-VC.py', skipping save
No changes detected in 'C:\mr-coding-tutor-unity\data\P17-VC\main_P17-VC.py', skipping save
No changes detected in 'C:\mr-coding-tutor-unity\data\P17-VC\main_P17-VC.py', skipping save
No changes detected in 'C:\mr-coding-tutor-unity\data\P17-VC\main_P17-VC.py', skipping save
Content changed, saved copy to: C:\mr-coding-tutor-unity\data\P17-VC\period\20250726_130252_main_P17-VC.py
No changes detected in 'C:\mr-coding-tutor-unity\data\P17-VC\main_P17-VC.py', skipping save
No changes detected in 'C:\mr-coding-tutor-unity\data\P17-VC\main_P17-VC.py', skipping save
No changes detected in 'C:\mr-coding-tutor-unity\data\P17-VC\main_P17-VC.py', skipping save
No changes detected in 'C:\mr-coding-tutor-unity\data\P17-VC\main_P17-VC.py', skipping save
No changes detected in 'C:\mr-coding-tutor-unity\data\P17-VC\main_P17-VC.py', skipping save
No changes detected in 'C:\mr-coding-tutor-unity\data\P17-VC\main_P17-VC.py', skipping save
No changes detected in 'C:\mr-coding-tutor-unity\data\P17-VC\main_P17-VC.py', skipping save
No changes detected in 'C:\mr-coding-tutor-unity\data\P17-VC\main_P17-VC.py', skipping save
No changes detected in 'C:\mr-coding-tutor-unity\data\P17-VC\main_P17-VC.py', skipping save
No changes detected in 'C:\mr-coding-tutor-unity\data\P17-VC\main_P17-VC.py', skipping save
No changes detected in 'C:\mr-coding-tutor-unity\data\P17-VC\main_P17-VC.py', skipping save
No changes detected in 'C:\mr-coding-tutor-unity\data\P17-VC\main_P17-VC.py', skipping save
No changes detected in 'C:\mr-coding-tutor-unity\data\P17-VC\main_P17-VC.py', skipping save
No changes detected in 'C:\mr-coding-tutor-unity\data\P17-VC\main_P17-VC.py', skipping save
No changes detected in 'C:\mr-coding-tutor-unity\data\P17-VC\main_P17-VC.py', skipping save
No changes detected in 'C:\mr-coding-tutor-unity\data\P17-VC\main_P17-VC.py', skipping save
No changes detected in 'C:\mr-coding-tutor-unity\data\P17-VC\main_P17-VC.py', skipping save
No changes detected in 'C:\mr-coding-tutor-unity\data\P17-VC\main_P17-VC.py', skipping save
No changes detected in 'C:\mr-coding-tutor-unity\data\P17-VC\main_P17-VC.py', skipping save
No changes detected in 'C:\mr-coding-tutor-unity\data\P17-VC\main_P17-VC.py', skipping save
No changes detected in 'C:\mr-coding-tutor-unity\data\P17-VC\main_P17-VC.py', skipping save
No changes detected in 'C:\mr-coding-tutor-unity\data\P17-VC\main_P17-VC.py', skipping save
No changes detected in 'C:\mr-coding-tutor-unity\data\P17-VC\main_P17-VC.py', skipping save
No changes detected in 'C:\mr-coding-tutor-unity\data\P17-VC\main_P17-VC.py', skipping save
No changes detected in 'C:\mr-coding-tutor-unity\data\P17-VC\main_P17-VC.py', skipping save
No changes detected in 'C:\mr-coding-tutor-unity\data\P17-VC\main_P17-VC.py', skipping save
No changes detected in 'C:\mr-coding-tutor-unity\data\P17-VC\main_P17-VC.py', skipping save
No changes detected in 'C:\mr-coding-tutor-unity\data\P17-VC\main_P17-VC.py', skipping save
No changes detected in 'C:\mr-coding-tutor-unity\data\P17-VC\main_P17-VC.py', skipping save
No changes detected in 'C:\mr-coding-tutor-unity\data\P17-VC\main_P17-VC.py', skipping save
No changes detected in 'C:\mr-coding-tutor-unity\data\P17-VC\main_P17-VC.py', skipping save
No changes detected in 'C:\mr-coding-tutor-unity\data\P17-VC\main_P17-VC.py', skipping save
No changes detected in 'C:\mr-coding-tutor-unity\data\P17-VC\main_P17-VC.py', skipping save
No changes detected in 'C:\mr-coding-tutor-unity\data\P17-VC\main_P17-VC.py', skipping save
No changes detected in 'C:\mr-coding-tutor-unity\data\P17-VC\main_P17-VC.py', skipping save
No changes detected in 'C:\mr-coding-tutor-unity\data\P17-VC\main_P17-VC.py', skipping save
No changes detected in 'C:\mr-coding-tutor-unity\data\P17-VC\main_P17-VC.py', skipping save
No changes detected in 'C:\mr-coding-tutor-unity\data\P17-VC\main_P17-VC.py', skipping save
No changes detected in 'C:\mr-coding-tutor-unity\data\P17-VC\main_P17-VC.py', skipping save
No changes detected in 'C:\mr-coding-tutor-unity\data\P17-VC\main_P17-VC.py', skipping save
No changes detected in 'C:\mr-coding-tutor-unity\data\P17-VC\main_P17-VC.py', skipping save
No changes detected in 'C:\mr-coding-tutor-unity\data\P17-VC\main_P17-VC.py', skipping save
No changes detected in 'C:\mr-coding-tutor-unity\data\P17-VC\main_P17-VC.py', skipping save
No changes detected in 'C:\mr-coding-tutor-unity\data\P17-VC\main_P17-VC.py', skipping save
No changes detected in 'C:\mr-coding-tutor-unity\data\P17-VC\main_P17-VC.py', skipping save
No changes detected in 'C:\mr-coding-tutor-unity\data\P17-VC\main_P17-VC.py', skipping save
No changes detected in 'C:\mr-coding-tutor-unity\data\P17-VC\main_P17-VC.py', skipping save
No changes detected in 'C:\mr-coding-tutor-unity\data\P17-VC\main_P17-VC.py', skipping save
No changes detected in 'C:\mr-coding-tutor-unity\data\P17-VC\main_P17-VC.py', skipping save
No changes detected in 'C:\mr-coding-tutor-unity\data\P17-VC\main_P17-VC.py', skipping save
Content changed, saved copy to: C:\mr-coding-tutor-unity\data\P17-VC\period\20250726_130343_main_P17-VC.py
No changes detected in 'C:\mr-coding-tutor-unity\data\P17-VC\main_P17-VC.py', skipping save
Content changed, saved copy to: C:\mr-coding-tutor-unity\data\P17-VC\period\20250726_130345_main_P17-VC.py
No changes detected in 'C:\mr-coding-tutor-unity\data\P17-VC\main_P17-VC.py', skipping save
No changes detected in 'C:\mr-coding-tutor-unity\data\P17-VC\main_P17-VC.py', skipping save
No changes detected in 'C:\mr-coding-tutor-unity\data\P17-VC\main_P17-VC.py', skipping save
No changes detected in 'C:\mr-coding-tutor-unity\data\P17-VC\main_P17-VC.py', skipping save
No changes detected in 'C:\mr-coding-tutor-unity\data\P17-VC\main_P17-VC.py', skipping save
No changes detected in 'C:\mr-coding-tutor-unity\data\P17-VC\main_P17-VC.py', skipping save
No changes detected in 'C:\mr-coding-tutor-unity\data\P17-VC\main_P17-VC.py', skipping save
No changes detected in 'C:\mr-coding-tutor-unity\data\P17-VC\main_P17-VC.py', skipping save
Content changed, saved copy to: C:\mr-coding-tutor-unity\data\P17-VC\period\20250726_130354_main_P17-VC.py
No changes detected in 'C:\mr-coding-tutor-unity\data\P17-VC\main_P17-VC.py', skipping save
No changes detected in 'C:\mr-coding-tutor-unity\data\P17-VC\main_P17-VC.py', skipping save
Content changed, saved copy to: C:\mr-coding-tutor-unity\data\P17-VC\period\20250726_130357_main_P17-VC.py
No changes detected in 'C:\mr-coding-tutor-unity\data\P17-VC\main_P17-VC.py', skipping save
No changes detected in 'C:\mr-coding-tutor-unity\data\P17-VC\main_P17-VC.py', skipping save
No changes detected in 'C:\mr-coding-tutor-unity\data\P17-VC\main_P17-VC.py', skipping save
Content changed, saved copy to: C:\mr-coding-tutor-unity\data\P17-VC\period\20250726_130401_main_P17-VC.py
No changes detected in 'C:\mr-coding-tutor-unity\data\P17-VC\main_P17-VC.py', skipping save
No changes detected in 'C:\mr-coding-tutor-unity\data\P17-VC\main_P17-VC.py', skipping save
No changes detected in 'C:\mr-coding-tutor-unity\data\P17-VC\main_P17-VC.py', skipping save
No changes detected in 'C:\mr-coding-tutor-unity\data\P17-VC\main_P17-VC.py', skipping save
No changes detected in 'C:\mr-coding-tutor-unity\data\P17-VC\main_P17-VC.py', skipping save
No changes detected in 'C:\mr-coding-tutor-unity\data\P17-VC\main_P17-VC.py', skipping save
No changes detected in 'C:\mr-coding-tutor-unity\data\P17-VC\main_P17-VC.py', skipping save
No changes detected in 'C:\mr-coding-tutor-unity\data\P17-VC\main_P17-VC.py', skipping save
No changes detected in 'C:\mr-coding-tutor-unity\data\P17-VC\main_P17-VC.py', skipping save
No changes detected in 'C:\mr-coding-tutor-unity\data\P17-VC\main_P17-VC.py', skipping save
No changes detected in 'C:\mr-coding-tutor-unity\data\P17-VC\main_P17-VC.py', skipping save
No changes detected in 'C:\mr-coding-tutor-unity\data\P17-VC\main_P17-VC.py', skipping save
No changes detected in 'C:\mr-coding-tutor-unity\data\P17-VC\main_P17-VC.py', skipping save
No changes detected in 'C:\mr-coding-tutor-unity\data\P17-VC\main_P17-VC.py', skipping save
No changes detected in 'C:\mr-coding-tutor-unity\data\P17-VC\main_P17-VC.py', skipping save
No changes detected in 'C:\mr-coding-tutor-unity\data\P17-VC\main_P17-VC.py', skipping save
Content changed, saved copy to: C:\mr-coding-tutor-unity\data\P17-VC\period\20250726_130418_main_P17-VC.py
Content changed, saved copy to: C:\mr-coding-tutor-unity\data\P17-VC\period\20250726_130419_main_P17-VC.py
No changes detected in 'C:\mr-coding-tutor-unity\data\P17-VC\main_P17-VC.py', skipping save
Content changed, saved copy to: C:\mr-coding-tutor-unity\data\P17-VC\period\20250726_130421_main_P17-VC.py
No changes detected in 'C:\mr-coding-tutor-unity\data\P17-VC\main_P17-VC.py', skipping save
No changes detected in 'C:\mr-coding-tutor-unity\data\P17-VC\main_P17-VC.py', skipping save
No changes detected in 'C:\mr-coding-tutor-unity\data\P17-VC\main_P17-VC.py', skipping save
Content changed, saved copy to: C:\mr-coding-tutor-unity\data\P17-VC\period\20250726_130425_main_P17-VC.py
No changes detected in 'C:\mr-coding-tutor-unity\data\P17-VC\main_P17-VC.py', skipping save
No changes detected in 'C:\mr-coding-tutor-unity\data\P17-VC\main_P17-VC.py', skipping save
No changes detected in 'C:\mr-coding-tutor-unity\data\P17-VC\main_P17-VC.py', skipping save
No changes detected in 'C:\mr-coding-tutor-unity\data\P17-VC\main_P17-VC.py', skipping save
No changes detected in 'C:\mr-coding-tutor-unity\data\P17-VC\main_P17-VC.py', skipping save
No changes detected in 'C:\mr-coding-tutor-unity\data\P17-VC\main_P17-VC.py', skipping save
Content changed, saved copy to: C:\mr-coding-tutor-unity\data\P17-VC\period\20250726_130432_main_P17-VC.py
No changes detected in 'C:\mr-coding-tutor-unity\data\P17-VC\main_P17-VC.py', skipping save
No changes detected in 'C:\mr-coding-tutor-unity\data\P17-VC\main_P17-VC.py', skipping save
No changes detected in 'C:\mr-coding-tutor-unity\data\P17-VC\main_P17-VC.py', skipping save
No changes detected in 'C:\mr-coding-tutor-unity\data\P17-VC\main_P17-VC.py', skipping save
No changes detected in 'C:\mr-coding-tutor-unity\data\P17-VC\main_P17-VC.py', skipping save
No changes detected in 'C:\mr-coding-tutor-unity\data\P17-VC\main_P17-VC.py', skipping save
No changes detected in 'C:\mr-coding-tutor-unity\data\P17-VC\main_P17-VC.py', skipping save
No changes detected in 'C:\mr-coding-tutor-unity\data\P17-VC\main_P17-VC.py', skipping save
No changes detected in 'C:\mr-coding-tutor-unity\data\P17-VC\main_P17-VC.py', skipping save
No changes detected in 'C:\mr-coding-tutor-unity\data\P17-VC\main_P17-VC.py', skipping save
No changes detected in 'C:\mr-coding-tutor-unity\data\P17-VC\main_P17-VC.py', skipping save
No changes detected in 'C:\mr-coding-tutor-unity\data\P17-VC\main_P17-VC.py', skipping save
No changes detected in 'C:\mr-coding-tutor-unity\data\P17-VC\main_P17-VC.py', skipping save
No changes detected in 'C:\mr-coding-tutor-unity\data\P17-VC\main_P17-VC.py', skipping save
Content changed, saved copy to: C:\mr-coding-tutor-unity\data\P17-VC\period\20250726_130447_main_P17-VC.py
Content changed, saved copy to: C:\mr-coding-tutor-unity\data\P17-VC\period\20250726_130448_main_P17-VC.py
No changes detected in 'C:\mr-coding-tutor-unity\data\P17-VC\main_P17-VC.py', skipping save
No changes detected in 'C:\mr-coding-tutor-unity\data\P17-VC\main_P17-VC.py', skipping save
No changes detected in 'C:\mr-coding-tutor-unity\data\P17-VC\main_P17-VC.py', skipping save
No changes detected in 'C:\mr-coding-tutor-unity\data\P17-VC\main_P17-VC.py', skipping save
Content changed, saved copy to: C:\mr-coding-tutor-unity\data\P17-VC\period\20250726_130453_main_P17-VC.py
No changes detected in 'C:\mr-coding-tutor-unity\data\P17-VC\main_P17-VC.py', skipping save
No changes detected in 'C:\mr-coding-tutor-unity\data\P17-VC\main_P17-VC.py', skipping save
Content changed, saved copy to: C:\mr-coding-tutor-unity\data\P17-VC\period\20250726_130456_main_P17-VC.py
No changes detected in 'C:\mr-coding-tutor-unity\data\P17-VC\main_P17-VC.py', skipping save
Content changed, saved copy to: C:\mr-coding-tutor-unity\data\P17-VC\period\20250726_130458_main_P17-VC.py
No changes detected in 'C:\mr-coding-tutor-unity\data\P17-VC\main_P17-VC.py', skipping save
Content changed, saved copy to: C:\mr-coding-tutor-unity\data\P17-VC\period\20250726_130500_main_P17-VC.py
No changes detected in 'C:\mr-coding-tutor-unity\data\P17-VC\main_P17-VC.py', skipping save
No changes detected in 'C:\mr-coding-tutor-unity\data\P17-VC\main_P17-VC.py', skipping save
Content changed, saved copy to: C:\mr-coding-tutor-unity\data\P17-VC\period\20250726_130503_main_P17-VC.py
Content changed, saved copy to: C:\mr-coding-tutor-unity\data\P17-VC\period\20250726_130504_main_P17-VC.py
Content changed, saved copy to: C:\mr-coding-tutor-unity\data\P17-VC\period\20250726_130505_main_P17-VC.py
No changes detected in 'C:\mr-coding-tutor-unity\data\P17-VC\main_P17-VC.py', skipping save
No changes detected in 'C:\mr-coding-tutor-unity\data\P17-VC\main_P17-VC.py', skipping save
No changes detected in 'C:\mr-coding-tutor-unity\data\P17-VC\main_P17-VC.py', skipping save
Content changed, saved copy to: C:\mr-coding-tutor-unity\data\P17-VC\period\20250726_130509_main_P17-VC.py
No changes detected in 'C:\mr-coding-tutor-unity\data\P17-VC\main_P17-VC.py', skipping save
No changes detected in 'C:\mr-coding-tutor-unity\data\P17-VC\main_P17-VC.py', skipping save
No changes detected in 'C:\mr-coding-tutor-unity\data\P17-VC\main_P17-VC.py', skipping save
No changes detected in 'C:\mr-coding-tutor-unity\data\P17-VC\main_P17-VC.py', skipping save
Content changed, saved copy to: C:\mr-coding-tutor-unity\data\P17-VC\period\20250726_130514_main_P17-VC.py
No changes detected in 'C:\mr-coding-tutor-unity\data\P17-VC\main_P17-VC.py', skipping save
No changes detected in 'C:\mr-coding-tutor-unity\data\P17-VC\main_P17-VC.py', skipping save
