Starting periodic logging of 'C:\mr-coding-tutor-unity\data\P13-VRAI\main_P13-VRAI.py'
Interval: 1.0 seconds
Output directory: C:\mr-coding-tutor-unity\data\P13-VRAI\period
Content changed, saved copy to: C:\mr-coding-tutor-unity\data\P13-VRAI\period\20250715_160116_main_P13-VRAI.py
No changes detected in 'C:\mr-coding-tutor-unity\data\P13-VRAI\main_P13-VRAI.py', skipping save
No changes detected in 'C:\mr-coding-tutor-unity\data\P13-VRAI\main_P13-VRAI.py', skipping save
No changes detected in 'C:\mr-coding-tutor-unity\data\P13-VRAI\main_P13-VRAI.py', skipping save
No changes detected in 'C:\mr-coding-tutor-unity\data\P13-VRAI\main_P13-VRAI.py', skipping save
No changes detected in 'C:\mr-coding-tutor-unity\data\P13-VRAI\main_P13-VRAI.py', skipping save
No changes detected in 'C:\mr-coding-tutor-unity\data\P13-VRAI\main_P13-VRAI.py', skipping save
No changes detected in 'C:\mr-coding-tutor-unity\data\P13-VRAI\main_P13-VRAI.py', skipping save
No changes detected in 'C:\mr-coding-tutor-unity\data\P13-VRAI\main_P13-VRAI.py', skipping save
No changes detected in 'C:\mr-coding-tutor-unity\data\P13-VRAI\main_P13-VRAI.py', skipping save
No changes detected in 'C:\mr-coding-tutor-unity\data\P13-VRAI\main_P13-VRAI.py', skipping save
No changes detected in 'C:\mr-coding-tutor-unity\data\P13-VRAI\main_P13-VRAI.py', skipping save
No changes detected in 'C:\mr-coding-tutor-unity\data\P13-VRAI\main_P13-VRAI.py', skipping save
No changes detected in 'C:\mr-coding-tutor-unity\data\P13-VRAI\main_P13-VRAI.py', skipping save
No changes detected in 'C:\mr-coding-tutor-unity\data\P13-VRAI\main_P13-VRAI.py', skipping save
No changes detected in 'C:\mr-coding-tutor-unity\data\P13-VRAI\main_P13-VRAI.py', skipping save
No changes detected in 'C:\mr-coding-tutor-unity\data\P13-VRAI\main_P13-VRAI.py', skipping save
No changes detected in 'C:\mr-coding-tutor-unity\data\P13-VRAI\main_P13-VRAI.py', skipping save
No changes detected in 'C:\mr-coding-tutor-unity\data\P13-VRAI\main_P13-VRAI.py', skipping save
No changes detected in 'C:\mr-coding-tutor-unity\data\P13-VRAI\main_P13-VRAI.py', skipping save
No changes detected in 'C:\mr-coding-tutor-unity\data\P13-VRAI\main_P13-VRAI.py', skipping save
No changes detected in 'C:\mr-coding-tutor-unity\data\P13-VRAI\main_P13-VRAI.py', skipping save
No changes detected in 'C:\mr-coding-tutor-unity\data\P13-VRAI\main_P13-VRAI.py', skipping save
No changes detected in 'C:\mr-coding-tutor-unity\data\P13-VRAI\main_P13-VRAI.py', skipping save
No changes detected in 'C:\mr-coding-tutor-unity\data\P13-VRAI\main_P13-VRAI.py', skipping save
No changes detected in 'C:\mr-coding-tutor-unity\data\P13-VRAI\main_P13-VRAI.py', skipping save
No changes detected in 'C:\mr-coding-tutor-unity\data\P13-VRAI\main_P13-VRAI.py', skipping save
No changes detected in 'C:\mr-coding-tutor-unity\data\P13-VRAI\main_P13-VRAI.py', skipping save
No changes detected in 'C:\mr-coding-tutor-unity\data\P13-VRAI\main_P13-VRAI.py', skipping save
No changes detected in 'C:\mr-coding-tutor-unity\data\P13-VRAI\main_P13-VRAI.py', skipping save
No changes detected in 'C:\mr-coding-tutor-unity\data\P13-VRAI\main_P13-VRAI.py', skipping save
No changes detected in 'C:\mr-coding-tutor-unity\data\P13-VRAI\main_P13-VRAI.py', skipping save
No changes detected in 'C:\mr-coding-tutor-unity\data\P13-VRAI\main_P13-VRAI.py', skipping save
No changes detected in 'C:\mr-coding-tutor-unity\data\P13-VRAI\main_P13-VRAI.py', skipping save
No changes detected in 'C:\mr-coding-tutor-unity\data\P13-VRAI\main_P13-VRAI.py', skipping save
No changes detected in 'C:\mr-coding-tutor-unity\data\P13-VRAI\main_P13-VRAI.py', skipping save
No changes detected in 'C:\mr-coding-tutor-unity\data\P13-VRAI\main_P13-VRAI.py', skipping save
No changes detected in 'C:\mr-coding-tutor-unity\data\P13-VRAI\main_P13-VRAI.py', skipping save
No changes detected in 'C:\mr-coding-tutor-unity\data\P13-VRAI\main_P13-VRAI.py', skipping save
No changes detected in 'C:\mr-coding-tutor-unity\data\P13-VRAI\main_P13-VRAI.py', skipping save
No changes detected in 'C:\mr-coding-tutor-unity\data\P13-VRAI\main_P13-VRAI.py', skipping save
No changes detected in 'C:\mr-coding-tutor-unity\data\P13-VRAI\main_P13-VRAI.py', skipping save
No changes detected in 'C:\mr-coding-tutor-unity\data\P13-VRAI\main_P13-VRAI.py', skipping save
No changes detected in 'C:\mr-coding-tutor-unity\data\P13-VRAI\main_P13-VRAI.py', skipping save
No changes detected in 'C:\mr-coding-tutor-unity\data\P13-VRAI\main_P13-VRAI.py', skipping save
No changes detected in 'C:\mr-coding-tutor-unity\data\P13-VRAI\main_P13-VRAI.py', skipping save
No changes detected in 'C:\mr-coding-tutor-unity\data\P13-VRAI\main_P13-VRAI.py', skipping save
No changes detected in 'C:\mr-coding-tutor-unity\data\P13-VRAI\main_P13-VRAI.py', skipping save
No changes detected in 'C:\mr-coding-tutor-unity\data\P13-VRAI\main_P13-VRAI.py', skipping save
No changes detected in 'C:\mr-coding-tutor-unity\data\P13-VRAI\main_P13-VRAI.py', skipping save
No changes detected in 'C:\mr-coding-tutor-unity\data\P13-VRAI\main_P13-VRAI.py', skipping save
No changes detected in 'C:\mr-coding-tutor-unity\data\P13-VRAI\main_P13-VRAI.py', skipping save
No changes detected in 'C:\mr-coding-tutor-unity\data\P13-VRAI\main_P13-VRAI.py', skipping save
No changes detected in 'C:\mr-coding-tutor-unity\data\P13-VRAI\main_P13-VRAI.py', skipping save
No changes detected in 'C:\mr-coding-tutor-unity\data\P13-VRAI\main_P13-VRAI.py', skipping save
No changes detected in 'C:\mr-coding-tutor-unity\data\P13-VRAI\main_P13-VRAI.py', skipping save
No changes detected in 'C:\mr-coding-tutor-unity\data\P13-VRAI\main_P13-VRAI.py', skipping save
No changes detected in 'C:\mr-coding-tutor-unity\data\P13-VRAI\main_P13-VRAI.py', skipping save
No changes detected in 'C:\mr-coding-tutor-unity\data\P13-VRAI\main_P13-VRAI.py', skipping save
No changes detected in 'C:\mr-coding-tutor-unity\data\P13-VRAI\main_P13-VRAI.py', skipping save
No changes detected in 'C:\mr-coding-tutor-unity\data\P13-VRAI\main_P13-VRAI.py', skipping save
No changes detected in 'C:\mr-coding-tutor-unity\data\P13-VRAI\main_P13-VRAI.py', skipping save
No changes detected in 'C:\mr-coding-tutor-unity\data\P13-VRAI\main_P13-VRAI.py', skipping save
No changes detected in 'C:\mr-coding-tutor-unity\data\P13-VRAI\main_P13-VRAI.py', skipping save
No changes detected in 'C:\mr-coding-tutor-unity\data\P13-VRAI\main_P13-VRAI.py', skipping save
No changes detected in 'C:\mr-coding-tutor-unity\data\P13-VRAI\main_P13-VRAI.py', skipping save
No changes detected in 'C:\mr-coding-tutor-unity\data\P13-VRAI\main_P13-VRAI.py', skipping save
No changes detected in 'C:\mr-coding-tutor-unity\data\P13-VRAI\main_P13-VRAI.py', skipping save
No changes detected in 'C:\mr-coding-tutor-unity\data\P13-VRAI\main_P13-VRAI.py', skipping save
No changes detected in 'C:\mr-coding-tutor-unity\data\P13-VRAI\main_P13-VRAI.py', skipping save
No changes detected in 'C:\mr-coding-tutor-unity\data\P13-VRAI\main_P13-VRAI.py', skipping save
No changes detected in 'C:\mr-coding-tutor-unity\data\P13-VRAI\main_P13-VRAI.py', skipping save
No changes detected in 'C:\mr-coding-tutor-unity\data\P13-VRAI\main_P13-VRAI.py', skipping save
No changes detected in 'C:\mr-coding-tutor-unity\data\P13-VRAI\main_P13-VRAI.py', skipping save
No changes detected in 'C:\mr-coding-tutor-unity\data\P13-VRAI\main_P13-VRAI.py', skipping save
No changes detected in 'C:\mr-coding-tutor-unity\data\P13-VRAI\main_P13-VRAI.py', skipping save
No changes detected in 'C:\mr-coding-tutor-unity\data\P13-VRAI\main_P13-VRAI.py', skipping save
No changes detected in 'C:\mr-coding-tutor-unity\data\P13-VRAI\main_P13-VRAI.py', skipping save
No changes detected in 'C:\mr-coding-tutor-unity\data\P13-VRAI\main_P13-VRAI.py', skipping save
No changes detected in 'C:\mr-coding-tutor-unity\data\P13-VRAI\main_P13-VRAI.py', skipping save
No changes detected in 'C:\mr-coding-tutor-unity\data\P13-VRAI\main_P13-VRAI.py', skipping save
No changes detected in 'C:\mr-coding-tutor-unity\data\P13-VRAI\main_P13-VRAI.py', skipping save
No changes detected in 'C:\mr-coding-tutor-unity\data\P13-VRAI\main_P13-VRAI.py', skipping save
No changes detected in 'C:\mr-coding-tutor-unity\data\P13-VRAI\main_P13-VRAI.py', skipping save
No changes detected in 'C:\mr-coding-tutor-unity\data\P13-VRAI\main_P13-VRAI.py', skipping save
No changes detected in 'C:\mr-coding-tutor-unity\data\P13-VRAI\main_P13-VRAI.py', skipping save
No changes detected in 'C:\mr-coding-tutor-unity\data\P13-VRAI\main_P13-VRAI.py', skipping save
No changes detected in 'C:\mr-coding-tutor-unity\data\P13-VRAI\main_P13-VRAI.py', skipping save
No changes detected in 'C:\mr-coding-tutor-unity\data\P13-VRAI\main_P13-VRAI.py', skipping save
No changes detected in 'C:\mr-coding-tutor-unity\data\P13-VRAI\main_P13-VRAI.py', skipping save
No changes detected in 'C:\mr-coding-tutor-unity\data\P13-VRAI\main_P13-VRAI.py', skipping save
No changes detected in 'C:\mr-coding-tutor-unity\data\P13-VRAI\main_P13-VRAI.py', skipping save
No changes detected in 'C:\mr-coding-tutor-unity\data\P13-VRAI\main_P13-VRAI.py', skipping save
No changes detected in 'C:\mr-coding-tutor-unity\data\P13-VRAI\main_P13-VRAI.py', skipping save
No changes detected in 'C:\mr-coding-tutor-unity\data\P13-VRAI\main_P13-VRAI.py', skipping save
No changes detected in 'C:\mr-coding-tutor-unity\data\P13-VRAI\main_P13-VRAI.py', skipping save
No changes detected in 'C:\mr-coding-tutor-unity\data\P13-VRAI\main_P13-VRAI.py', skipping save
No changes detected in 'C:\mr-coding-tutor-unity\data\P13-VRAI\main_P13-VRAI.py', skipping save
No changes detected in 'C:\mr-coding-tutor-unity\data\P13-VRAI\main_P13-VRAI.py', skipping save
No changes detected in 'C:\mr-coding-tutor-unity\data\P13-VRAI\main_P13-VRAI.py', skipping save
No changes detected in 'C:\mr-coding-tutor-unity\data\P13-VRAI\main_P13-VRAI.py', skipping save
No changes detected in 'C:\mr-coding-tutor-unity\data\P13-VRAI\main_P13-VRAI.py', skipping save
No changes detected in 'C:\mr-coding-tutor-unity\data\P13-VRAI\main_P13-VRAI.py', skipping save
No changes detected in 'C:\mr-coding-tutor-unity\data\P13-VRAI\main_P13-VRAI.py', skipping save
No changes detected in 'C:\mr-coding-tutor-unity\data\P13-VRAI\main_P13-VRAI.py', skipping save
No changes detected in 'C:\mr-coding-tutor-unity\data\P13-VRAI\main_P13-VRAI.py', skipping save
No changes detected in 'C:\mr-coding-tutor-unity\data\P13-VRAI\main_P13-VRAI.py', skipping save
No changes detected in 'C:\mr-coding-tutor-unity\data\P13-VRAI\main_P13-VRAI.py', skipping save
No changes detected in 'C:\mr-coding-tutor-unity\data\P13-VRAI\main_P13-VRAI.py', skipping save
No changes detected in 'C:\mr-coding-tutor-unity\data\P13-VRAI\main_P13-VRAI.py', skipping save
No changes detected in 'C:\mr-coding-tutor-unity\data\P13-VRAI\main_P13-VRAI.py', skipping save
No changes detected in 'C:\mr-coding-tutor-unity\data\P13-VRAI\main_P13-VRAI.py', skipping save
No changes detected in 'C:\mr-coding-tutor-unity\data\P13-VRAI\main_P13-VRAI.py', skipping save
No changes detected in 'C:\mr-coding-tutor-unity\data\P13-VRAI\main_P13-VRAI.py', skipping save
No changes detected in 'C:\mr-coding-tutor-unity\data\P13-VRAI\main_P13-VRAI.py', skipping save
No changes detected in 'C:\mr-coding-tutor-unity\data\P13-VRAI\main_P13-VRAI.py', skipping save
No changes detected in 'C:\mr-coding-tutor-unity\data\P13-VRAI\main_P13-VRAI.py', skipping save
No changes detected in 'C:\mr-coding-tutor-unity\data\P13-VRAI\main_P13-VRAI.py', skipping save
No changes detected in 'C:\mr-coding-tutor-unity\data\P13-VRAI\main_P13-VRAI.py', skipping save
No changes detected in 'C:\mr-coding-tutor-unity\data\P13-VRAI\main_P13-VRAI.py', skipping save
No changes detected in 'C:\mr-coding-tutor-unity\data\P13-VRAI\main_P13-VRAI.py', skipping save
No changes detected in 'C:\mr-coding-tutor-unity\data\P13-VRAI\main_P13-VRAI.py', skipping save
No changes detected in 'C:\mr-coding-tutor-unity\data\P13-VRAI\main_P13-VRAI.py', skipping save
No changes detected in 'C:\mr-coding-tutor-unity\data\P13-VRAI\main_P13-VRAI.py', skipping save
No changes detected in 'C:\mr-coding-tutor-unity\data\P13-VRAI\main_P13-VRAI.py', skipping save
No changes detected in 'C:\mr-coding-tutor-unity\data\P13-VRAI\main_P13-VRAI.py', skipping save
No changes detected in 'C:\mr-coding-tutor-unity\data\P13-VRAI\main_P13-VRAI.py', skipping save
No changes detected in 'C:\mr-coding-tutor-unity\data\P13-VRAI\main_P13-VRAI.py', skipping save
No changes detected in 'C:\mr-coding-tutor-unity\data\P13-VRAI\main_P13-VRAI.py', skipping save
No changes detected in 'C:\mr-coding-tutor-unity\data\P13-VRAI\main_P13-VRAI.py', skipping save
No changes detected in 'C:\mr-coding-tutor-unity\data\P13-VRAI\main_P13-VRAI.py', skipping save
No changes detected in 'C:\mr-coding-tutor-unity\data\P13-VRAI\main_P13-VRAI.py', skipping save
No changes detected in 'C:\mr-coding-tutor-unity\data\P13-VRAI\main_P13-VRAI.py', skipping save
No changes detected in 'C:\mr-coding-tutor-unity\data\P13-VRAI\main_P13-VRAI.py', skipping save
No changes detected in 'C:\mr-coding-tutor-unity\data\P13-VRAI\main_P13-VRAI.py', skipping save
No changes detected in 'C:\mr-coding-tutor-unity\data\P13-VRAI\main_P13-VRAI.py', skipping save
No changes detected in 'C:\mr-coding-tutor-unity\data\P13-VRAI\main_P13-VRAI.py', skipping save
No changes detected in 'C:\mr-coding-tutor-unity\data\P13-VRAI\main_P13-VRAI.py', skipping save
No changes detected in 'C:\mr-coding-tutor-unity\data\P13-VRAI\main_P13-VRAI.py', skipping save
No changes detected in 'C:\mr-coding-tutor-unity\data\P13-VRAI\main_P13-VRAI.py', skipping save
No changes detected in 'C:\mr-coding-tutor-unity\data\P13-VRAI\main_P13-VRAI.py', skipping save
No changes detected in 'C:\mr-coding-tutor-unity\data\P13-VRAI\main_P13-VRAI.py', skipping save
No changes detected in 'C:\mr-coding-tutor-unity\data\P13-VRAI\main_P13-VRAI.py', skipping save
No changes detected in 'C:\mr-coding-tutor-unity\data\P13-VRAI\main_P13-VRAI.py', skipping save
No changes detected in 'C:\mr-coding-tutor-unity\data\P13-VRAI\main_P13-VRAI.py', skipping save
No changes detected in 'C:\mr-coding-tutor-unity\data\P13-VRAI\main_P13-VRAI.py', skipping save
No changes detected in 'C:\mr-coding-tutor-unity\data\P13-VRAI\main_P13-VRAI.py', skipping save
No changes detected in 'C:\mr-coding-tutor-unity\data\P13-VRAI\main_P13-VRAI.py', skipping save
No changes detected in 'C:\mr-coding-tutor-unity\data\P13-VRAI\main_P13-VRAI.py', skipping save
No changes detected in 'C:\mr-coding-tutor-unity\data\P13-VRAI\main_P13-VRAI.py', skipping save
No changes detected in 'C:\mr-coding-tutor-unity\data\P13-VRAI\main_P13-VRAI.py', skipping save
No changes detected in 'C:\mr-coding-tutor-unity\data\P13-VRAI\main_P13-VRAI.py', skipping save
No changes detected in 'C:\mr-coding-tutor-unity\data\P13-VRAI\main_P13-VRAI.py', skipping save
No changes detected in 'C:\mr-coding-tutor-unity\data\P13-VRAI\main_P13-VRAI.py', skipping save
No changes detected in 'C:\mr-coding-tutor-unity\data\P13-VRAI\main_P13-VRAI.py', skipping save
No changes detected in 'C:\mr-coding-tutor-unity\data\P13-VRAI\main_P13-VRAI.py', skipping save
No changes detected in 'C:\mr-coding-tutor-unity\data\P13-VRAI\main_P13-VRAI.py', skipping save
No changes detected in 'C:\mr-coding-tutor-unity\data\P13-VRAI\main_P13-VRAI.py', skipping save
No changes detected in 'C:\mr-coding-tutor-unity\data\P13-VRAI\main_P13-VRAI.py', skipping save
No changes detected in 'C:\mr-coding-tutor-unity\data\P13-VRAI\main_P13-VRAI.py', skipping save
No changes detected in 'C:\mr-coding-tutor-unity\data\P13-VRAI\main_P13-VRAI.py', skipping save
No changes detected in 'C:\mr-coding-tutor-unity\data\P13-VRAI\main_P13-VRAI.py', skipping save
No changes detected in 'C:\mr-coding-tutor-unity\data\P13-VRAI\main_P13-VRAI.py', skipping save
No changes detected in 'C:\mr-coding-tutor-unity\data\P13-VRAI\main_P13-VRAI.py', skipping save
No changes detected in 'C:\mr-coding-tutor-unity\data\P13-VRAI\main_P13-VRAI.py', skipping save
No changes detected in 'C:\mr-coding-tutor-unity\data\P13-VRAI\main_P13-VRAI.py', skipping save
No changes detected in 'C:\mr-coding-tutor-unity\data\P13-VRAI\main_P13-VRAI.py', skipping save
No changes detected in 'C:\mr-coding-tutor-unity\data\P13-VRAI\main_P13-VRAI.py', skipping save
No changes detected in 'C:\mr-coding-tutor-unity\data\P13-VRAI\main_P13-VRAI.py', skipping save
No changes detected in 'C:\mr-coding-tutor-unity\data\P13-VRAI\main_P13-VRAI.py', skipping save
No changes detected in 'C:\mr-coding-tutor-unity\data\P13-VRAI\main_P13-VRAI.py', skipping save
No changes detected in 'C:\mr-coding-tutor-unity\data\P13-VRAI\main_P13-VRAI.py', skipping save
No changes detected in 'C:\mr-coding-tutor-unity\data\P13-VRAI\main_P13-VRAI.py', skipping save
No changes detected in 'C:\mr-coding-tutor-unity\data\P13-VRAI\main_P13-VRAI.py', skipping save
No changes detected in 'C:\mr-coding-tutor-unity\data\P13-VRAI\main_P13-VRAI.py', skipping save
No changes detected in 'C:\mr-coding-tutor-unity\data\P13-VRAI\main_P13-VRAI.py', skipping save
No changes detected in 'C:\mr-coding-tutor-unity\data\P13-VRAI\main_P13-VRAI.py', skipping save
No changes detected in 'C:\mr-coding-tutor-unity\data\P13-VRAI\main_P13-VRAI.py', skipping save
No changes detected in 'C:\mr-coding-tutor-unity\data\P13-VRAI\main_P13-VRAI.py', skipping save
No changes detected in 'C:\mr-coding-tutor-unity\data\P13-VRAI\main_P13-VRAI.py', skipping save
No changes detected in 'C:\mr-coding-tutor-unity\data\P13-VRAI\main_P13-VRAI.py', skipping save
No changes detected in 'C:\mr-coding-tutor-unity\data\P13-VRAI\main_P13-VRAI.py', skipping save
No changes detected in 'C:\mr-coding-tutor-unity\data\P13-VRAI\main_P13-VRAI.py', skipping save
No changes detected in 'C:\mr-coding-tutor-unity\data\P13-VRAI\main_P13-VRAI.py', skipping save
No changes detected in 'C:\mr-coding-tutor-unity\data\P13-VRAI\main_P13-VRAI.py', skipping save
No changes detected in 'C:\mr-coding-tutor-unity\data\P13-VRAI\main_P13-VRAI.py', skipping save
No changes detected in 'C:\mr-coding-tutor-unity\data\P13-VRAI\main_P13-VRAI.py', skipping save
No changes detected in 'C:\mr-coding-tutor-unity\data\P13-VRAI\main_P13-VRAI.py', skipping save
No changes detected in 'C:\mr-coding-tutor-unity\data\P13-VRAI\main_P13-VRAI.py', skipping save
No changes detected in 'C:\mr-coding-tutor-unity\data\P13-VRAI\main_P13-VRAI.py', skipping save
No changes detected in 'C:\mr-coding-tutor-unity\data\P13-VRAI\main_P13-VRAI.py', skipping save
No changes detected in 'C:\mr-coding-tutor-unity\data\P13-VRAI\main_P13-VRAI.py', skipping save
No changes detected in 'C:\mr-coding-tutor-unity\data\P13-VRAI\main_P13-VRAI.py', skipping save
No changes detected in 'C:\mr-coding-tutor-unity\data\P13-VRAI\main_P13-VRAI.py', skipping save
No changes detected in 'C:\mr-coding-tutor-unity\data\P13-VRAI\main_P13-VRAI.py', skipping save
No changes detected in 'C:\mr-coding-tutor-unity\data\P13-VRAI\main_P13-VRAI.py', skipping save
No changes detected in 'C:\mr-coding-tutor-unity\data\P13-VRAI\main_P13-VRAI.py', skipping save
No changes detected in 'C:\mr-coding-tutor-unity\data\P13-VRAI\main_P13-VRAI.py', skipping save
No changes detected in 'C:\mr-coding-tutor-unity\data\P13-VRAI\main_P13-VRAI.py', skipping save
No changes detected in 'C:\mr-coding-tutor-unity\data\P13-VRAI\main_P13-VRAI.py', skipping save
No changes detected in 'C:\mr-coding-tutor-unity\data\P13-VRAI\main_P13-VRAI.py', skipping save
No changes detected in 'C:\mr-coding-tutor-unity\data\P13-VRAI\main_P13-VRAI.py', skipping save
No changes detected in 'C:\mr-coding-tutor-unity\data\P13-VRAI\main_P13-VRAI.py', skipping save
No changes detected in 'C:\mr-coding-tutor-unity\data\P13-VRAI\main_P13-VRAI.py', skipping save
No changes detected in 'C:\mr-coding-tutor-unity\data\P13-VRAI\main_P13-VRAI.py', skipping save
No changes detected in 'C:\mr-coding-tutor-unity\data\P13-VRAI\main_P13-VRAI.py', skipping save
No changes detected in 'C:\mr-coding-tutor-unity\data\P13-VRAI\main_P13-VRAI.py', skipping save
No changes detected in 'C:\mr-coding-tutor-unity\data\P13-VRAI\main_P13-VRAI.py', skipping save
No changes detected in 'C:\mr-coding-tutor-unity\data\P13-VRAI\main_P13-VRAI.py', skipping save
No changes detected in 'C:\mr-coding-tutor-unity\data\P13-VRAI\main_P13-VRAI.py', skipping save
No changes detected in 'C:\mr-coding-tutor-unity\data\P13-VRAI\main_P13-VRAI.py', skipping save
No changes detected in 'C:\mr-coding-tutor-unity\data\P13-VRAI\main_P13-VRAI.py', skipping save
No changes detected in 'C:\mr-coding-tutor-unity\data\P13-VRAI\main_P13-VRAI.py', skipping save
No changes detected in 'C:\mr-coding-tutor-unity\data\P13-VRAI\main_P13-VRAI.py', skipping save
No changes detected in 'C:\mr-coding-tutor-unity\data\P13-VRAI\main_P13-VRAI.py', skipping save
No changes detected in 'C:\mr-coding-tutor-unity\data\P13-VRAI\main_P13-VRAI.py', skipping save
No changes detected in 'C:\mr-coding-tutor-unity\data\P13-VRAI\main_P13-VRAI.py', skipping save
No changes detected in 'C:\mr-coding-tutor-unity\data\P13-VRAI\main_P13-VRAI.py', skipping save
No changes detected in 'C:\mr-coding-tutor-unity\data\P13-VRAI\main_P13-VRAI.py', skipping save
No changes detected in 'C:\mr-coding-tutor-unity\data\P13-VRAI\main_P13-VRAI.py', skipping save
No changes detected in 'C:\mr-coding-tutor-unity\data\P13-VRAI\main_P13-VRAI.py', skipping save
No changes detected in 'C:\mr-coding-tutor-unity\data\P13-VRAI\main_P13-VRAI.py', skipping save
No changes detected in 'C:\mr-coding-tutor-unity\data\P13-VRAI\main_P13-VRAI.py', skipping save
No changes detected in 'C:\mr-coding-tutor-unity\data\P13-VRAI\main_P13-VRAI.py', skipping save
No changes detected in 'C:\mr-coding-tutor-unity\data\P13-VRAI\main_P13-VRAI.py', skipping save
No changes detected in 'C:\mr-coding-tutor-unity\data\P13-VRAI\main_P13-VRAI.py', skipping save
No changes detected in 'C:\mr-coding-tutor-unity\data\P13-VRAI\main_P13-VRAI.py', skipping save
No changes detected in 'C:\mr-coding-tutor-unity\data\P13-VRAI\main_P13-VRAI.py', skipping save
No changes detected in 'C:\mr-coding-tutor-unity\data\P13-VRAI\main_P13-VRAI.py', skipping save
No changes detected in 'C:\mr-coding-tutor-unity\data\P13-VRAI\main_P13-VRAI.py', skipping save
No changes detected in 'C:\mr-coding-tutor-unity\data\P13-VRAI\main_P13-VRAI.py', skipping save
No changes detected in 'C:\mr-coding-tutor-unity\data\P13-VRAI\main_P13-VRAI.py', skipping save
No changes detected in 'C:\mr-coding-tutor-unity\data\P13-VRAI\main_P13-VRAI.py', skipping save
No changes detected in 'C:\mr-coding-tutor-unity\data\P13-VRAI\main_P13-VRAI.py', skipping save
No changes detected in 'C:\mr-coding-tutor-unity\data\P13-VRAI\main_P13-VRAI.py', skipping save
No changes detected in 'C:\mr-coding-tutor-unity\data\P13-VRAI\main_P13-VRAI.py', skipping save
No changes detected in 'C:\mr-coding-tutor-unity\data\P13-VRAI\main_P13-VRAI.py', skipping save
No changes detected in 'C:\mr-coding-tutor-unity\data\P13-VRAI\main_P13-VRAI.py', skipping save
No changes detected in 'C:\mr-coding-tutor-unity\data\P13-VRAI\main_P13-VRAI.py', skipping save
No changes detected in 'C:\mr-coding-tutor-unity\data\P13-VRAI\main_P13-VRAI.py', skipping save
No changes detected in 'C:\mr-coding-tutor-unity\data\P13-VRAI\main_P13-VRAI.py', skipping save
No changes detected in 'C:\mr-coding-tutor-unity\data\P13-VRAI\main_P13-VRAI.py', skipping save
No changes detected in 'C:\mr-coding-tutor-unity\data\P13-VRAI\main_P13-VRAI.py', skipping save
No changes detected in 'C:\mr-coding-tutor-unity\data\P13-VRAI\main_P13-VRAI.py', skipping save
No changes detected in 'C:\mr-coding-tutor-unity\data\P13-VRAI\main_P13-VRAI.py', skipping save
No changes detected in 'C:\mr-coding-tutor-unity\data\P13-VRAI\main_P13-VRAI.py', skipping save
No changes detected in 'C:\mr-coding-tutor-unity\data\P13-VRAI\main_P13-VRAI.py', skipping save
No changes detected in 'C:\mr-coding-tutor-unity\data\P13-VRAI\main_P13-VRAI.py', skipping save
No changes detected in 'C:\mr-coding-tutor-unity\data\P13-VRAI\main_P13-VRAI.py', skipping save
No changes detected in 'C:\mr-coding-tutor-unity\data\P13-VRAI\main_P13-VRAI.py', skipping save
No changes detected in 'C:\mr-coding-tutor-unity\data\P13-VRAI\main_P13-VRAI.py', skipping save
No changes detected in 'C:\mr-coding-tutor-unity\data\P13-VRAI\main_P13-VRAI.py', skipping save
No changes detected in 'C:\mr-coding-tutor-unity\data\P13-VRAI\main_P13-VRAI.py', skipping save
No changes detected in 'C:\mr-coding-tutor-unity\data\P13-VRAI\main_P13-VRAI.py', skipping save
No changes detected in 'C:\mr-coding-tutor-unity\data\P13-VRAI\main_P13-VRAI.py', skipping save
No changes detected in 'C:\mr-coding-tutor-unity\data\P13-VRAI\main_P13-VRAI.py', skipping save
No changes detected in 'C:\mr-coding-tutor-unity\data\P13-VRAI\main_P13-VRAI.py', skipping save
No changes detected in 'C:\mr-coding-tutor-unity\data\P13-VRAI\main_P13-VRAI.py', skipping save
No changes detected in 'C:\mr-coding-tutor-unity\data\P13-VRAI\main_P13-VRAI.py', skipping save
No changes detected in 'C:\mr-coding-tutor-unity\data\P13-VRAI\main_P13-VRAI.py', skipping save
No changes detected in 'C:\mr-coding-tutor-unity\data\P13-VRAI\main_P13-VRAI.py', skipping save
No changes detected in 'C:\mr-coding-tutor-unity\data\P13-VRAI\main_P13-VRAI.py', skipping save
No changes detected in 'C:\mr-coding-tutor-unity\data\P13-VRAI\main_P13-VRAI.py', skipping save
No changes detected in 'C:\mr-coding-tutor-unity\data\P13-VRAI\main_P13-VRAI.py', skipping save
No changes detected in 'C:\mr-coding-tutor-unity\data\P13-VRAI\main_P13-VRAI.py', skipping save
No changes detected in 'C:\mr-coding-tutor-unity\data\P13-VRAI\main_P13-VRAI.py', skipping save
No changes detected in 'C:\mr-coding-tutor-unity\data\P13-VRAI\main_P13-VRAI.py', skipping save
No changes detected in 'C:\mr-coding-tutor-unity\data\P13-VRAI\main_P13-VRAI.py', skipping save
No changes detected in 'C:\mr-coding-tutor-unity\data\P13-VRAI\main_P13-VRAI.py', skipping save
No changes detected in 'C:\mr-coding-tutor-unity\data\P13-VRAI\main_P13-VRAI.py', skipping save
No changes detected in 'C:\mr-coding-tutor-unity\data\P13-VRAI\main_P13-VRAI.py', skipping save
No changes detected in 'C:\mr-coding-tutor-unity\data\P13-VRAI\main_P13-VRAI.py', skipping save
No changes detected in 'C:\mr-coding-tutor-unity\data\P13-VRAI\main_P13-VRAI.py', skipping save
No changes detected in 'C:\mr-coding-tutor-unity\data\P13-VRAI\main_P13-VRAI.py', skipping save
No changes detected in 'C:\mr-coding-tutor-unity\data\P13-VRAI\main_P13-VRAI.py', skipping save
No changes detected in 'C:\mr-coding-tutor-unity\data\P13-VRAI\main_P13-VRAI.py', skipping save
No changes detected in 'C:\mr-coding-tutor-unity\data\P13-VRAI\main_P13-VRAI.py', skipping save
No changes detected in 'C:\mr-coding-tutor-unity\data\P13-VRAI\main_P13-VRAI.py', skipping save
No changes detected in 'C:\mr-coding-tutor-unity\data\P13-VRAI\main_P13-VRAI.py', skipping save
No changes detected in 'C:\mr-coding-tutor-unity\data\P13-VRAI\main_P13-VRAI.py', skipping save
No changes detected in 'C:\mr-coding-tutor-unity\data\P13-VRAI\main_P13-VRAI.py', skipping save
No changes detected in 'C:\mr-coding-tutor-unity\data\P13-VRAI\main_P13-VRAI.py', skipping save
No changes detected in 'C:\mr-coding-tutor-unity\data\P13-VRAI\main_P13-VRAI.py', skipping save
No changes detected in 'C:\mr-coding-tutor-unity\data\P13-VRAI\main_P13-VRAI.py', skipping save
No changes detected in 'C:\mr-coding-tutor-unity\data\P13-VRAI\main_P13-VRAI.py', skipping save
No changes detected in 'C:\mr-coding-tutor-unity\data\P13-VRAI\main_P13-VRAI.py', skipping save
Content changed, saved copy to: C:\mr-coding-tutor-unity\data\P13-VRAI\period\20250715_160602_main_P13-VRAI.py
No changes detected in 'C:\mr-coding-tutor-unity\data\P13-VRAI\main_P13-VRAI.py', skipping save
Content changed, saved copy to: C:\mr-coding-tutor-unity\data\P13-VRAI\period\20250715_160604_main_P13-VRAI.py
No changes detected in 'C:\mr-coding-tutor-unity\data\P13-VRAI\main_P13-VRAI.py', skipping save
No changes detected in 'C:\mr-coding-tutor-unity\data\P13-VRAI\main_P13-VRAI.py', skipping save
No changes detected in 'C:\mr-coding-tutor-unity\data\P13-VRAI\main_P13-VRAI.py', skipping save
Content changed, saved copy to: C:\mr-coding-tutor-unity\data\P13-VRAI\period\20250715_160608_main_P13-VRAI.py
No changes detected in 'C:\mr-coding-tutor-unity\data\P13-VRAI\main_P13-VRAI.py', skipping save
No changes detected in 'C:\mr-coding-tutor-unity\data\P13-VRAI\main_P13-VRAI.py', skipping save
No changes detected in 'C:\mr-coding-tutor-unity\data\P13-VRAI\main_P13-VRAI.py', skipping save
No changes detected in 'C:\mr-coding-tutor-unity\data\P13-VRAI\main_P13-VRAI.py', skipping save
No changes detected in 'C:\mr-coding-tutor-unity\data\P13-VRAI\main_P13-VRAI.py', skipping save
No changes detected in 'C:\mr-coding-tutor-unity\data\P13-VRAI\main_P13-VRAI.py', skipping save
No changes detected in 'C:\mr-coding-tutor-unity\data\P13-VRAI\main_P13-VRAI.py', skipping save
No changes detected in 'C:\mr-coding-tutor-unity\data\P13-VRAI\main_P13-VRAI.py', skipping save
No changes detected in 'C:\mr-coding-tutor-unity\data\P13-VRAI\main_P13-VRAI.py', skipping save
No changes detected in 'C:\mr-coding-tutor-unity\data\P13-VRAI\main_P13-VRAI.py', skipping save
No changes detected in 'C:\mr-coding-tutor-unity\data\P13-VRAI\main_P13-VRAI.py', skipping save
No changes detected in 'C:\mr-coding-tutor-unity\data\P13-VRAI\main_P13-VRAI.py', skipping save
No changes detected in 'C:\mr-coding-tutor-unity\data\P13-VRAI\main_P13-VRAI.py', skipping save
No changes detected in 'C:\mr-coding-tutor-unity\data\P13-VRAI\main_P13-VRAI.py', skipping save
No changes detected in 'C:\mr-coding-tutor-unity\data\P13-VRAI\main_P13-VRAI.py', skipping save
No changes detected in 'C:\mr-coding-tutor-unity\data\P13-VRAI\main_P13-VRAI.py', skipping save
No changes detected in 'C:\mr-coding-tutor-unity\data\P13-VRAI\main_P13-VRAI.py', skipping save
No changes detected in 'C:\mr-coding-tutor-unity\data\P13-VRAI\main_P13-VRAI.py', skipping save
No changes detected in 'C:\mr-coding-tutor-unity\data\P13-VRAI\main_P13-VRAI.py', skipping save
No changes detected in 'C:\mr-coding-tutor-unity\data\P13-VRAI\main_P13-VRAI.py', skipping save
No changes detected in 'C:\mr-coding-tutor-unity\data\P13-VRAI\main_P13-VRAI.py', skipping save
No changes detected in 'C:\mr-coding-tutor-unity\data\P13-VRAI\main_P13-VRAI.py', skipping save
No changes detected in 'C:\mr-coding-tutor-unity\data\P13-VRAI\main_P13-VRAI.py', skipping save
No changes detected in 'C:\mr-coding-tutor-unity\data\P13-VRAI\main_P13-VRAI.py', skipping save
No changes detected in 'C:\mr-coding-tutor-unity\data\P13-VRAI\main_P13-VRAI.py', skipping save
No changes detected in 'C:\mr-coding-tutor-unity\data\P13-VRAI\main_P13-VRAI.py', skipping save
No changes detected in 'C:\mr-coding-tutor-unity\data\P13-VRAI\main_P13-VRAI.py', skipping save
No changes detected in 'C:\mr-coding-tutor-unity\data\P13-VRAI\main_P13-VRAI.py', skipping save
No changes detected in 'C:\mr-coding-tutor-unity\data\P13-VRAI\main_P13-VRAI.py', skipping save
No changes detected in 'C:\mr-coding-tutor-unity\data\P13-VRAI\main_P13-VRAI.py', skipping save
No changes detected in 'C:\mr-coding-tutor-unity\data\P13-VRAI\main_P13-VRAI.py', skipping save
No changes detected in 'C:\mr-coding-tutor-unity\data\P13-VRAI\main_P13-VRAI.py', skipping save
No changes detected in 'C:\mr-coding-tutor-unity\data\P13-VRAI\main_P13-VRAI.py', skipping save
No changes detected in 'C:\mr-coding-tutor-unity\data\P13-VRAI\main_P13-VRAI.py', skipping save
No changes detected in 'C:\mr-coding-tutor-unity\data\P13-VRAI\main_P13-VRAI.py', skipping save
No changes detected in 'C:\mr-coding-tutor-unity\data\P13-VRAI\main_P13-VRAI.py', skipping save
No changes detected in 'C:\mr-coding-tutor-unity\data\P13-VRAI\main_P13-VRAI.py', skipping save
No changes detected in 'C:\mr-coding-tutor-unity\data\P13-VRAI\main_P13-VRAI.py', skipping save
Content changed, saved copy to: C:\mr-coding-tutor-unity\data\P13-VRAI\period\20250715_160647_main_P13-VRAI.py
No changes detected in 'C:\mr-coding-tutor-unity\data\P13-VRAI\main_P13-VRAI.py', skipping save
No changes detected in 'C:\mr-coding-tutor-unity\data\P13-VRAI\main_P13-VRAI.py', skipping save
No changes detected in 'C:\mr-coding-tutor-unity\data\P13-VRAI\main_P13-VRAI.py', skipping save
No changes detected in 'C:\mr-coding-tutor-unity\data\P13-VRAI\main_P13-VRAI.py', skipping save
No changes detected in 'C:\mr-coding-tutor-unity\data\P13-VRAI\main_P13-VRAI.py', skipping save
No changes detected in 'C:\mr-coding-tutor-unity\data\P13-VRAI\main_P13-VRAI.py', skipping save
No changes detected in 'C:\mr-coding-tutor-unity\data\P13-VRAI\main_P13-VRAI.py', skipping save
No changes detected in 'C:\mr-coding-tutor-unity\data\P13-VRAI\main_P13-VRAI.py', skipping save
Content changed, saved copy to: C:\mr-coding-tutor-unity\data\P13-VRAI\period\20250715_160656_main_P13-VRAI.py
Content changed, saved copy to: C:\mr-coding-tutor-unity\data\P13-VRAI\period\20250715_160657_main_P13-VRAI.py
No changes detected in 'C:\mr-coding-tutor-unity\data\P13-VRAI\main_P13-VRAI.py', skipping save
No changes detected in 'C:\mr-coding-tutor-unity\data\P13-VRAI\main_P13-VRAI.py', skipping save
No changes detected in 'C:\mr-coding-tutor-unity\data\P13-VRAI\main_P13-VRAI.py', skipping save
Content changed, saved copy to: C:\mr-coding-tutor-unity\data\P13-VRAI\period\20250715_160701_main_P13-VRAI.py
No changes detected in 'C:\mr-coding-tutor-unity\data\P13-VRAI\main_P13-VRAI.py', skipping save
Content changed, saved copy to: C:\mr-coding-tutor-unity\data\P13-VRAI\period\20250715_160703_main_P13-VRAI.py
No changes detected in 'C:\mr-coding-tutor-unity\data\P13-VRAI\main_P13-VRAI.py', skipping save
Content changed, saved copy to: C:\mr-coding-tutor-unity\data\P13-VRAI\period\20250715_160705_main_P13-VRAI.py
No changes detected in 'C:\mr-coding-tutor-unity\data\P13-VRAI\main_P13-VRAI.py', skipping save
Content changed, saved copy to: C:\mr-coding-tutor-unity\data\P13-VRAI\period\20250715_160707_main_P13-VRAI.py
No changes detected in 'C:\mr-coding-tutor-unity\data\P13-VRAI\main_P13-VRAI.py', skipping save
No changes detected in 'C:\mr-coding-tutor-unity\data\P13-VRAI\main_P13-VRAI.py', skipping save
No changes detected in 'C:\mr-coding-tutor-unity\data\P13-VRAI\main_P13-VRAI.py', skipping save
No changes detected in 'C:\mr-coding-tutor-unity\data\P13-VRAI\main_P13-VRAI.py', skipping save
No changes detected in 'C:\mr-coding-tutor-unity\data\P13-VRAI\main_P13-VRAI.py', skipping save
No changes detected in 'C:\mr-coding-tutor-unity\data\P13-VRAI\main_P13-VRAI.py', skipping save
No changes detected in 'C:\mr-coding-tutor-unity\data\P13-VRAI\main_P13-VRAI.py', skipping save
Content changed, saved copy to: C:\mr-coding-tutor-unity\data\P13-VRAI\period\20250715_160715_main_P13-VRAI.py
No changes detected in 'C:\mr-coding-tutor-unity\data\P13-VRAI\main_P13-VRAI.py', skipping save
Content changed, saved copy to: C:\mr-coding-tutor-unity\data\P13-VRAI\period\20250715_160717_main_P13-VRAI.py
No changes detected in 'C:\mr-coding-tutor-unity\data\P13-VRAI\main_P13-VRAI.py', skipping save
Content changed, saved copy to: C:\mr-coding-tutor-unity\data\P13-VRAI\period\20250715_160719_main_P13-VRAI.py
No changes detected in 'C:\mr-coding-tutor-unity\data\P13-VRAI\main_P13-VRAI.py', skipping save
No changes detected in 'C:\mr-coding-tutor-unity\data\P13-VRAI\main_P13-VRAI.py', skipping save
No changes detected in 'C:\mr-coding-tutor-unity\data\P13-VRAI\main_P13-VRAI.py', skipping save
No changes detected in 'C:\mr-coding-tutor-unity\data\P13-VRAI\main_P13-VRAI.py', skipping save
No changes detected in 'C:\mr-coding-tutor-unity\data\P13-VRAI\main_P13-VRAI.py', skipping save
No changes detected in 'C:\mr-coding-tutor-unity\data\P13-VRAI\main_P13-VRAI.py', skipping save
No changes detected in 'C:\mr-coding-tutor-unity\data\P13-VRAI\main_P13-VRAI.py', skipping save
Content changed, saved copy to: C:\mr-coding-tutor-unity\data\P13-VRAI\period\20250715_160727_main_P13-VRAI.py
No changes detected in 'C:\mr-coding-tutor-unity\data\P13-VRAI\main_P13-VRAI.py', skipping save
No changes detected in 'C:\mr-coding-tutor-unity\data\P13-VRAI\main_P13-VRAI.py', skipping save
Content changed, saved copy to: C:\mr-coding-tutor-unity\data\P13-VRAI\period\20250715_160730_main_P13-VRAI.py
No changes detected in 'C:\mr-coding-tutor-unity\data\P13-VRAI\main_P13-VRAI.py', skipping save
No changes detected in 'C:\mr-coding-tutor-unity\data\P13-VRAI\main_P13-VRAI.py', skipping save
No changes detected in 'C:\mr-coding-tutor-unity\data\P13-VRAI\main_P13-VRAI.py', skipping save
No changes detected in 'C:\mr-coding-tutor-unity\data\P13-VRAI\main_P13-VRAI.py', skipping save
No changes detected in 'C:\mr-coding-tutor-unity\data\P13-VRAI\main_P13-VRAI.py', skipping save
Content changed, saved copy to: C:\mr-coding-tutor-unity\data\P13-VRAI\period\20250715_160736_main_P13-VRAI.py
No changes detected in 'C:\mr-coding-tutor-unity\data\P13-VRAI\main_P13-VRAI.py', skipping save
No changes detected in 'C:\mr-coding-tutor-unity\data\P13-VRAI\main_P13-VRAI.py', skipping save
No changes detected in 'C:\mr-coding-tutor-unity\data\P13-VRAI\main_P13-VRAI.py', skipping save
Content changed, saved copy to: C:\mr-coding-tutor-unity\data\P13-VRAI\period\20250715_160740_main_P13-VRAI.py
No changes detected in 'C:\mr-coding-tutor-unity\data\P13-VRAI\main_P13-VRAI.py', skipping save
Content changed, saved copy to: C:\mr-coding-tutor-unity\data\P13-VRAI\period\20250715_160742_main_P13-VRAI.py
No changes detected in 'C:\mr-coding-tutor-unity\data\P13-VRAI\main_P13-VRAI.py', skipping save
No changes detected in 'C:\mr-coding-tutor-unity\data\P13-VRAI\main_P13-VRAI.py', skipping save
No changes detected in 'C:\mr-coding-tutor-unity\data\P13-VRAI\main_P13-VRAI.py', skipping save
No changes detected in 'C:\mr-coding-tutor-unity\data\P13-VRAI\main_P13-VRAI.py', skipping save
No changes detected in 'C:\mr-coding-tutor-unity\data\P13-VRAI\main_P13-VRAI.py', skipping save
No changes detected in 'C:\mr-coding-tutor-unity\data\P13-VRAI\main_P13-VRAI.py', skipping save
No changes detected in 'C:\mr-coding-tutor-unity\data\P13-VRAI\main_P13-VRAI.py', skipping save
No changes detected in 'C:\mr-coding-tutor-unity\data\P13-VRAI\main_P13-VRAI.py', skipping save
No changes detected in 'C:\mr-coding-tutor-unity\data\P13-VRAI\main_P13-VRAI.py', skipping save
No changes detected in 'C:\mr-coding-tutor-unity\data\P13-VRAI\main_P13-VRAI.py', skipping save
No changes detected in 'C:\mr-coding-tutor-unity\data\P13-VRAI\main_P13-VRAI.py', skipping save
No changes detected in 'C:\mr-coding-tutor-unity\data\P13-VRAI\main_P13-VRAI.py', skipping save
No changes detected in 'C:\mr-coding-tutor-unity\data\P13-VRAI\main_P13-VRAI.py', skipping save
No changes detected in 'C:\mr-coding-tutor-unity\data\P13-VRAI\main_P13-VRAI.py', skipping save
No changes detected in 'C:\mr-coding-tutor-unity\data\P13-VRAI\main_P13-VRAI.py', skipping save
No changes detected in 'C:\mr-coding-tutor-unity\data\P13-VRAI\main_P13-VRAI.py', skipping save
No changes detected in 'C:\mr-coding-tutor-unity\data\P13-VRAI\main_P13-VRAI.py', skipping save
No changes detected in 'C:\mr-coding-tutor-unity\data\P13-VRAI\main_P13-VRAI.py', skipping save
No changes detected in 'C:\mr-coding-tutor-unity\data\P13-VRAI\main_P13-VRAI.py', skipping save
No changes detected in 'C:\mr-coding-tutor-unity\data\P13-VRAI\main_P13-VRAI.py', skipping save
No changes detected in 'C:\mr-coding-tutor-unity\data\P13-VRAI\main_P13-VRAI.py', skipping save
No changes detected in 'C:\mr-coding-tutor-unity\data\P13-VRAI\main_P13-VRAI.py', skipping save
No changes detected in 'C:\mr-coding-tutor-unity\data\P13-VRAI\main_P13-VRAI.py', skipping save
No changes detected in 'C:\mr-coding-tutor-unity\data\P13-VRAI\main_P13-VRAI.py', skipping save
No changes detected in 'C:\mr-coding-tutor-unity\data\P13-VRAI\main_P13-VRAI.py', skipping save
No changes detected in 'C:\mr-coding-tutor-unity\data\P13-VRAI\main_P13-VRAI.py', skipping save
No changes detected in 'C:\mr-coding-tutor-unity\data\P13-VRAI\main_P13-VRAI.py', skipping save
No changes detected in 'C:\mr-coding-tutor-unity\data\P13-VRAI\main_P13-VRAI.py', skipping save
No changes detected in 'C:\mr-coding-tutor-unity\data\P13-VRAI\main_P13-VRAI.py', skipping save
No changes detected in 'C:\mr-coding-tutor-unity\data\P13-VRAI\main_P13-VRAI.py', skipping save
No changes detected in 'C:\mr-coding-tutor-unity\data\P13-VRAI\main_P13-VRAI.py', skipping save
No changes detected in 'C:\mr-coding-tutor-unity\data\P13-VRAI\main_P13-VRAI.py', skipping save
No changes detected in 'C:\mr-coding-tutor-unity\data\P13-VRAI\main_P13-VRAI.py', skipping save
No changes detected in 'C:\mr-coding-tutor-unity\data\P13-VRAI\main_P13-VRAI.py', skipping save
No changes detected in 'C:\mr-coding-tutor-unity\data\P13-VRAI\main_P13-VRAI.py', skipping save
No changes detected in 'C:\mr-coding-tutor-unity\data\P13-VRAI\main_P13-VRAI.py', skipping save
No changes detected in 'C:\mr-coding-tutor-unity\data\P13-VRAI\main_P13-VRAI.py', skipping save
No changes detected in 'C:\mr-coding-tutor-unity\data\P13-VRAI\main_P13-VRAI.py', skipping save
No changes detected in 'C:\mr-coding-tutor-unity\data\P13-VRAI\main_P13-VRAI.py', skipping save
No changes detected in 'C:\mr-coding-tutor-unity\data\P13-VRAI\main_P13-VRAI.py', skipping save
No changes detected in 'C:\mr-coding-tutor-unity\data\P13-VRAI\main_P13-VRAI.py', skipping save
No changes detected in 'C:\mr-coding-tutor-unity\data\P13-VRAI\main_P13-VRAI.py', skipping save
No changes detected in 'C:\mr-coding-tutor-unity\data\P13-VRAI\main_P13-VRAI.py', skipping save
No changes detected in 'C:\mr-coding-tutor-unity\data\P13-VRAI\main_P13-VRAI.py', skipping save
No changes detected in 'C:\mr-coding-tutor-unity\data\P13-VRAI\main_P13-VRAI.py', skipping save
No changes detected in 'C:\mr-coding-tutor-unity\data\P13-VRAI\main_P13-VRAI.py', skipping save
No changes detected in 'C:\mr-coding-tutor-unity\data\P13-VRAI\main_P13-VRAI.py', skipping save
No changes detected in 'C:\mr-coding-tutor-unity\data\P13-VRAI\main_P13-VRAI.py', skipping save
No changes detected in 'C:\mr-coding-tutor-unity\data\P13-VRAI\main_P13-VRAI.py', skipping save
No changes detected in 'C:\mr-coding-tutor-unity\data\P13-VRAI\main_P13-VRAI.py', skipping save
No changes detected in 'C:\mr-coding-tutor-unity\data\P13-VRAI\main_P13-VRAI.py', skipping save
No changes detected in 'C:\mr-coding-tutor-unity\data\P13-VRAI\main_P13-VRAI.py', skipping save
No changes detected in 'C:\mr-coding-tutor-unity\data\P13-VRAI\main_P13-VRAI.py', skipping save
No changes detected in 'C:\mr-coding-tutor-unity\data\P13-VRAI\main_P13-VRAI.py', skipping save
No changes detected in 'C:\mr-coding-tutor-unity\data\P13-VRAI\main_P13-VRAI.py', skipping save
No changes detected in 'C:\mr-coding-tutor-unity\data\P13-VRAI\main_P13-VRAI.py', skipping save
No changes detected in 'C:\mr-coding-tutor-unity\data\P13-VRAI\main_P13-VRAI.py', skipping save
No changes detected in 'C:\mr-coding-tutor-unity\data\P13-VRAI\main_P13-VRAI.py', skipping save
No changes detected in 'C:\mr-coding-tutor-unity\data\P13-VRAI\main_P13-VRAI.py', skipping save
No changes detected in 'C:\mr-coding-tutor-unity\data\P13-VRAI\main_P13-VRAI.py', skipping save
No changes detected in 'C:\mr-coding-tutor-unity\data\P13-VRAI\main_P13-VRAI.py', skipping save
No changes detected in 'C:\mr-coding-tutor-unity\data\P13-VRAI\main_P13-VRAI.py', skipping save
No changes detected in 'C:\mr-coding-tutor-unity\data\P13-VRAI\main_P13-VRAI.py', skipping save
No changes detected in 'C:\mr-coding-tutor-unity\data\P13-VRAI\main_P13-VRAI.py', skipping save
No changes detected in 'C:\mr-coding-tutor-unity\data\P13-VRAI\main_P13-VRAI.py', skipping save
No changes detected in 'C:\mr-coding-tutor-unity\data\P13-VRAI\main_P13-VRAI.py', skipping save
No changes detected in 'C:\mr-coding-tutor-unity\data\P13-VRAI\main_P13-VRAI.py', skipping save
Content changed, saved copy to: C:\mr-coding-tutor-unity\data\P13-VRAI\period\20250715_160851_main_P13-VRAI.py
No changes detected in 'C:\mr-coding-tutor-unity\data\P13-VRAI\main_P13-VRAI.py', skipping save
Content changed, saved copy to: C:\mr-coding-tutor-unity\data\P13-VRAI\period\20250715_160853_main_P13-VRAI.py
No changes detected in 'C:\mr-coding-tutor-unity\data\P13-VRAI\main_P13-VRAI.py', skipping save
No changes detected in 'C:\mr-coding-tutor-unity\data\P13-VRAI\main_P13-VRAI.py', skipping save
No changes detected in 'C:\mr-coding-tutor-unity\data\P13-VRAI\main_P13-VRAI.py', skipping save
Content changed, saved copy to: C:\mr-coding-tutor-unity\data\P13-VRAI\period\20250715_160857_main_P13-VRAI.py
No changes detected in 'C:\mr-coding-tutor-unity\data\P13-VRAI\main_P13-VRAI.py', skipping save
Content changed, saved copy to: C:\mr-coding-tutor-unity\data\P13-VRAI\period\20250715_160859_main_P13-VRAI.py
No changes detected in 'C:\mr-coding-tutor-unity\data\P13-VRAI\main_P13-VRAI.py', skipping save
No changes detected in 'C:\mr-coding-tutor-unity\data\P13-VRAI\main_P13-VRAI.py', skipping save
No changes detected in 'C:\mr-coding-tutor-unity\data\P13-VRAI\main_P13-VRAI.py', skipping save
No changes detected in 'C:\mr-coding-tutor-unity\data\P13-VRAI\main_P13-VRAI.py', skipping save
No changes detected in 'C:\mr-coding-tutor-unity\data\P13-VRAI\main_P13-VRAI.py', skipping save
Content changed, saved copy to: C:\mr-coding-tutor-unity\data\P13-VRAI\period\20250715_160905_main_P13-VRAI.py
No changes detected in 'C:\mr-coding-tutor-unity\data\P13-VRAI\main_P13-VRAI.py', skipping save
Content changed, saved copy to: C:\mr-coding-tutor-unity\data\P13-VRAI\period\20250715_160907_main_P13-VRAI.py
No changes detected in 'C:\mr-coding-tutor-unity\data\P13-VRAI\main_P13-VRAI.py', skipping save
No changes detected in 'C:\mr-coding-tutor-unity\data\P13-VRAI\main_P13-VRAI.py', skipping save
No changes detected in 'C:\mr-coding-tutor-unity\data\P13-VRAI\main_P13-VRAI.py', skipping save
Content changed, saved copy to: C:\mr-coding-tutor-unity\data\P13-VRAI\period\20250715_160911_main_P13-VRAI.py
Content changed, saved copy to: C:\mr-coding-tutor-unity\data\P13-VRAI\period\20250715_160912_main_P13-VRAI.py
No changes detected in 'C:\mr-coding-tutor-unity\data\P13-VRAI\main_P13-VRAI.py', skipping save
No changes detected in 'C:\mr-coding-tutor-unity\data\P13-VRAI\main_P13-VRAI.py', skipping save
No changes detected in 'C:\mr-coding-tutor-unity\data\P13-VRAI\main_P13-VRAI.py', skipping save
No changes detected in 'C:\mr-coding-tutor-unity\data\P13-VRAI\main_P13-VRAI.py', skipping save
No changes detected in 'C:\mr-coding-tutor-unity\data\P13-VRAI\main_P13-VRAI.py', skipping save
No changes detected in 'C:\mr-coding-tutor-unity\data\P13-VRAI\main_P13-VRAI.py', skipping save
No changes detected in 'C:\mr-coding-tutor-unity\data\P13-VRAI\main_P13-VRAI.py', skipping save
No changes detected in 'C:\mr-coding-tutor-unity\data\P13-VRAI\main_P13-VRAI.py', skipping save
No changes detected in 'C:\mr-coding-tutor-unity\data\P13-VRAI\main_P13-VRAI.py', skipping save
No changes detected in 'C:\mr-coding-tutor-unity\data\P13-VRAI\main_P13-VRAI.py', skipping save
No changes detected in 'C:\mr-coding-tutor-unity\data\P13-VRAI\main_P13-VRAI.py', skipping save
No changes detected in 'C:\mr-coding-tutor-unity\data\P13-VRAI\main_P13-VRAI.py', skipping save
No changes detected in 'C:\mr-coding-tutor-unity\data\P13-VRAI\main_P13-VRAI.py', skipping save
No changes detected in 'C:\mr-coding-tutor-unity\data\P13-VRAI\main_P13-VRAI.py', skipping save
No changes detected in 'C:\mr-coding-tutor-unity\data\P13-VRAI\main_P13-VRAI.py', skipping save
No changes detected in 'C:\mr-coding-tutor-unity\data\P13-VRAI\main_P13-VRAI.py', skipping save
No changes detected in 'C:\mr-coding-tutor-unity\data\P13-VRAI\main_P13-VRAI.py', skipping save
No changes detected in 'C:\mr-coding-tutor-unity\data\P13-VRAI\main_P13-VRAI.py', skipping save
No changes detected in 'C:\mr-coding-tutor-unity\data\P13-VRAI\main_P13-VRAI.py', skipping save
No changes detected in 'C:\mr-coding-tutor-unity\data\P13-VRAI\main_P13-VRAI.py', skipping save
No changes detected in 'C:\mr-coding-tutor-unity\data\P13-VRAI\main_P13-VRAI.py', skipping save
No changes detected in 'C:\mr-coding-tutor-unity\data\P13-VRAI\main_P13-VRAI.py', skipping save
No changes detected in 'C:\mr-coding-tutor-unity\data\P13-VRAI\main_P13-VRAI.py', skipping save
No changes detected in 'C:\mr-coding-tutor-unity\data\P13-VRAI\main_P13-VRAI.py', skipping save
No changes detected in 'C:\mr-coding-tutor-unity\data\P13-VRAI\main_P13-VRAI.py', skipping save
No changes detected in 'C:\mr-coding-tutor-unity\data\P13-VRAI\main_P13-VRAI.py', skipping save
No changes detected in 'C:\mr-coding-tutor-unity\data\P13-VRAI\main_P13-VRAI.py', skipping save
No changes detected in 'C:\mr-coding-tutor-unity\data\P13-VRAI\main_P13-VRAI.py', skipping save
No changes detected in 'C:\mr-coding-tutor-unity\data\P13-VRAI\main_P13-VRAI.py', skipping save
No changes detected in 'C:\mr-coding-tutor-unity\data\P13-VRAI\main_P13-VRAI.py', skipping save
No changes detected in 'C:\mr-coding-tutor-unity\data\P13-VRAI\main_P13-VRAI.py', skipping save
No changes detected in 'C:\mr-coding-tutor-unity\data\P13-VRAI\main_P13-VRAI.py', skipping save
No changes detected in 'C:\mr-coding-tutor-unity\data\P13-VRAI\main_P13-VRAI.py', skipping save
No changes detected in 'C:\mr-coding-tutor-unity\data\P13-VRAI\main_P13-VRAI.py', skipping save
No changes detected in 'C:\mr-coding-tutor-unity\data\P13-VRAI\main_P13-VRAI.py', skipping save
No changes detected in 'C:\mr-coding-tutor-unity\data\P13-VRAI\main_P13-VRAI.py', skipping save
No changes detected in 'C:\mr-coding-tutor-unity\data\P13-VRAI\main_P13-VRAI.py', skipping save
No changes detected in 'C:\mr-coding-tutor-unity\data\P13-VRAI\main_P13-VRAI.py', skipping save
Content changed, saved copy to: C:\mr-coding-tutor-unity\data\P13-VRAI\period\20250715_160951_main_P13-VRAI.py
No changes detected in 'C:\mr-coding-tutor-unity\data\P13-VRAI\main_P13-VRAI.py', skipping save
No changes detected in 'C:\mr-coding-tutor-unity\data\P13-VRAI\main_P13-VRAI.py', skipping save
Content changed, saved copy to: C:\mr-coding-tutor-unity\data\P13-VRAI\period\20250715_160954_main_P13-VRAI.py
No changes detected in 'C:\mr-coding-tutor-unity\data\P13-VRAI\main_P13-VRAI.py', skipping save
No changes detected in 'C:\mr-coding-tutor-unity\data\P13-VRAI\main_P13-VRAI.py', skipping save
No changes detected in 'C:\mr-coding-tutor-unity\data\P13-VRAI\main_P13-VRAI.py', skipping save
No changes detected in 'C:\mr-coding-tutor-unity\data\P13-VRAI\main_P13-VRAI.py', skipping save
No changes detected in 'C:\mr-coding-tutor-unity\data\P13-VRAI\main_P13-VRAI.py', skipping save
No changes detected in 'C:\mr-coding-tutor-unity\data\P13-VRAI\main_P13-VRAI.py', skipping save
No changes detected in 'C:\mr-coding-tutor-unity\data\P13-VRAI\main_P13-VRAI.py', skipping save
No changes detected in 'C:\mr-coding-tutor-unity\data\P13-VRAI\main_P13-VRAI.py', skipping save
No changes detected in 'C:\mr-coding-tutor-unity\data\P13-VRAI\main_P13-VRAI.py', skipping save
No changes detected in 'C:\mr-coding-tutor-unity\data\P13-VRAI\main_P13-VRAI.py', skipping save
No changes detected in 'C:\mr-coding-tutor-unity\data\P13-VRAI\main_P13-VRAI.py', skipping save
No changes detected in 'C:\mr-coding-tutor-unity\data\P13-VRAI\main_P13-VRAI.py', skipping save
No changes detected in 'C:\mr-coding-tutor-unity\data\P13-VRAI\main_P13-VRAI.py', skipping save
No changes detected in 'C:\mr-coding-tutor-unity\data\P13-VRAI\main_P13-VRAI.py', skipping save
No changes detected in 'C:\mr-coding-tutor-unity\data\P13-VRAI\main_P13-VRAI.py', skipping save
No changes detected in 'C:\mr-coding-tutor-unity\data\P13-VRAI\main_P13-VRAI.py', skipping save
No changes detected in 'C:\mr-coding-tutor-unity\data\P13-VRAI\main_P13-VRAI.py', skipping save
No changes detected in 'C:\mr-coding-tutor-unity\data\P13-VRAI\main_P13-VRAI.py', skipping save
No changes detected in 'C:\mr-coding-tutor-unity\data\P13-VRAI\main_P13-VRAI.py', skipping save
No changes detected in 'C:\mr-coding-tutor-unity\data\P13-VRAI\main_P13-VRAI.py', skipping save
No changes detected in 'C:\mr-coding-tutor-unity\data\P13-VRAI\main_P13-VRAI.py', skipping save
No changes detected in 'C:\mr-coding-tutor-unity\data\P13-VRAI\main_P13-VRAI.py', skipping save
No changes detected in 'C:\mr-coding-tutor-unity\data\P13-VRAI\main_P13-VRAI.py', skipping save
No changes detected in 'C:\mr-coding-tutor-unity\data\P13-VRAI\main_P13-VRAI.py', skipping save
No changes detected in 'C:\mr-coding-tutor-unity\data\P13-VRAI\main_P13-VRAI.py', skipping save
No changes detected in 'C:\mr-coding-tutor-unity\data\P13-VRAI\main_P13-VRAI.py', skipping save
No changes detected in 'C:\mr-coding-tutor-unity\data\P13-VRAI\main_P13-VRAI.py', skipping save
No changes detected in 'C:\mr-coding-tutor-unity\data\P13-VRAI\main_P13-VRAI.py', skipping save
No changes detected in 'C:\mr-coding-tutor-unity\data\P13-VRAI\main_P13-VRAI.py', skipping save
No changes detected in 'C:\mr-coding-tutor-unity\data\P13-VRAI\main_P13-VRAI.py', skipping save
No changes detected in 'C:\mr-coding-tutor-unity\data\P13-VRAI\main_P13-VRAI.py', skipping save
No changes detected in 'C:\mr-coding-tutor-unity\data\P13-VRAI\main_P13-VRAI.py', skipping save
No changes detected in 'C:\mr-coding-tutor-unity\data\P13-VRAI\main_P13-VRAI.py', skipping save
No changes detected in 'C:\mr-coding-tutor-unity\data\P13-VRAI\main_P13-VRAI.py', skipping save
No changes detected in 'C:\mr-coding-tutor-unity\data\P13-VRAI\main_P13-VRAI.py', skipping save
No changes detected in 'C:\mr-coding-tutor-unity\data\P13-VRAI\main_P13-VRAI.py', skipping save
No changes detected in 'C:\mr-coding-tutor-unity\data\P13-VRAI\main_P13-VRAI.py', skipping save
No changes detected in 'C:\mr-coding-tutor-unity\data\P13-VRAI\main_P13-VRAI.py', skipping save
No changes detected in 'C:\mr-coding-tutor-unity\data\P13-VRAI\main_P13-VRAI.py', skipping save
No changes detected in 'C:\mr-coding-tutor-unity\data\P13-VRAI\main_P13-VRAI.py', skipping save
No changes detected in 'C:\mr-coding-tutor-unity\data\P13-VRAI\main_P13-VRAI.py', skipping save
No changes detected in 'C:\mr-coding-tutor-unity\data\P13-VRAI\main_P13-VRAI.py', skipping save
No changes detected in 'C:\mr-coding-tutor-unity\data\P13-VRAI\main_P13-VRAI.py', skipping save
No changes detected in 'C:\mr-coding-tutor-unity\data\P13-VRAI\main_P13-VRAI.py', skipping save
No changes detected in 'C:\mr-coding-tutor-unity\data\P13-VRAI\main_P13-VRAI.py', skipping save
No changes detected in 'C:\mr-coding-tutor-unity\data\P13-VRAI\main_P13-VRAI.py', skipping save
No changes detected in 'C:\mr-coding-tutor-unity\data\P13-VRAI\main_P13-VRAI.py', skipping save
No changes detected in 'C:\mr-coding-tutor-unity\data\P13-VRAI\main_P13-VRAI.py', skipping save
No changes detected in 'C:\mr-coding-tutor-unity\data\P13-VRAI\main_P13-VRAI.py', skipping save
No changes detected in 'C:\mr-coding-tutor-unity\data\P13-VRAI\main_P13-VRAI.py', skipping save
No changes detected in 'C:\mr-coding-tutor-unity\data\P13-VRAI\main_P13-VRAI.py', skipping save
No changes detected in 'C:\mr-coding-tutor-unity\data\P13-VRAI\main_P13-VRAI.py', skipping save
No changes detected in 'C:\mr-coding-tutor-unity\data\P13-VRAI\main_P13-VRAI.py', skipping save
No changes detected in 'C:\mr-coding-tutor-unity\data\P13-VRAI\main_P13-VRAI.py', skipping save
No changes detected in 'C:\mr-coding-tutor-unity\data\P13-VRAI\main_P13-VRAI.py', skipping save
No changes detected in 'C:\mr-coding-tutor-unity\data\P13-VRAI\main_P13-VRAI.py', skipping save
No changes detected in 'C:\mr-coding-tutor-unity\data\P13-VRAI\main_P13-VRAI.py', skipping save
No changes detected in 'C:\mr-coding-tutor-unity\data\P13-VRAI\main_P13-VRAI.py', skipping save
No changes detected in 'C:\mr-coding-tutor-unity\data\P13-VRAI\main_P13-VRAI.py', skipping save
No changes detected in 'C:\mr-coding-tutor-unity\data\P13-VRAI\main_P13-VRAI.py', skipping save
No changes detected in 'C:\mr-coding-tutor-unity\data\P13-VRAI\main_P13-VRAI.py', skipping save
No changes detected in 'C:\mr-coding-tutor-unity\data\P13-VRAI\main_P13-VRAI.py', skipping save
No changes detected in 'C:\mr-coding-tutor-unity\data\P13-VRAI\main_P13-VRAI.py', skipping save
No changes detected in 'C:\mr-coding-tutor-unity\data\P13-VRAI\main_P13-VRAI.py', skipping save
