[2025-07-15 16:36:09.593 GMT+07] [Window: [Task PN] Power of Numbers - Google Docs and 15 more pages - Sang Ly Thesis - Microsoft? Edge] Key: [CTRL]+c
[2025-07-15 16:36:09.761 GMT+07] [Window: [Task PN] Power of Numbers - Google Docs and 15 more pages - Sang Ly Thesis - Microsoft? Edge] Key: [CTRL]+c
[2025-07-15 16:36:09.910 GMT+07] [Window: [Task PN] Power of Numbers - Google Docs and 15 more pages - Sang Ly Thesis - Microsoft? Edge] Key: [CTRL]+c
[2025-07-15 16:37:39.982 GMT+07] [Window: [Task PN] Power of Numbers - Google Docs and 15 more pages - Sang Ly Thesis - Microsoft? Edge] Key: [CTRL]+c
[2025-07-15 16:37:40.128 GMT+07] [Window: [Task PN] Power of Numbers - Google Docs and 15 more pages - Sang Ly Thesis - Microsoft? Edge] Key: [CTRL]+c
[2025-07-15 16:37:41.189 GMT+07] [Window: main_P14-VC.py - mr-coding-tutor-unity - Visual Studio Code] Key: [ALT]+[TAB]
[2025-07-15 16:37:41.644 GMT+07] [Window: Task Switching] Key: [ALT]+[TAB]
[2025-07-15 16:37:42.925 GMT+07] [Window: [Practice] Swap two numbers - Google Docs and 1 more page - Sang Ly Thesis - Microsoft? Edge] Key: [CTRL]+v
[2025-07-15 16:37:43.353 GMT+07] [Window: [Practice] Swap two numbers - Google Docs and 1 more page - Sang Ly Thesis - Microsoft? Edge] Key: 

[2025-07-15 16:38:05.050 GMT+07] [Window: [Task PN] Power of Numbers - Google Docs and 15 more pages - Sang Ly Thesis - Microsoft? Edge] Key: [ALT]+[TAB]
[2025-07-15 16:38:05.561 GMT+07] [Window: Task Switching] Key: [ALT]+[TAB]
[2025-07-15 16:38:05.746 GMT+07] [Window: Task Switching] Key: [ALT]+[TAB]
[2025-07-15 16:38:08.852 GMT+07] [Window: Administrator: Command Prompt] Key: [ALT]+[TAB]
[2025-07-15 16:38:09.167 GMT+07] [Window: Task Switching] Key: [ALT]+[TAB]
[2025-07-15 16:38:09.355 GMT+07] [Window: Task Switching] Key: [ALT]+[TAB]
[2025-07-15 16:38:09.545 GMT+07] [Window: Task Switching] Key: [ALT]+[TAB]
[2025-07-15 16:38:09.735 GMT+07] [Window: Task Switching] Key: [ALT]+[TAB]
[2025-07-15 16:38:13.313 GMT+07] [Window: *LEARNER - Notepad] Key: [ALT]+[TAB]
[2025-07-15 16:38:14.337 GMT+07] [Window: Administrator: Command Prompt] Key: [ALT]+[TAB]
[2025-07-15 16:38:26.264 GMT+07] [Window: [Task PN] Power of Numbers - Google Docs and 1 more page - Sang Ly Thesis - Microsoft? Edge] Key: [ALT]+[TAB]
[2025-07-15 16:38:31.068 GMT+07] [Window: main_P14-VC.py - mr-coding-tutor-unity - Visual Studio Code] Key: [ALT]+[TAB]
[2025-07-15 16:40:59.090 GMT+07] [Window: Meet - yxz-djta-sid] Key: [ALT]+[TAB]
[2025-07-15 16:40:59.714 GMT+07] [Window: Task Switching] Key: [ALT]+[TAB]
[2025-07-15 16:41:04.170 GMT+07] [Window: main_P14-VC.py - mr-coding-tutor-unity - Visual Studio Code] Key: x
[2025-07-15 16:41:04.411 GMT+07] [Window: main_P14-VC.py - mr-coding-tutor-unity - Visual Studio Code] Key: ,
[2025-07-15 16:41:04.650 GMT+07] [Window: main_P14-VC.py - mr-coding-tutor-unity - Visual Studio Code] Key: _
[2025-07-15 16:41:04.974 GMT+07] [Window: main_P14-VC.py - mr-coding-tutor-unity - Visual Studio Code] Key: n
[2025-07-15 16:41:06.524 GMT+07] [Window: main_P14-VC.py - mr-coding-tutor-unity - Visual Studio Code] Key: _
[2025-07-15 16:41:06.685 GMT+07] [Window: main_P14-VC.py - mr-coding-tutor-unity - Visual Studio Code] Key: +
[2025-07-15 16:41:06.842 GMT+07] [Window: main_P14-VC.py - mr-coding-tutor-unity - Visual Studio Code] Key: _
[2025-07-15 16:41:11.120 GMT+07] [Window: main_P14-VC.py - mr-coding-tutor-unity - Visual Studio Code] Key: [BACKSPACE]
[2025-07-15 16:41:11.622 GMT+07] [Window: main_P14-VC.py - mr-coding-tutor-unity - Visual Studio Code] Key: [BACKSPACE]
[2025-07-15 16:41:11.668 GMT+07] [Window: main_P14-VC.py - mr-coding-tutor-unity - Visual Studio Code] Key: [BACKSPACE]
[2025-07-15 16:41:11.701 GMT+07] [Window: main_P14-VC.py - mr-coding-tutor-unity - Visual Studio Code] Key: [BACKSPACE]
[2025-07-15 16:41:11.732 GMT+07] [Window: main_P14-VC.py - mr-coding-tutor-unity - Visual Studio Code] Key: [BACKSPACE]
[2025-07-15 16:41:11.763 GMT+07] [Window: main_P14-VC.py - mr-coding-tutor-unity - Visual Studio Code] Key: [BACKSPACE]
[2025-07-15 16:41:11.795 GMT+07] [Window: main_P14-VC.py - mr-coding-tutor-unity - Visual Studio Code] Key: [BACKSPACE]
[2025-07-15 16:41:11.826 GMT+07] [Window: main_P14-VC.py - mr-coding-tutor-unity - Visual Studio Code] Key: [BACKSPACE]
[2025-07-15 16:41:11.857 GMT+07] [Window: main_P14-VC.py - mr-coding-tutor-unity - Visual Studio Code] Key: [BACKSPACE]
[2025-07-15 16:41:13.013 GMT+07] [Window: main_P14-VC.py - mr-coding-tutor-unity - Visual Studio Code] Key: 

[2025-07-15 16:41:14.206 GMT+07] [Window: main_P14-VC.py - mr-coding-tutor-unity - Visual Studio Code] Key: x
[2025-07-15 16:41:14.795 GMT+07] [Window: main_P14-VC.py - mr-coding-tutor-unity - Visual Studio Code] Key: _
[2025-07-15 16:41:14.942 GMT+07] [Window: main_P14-VC.py - mr-coding-tutor-unity - Visual Studio Code] Key: +
[2025-07-15 16:41:15.111 GMT+07] [Window: main_P14-VC.py - mr-coding-tutor-unity - Visual Studio Code] Key: _
[2025-07-15 16:41:15.544 GMT+07] [Window: main_P14-VC.py - mr-coding-tutor-unity - Visual Studio Code] Key: 2
[2025-07-15 16:41:15.755 GMT+07] [Window: main_P14-VC.py - mr-coding-tutor-unity - Visual Studio Code] Key: 

[2025-07-15 16:41:16.624 GMT+07] [Window: main_P14-VC.py - mr-coding-tutor-unity - Visual Studio Code] Key: n
[2025-07-15 16:41:17.304 GMT+07] [Window: main_P14-VC.py - mr-coding-tutor-unity - Visual Studio Code] Key: _
[2025-07-15 16:41:17.460 GMT+07] [Window: main_P14-VC.py - mr-coding-tutor-unity - Visual Studio Code] Key: +
[2025-07-15 16:41:17.642 GMT+07] [Window: main_P14-VC.py - mr-coding-tutor-unity - Visual Studio Code] Key: _
[2025-07-15 16:41:18.518 GMT+07] [Window: main_P14-VC.py - mr-coding-tutor-unity - Visual Studio Code] Key: [ALT]+[TAB]
[2025-07-15 16:41:19.029 GMT+07] [Window: Task Switching] Key: [ALT]+[TAB]
[2025-07-15 16:41:22.384 GMT+07] [Window: [Task PN] Power of Numbers - Google Docs and 1 more page - Sang Ly Thesis - Microsoft? Edge] Key: [ALT]+[TAB]
[2025-07-15 16:41:24.781 GMT+07] [Window: main_P14-VC.py - mr-coding-tutor-unity - Visual Studio Code] Key: 1
[2025-07-15 16:41:24.899 GMT+07] [Window: main_P14-VC.py - mr-coding-tutor-unity - Visual Studio Code] Key: 0
[2025-07-15 16:41:25.827 GMT+07] [Window: main_P14-VC.py - mr-coding-tutor-unity - Visual Studio Code] Key: 

[2025-07-15 16:41:57.102 GMT+07] [Window: main_P14-VC.py - mr-coding-tutor-unity - Visual Studio Code] Key: p
[2025-07-15 16:41:57.552 GMT+07] [Window: main_P14-VC.py - mr-coding-tutor-unity - Visual Studio Code] Key: r
[2025-07-15 16:41:58.887 GMT+07] [Window: main_P14-VC.py - mr-coding-tutor-unity - Visual Studio Code] Key: i
[2025-07-15 16:41:59.102 GMT+07] [Window: main_P14-VC.py - mr-coding-tutor-unity - Visual Studio Code] Key: n
[2025-07-15 16:41:59.227 GMT+07] [Window: main_P14-VC.py - mr-coding-tutor-unity - Visual Studio Code] Key: t
[2025-07-15 16:42:00.468 GMT+07] [Window: main_P14-VC.py - mr-coding-tutor-unity - Visual Studio Code] Key: [SHIFT]+9
[2025-07-15 16:42:01.575 GMT+07] [Window: main_P14-VC.py - mr-coding-tutor-unity - Visual Studio Code] Key: x
[2025-07-15 16:42:02.247 GMT+07] [Window: main_P14-VC.py - mr-coding-tutor-unity - Visual Studio Code] Key: [SHIFT]+8
[2025-07-15 16:42:02.374 GMT+07] [Window: main_P14-VC.py - mr-coding-tutor-unity - Visual Studio Code] Key: [SHIFT]+8
[2025-07-15 16:42:02.640 GMT+07] [Window: main_P14-VC.py - mr-coding-tutor-unity - Visual Studio Code] Key: n
[2025-07-15 16:42:03.487 GMT+07] [Window: main_P14-VC.py - mr-coding-tutor-unity - Visual Studio Code] Key: [SHIFT]+0
[2025-07-15 16:42:13.227 GMT+07] [Window: main_P14-VC.py - mr-coding-tutor-unity - Visual Studio Code] Key: [ALT]+[TAB]
[2025-07-15 16:42:34.073 GMT+07] [Window: [Task PN] Power of Numbers - Google Docs and 1 more page - Sang Ly Thesis - Microsoft? Edge] Key: [ALT]+[TAB]
[2025-07-15 16:42:38.211 GMT+07] [Window: main_P14-VC.py - mr-coding-tutor-unity - Visual Studio Code] Key: ,
[2025-07-15 16:42:38.412 GMT+07] [Window: main_P14-VC.py - mr-coding-tutor-unity - Visual Studio Code] Key: 1
[2025-07-15 16:42:41.702 GMT+07] [Window: main_P14-VC.py - mr-coding-tutor-unity - Visual Studio Code] Key: [BACKSPACE]
[2025-07-15 16:42:42.522 GMT+07] [Window: main_P14-VC.py - mr-coding-tutor-unity - Visual Studio Code] Key: [BACKSPACE]
[2025-07-15 16:42:44.196 GMT+07] [Window: main_P14-VC.py - mr-coding-tutor-unity - Visual Studio Code] Key: .
[2025-07-15 16:42:44.779 GMT+07] [Window: main_P14-VC.py - mr-coding-tutor-unity - Visual Studio Code] Key: 1
[2025-07-15 16:42:45.825 GMT+07] [Window: main_P14-VC.py - mr-coding-tutor-unity - Visual Studio Code] Key: [DOWN]
[2025-07-15 16:42:47.331 GMT+07] [Window: main_P14-VC.py - mr-coding-tutor-unity - Visual Studio Code] Key: [BACKSPACE]
[2025-07-15 16:42:47.501 GMT+07] [Window: main_P14-VC.py - mr-coding-tutor-unity - Visual Studio Code] Key: [BACKSPACE]
[2025-07-15 16:42:47.710 GMT+07] [Window: main_P14-VC.py - mr-coding-tutor-unity - Visual Studio Code] Key: 3
[2025-07-15 16:42:53.857 GMT+07] [Window: main_P14-VC.py - mr-coding-tutor-unity - Visual Studio Code] Key: [ALT]+[TAB]
[2025-07-15 16:42:57.985 GMT+07] [Window: [Task PN] Power of Numbers - Google Docs and 1 more page - Sang Ly Thesis - Microsoft? Edge] Key: [ALT]+[TAB]
[2025-07-15 16:42:59.350 GMT+07] [Window: main_P14-VC.py - mr-coding-tutor-unity - Visual Studio Code] Key: [ALT]+[TAB]
[2025-07-15 16:43:09.151 GMT+07] [Window: [Task PN] Power of Numbers - Google Docs and 1 more page - Sang Ly Thesis - Microsoft? Edge] Key: [ALT]+[TAB]
[2025-07-15 16:43:11.866 GMT+07] [Window: main_P14-VC.py - mr-coding-tutor-unity - Visual Studio Code] Key: [BACKSPACE]
[2025-07-15 16:43:12.032 GMT+07] [Window: main_P14-VC.py - mr-coding-tutor-unity - Visual Studio Code] Key: [BACKSPACE]
[2025-07-15 16:43:12.769 GMT+07] [Window: main_P14-VC.py - mr-coding-tutor-unity - Visual Studio Code] Key: [DOWN]
[2025-07-15 16:43:13.077 GMT+07] [Window: main_P14-VC.py - mr-coding-tutor-unity - Visual Studio Code] Key: [BACKSPACE]
[2025-07-15 16:43:14.218 GMT+07] [Window: main_P14-VC.py - mr-coding-tutor-unity - Visual Studio Code] Key: -
[2025-07-15 16:43:14.433 GMT+07] [Window: main_P14-VC.py - mr-coding-tutor-unity - Visual Studio Code] Key: 2
[2025-07-15 16:43:26.111 GMT+07] [Window: main_P14-VC.py - mr-coding-tutor-unity - Visual Studio Code] Key: [ALT]+[TAB]
[2025-07-15 16:44:46.812 GMT+07] [Window: [00] Participant List: Student - Google Sheets and 15 more pages - Sang Ly Thesis - Microsoft? Edge] Key: 5
[2025-07-15 16:44:47.200 GMT+07] [Window: [00] Participant List: Student - Google Sheets and 15 more pages - Sang Ly Thesis - Microsoft? Edge] Key: [SHIFT]+;
[2025-07-15 16:44:47.613 GMT+07] [Window: [00] Participant List: Student - Google Sheets and 15 more pages - Sang Ly Thesis - Microsoft? Edge] Key: 1
[2025-07-15 16:44:47.685 GMT+07] [Window: [00] Participant List: Student - Google Sheets and 15 more pages - Sang Ly Thesis - Microsoft? Edge] Key: 0
[2025-07-15 16:44:48.005 GMT+07] [Window: [00] Participant List: Student - Google Sheets and 15 more pages - Sang Ly Thesis - Microsoft? Edge] Key: _
[2025-07-15 16:44:48.208 GMT+07] [Window: [00] Participant List: Student - Google Sheets and 15 more pages - Sang Ly Thesis - Microsoft? Edge] Key: [BACKSPACE]
[2025-07-15 16:44:50.377 GMT+07] [Window: [00] Participant List: Student - Google Sheets and 15 more pages - Sang Ly Thesis - Microsoft? Edge] Key: [BACKSPACE]
[2025-07-15 16:44:50.541 GMT+07] [Window: [00] Participant List: Student - Google Sheets and 15 more pages - Sang Ly Thesis - Microsoft? Edge] Key: [BACKSPACE]
[2025-07-15 16:44:50.740 GMT+07] [Window: [00] Participant List: Student - Google Sheets and 15 more pages - Sang Ly Thesis - Microsoft? Edge] Key: 0
[2025-07-15 16:44:50.897 GMT+07] [Window: [00] Participant List: Student - Google Sheets and 15 more pages - Sang Ly Thesis - Microsoft? Edge] Key: 0
[2025-07-15 16:44:54.549 GMT+07] [Window: [00] Participant List: Student - Google Sheets and 15 more pages - Sang Ly Thesis - Microsoft? Edge] Key: 5
[2025-07-15 16:44:55.192 GMT+07] [Window: [00] Participant List: Student - Google Sheets and 15 more pages - Sang Ly Thesis - Microsoft? Edge] Key: [SHIFT]+;
[2025-07-15 16:44:56.372 GMT+07] [Window: [00] Participant List: Student - Google Sheets and 15 more pages - Sang Ly Thesis - Microsoft? Edge] Key: 1
[2025-07-15 16:44:56.456 GMT+07] [Window: [00] Participant List: Student - Google Sheets and 15 more pages - Sang Ly Thesis - Microsoft? Edge] Key: 0
[2025-07-15 16:44:56.941 GMT+07] [Window: [00] Participant List: Student - Google Sheets and 15 more pages - Sang Ly Thesis - Microsoft? Edge] Key: 

[2025-07-15 16:46:11.271 GMT+07] [Window: Solution of [Task FN] Nth Fibonacci Number - Google Docs and 15 more pages - Sang Ly Thesis - Microsoft? Edge] Key: [CTRL]+a
[2025-07-15 16:46:12.719 GMT+07] [Window: Solution of [Task FN] Nth Fibonacci Number - Google Docs and 15 more pages - Sang Ly Thesis - Microsoft? Edge] Key: [CTRL]+c
[2025-07-15 16:46:12.884 GMT+07] [Window: Solution of [Task FN] Nth Fibonacci Number - Google Docs and 15 more pages - Sang Ly Thesis - Microsoft? Edge] Key: [CTRL]+c
[2025-07-15 16:46:16.973 GMT+07] [Window: [Task PN] Power of Numbers - Google Docs and 1 more page - Sang Ly Thesis - Microsoft? Edge] Key: [CTRL]+a
[2025-07-15 16:46:19.968 GMT+07] [Window: [Task PN] Power of Numbers - Google Docs and 1 more page - Sang Ly Thesis - Microsoft? Edge] Key: [CTRL]+v
[2025-07-15 16:46:21.172 GMT+07] [Window: [Task PN] Power of Numbers - Google Docs and 1 more page - Sang Ly Thesis - Microsoft? Edge] Key: 

[2025-07-15 16:47:41.352 GMT+07] [Window: Administrator: Command Prompt] Key: [UP]
[2025-07-15 16:47:42.498 GMT+07] [Window: Administrator: Command Prompt] Key: [UP]
[2025-07-15 16:47:43.480 GMT+07] [Window: Administrator: Command Prompt] Key: [DOWN]
[2025-07-15 16:47:43.648 GMT+07] [Window: Administrator: Command Prompt] Key: [LEFT]
[2025-07-15 16:47:44.158 GMT+07] [Window: Administrator: Command Prompt] Key: [LEFT]
[2025-07-15 16:47:44.189 GMT+07] [Window: Administrator: Command Prompt] Key: [LEFT]
[2025-07-15 16:47:44.219 GMT+07] [Window: Administrator: Command Prompt] Key: [LEFT]
[2025-07-15 16:47:44.250 GMT+07] [Window: Administrator: Command Prompt] Key: [LEFT]
[2025-07-15 16:47:44.281 GMT+07] [Window: Administrator: Command Prompt] Key: [LEFT]
[2025-07-15 16:47:44.327 GMT+07] [Window: Administrator: Command Prompt] Key: [LEFT]
[2025-07-15 16:47:44.358 GMT+07] [Window: Administrator: Command Prompt] Key: [LEFT]
[2025-07-15 16:47:44.389 GMT+07] [Window: Administrator: Command Prompt] Key: [LEFT]
[2025-07-15 16:47:44.420 GMT+07] [Window: Administrator: Command Prompt] Key: [LEFT]
[2025-07-15 16:47:44.450 GMT+07] [Window: Administrator: Command Prompt] Key: [LEFT]
[2025-07-15 16:47:44.483 GMT+07] [Window: Administrator: Command Prompt] Key: [LEFT]
[2025-07-15 16:47:44.513 GMT+07] [Window: Administrator: Command Prompt] Key: [LEFT]
[2025-07-15 16:47:44.559 GMT+07] [Window: Administrator: Command Prompt] Key: [LEFT]
[2025-07-15 16:47:44.589 GMT+07] [Window: Administrator: Command Prompt] Key: [LEFT]
[2025-07-15 16:47:44.621 GMT+07] [Window: Administrator: Command Prompt] Key: [LEFT]
[2025-07-15 16:47:44.652 GMT+07] [Window: Administrator: Command Prompt] Key: [LEFT]
[2025-07-15 16:47:44.682 GMT+07] [Window: Administrator: Command Prompt] Key: [LEFT]
[2025-07-15 16:47:44.712 GMT+07] [Window: Administrator: Command Prompt] Key: [LEFT]
[2025-07-15 16:47:44.743 GMT+07] [Window: Administrator: Command Prompt] Key: [LEFT]
[2025-07-15 16:47:44.791 GMT+07] [Window: Administrator: Command Prompt] Key: [LEFT]
[2025-07-15 16:47:44.822 GMT+07] [Window: Administrator: Command Prompt] Key: [LEFT]
[2025-07-15 16:47:44.854 GMT+07] [Window: Administrator: Command Prompt] Key: [LEFT]
[2025-07-15 16:47:44.885 GMT+07] [Window: Administrator: Command Prompt] Key: [LEFT]
[2025-07-15 16:47:45.187 GMT+07] [Window: Administrator: Command Prompt] Key: [RIGHT]
[2025-07-15 16:47:45.508 GMT+07] [Window: Administrator: Command Prompt] Key: [BACKSPACE]
[2025-07-15 16:47:45.696 GMT+07] [Window: Administrator: Command Prompt] Key: [BACKSPACE]
[2025-07-15 16:47:46.014 GMT+07] [Window: Administrator: Command Prompt] Key: [BACKSPACE]
[2025-07-15 16:47:46.953 GMT+07] [Window: Administrator: Command Prompt] Key: s
[2025-07-15 16:47:47.018 GMT+07] [Window: Administrator: Command Prompt] Key: t
[2025-07-15 16:47:47.373 GMT+07] [Window: Administrator: Command Prompt] Key: o
[2025-07-15 16:47:47.521 GMT+07] [Window: Administrator: Command Prompt] Key: p
[2025-07-15 16:47:47.789 GMT+07] [Window: Administrator: Command Prompt] Key: 

