Starting periodic logging of 'C:\mr-coding-tutor-unity\data\P14-VC\main_P14-VC.py'
Interval: 1.0 seconds
Output directory: C:\mr-coding-tutor-unity\data\P14-VC\period
Content changed, saved copy to: C:\mr-coding-tutor-unity\data\P14-VC\period\20250715_163547_main_P14-VC.py
No changes detected in 'C:\mr-coding-tutor-unity\data\P14-VC\main_P14-VC.py', skipping save
No changes detected in 'C:\mr-coding-tutor-unity\data\P14-VC\main_P14-VC.py', skipping save
No changes detected in 'C:\mr-coding-tutor-unity\data\P14-VC\main_P14-VC.py', skipping save
No changes detected in 'C:\mr-coding-tutor-unity\data\P14-VC\main_P14-VC.py', skipping save
No changes detected in 'C:\mr-coding-tutor-unity\data\P14-VC\main_P14-VC.py', skipping save
No changes detected in 'C:\mr-coding-tutor-unity\data\P14-VC\main_P14-VC.py', skipping save
No changes detected in 'C:\mr-coding-tutor-unity\data\P14-VC\main_P14-VC.py', skipping save
No changes detected in 'C:\mr-coding-tutor-unity\data\P14-VC\main_P14-VC.py', skipping save
No changes detected in 'C:\mr-coding-tutor-unity\data\P14-VC\main_P14-VC.py', skipping save
No changes detected in 'C:\mr-coding-tutor-unity\data\P14-VC\main_P14-VC.py', skipping save
No changes detected in 'C:\mr-coding-tutor-unity\data\P14-VC\main_P14-VC.py', skipping save
No changes detected in 'C:\mr-coding-tutor-unity\data\P14-VC\main_P14-VC.py', skipping save
No changes detected in 'C:\mr-coding-tutor-unity\data\P14-VC\main_P14-VC.py', skipping save
No changes detected in 'C:\mr-coding-tutor-unity\data\P14-VC\main_P14-VC.py', skipping save
No changes detected in 'C:\mr-coding-tutor-unity\data\P14-VC\main_P14-VC.py', skipping save
No changes detected in 'C:\mr-coding-tutor-unity\data\P14-VC\main_P14-VC.py', skipping save
No changes detected in 'C:\mr-coding-tutor-unity\data\P14-VC\main_P14-VC.py', skipping save
No changes detected in 'C:\mr-coding-tutor-unity\data\P14-VC\main_P14-VC.py', skipping save
No changes detected in 'C:\mr-coding-tutor-unity\data\P14-VC\main_P14-VC.py', skipping save
No changes detected in 'C:\mr-coding-tutor-unity\data\P14-VC\main_P14-VC.py', skipping save
No changes detected in 'C:\mr-coding-tutor-unity\data\P14-VC\main_P14-VC.py', skipping save
No changes detected in 'C:\mr-coding-tutor-unity\data\P14-VC\main_P14-VC.py', skipping save
No changes detected in 'C:\mr-coding-tutor-unity\data\P14-VC\main_P14-VC.py', skipping save
No changes detected in 'C:\mr-coding-tutor-unity\data\P14-VC\main_P14-VC.py', skipping save
No changes detected in 'C:\mr-coding-tutor-unity\data\P14-VC\main_P14-VC.py', skipping save
No changes detected in 'C:\mr-coding-tutor-unity\data\P14-VC\main_P14-VC.py', skipping save
No changes detected in 'C:\mr-coding-tutor-unity\data\P14-VC\main_P14-VC.py', skipping save
No changes detected in 'C:\mr-coding-tutor-unity\data\P14-VC\main_P14-VC.py', skipping save
No changes detected in 'C:\mr-coding-tutor-unity\data\P14-VC\main_P14-VC.py', skipping save
No changes detected in 'C:\mr-coding-tutor-unity\data\P14-VC\main_P14-VC.py', skipping save
No changes detected in 'C:\mr-coding-tutor-unity\data\P14-VC\main_P14-VC.py', skipping save
No changes detected in 'C:\mr-coding-tutor-unity\data\P14-VC\main_P14-VC.py', skipping save
No changes detected in 'C:\mr-coding-tutor-unity\data\P14-VC\main_P14-VC.py', skipping save
No changes detected in 'C:\mr-coding-tutor-unity\data\P14-VC\main_P14-VC.py', skipping save
No changes detected in 'C:\mr-coding-tutor-unity\data\P14-VC\main_P14-VC.py', skipping save
No changes detected in 'C:\mr-coding-tutor-unity\data\P14-VC\main_P14-VC.py', skipping save
No changes detected in 'C:\mr-coding-tutor-unity\data\P14-VC\main_P14-VC.py', skipping save
No changes detected in 'C:\mr-coding-tutor-unity\data\P14-VC\main_P14-VC.py', skipping save
No changes detected in 'C:\mr-coding-tutor-unity\data\P14-VC\main_P14-VC.py', skipping save
No changes detected in 'C:\mr-coding-tutor-unity\data\P14-VC\main_P14-VC.py', skipping save
No changes detected in 'C:\mr-coding-tutor-unity\data\P14-VC\main_P14-VC.py', skipping save
No changes detected in 'C:\mr-coding-tutor-unity\data\P14-VC\main_P14-VC.py', skipping save
No changes detected in 'C:\mr-coding-tutor-unity\data\P14-VC\main_P14-VC.py', skipping save
No changes detected in 'C:\mr-coding-tutor-unity\data\P14-VC\main_P14-VC.py', skipping save
No changes detected in 'C:\mr-coding-tutor-unity\data\P14-VC\main_P14-VC.py', skipping save
No changes detected in 'C:\mr-coding-tutor-unity\data\P14-VC\main_P14-VC.py', skipping save
No changes detected in 'C:\mr-coding-tutor-unity\data\P14-VC\main_P14-VC.py', skipping save
No changes detected in 'C:\mr-coding-tutor-unity\data\P14-VC\main_P14-VC.py', skipping save
No changes detected in 'C:\mr-coding-tutor-unity\data\P14-VC\main_P14-VC.py', skipping save
No changes detected in 'C:\mr-coding-tutor-unity\data\P14-VC\main_P14-VC.py', skipping save
No changes detected in 'C:\mr-coding-tutor-unity\data\P14-VC\main_P14-VC.py', skipping save
No changes detected in 'C:\mr-coding-tutor-unity\data\P14-VC\main_P14-VC.py', skipping save
No changes detected in 'C:\mr-coding-tutor-unity\data\P14-VC\main_P14-VC.py', skipping save
No changes detected in 'C:\mr-coding-tutor-unity\data\P14-VC\main_P14-VC.py', skipping save
No changes detected in 'C:\mr-coding-tutor-unity\data\P14-VC\main_P14-VC.py', skipping save
No changes detected in 'C:\mr-coding-tutor-unity\data\P14-VC\main_P14-VC.py', skipping save
No changes detected in 'C:\mr-coding-tutor-unity\data\P14-VC\main_P14-VC.py', skipping save
No changes detected in 'C:\mr-coding-tutor-unity\data\P14-VC\main_P14-VC.py', skipping save
No changes detected in 'C:\mr-coding-tutor-unity\data\P14-VC\main_P14-VC.py', skipping save
No changes detected in 'C:\mr-coding-tutor-unity\data\P14-VC\main_P14-VC.py', skipping save
No changes detected in 'C:\mr-coding-tutor-unity\data\P14-VC\main_P14-VC.py', skipping save
No changes detected in 'C:\mr-coding-tutor-unity\data\P14-VC\main_P14-VC.py', skipping save
No changes detected in 'C:\mr-coding-tutor-unity\data\P14-VC\main_P14-VC.py', skipping save
No changes detected in 'C:\mr-coding-tutor-unity\data\P14-VC\main_P14-VC.py', skipping save
No changes detected in 'C:\mr-coding-tutor-unity\data\P14-VC\main_P14-VC.py', skipping save
No changes detected in 'C:\mr-coding-tutor-unity\data\P14-VC\main_P14-VC.py', skipping save
No changes detected in 'C:\mr-coding-tutor-unity\data\P14-VC\main_P14-VC.py', skipping save
No changes detected in 'C:\mr-coding-tutor-unity\data\P14-VC\main_P14-VC.py', skipping save
No changes detected in 'C:\mr-coding-tutor-unity\data\P14-VC\main_P14-VC.py', skipping save
No changes detected in 'C:\mr-coding-tutor-unity\data\P14-VC\main_P14-VC.py', skipping save
No changes detected in 'C:\mr-coding-tutor-unity\data\P14-VC\main_P14-VC.py', skipping save
No changes detected in 'C:\mr-coding-tutor-unity\data\P14-VC\main_P14-VC.py', skipping save
No changes detected in 'C:\mr-coding-tutor-unity\data\P14-VC\main_P14-VC.py', skipping save
No changes detected in 'C:\mr-coding-tutor-unity\data\P14-VC\main_P14-VC.py', skipping save
No changes detected in 'C:\mr-coding-tutor-unity\data\P14-VC\main_P14-VC.py', skipping save
No changes detected in 'C:\mr-coding-tutor-unity\data\P14-VC\main_P14-VC.py', skipping save
No changes detected in 'C:\mr-coding-tutor-unity\data\P14-VC\main_P14-VC.py', skipping save
No changes detected in 'C:\mr-coding-tutor-unity\data\P14-VC\main_P14-VC.py', skipping save
No changes detected in 'C:\mr-coding-tutor-unity\data\P14-VC\main_P14-VC.py', skipping save
No changes detected in 'C:\mr-coding-tutor-unity\data\P14-VC\main_P14-VC.py', skipping save
No changes detected in 'C:\mr-coding-tutor-unity\data\P14-VC\main_P14-VC.py', skipping save
No changes detected in 'C:\mr-coding-tutor-unity\data\P14-VC\main_P14-VC.py', skipping save
No changes detected in 'C:\mr-coding-tutor-unity\data\P14-VC\main_P14-VC.py', skipping save
No changes detected in 'C:\mr-coding-tutor-unity\data\P14-VC\main_P14-VC.py', skipping save
No changes detected in 'C:\mr-coding-tutor-unity\data\P14-VC\main_P14-VC.py', skipping save
No changes detected in 'C:\mr-coding-tutor-unity\data\P14-VC\main_P14-VC.py', skipping save
No changes detected in 'C:\mr-coding-tutor-unity\data\P14-VC\main_P14-VC.py', skipping save
No changes detected in 'C:\mr-coding-tutor-unity\data\P14-VC\main_P14-VC.py', skipping save
No changes detected in 'C:\mr-coding-tutor-unity\data\P14-VC\main_P14-VC.py', skipping save
No changes detected in 'C:\mr-coding-tutor-unity\data\P14-VC\main_P14-VC.py', skipping save
No changes detected in 'C:\mr-coding-tutor-unity\data\P14-VC\main_P14-VC.py', skipping save
No changes detected in 'C:\mr-coding-tutor-unity\data\P14-VC\main_P14-VC.py', skipping save
No changes detected in 'C:\mr-coding-tutor-unity\data\P14-VC\main_P14-VC.py', skipping save
No changes detected in 'C:\mr-coding-tutor-unity\data\P14-VC\main_P14-VC.py', skipping save
No changes detected in 'C:\mr-coding-tutor-unity\data\P14-VC\main_P14-VC.py', skipping save
No changes detected in 'C:\mr-coding-tutor-unity\data\P14-VC\main_P14-VC.py', skipping save
No changes detected in 'C:\mr-coding-tutor-unity\data\P14-VC\main_P14-VC.py', skipping save
No changes detected in 'C:\mr-coding-tutor-unity\data\P14-VC\main_P14-VC.py', skipping save
No changes detected in 'C:\mr-coding-tutor-unity\data\P14-VC\main_P14-VC.py', skipping save
No changes detected in 'C:\mr-coding-tutor-unity\data\P14-VC\main_P14-VC.py', skipping save
No changes detected in 'C:\mr-coding-tutor-unity\data\P14-VC\main_P14-VC.py', skipping save
No changes detected in 'C:\mr-coding-tutor-unity\data\P14-VC\main_P14-VC.py', skipping save
No changes detected in 'C:\mr-coding-tutor-unity\data\P14-VC\main_P14-VC.py', skipping save
No changes detected in 'C:\mr-coding-tutor-unity\data\P14-VC\main_P14-VC.py', skipping save
No changes detected in 'C:\mr-coding-tutor-unity\data\P14-VC\main_P14-VC.py', skipping save
No changes detected in 'C:\mr-coding-tutor-unity\data\P14-VC\main_P14-VC.py', skipping save
No changes detected in 'C:\mr-coding-tutor-unity\data\P14-VC\main_P14-VC.py', skipping save
No changes detected in 'C:\mr-coding-tutor-unity\data\P14-VC\main_P14-VC.py', skipping save
No changes detected in 'C:\mr-coding-tutor-unity\data\P14-VC\main_P14-VC.py', skipping save
No changes detected in 'C:\mr-coding-tutor-unity\data\P14-VC\main_P14-VC.py', skipping save
No changes detected in 'C:\mr-coding-tutor-unity\data\P14-VC\main_P14-VC.py', skipping save
No changes detected in 'C:\mr-coding-tutor-unity\data\P14-VC\main_P14-VC.py', skipping save
No changes detected in 'C:\mr-coding-tutor-unity\data\P14-VC\main_P14-VC.py', skipping save
No changes detected in 'C:\mr-coding-tutor-unity\data\P14-VC\main_P14-VC.py', skipping save
No changes detected in 'C:\mr-coding-tutor-unity\data\P14-VC\main_P14-VC.py', skipping save
No changes detected in 'C:\mr-coding-tutor-unity\data\P14-VC\main_P14-VC.py', skipping save
No changes detected in 'C:\mr-coding-tutor-unity\data\P14-VC\main_P14-VC.py', skipping save
No changes detected in 'C:\mr-coding-tutor-unity\data\P14-VC\main_P14-VC.py', skipping save
No changes detected in 'C:\mr-coding-tutor-unity\data\P14-VC\main_P14-VC.py', skipping save
No changes detected in 'C:\mr-coding-tutor-unity\data\P14-VC\main_P14-VC.py', skipping save
No changes detected in 'C:\mr-coding-tutor-unity\data\P14-VC\main_P14-VC.py', skipping save
No changes detected in 'C:\mr-coding-tutor-unity\data\P14-VC\main_P14-VC.py', skipping save
No changes detected in 'C:\mr-coding-tutor-unity\data\P14-VC\main_P14-VC.py', skipping save
No changes detected in 'C:\mr-coding-tutor-unity\data\P14-VC\main_P14-VC.py', skipping save
No changes detected in 'C:\mr-coding-tutor-unity\data\P14-VC\main_P14-VC.py', skipping save
No changes detected in 'C:\mr-coding-tutor-unity\data\P14-VC\main_P14-VC.py', skipping save
No changes detected in 'C:\mr-coding-tutor-unity\data\P14-VC\main_P14-VC.py', skipping save
No changes detected in 'C:\mr-coding-tutor-unity\data\P14-VC\main_P14-VC.py', skipping save
No changes detected in 'C:\mr-coding-tutor-unity\data\P14-VC\main_P14-VC.py', skipping save
No changes detected in 'C:\mr-coding-tutor-unity\data\P14-VC\main_P14-VC.py', skipping save
No changes detected in 'C:\mr-coding-tutor-unity\data\P14-VC\main_P14-VC.py', skipping save
No changes detected in 'C:\mr-coding-tutor-unity\data\P14-VC\main_P14-VC.py', skipping save
No changes detected in 'C:\mr-coding-tutor-unity\data\P14-VC\main_P14-VC.py', skipping save
No changes detected in 'C:\mr-coding-tutor-unity\data\P14-VC\main_P14-VC.py', skipping save
No changes detected in 'C:\mr-coding-tutor-unity\data\P14-VC\main_P14-VC.py', skipping save
No changes detected in 'C:\mr-coding-tutor-unity\data\P14-VC\main_P14-VC.py', skipping save
No changes detected in 'C:\mr-coding-tutor-unity\data\P14-VC\main_P14-VC.py', skipping save
No changes detected in 'C:\mr-coding-tutor-unity\data\P14-VC\main_P14-VC.py', skipping save
No changes detected in 'C:\mr-coding-tutor-unity\data\P14-VC\main_P14-VC.py', skipping save
No changes detected in 'C:\mr-coding-tutor-unity\data\P14-VC\main_P14-VC.py', skipping save
No changes detected in 'C:\mr-coding-tutor-unity\data\P14-VC\main_P14-VC.py', skipping save
No changes detected in 'C:\mr-coding-tutor-unity\data\P14-VC\main_P14-VC.py', skipping save
No changes detected in 'C:\mr-coding-tutor-unity\data\P14-VC\main_P14-VC.py', skipping save
No changes detected in 'C:\mr-coding-tutor-unity\data\P14-VC\main_P14-VC.py', skipping save
No changes detected in 'C:\mr-coding-tutor-unity\data\P14-VC\main_P14-VC.py', skipping save
No changes detected in 'C:\mr-coding-tutor-unity\data\P14-VC\main_P14-VC.py', skipping save
No changes detected in 'C:\mr-coding-tutor-unity\data\P14-VC\main_P14-VC.py', skipping save
No changes detected in 'C:\mr-coding-tutor-unity\data\P14-VC\main_P14-VC.py', skipping save
No changes detected in 'C:\mr-coding-tutor-unity\data\P14-VC\main_P14-VC.py', skipping save
No changes detected in 'C:\mr-coding-tutor-unity\data\P14-VC\main_P14-VC.py', skipping save
No changes detected in 'C:\mr-coding-tutor-unity\data\P14-VC\main_P14-VC.py', skipping save
No changes detected in 'C:\mr-coding-tutor-unity\data\P14-VC\main_P14-VC.py', skipping save
No changes detected in 'C:\mr-coding-tutor-unity\data\P14-VC\main_P14-VC.py', skipping save
No changes detected in 'C:\mr-coding-tutor-unity\data\P14-VC\main_P14-VC.py', skipping save
No changes detected in 'C:\mr-coding-tutor-unity\data\P14-VC\main_P14-VC.py', skipping save
No changes detected in 'C:\mr-coding-tutor-unity\data\P14-VC\main_P14-VC.py', skipping save
No changes detected in 'C:\mr-coding-tutor-unity\data\P14-VC\main_P14-VC.py', skipping save
No changes detected in 'C:\mr-coding-tutor-unity\data\P14-VC\main_P14-VC.py', skipping save
No changes detected in 'C:\mr-coding-tutor-unity\data\P14-VC\main_P14-VC.py', skipping save
No changes detected in 'C:\mr-coding-tutor-unity\data\P14-VC\main_P14-VC.py', skipping save
No changes detected in 'C:\mr-coding-tutor-unity\data\P14-VC\main_P14-VC.py', skipping save
No changes detected in 'C:\mr-coding-tutor-unity\data\P14-VC\main_P14-VC.py', skipping save
No changes detected in 'C:\mr-coding-tutor-unity\data\P14-VC\main_P14-VC.py', skipping save
No changes detected in 'C:\mr-coding-tutor-unity\data\P14-VC\main_P14-VC.py', skipping save
No changes detected in 'C:\mr-coding-tutor-unity\data\P14-VC\main_P14-VC.py', skipping save
No changes detected in 'C:\mr-coding-tutor-unity\data\P14-VC\main_P14-VC.py', skipping save
No changes detected in 'C:\mr-coding-tutor-unity\data\P14-VC\main_P14-VC.py', skipping save
No changes detected in 'C:\mr-coding-tutor-unity\data\P14-VC\main_P14-VC.py', skipping save
No changes detected in 'C:\mr-coding-tutor-unity\data\P14-VC\main_P14-VC.py', skipping save
No changes detected in 'C:\mr-coding-tutor-unity\data\P14-VC\main_P14-VC.py', skipping save
No changes detected in 'C:\mr-coding-tutor-unity\data\P14-VC\main_P14-VC.py', skipping save
No changes detected in 'C:\mr-coding-tutor-unity\data\P14-VC\main_P14-VC.py', skipping save
No changes detected in 'C:\mr-coding-tutor-unity\data\P14-VC\main_P14-VC.py', skipping save
No changes detected in 'C:\mr-coding-tutor-unity\data\P14-VC\main_P14-VC.py', skipping save
No changes detected in 'C:\mr-coding-tutor-unity\data\P14-VC\main_P14-VC.py', skipping save
No changes detected in 'C:\mr-coding-tutor-unity\data\P14-VC\main_P14-VC.py', skipping save
No changes detected in 'C:\mr-coding-tutor-unity\data\P14-VC\main_P14-VC.py', skipping save
No changes detected in 'C:\mr-coding-tutor-unity\data\P14-VC\main_P14-VC.py', skipping save
No changes detected in 'C:\mr-coding-tutor-unity\data\P14-VC\main_P14-VC.py', skipping save
No changes detected in 'C:\mr-coding-tutor-unity\data\P14-VC\main_P14-VC.py', skipping save
No changes detected in 'C:\mr-coding-tutor-unity\data\P14-VC\main_P14-VC.py', skipping save
No changes detected in 'C:\mr-coding-tutor-unity\data\P14-VC\main_P14-VC.py', skipping save
No changes detected in 'C:\mr-coding-tutor-unity\data\P14-VC\main_P14-VC.py', skipping save
No changes detected in 'C:\mr-coding-tutor-unity\data\P14-VC\main_P14-VC.py', skipping save
No changes detected in 'C:\mr-coding-tutor-unity\data\P14-VC\main_P14-VC.py', skipping save
No changes detected in 'C:\mr-coding-tutor-unity\data\P14-VC\main_P14-VC.py', skipping save
No changes detected in 'C:\mr-coding-tutor-unity\data\P14-VC\main_P14-VC.py', skipping save
No changes detected in 'C:\mr-coding-tutor-unity\data\P14-VC\main_P14-VC.py', skipping save
No changes detected in 'C:\mr-coding-tutor-unity\data\P14-VC\main_P14-VC.py', skipping save
No changes detected in 'C:\mr-coding-tutor-unity\data\P14-VC\main_P14-VC.py', skipping save
No changes detected in 'C:\mr-coding-tutor-unity\data\P14-VC\main_P14-VC.py', skipping save
No changes detected in 'C:\mr-coding-tutor-unity\data\P14-VC\main_P14-VC.py', skipping save
No changes detected in 'C:\mr-coding-tutor-unity\data\P14-VC\main_P14-VC.py', skipping save
No changes detected in 'C:\mr-coding-tutor-unity\data\P14-VC\main_P14-VC.py', skipping save
No changes detected in 'C:\mr-coding-tutor-unity\data\P14-VC\main_P14-VC.py', skipping save
No changes detected in 'C:\mr-coding-tutor-unity\data\P14-VC\main_P14-VC.py', skipping save
No changes detected in 'C:\mr-coding-tutor-unity\data\P14-VC\main_P14-VC.py', skipping save
No changes detected in 'C:\mr-coding-tutor-unity\data\P14-VC\main_P14-VC.py', skipping save
No changes detected in 'C:\mr-coding-tutor-unity\data\P14-VC\main_P14-VC.py', skipping save
No changes detected in 'C:\mr-coding-tutor-unity\data\P14-VC\main_P14-VC.py', skipping save
No changes detected in 'C:\mr-coding-tutor-unity\data\P14-VC\main_P14-VC.py', skipping save
No changes detected in 'C:\mr-coding-tutor-unity\data\P14-VC\main_P14-VC.py', skipping save
No changes detected in 'C:\mr-coding-tutor-unity\data\P14-VC\main_P14-VC.py', skipping save
No changes detected in 'C:\mr-coding-tutor-unity\data\P14-VC\main_P14-VC.py', skipping save
No changes detected in 'C:\mr-coding-tutor-unity\data\P14-VC\main_P14-VC.py', skipping save
No changes detected in 'C:\mr-coding-tutor-unity\data\P14-VC\main_P14-VC.py', skipping save
No changes detected in 'C:\mr-coding-tutor-unity\data\P14-VC\main_P14-VC.py', skipping save
No changes detected in 'C:\mr-coding-tutor-unity\data\P14-VC\main_P14-VC.py', skipping save
No changes detected in 'C:\mr-coding-tutor-unity\data\P14-VC\main_P14-VC.py', skipping save
No changes detected in 'C:\mr-coding-tutor-unity\data\P14-VC\main_P14-VC.py', skipping save
No changes detected in 'C:\mr-coding-tutor-unity\data\P14-VC\main_P14-VC.py', skipping save
No changes detected in 'C:\mr-coding-tutor-unity\data\P14-VC\main_P14-VC.py', skipping save
No changes detected in 'C:\mr-coding-tutor-unity\data\P14-VC\main_P14-VC.py', skipping save
No changes detected in 'C:\mr-coding-tutor-unity\data\P14-VC\main_P14-VC.py', skipping save
No changes detected in 'C:\mr-coding-tutor-unity\data\P14-VC\main_P14-VC.py', skipping save
No changes detected in 'C:\mr-coding-tutor-unity\data\P14-VC\main_P14-VC.py', skipping save
No changes detected in 'C:\mr-coding-tutor-unity\data\P14-VC\main_P14-VC.py', skipping save
No changes detected in 'C:\mr-coding-tutor-unity\data\P14-VC\main_P14-VC.py', skipping save
No changes detected in 'C:\mr-coding-tutor-unity\data\P14-VC\main_P14-VC.py', skipping save
No changes detected in 'C:\mr-coding-tutor-unity\data\P14-VC\main_P14-VC.py', skipping save
No changes detected in 'C:\mr-coding-tutor-unity\data\P14-VC\main_P14-VC.py', skipping save
No changes detected in 'C:\mr-coding-tutor-unity\data\P14-VC\main_P14-VC.py', skipping save
No changes detected in 'C:\mr-coding-tutor-unity\data\P14-VC\main_P14-VC.py', skipping save
No changes detected in 'C:\mr-coding-tutor-unity\data\P14-VC\main_P14-VC.py', skipping save
No changes detected in 'C:\mr-coding-tutor-unity\data\P14-VC\main_P14-VC.py', skipping save
No changes detected in 'C:\mr-coding-tutor-unity\data\P14-VC\main_P14-VC.py', skipping save
No changes detected in 'C:\mr-coding-tutor-unity\data\P14-VC\main_P14-VC.py', skipping save
No changes detected in 'C:\mr-coding-tutor-unity\data\P14-VC\main_P14-VC.py', skipping save
No changes detected in 'C:\mr-coding-tutor-unity\data\P14-VC\main_P14-VC.py', skipping save
No changes detected in 'C:\mr-coding-tutor-unity\data\P14-VC\main_P14-VC.py', skipping save
No changes detected in 'C:\mr-coding-tutor-unity\data\P14-VC\main_P14-VC.py', skipping save
No changes detected in 'C:\mr-coding-tutor-unity\data\P14-VC\main_P14-VC.py', skipping save
No changes detected in 'C:\mr-coding-tutor-unity\data\P14-VC\main_P14-VC.py', skipping save
No changes detected in 'C:\mr-coding-tutor-unity\data\P14-VC\main_P14-VC.py', skipping save
No changes detected in 'C:\mr-coding-tutor-unity\data\P14-VC\main_P14-VC.py', skipping save
No changes detected in 'C:\mr-coding-tutor-unity\data\P14-VC\main_P14-VC.py', skipping save
No changes detected in 'C:\mr-coding-tutor-unity\data\P14-VC\main_P14-VC.py', skipping save
No changes detected in 'C:\mr-coding-tutor-unity\data\P14-VC\main_P14-VC.py', skipping save
No changes detected in 'C:\mr-coding-tutor-unity\data\P14-VC\main_P14-VC.py', skipping save
No changes detected in 'C:\mr-coding-tutor-unity\data\P14-VC\main_P14-VC.py', skipping save
No changes detected in 'C:\mr-coding-tutor-unity\data\P14-VC\main_P14-VC.py', skipping save
No changes detected in 'C:\mr-coding-tutor-unity\data\P14-VC\main_P14-VC.py', skipping save
No changes detected in 'C:\mr-coding-tutor-unity\data\P14-VC\main_P14-VC.py', skipping save
No changes detected in 'C:\mr-coding-tutor-unity\data\P14-VC\main_P14-VC.py', skipping save
No changes detected in 'C:\mr-coding-tutor-unity\data\P14-VC\main_P14-VC.py', skipping save
No changes detected in 'C:\mr-coding-tutor-unity\data\P14-VC\main_P14-VC.py', skipping save
No changes detected in 'C:\mr-coding-tutor-unity\data\P14-VC\main_P14-VC.py', skipping save
No changes detected in 'C:\mr-coding-tutor-unity\data\P14-VC\main_P14-VC.py', skipping save
No changes detected in 'C:\mr-coding-tutor-unity\data\P14-VC\main_P14-VC.py', skipping save
No changes detected in 'C:\mr-coding-tutor-unity\data\P14-VC\main_P14-VC.py', skipping save
No changes detected in 'C:\mr-coding-tutor-unity\data\P14-VC\main_P14-VC.py', skipping save
No changes detected in 'C:\mr-coding-tutor-unity\data\P14-VC\main_P14-VC.py', skipping save
No changes detected in 'C:\mr-coding-tutor-unity\data\P14-VC\main_P14-VC.py', skipping save
No changes detected in 'C:\mr-coding-tutor-unity\data\P14-VC\main_P14-VC.py', skipping save
No changes detected in 'C:\mr-coding-tutor-unity\data\P14-VC\main_P14-VC.py', skipping save
No changes detected in 'C:\mr-coding-tutor-unity\data\P14-VC\main_P14-VC.py', skipping save
No changes detected in 'C:\mr-coding-tutor-unity\data\P14-VC\main_P14-VC.py', skipping save
No changes detected in 'C:\mr-coding-tutor-unity\data\P14-VC\main_P14-VC.py', skipping save
No changes detected in 'C:\mr-coding-tutor-unity\data\P14-VC\main_P14-VC.py', skipping save
No changes detected in 'C:\mr-coding-tutor-unity\data\P14-VC\main_P14-VC.py', skipping save
No changes detected in 'C:\mr-coding-tutor-unity\data\P14-VC\main_P14-VC.py', skipping save
No changes detected in 'C:\mr-coding-tutor-unity\data\P14-VC\main_P14-VC.py', skipping save
No changes detected in 'C:\mr-coding-tutor-unity\data\P14-VC\main_P14-VC.py', skipping save
No changes detected in 'C:\mr-coding-tutor-unity\data\P14-VC\main_P14-VC.py', skipping save
No changes detected in 'C:\mr-coding-tutor-unity\data\P14-VC\main_P14-VC.py', skipping save
No changes detected in 'C:\mr-coding-tutor-unity\data\P14-VC\main_P14-VC.py', skipping save
No changes detected in 'C:\mr-coding-tutor-unity\data\P14-VC\main_P14-VC.py', skipping save
No changes detected in 'C:\mr-coding-tutor-unity\data\P14-VC\main_P14-VC.py', skipping save
No changes detected in 'C:\mr-coding-tutor-unity\data\P14-VC\main_P14-VC.py', skipping save
No changes detected in 'C:\mr-coding-tutor-unity\data\P14-VC\main_P14-VC.py', skipping save
No changes detected in 'C:\mr-coding-tutor-unity\data\P14-VC\main_P14-VC.py', skipping save
No changes detected in 'C:\mr-coding-tutor-unity\data\P14-VC\main_P14-VC.py', skipping save
No changes detected in 'C:\mr-coding-tutor-unity\data\P14-VC\main_P14-VC.py', skipping save
No changes detected in 'C:\mr-coding-tutor-unity\data\P14-VC\main_P14-VC.py', skipping save
No changes detected in 'C:\mr-coding-tutor-unity\data\P14-VC\main_P14-VC.py', skipping save
No changes detected in 'C:\mr-coding-tutor-unity\data\P14-VC\main_P14-VC.py', skipping save
No changes detected in 'C:\mr-coding-tutor-unity\data\P14-VC\main_P14-VC.py', skipping save
No changes detected in 'C:\mr-coding-tutor-unity\data\P14-VC\main_P14-VC.py', skipping save
No changes detected in 'C:\mr-coding-tutor-unity\data\P14-VC\main_P14-VC.py', skipping save
No changes detected in 'C:\mr-coding-tutor-unity\data\P14-VC\main_P14-VC.py', skipping save
No changes detected in 'C:\mr-coding-tutor-unity\data\P14-VC\main_P14-VC.py', skipping save
No changes detected in 'C:\mr-coding-tutor-unity\data\P14-VC\main_P14-VC.py', skipping save
No changes detected in 'C:\mr-coding-tutor-unity\data\P14-VC\main_P14-VC.py', skipping save
No changes detected in 'C:\mr-coding-tutor-unity\data\P14-VC\main_P14-VC.py', skipping save
No changes detected in 'C:\mr-coding-tutor-unity\data\P14-VC\main_P14-VC.py', skipping save
No changes detected in 'C:\mr-coding-tutor-unity\data\P14-VC\main_P14-VC.py', skipping save
No changes detected in 'C:\mr-coding-tutor-unity\data\P14-VC\main_P14-VC.py', skipping save
No changes detected in 'C:\mr-coding-tutor-unity\data\P14-VC\main_P14-VC.py', skipping save
No changes detected in 'C:\mr-coding-tutor-unity\data\P14-VC\main_P14-VC.py', skipping save
No changes detected in 'C:\mr-coding-tutor-unity\data\P14-VC\main_P14-VC.py', skipping save
No changes detected in 'C:\mr-coding-tutor-unity\data\P14-VC\main_P14-VC.py', skipping save
No changes detected in 'C:\mr-coding-tutor-unity\data\P14-VC\main_P14-VC.py', skipping save
No changes detected in 'C:\mr-coding-tutor-unity\data\P14-VC\main_P14-VC.py', skipping save
No changes detected in 'C:\mr-coding-tutor-unity\data\P14-VC\main_P14-VC.py', skipping save
No changes detected in 'C:\mr-coding-tutor-unity\data\P14-VC\main_P14-VC.py', skipping save
No changes detected in 'C:\mr-coding-tutor-unity\data\P14-VC\main_P14-VC.py', skipping save
No changes detected in 'C:\mr-coding-tutor-unity\data\P14-VC\main_P14-VC.py', skipping save
No changes detected in 'C:\mr-coding-tutor-unity\data\P14-VC\main_P14-VC.py', skipping save
No changes detected in 'C:\mr-coding-tutor-unity\data\P14-VC\main_P14-VC.py', skipping save
No changes detected in 'C:\mr-coding-tutor-unity\data\P14-VC\main_P14-VC.py', skipping save
No changes detected in 'C:\mr-coding-tutor-unity\data\P14-VC\main_P14-VC.py', skipping save
No changes detected in 'C:\mr-coding-tutor-unity\data\P14-VC\main_P14-VC.py', skipping save
No changes detected in 'C:\mr-coding-tutor-unity\data\P14-VC\main_P14-VC.py', skipping save
No changes detected in 'C:\mr-coding-tutor-unity\data\P14-VC\main_P14-VC.py', skipping save
No changes detected in 'C:\mr-coding-tutor-unity\data\P14-VC\main_P14-VC.py', skipping save
No changes detected in 'C:\mr-coding-tutor-unity\data\P14-VC\main_P14-VC.py', skipping save
No changes detected in 'C:\mr-coding-tutor-unity\data\P14-VC\main_P14-VC.py', skipping save
No changes detected in 'C:\mr-coding-tutor-unity\data\P14-VC\main_P14-VC.py', skipping save
No changes detected in 'C:\mr-coding-tutor-unity\data\P14-VC\main_P14-VC.py', skipping save
No changes detected in 'C:\mr-coding-tutor-unity\data\P14-VC\main_P14-VC.py', skipping save
No changes detected in 'C:\mr-coding-tutor-unity\data\P14-VC\main_P14-VC.py', skipping save
No changes detected in 'C:\mr-coding-tutor-unity\data\P14-VC\main_P14-VC.py', skipping save
No changes detected in 'C:\mr-coding-tutor-unity\data\P14-VC\main_P14-VC.py', skipping save
No changes detected in 'C:\mr-coding-tutor-unity\data\P14-VC\main_P14-VC.py', skipping save
No changes detected in 'C:\mr-coding-tutor-unity\data\P14-VC\main_P14-VC.py', skipping save
No changes detected in 'C:\mr-coding-tutor-unity\data\P14-VC\main_P14-VC.py', skipping save
No changes detected in 'C:\mr-coding-tutor-unity\data\P14-VC\main_P14-VC.py', skipping save
No changes detected in 'C:\mr-coding-tutor-unity\data\P14-VC\main_P14-VC.py', skipping save
Content changed, saved copy to: C:\mr-coding-tutor-unity\data\P14-VC\period\20250715_164106_main_P14-VC.py
No changes detected in 'C:\mr-coding-tutor-unity\data\P14-VC\main_P14-VC.py', skipping save
Content changed, saved copy to: C:\mr-coding-tutor-unity\data\P14-VC\period\20250715_164108_main_P14-VC.py
No changes detected in 'C:\mr-coding-tutor-unity\data\P14-VC\main_P14-VC.py', skipping save
No changes detected in 'C:\mr-coding-tutor-unity\data\P14-VC\main_P14-VC.py', skipping save
No changes detected in 'C:\mr-coding-tutor-unity\data\P14-VC\main_P14-VC.py', skipping save
No changes detected in 'C:\mr-coding-tutor-unity\data\P14-VC\main_P14-VC.py', skipping save
Content changed, saved copy to: C:\mr-coding-tutor-unity\data\P14-VC\period\20250715_164113_main_P14-VC.py
Content changed, saved copy to: C:\mr-coding-tutor-unity\data\P14-VC\period\20250715_164114_main_P14-VC.py
No changes detected in 'C:\mr-coding-tutor-unity\data\P14-VC\main_P14-VC.py', skipping save
No changes detected in 'C:\mr-coding-tutor-unity\data\P14-VC\main_P14-VC.py', skipping save
No changes detected in 'C:\mr-coding-tutor-unity\data\P14-VC\main_P14-VC.py', skipping save
No changes detected in 'C:\mr-coding-tutor-unity\data\P14-VC\main_P14-VC.py', skipping save
Content changed, saved copy to: C:\mr-coding-tutor-unity\data\P14-VC\period\20250715_164119_main_P14-VC.py
No changes detected in 'C:\mr-coding-tutor-unity\data\P14-VC\main_P14-VC.py', skipping save
No changes detected in 'C:\mr-coding-tutor-unity\data\P14-VC\main_P14-VC.py', skipping save
No changes detected in 'C:\mr-coding-tutor-unity\data\P14-VC\main_P14-VC.py', skipping save
No changes detected in 'C:\mr-coding-tutor-unity\data\P14-VC\main_P14-VC.py', skipping save
No changes detected in 'C:\mr-coding-tutor-unity\data\P14-VC\main_P14-VC.py', skipping save
No changes detected in 'C:\mr-coding-tutor-unity\data\P14-VC\main_P14-VC.py', skipping save
No changes detected in 'C:\mr-coding-tutor-unity\data\P14-VC\main_P14-VC.py', skipping save
Content changed, saved copy to: C:\mr-coding-tutor-unity\data\P14-VC\period\20250715_164127_main_P14-VC.py
No changes detected in 'C:\mr-coding-tutor-unity\data\P14-VC\main_P14-VC.py', skipping save
No changes detected in 'C:\mr-coding-tutor-unity\data\P14-VC\main_P14-VC.py', skipping save
No changes detected in 'C:\mr-coding-tutor-unity\data\P14-VC\main_P14-VC.py', skipping save
No changes detected in 'C:\mr-coding-tutor-unity\data\P14-VC\main_P14-VC.py', skipping save
No changes detected in 'C:\mr-coding-tutor-unity\data\P14-VC\main_P14-VC.py', skipping save
No changes detected in 'C:\mr-coding-tutor-unity\data\P14-VC\main_P14-VC.py', skipping save
No changes detected in 'C:\mr-coding-tutor-unity\data\P14-VC\main_P14-VC.py', skipping save
No changes detected in 'C:\mr-coding-tutor-unity\data\P14-VC\main_P14-VC.py', skipping save
No changes detected in 'C:\mr-coding-tutor-unity\data\P14-VC\main_P14-VC.py', skipping save
No changes detected in 'C:\mr-coding-tutor-unity\data\P14-VC\main_P14-VC.py', skipping save
No changes detected in 'C:\mr-coding-tutor-unity\data\P14-VC\main_P14-VC.py', skipping save
No changes detected in 'C:\mr-coding-tutor-unity\data\P14-VC\main_P14-VC.py', skipping save
No changes detected in 'C:\mr-coding-tutor-unity\data\P14-VC\main_P14-VC.py', skipping save
No changes detected in 'C:\mr-coding-tutor-unity\data\P14-VC\main_P14-VC.py', skipping save
No changes detected in 'C:\mr-coding-tutor-unity\data\P14-VC\main_P14-VC.py', skipping save
No changes detected in 'C:\mr-coding-tutor-unity\data\P14-VC\main_P14-VC.py', skipping save
No changes detected in 'C:\mr-coding-tutor-unity\data\P14-VC\main_P14-VC.py', skipping save
No changes detected in 'C:\mr-coding-tutor-unity\data\P14-VC\main_P14-VC.py', skipping save
No changes detected in 'C:\mr-coding-tutor-unity\data\P14-VC\main_P14-VC.py', skipping save
No changes detected in 'C:\mr-coding-tutor-unity\data\P14-VC\main_P14-VC.py', skipping save
No changes detected in 'C:\mr-coding-tutor-unity\data\P14-VC\main_P14-VC.py', skipping save
No changes detected in 'C:\mr-coding-tutor-unity\data\P14-VC\main_P14-VC.py', skipping save
No changes detected in 'C:\mr-coding-tutor-unity\data\P14-VC\main_P14-VC.py', skipping save
No changes detected in 'C:\mr-coding-tutor-unity\data\P14-VC\main_P14-VC.py', skipping save
No changes detected in 'C:\mr-coding-tutor-unity\data\P14-VC\main_P14-VC.py', skipping save
No changes detected in 'C:\mr-coding-tutor-unity\data\P14-VC\main_P14-VC.py', skipping save
No changes detected in 'C:\mr-coding-tutor-unity\data\P14-VC\main_P14-VC.py', skipping save
No changes detected in 'C:\mr-coding-tutor-unity\data\P14-VC\main_P14-VC.py', skipping save
No changes detected in 'C:\mr-coding-tutor-unity\data\P14-VC\main_P14-VC.py', skipping save
No changes detected in 'C:\mr-coding-tutor-unity\data\P14-VC\main_P14-VC.py', skipping save
No changes detected in 'C:\mr-coding-tutor-unity\data\P14-VC\main_P14-VC.py', skipping save
Content changed, saved copy to: C:\mr-coding-tutor-unity\data\P14-VC\period\20250715_164159_main_P14-VC.py
Content changed, saved copy to: C:\mr-coding-tutor-unity\data\P14-VC\period\20250715_164200_main_P14-VC.py
No changes detected in 'C:\mr-coding-tutor-unity\data\P14-VC\main_P14-VC.py', skipping save
Content changed, saved copy to: C:\mr-coding-tutor-unity\data\P14-VC\period\20250715_164202_main_P14-VC.py
No changes detected in 'C:\mr-coding-tutor-unity\data\P14-VC\main_P14-VC.py', skipping save
No changes detected in 'C:\mr-coding-tutor-unity\data\P14-VC\main_P14-VC.py', skipping save
Content changed, saved copy to: C:\mr-coding-tutor-unity\data\P14-VC\period\20250715_164205_main_P14-VC.py
No changes detected in 'C:\mr-coding-tutor-unity\data\P14-VC\main_P14-VC.py', skipping save
No changes detected in 'C:\mr-coding-tutor-unity\data\P14-VC\main_P14-VC.py', skipping save
No changes detected in 'C:\mr-coding-tutor-unity\data\P14-VC\main_P14-VC.py', skipping save
No changes detected in 'C:\mr-coding-tutor-unity\data\P14-VC\main_P14-VC.py', skipping save
No changes detected in 'C:\mr-coding-tutor-unity\data\P14-VC\main_P14-VC.py', skipping save
No changes detected in 'C:\mr-coding-tutor-unity\data\P14-VC\main_P14-VC.py', skipping save
No changes detected in 'C:\mr-coding-tutor-unity\data\P14-VC\main_P14-VC.py', skipping save
No changes detected in 'C:\mr-coding-tutor-unity\data\P14-VC\main_P14-VC.py', skipping save
No changes detected in 'C:\mr-coding-tutor-unity\data\P14-VC\main_P14-VC.py', skipping save
No changes detected in 'C:\mr-coding-tutor-unity\data\P14-VC\main_P14-VC.py', skipping save
No changes detected in 'C:\mr-coding-tutor-unity\data\P14-VC\main_P14-VC.py', skipping save
No changes detected in 'C:\mr-coding-tutor-unity\data\P14-VC\main_P14-VC.py', skipping save
No changes detected in 'C:\mr-coding-tutor-unity\data\P14-VC\main_P14-VC.py', skipping save
No changes detected in 'C:\mr-coding-tutor-unity\data\P14-VC\main_P14-VC.py', skipping save
No changes detected in 'C:\mr-coding-tutor-unity\data\P14-VC\main_P14-VC.py', skipping save
No changes detected in 'C:\mr-coding-tutor-unity\data\P14-VC\main_P14-VC.py', skipping save
No changes detected in 'C:\mr-coding-tutor-unity\data\P14-VC\main_P14-VC.py', skipping save
No changes detected in 'C:\mr-coding-tutor-unity\data\P14-VC\main_P14-VC.py', skipping save
No changes detected in 'C:\mr-coding-tutor-unity\data\P14-VC\main_P14-VC.py', skipping save
No changes detected in 'C:\mr-coding-tutor-unity\data\P14-VC\main_P14-VC.py', skipping save
No changes detected in 'C:\mr-coding-tutor-unity\data\P14-VC\main_P14-VC.py', skipping save
No changes detected in 'C:\mr-coding-tutor-unity\data\P14-VC\main_P14-VC.py', skipping save
No changes detected in 'C:\mr-coding-tutor-unity\data\P14-VC\main_P14-VC.py', skipping save
No changes detected in 'C:\mr-coding-tutor-unity\data\P14-VC\main_P14-VC.py', skipping save
No changes detected in 'C:\mr-coding-tutor-unity\data\P14-VC\main_P14-VC.py', skipping save
No changes detected in 'C:\mr-coding-tutor-unity\data\P14-VC\main_P14-VC.py', skipping save
No changes detected in 'C:\mr-coding-tutor-unity\data\P14-VC\main_P14-VC.py', skipping save
No changes detected in 'C:\mr-coding-tutor-unity\data\P14-VC\main_P14-VC.py', skipping save
No changes detected in 'C:\mr-coding-tutor-unity\data\P14-VC\main_P14-VC.py', skipping save
No changes detected in 'C:\mr-coding-tutor-unity\data\P14-VC\main_P14-VC.py', skipping save
No changes detected in 'C:\mr-coding-tutor-unity\data\P14-VC\main_P14-VC.py', skipping save
No changes detected in 'C:\mr-coding-tutor-unity\data\P14-VC\main_P14-VC.py', skipping save
No changes detected in 'C:\mr-coding-tutor-unity\data\P14-VC\main_P14-VC.py', skipping save
Content changed, saved copy to: C:\mr-coding-tutor-unity\data\P14-VC\period\20250715_164239_main_P14-VC.py
No changes detected in 'C:\mr-coding-tutor-unity\data\P14-VC\main_P14-VC.py', skipping save
No changes detected in 'C:\mr-coding-tutor-unity\data\P14-VC\main_P14-VC.py', skipping save
No changes detected in 'C:\mr-coding-tutor-unity\data\P14-VC\main_P14-VC.py', skipping save
No changes detected in 'C:\mr-coding-tutor-unity\data\P14-VC\main_P14-VC.py', skipping save
Content changed, saved copy to: C:\mr-coding-tutor-unity\data\P14-VC\period\20250715_164244_main_P14-VC.py
No changes detected in 'C:\mr-coding-tutor-unity\data\P14-VC\main_P14-VC.py', skipping save
Content changed, saved copy to: C:\mr-coding-tutor-unity\data\P14-VC\period\20250715_164246_main_P14-VC.py
No changes detected in 'C:\mr-coding-tutor-unity\data\P14-VC\main_P14-VC.py', skipping save
No changes detected in 'C:\mr-coding-tutor-unity\data\P14-VC\main_P14-VC.py', skipping save
Content changed, saved copy to: C:\mr-coding-tutor-unity\data\P14-VC\period\20250715_164249_main_P14-VC.py
No changes detected in 'C:\mr-coding-tutor-unity\data\P14-VC\main_P14-VC.py', skipping save
No changes detected in 'C:\mr-coding-tutor-unity\data\P14-VC\main_P14-VC.py', skipping save
No changes detected in 'C:\mr-coding-tutor-unity\data\P14-VC\main_P14-VC.py', skipping save
No changes detected in 'C:\mr-coding-tutor-unity\data\P14-VC\main_P14-VC.py', skipping save
No changes detected in 'C:\mr-coding-tutor-unity\data\P14-VC\main_P14-VC.py', skipping save
No changes detected in 'C:\mr-coding-tutor-unity\data\P14-VC\main_P14-VC.py', skipping save
No changes detected in 'C:\mr-coding-tutor-unity\data\P14-VC\main_P14-VC.py', skipping save
No changes detected in 'C:\mr-coding-tutor-unity\data\P14-VC\main_P14-VC.py', skipping save
No changes detected in 'C:\mr-coding-tutor-unity\data\P14-VC\main_P14-VC.py', skipping save
No changes detected in 'C:\mr-coding-tutor-unity\data\P14-VC\main_P14-VC.py', skipping save
No changes detected in 'C:\mr-coding-tutor-unity\data\P14-VC\main_P14-VC.py', skipping save
No changes detected in 'C:\mr-coding-tutor-unity\data\P14-VC\main_P14-VC.py', skipping save
No changes detected in 'C:\mr-coding-tutor-unity\data\P14-VC\main_P14-VC.py', skipping save
No changes detected in 'C:\mr-coding-tutor-unity\data\P14-VC\main_P14-VC.py', skipping save
No changes detected in 'C:\mr-coding-tutor-unity\data\P14-VC\main_P14-VC.py', skipping save
No changes detected in 'C:\mr-coding-tutor-unity\data\P14-VC\main_P14-VC.py', skipping save
No changes detected in 'C:\mr-coding-tutor-unity\data\P14-VC\main_P14-VC.py', skipping save
No changes detected in 'C:\mr-coding-tutor-unity\data\P14-VC\main_P14-VC.py', skipping save
No changes detected in 'C:\mr-coding-tutor-unity\data\P14-VC\main_P14-VC.py', skipping save
No changes detected in 'C:\mr-coding-tutor-unity\data\P14-VC\main_P14-VC.py', skipping save
No changes detected in 'C:\mr-coding-tutor-unity\data\P14-VC\main_P14-VC.py', skipping save
No changes detected in 'C:\mr-coding-tutor-unity\data\P14-VC\main_P14-VC.py', skipping save
No changes detected in 'C:\mr-coding-tutor-unity\data\P14-VC\main_P14-VC.py', skipping save
Content changed, saved copy to: C:\mr-coding-tutor-unity\data\P14-VC\period\20250715_164313_main_P14-VC.py
Content changed, saved copy to: C:\mr-coding-tutor-unity\data\P14-VC\period\20250715_164314_main_P14-VC.py
Content changed, saved copy to: C:\mr-coding-tutor-unity\data\P14-VC\period\20250715_164315_main_P14-VC.py
No changes detected in 'C:\mr-coding-tutor-unity\data\P14-VC\main_P14-VC.py', skipping save
No changes detected in 'C:\mr-coding-tutor-unity\data\P14-VC\main_P14-VC.py', skipping save
No changes detected in 'C:\mr-coding-tutor-unity\data\P14-VC\main_P14-VC.py', skipping save
No changes detected in 'C:\mr-coding-tutor-unity\data\P14-VC\main_P14-VC.py', skipping save
No changes detected in 'C:\mr-coding-tutor-unity\data\P14-VC\main_P14-VC.py', skipping save
No changes detected in 'C:\mr-coding-tutor-unity\data\P14-VC\main_P14-VC.py', skipping save
No changes detected in 'C:\mr-coding-tutor-unity\data\P14-VC\main_P14-VC.py', skipping save
No changes detected in 'C:\mr-coding-tutor-unity\data\P14-VC\main_P14-VC.py', skipping save
No changes detected in 'C:\mr-coding-tutor-unity\data\P14-VC\main_P14-VC.py', skipping save
No changes detected in 'C:\mr-coding-tutor-unity\data\P14-VC\main_P14-VC.py', skipping save
No changes detected in 'C:\mr-coding-tutor-unity\data\P14-VC\main_P14-VC.py', skipping save
No changes detected in 'C:\mr-coding-tutor-unity\data\P14-VC\main_P14-VC.py', skipping save
No changes detected in 'C:\mr-coding-tutor-unity\data\P14-VC\main_P14-VC.py', skipping save
No changes detected in 'C:\mr-coding-tutor-unity\data\P14-VC\main_P14-VC.py', skipping save
No changes detected in 'C:\mr-coding-tutor-unity\data\P14-VC\main_P14-VC.py', skipping save
No changes detected in 'C:\mr-coding-tutor-unity\data\P14-VC\main_P14-VC.py', skipping save
No changes detected in 'C:\mr-coding-tutor-unity\data\P14-VC\main_P14-VC.py', skipping save
No changes detected in 'C:\mr-coding-tutor-unity\data\P14-VC\main_P14-VC.py', skipping save
No changes detected in 'C:\mr-coding-tutor-unity\data\P14-VC\main_P14-VC.py', skipping save
No changes detected in 'C:\mr-coding-tutor-unity\data\P14-VC\main_P14-VC.py', skipping save
No changes detected in 'C:\mr-coding-tutor-unity\data\P14-VC\main_P14-VC.py', skipping save
No changes detected in 'C:\mr-coding-tutor-unity\data\P14-VC\main_P14-VC.py', skipping save
No changes detected in 'C:\mr-coding-tutor-unity\data\P14-VC\main_P14-VC.py', skipping save
No changes detected in 'C:\mr-coding-tutor-unity\data\P14-VC\main_P14-VC.py', skipping save
No changes detected in 'C:\mr-coding-tutor-unity\data\P14-VC\main_P14-VC.py', skipping save
No changes detected in 'C:\mr-coding-tutor-unity\data\P14-VC\main_P14-VC.py', skipping save
No changes detected in 'C:\mr-coding-tutor-unity\data\P14-VC\main_P14-VC.py', skipping save
No changes detected in 'C:\mr-coding-tutor-unity\data\P14-VC\main_P14-VC.py', skipping save
No changes detected in 'C:\mr-coding-tutor-unity\data\P14-VC\main_P14-VC.py', skipping save
No changes detected in 'C:\mr-coding-tutor-unity\data\P14-VC\main_P14-VC.py', skipping save
No changes detected in 'C:\mr-coding-tutor-unity\data\P14-VC\main_P14-VC.py', skipping save
No changes detected in 'C:\mr-coding-tutor-unity\data\P14-VC\main_P14-VC.py', skipping save
No changes detected in 'C:\mr-coding-tutor-unity\data\P14-VC\main_P14-VC.py', skipping save
No changes detected in 'C:\mr-coding-tutor-unity\data\P14-VC\main_P14-VC.py', skipping save
No changes detected in 'C:\mr-coding-tutor-unity\data\P14-VC\main_P14-VC.py', skipping save
No changes detected in 'C:\mr-coding-tutor-unity\data\P14-VC\main_P14-VC.py', skipping save
No changes detected in 'C:\mr-coding-tutor-unity\data\P14-VC\main_P14-VC.py', skipping save
No changes detected in 'C:\mr-coding-tutor-unity\data\P14-VC\main_P14-VC.py', skipping save
No changes detected in 'C:\mr-coding-tutor-unity\data\P14-VC\main_P14-VC.py', skipping save
No changes detected in 'C:\mr-coding-tutor-unity\data\P14-VC\main_P14-VC.py', skipping save
No changes detected in 'C:\mr-coding-tutor-unity\data\P14-VC\main_P14-VC.py', skipping save
No changes detected in 'C:\mr-coding-tutor-unity\data\P14-VC\main_P14-VC.py', skipping save
No changes detected in 'C:\mr-coding-tutor-unity\data\P14-VC\main_P14-VC.py', skipping save
No changes detected in 'C:\mr-coding-tutor-unity\data\P14-VC\main_P14-VC.py', skipping save
No changes detected in 'C:\mr-coding-tutor-unity\data\P14-VC\main_P14-VC.py', skipping save
No changes detected in 'C:\mr-coding-tutor-unity\data\P14-VC\main_P14-VC.py', skipping save
No changes detected in 'C:\mr-coding-tutor-unity\data\P14-VC\main_P14-VC.py', skipping save
No changes detected in 'C:\mr-coding-tutor-unity\data\P14-VC\main_P14-VC.py', skipping save
No changes detected in 'C:\mr-coding-tutor-unity\data\P14-VC\main_P14-VC.py', skipping save
No changes detected in 'C:\mr-coding-tutor-unity\data\P14-VC\main_P14-VC.py', skipping save
No changes detected in 'C:\mr-coding-tutor-unity\data\P14-VC\main_P14-VC.py', skipping save
No changes detected in 'C:\mr-coding-tutor-unity\data\P14-VC\main_P14-VC.py', skipping save
No changes detected in 'C:\mr-coding-tutor-unity\data\P14-VC\main_P14-VC.py', skipping save
No changes detected in 'C:\mr-coding-tutor-unity\data\P14-VC\main_P14-VC.py', skipping save
No changes detected in 'C:\mr-coding-tutor-unity\data\P14-VC\main_P14-VC.py', skipping save
No changes detected in 'C:\mr-coding-tutor-unity\data\P14-VC\main_P14-VC.py', skipping save
No changes detected in 'C:\mr-coding-tutor-unity\data\P14-VC\main_P14-VC.py', skipping save
No changes detected in 'C:\mr-coding-tutor-unity\data\P14-VC\main_P14-VC.py', skipping save
No changes detected in 'C:\mr-coding-tutor-unity\data\P14-VC\main_P14-VC.py', skipping save
No changes detected in 'C:\mr-coding-tutor-unity\data\P14-VC\main_P14-VC.py', skipping save
No changes detected in 'C:\mr-coding-tutor-unity\data\P14-VC\main_P14-VC.py', skipping save
No changes detected in 'C:\mr-coding-tutor-unity\data\P14-VC\main_P14-VC.py', skipping save
No changes detected in 'C:\mr-coding-tutor-unity\data\P14-VC\main_P14-VC.py', skipping save
No changes detected in 'C:\mr-coding-tutor-unity\data\P14-VC\main_P14-VC.py', skipping save
No changes detected in 'C:\mr-coding-tutor-unity\data\P14-VC\main_P14-VC.py', skipping save
No changes detected in 'C:\mr-coding-tutor-unity\data\P14-VC\main_P14-VC.py', skipping save
No changes detected in 'C:\mr-coding-tutor-unity\data\P14-VC\main_P14-VC.py', skipping save
No changes detected in 'C:\mr-coding-tutor-unity\data\P14-VC\main_P14-VC.py', skipping save
No changes detected in 'C:\mr-coding-tutor-unity\data\P14-VC\main_P14-VC.py', skipping save
No changes detected in 'C:\mr-coding-tutor-unity\data\P14-VC\main_P14-VC.py', skipping save
No changes detected in 'C:\mr-coding-tutor-unity\data\P14-VC\main_P14-VC.py', skipping save
No changes detected in 'C:\mr-coding-tutor-unity\data\P14-VC\main_P14-VC.py', skipping save
No changes detected in 'C:\mr-coding-tutor-unity\data\P14-VC\main_P14-VC.py', skipping save
No changes detected in 'C:\mr-coding-tutor-unity\data\P14-VC\main_P14-VC.py', skipping save
No changes detected in 'C:\mr-coding-tutor-unity\data\P14-VC\main_P14-VC.py', skipping save
No changes detected in 'C:\mr-coding-tutor-unity\data\P14-VC\main_P14-VC.py', skipping save
No changes detected in 'C:\mr-coding-tutor-unity\data\P14-VC\main_P14-VC.py', skipping save
No changes detected in 'C:\mr-coding-tutor-unity\data\P14-VC\main_P14-VC.py', skipping save
No changes detected in 'C:\mr-coding-tutor-unity\data\P14-VC\main_P14-VC.py', skipping save
No changes detected in 'C:\mr-coding-tutor-unity\data\P14-VC\main_P14-VC.py', skipping save
No changes detected in 'C:\mr-coding-tutor-unity\data\P14-VC\main_P14-VC.py', skipping save
No changes detected in 'C:\mr-coding-tutor-unity\data\P14-VC\main_P14-VC.py', skipping save
No changes detected in 'C:\mr-coding-tutor-unity\data\P14-VC\main_P14-VC.py', skipping save
No changes detected in 'C:\mr-coding-tutor-unity\data\P14-VC\main_P14-VC.py', skipping save
No changes detected in 'C:\mr-coding-tutor-unity\data\P14-VC\main_P14-VC.py', skipping save
No changes detected in 'C:\mr-coding-tutor-unity\data\P14-VC\main_P14-VC.py', skipping save
No changes detected in 'C:\mr-coding-tutor-unity\data\P14-VC\main_P14-VC.py', skipping save
No changes detected in 'C:\mr-coding-tutor-unity\data\P14-VC\main_P14-VC.py', skipping save
No changes detected in 'C:\mr-coding-tutor-unity\data\P14-VC\main_P14-VC.py', skipping save
No changes detected in 'C:\mr-coding-tutor-unity\data\P14-VC\main_P14-VC.py', skipping save
No changes detected in 'C:\mr-coding-tutor-unity\data\P14-VC\main_P14-VC.py', skipping save
No changes detected in 'C:\mr-coding-tutor-unity\data\P14-VC\main_P14-VC.py', skipping save
No changes detected in 'C:\mr-coding-tutor-unity\data\P14-VC\main_P14-VC.py', skipping save
No changes detected in 'C:\mr-coding-tutor-unity\data\P14-VC\main_P14-VC.py', skipping save
No changes detected in 'C:\mr-coding-tutor-unity\data\P14-VC\main_P14-VC.py', skipping save
No changes detected in 'C:\mr-coding-tutor-unity\data\P14-VC\main_P14-VC.py', skipping save
No changes detected in 'C:\mr-coding-tutor-unity\data\P14-VC\main_P14-VC.py', skipping save
No changes detected in 'C:\mr-coding-tutor-unity\data\P14-VC\main_P14-VC.py', skipping save
No changes detected in 'C:\mr-coding-tutor-unity\data\P14-VC\main_P14-VC.py', skipping save
No changes detected in 'C:\mr-coding-tutor-unity\data\P14-VC\main_P14-VC.py', skipping save
No changes detected in 'C:\mr-coding-tutor-unity\data\P14-VC\main_P14-VC.py', skipping save
No changes detected in 'C:\mr-coding-tutor-unity\data\P14-VC\main_P14-VC.py', skipping save
No changes detected in 'C:\mr-coding-tutor-unity\data\P14-VC\main_P14-VC.py', skipping save
No changes detected in 'C:\mr-coding-tutor-unity\data\P14-VC\main_P14-VC.py', skipping save
No changes detected in 'C:\mr-coding-tutor-unity\data\P14-VC\main_P14-VC.py', skipping save
No changes detected in 'C:\mr-coding-tutor-unity\data\P14-VC\main_P14-VC.py', skipping save
No changes detected in 'C:\mr-coding-tutor-unity\data\P14-VC\main_P14-VC.py', skipping save
No changes detected in 'C:\mr-coding-tutor-unity\data\P14-VC\main_P14-VC.py', skipping save
No changes detected in 'C:\mr-coding-tutor-unity\data\P14-VC\main_P14-VC.py', skipping save
No changes detected in 'C:\mr-coding-tutor-unity\data\P14-VC\main_P14-VC.py', skipping save
No changes detected in 'C:\mr-coding-tutor-unity\data\P14-VC\main_P14-VC.py', skipping save
No changes detected in 'C:\mr-coding-tutor-unity\data\P14-VC\main_P14-VC.py', skipping save
No changes detected in 'C:\mr-coding-tutor-unity\data\P14-VC\main_P14-VC.py', skipping save
No changes detected in 'C:\mr-coding-tutor-unity\data\P14-VC\main_P14-VC.py', skipping save
No changes detected in 'C:\mr-coding-tutor-unity\data\P14-VC\main_P14-VC.py', skipping save
No changes detected in 'C:\mr-coding-tutor-unity\data\P14-VC\main_P14-VC.py', skipping save
No changes detected in 'C:\mr-coding-tutor-unity\data\P14-VC\main_P14-VC.py', skipping save
No changes detected in 'C:\mr-coding-tutor-unity\data\P14-VC\main_P14-VC.py', skipping save
No changes detected in 'C:\mr-coding-tutor-unity\data\P14-VC\main_P14-VC.py', skipping save
No changes detected in 'C:\mr-coding-tutor-unity\data\P14-VC\main_P14-VC.py', skipping save
No changes detected in 'C:\mr-coding-tutor-unity\data\P14-VC\main_P14-VC.py', skipping save
No changes detected in 'C:\mr-coding-tutor-unity\data\P14-VC\main_P14-VC.py', skipping save
No changes detected in 'C:\mr-coding-tutor-unity\data\P14-VC\main_P14-VC.py', skipping save
No changes detected in 'C:\mr-coding-tutor-unity\data\P14-VC\main_P14-VC.py', skipping save
No changes detected in 'C:\mr-coding-tutor-unity\data\P14-VC\main_P14-VC.py', skipping save
No changes detected in 'C:\mr-coding-tutor-unity\data\P14-VC\main_P14-VC.py', skipping save
No changes detected in 'C:\mr-coding-tutor-unity\data\P14-VC\main_P14-VC.py', skipping save
No changes detected in 'C:\mr-coding-tutor-unity\data\P14-VC\main_P14-VC.py', skipping save
No changes detected in 'C:\mr-coding-tutor-unity\data\P14-VC\main_P14-VC.py', skipping save
No changes detected in 'C:\mr-coding-tutor-unity\data\P14-VC\main_P14-VC.py', skipping save
No changes detected in 'C:\mr-coding-tutor-unity\data\P14-VC\main_P14-VC.py', skipping save
No changes detected in 'C:\mr-coding-tutor-unity\data\P14-VC\main_P14-VC.py', skipping save
No changes detected in 'C:\mr-coding-tutor-unity\data\P14-VC\main_P14-VC.py', skipping save
No changes detected in 'C:\mr-coding-tutor-unity\data\P14-VC\main_P14-VC.py', skipping save
No changes detected in 'C:\mr-coding-tutor-unity\data\P14-VC\main_P14-VC.py', skipping save
No changes detected in 'C:\mr-coding-tutor-unity\data\P14-VC\main_P14-VC.py', skipping save
No changes detected in 'C:\mr-coding-tutor-unity\data\P14-VC\main_P14-VC.py', skipping save
No changes detected in 'C:\mr-coding-tutor-unity\data\P14-VC\main_P14-VC.py', skipping save
No changes detected in 'C:\mr-coding-tutor-unity\data\P14-VC\main_P14-VC.py', skipping save
No changes detected in 'C:\mr-coding-tutor-unity\data\P14-VC\main_P14-VC.py', skipping save
No changes detected in 'C:\mr-coding-tutor-unity\data\P14-VC\main_P14-VC.py', skipping save
No changes detected in 'C:\mr-coding-tutor-unity\data\P14-VC\main_P14-VC.py', skipping save
No changes detected in 'C:\mr-coding-tutor-unity\data\P14-VC\main_P14-VC.py', skipping save
No changes detected in 'C:\mr-coding-tutor-unity\data\P14-VC\main_P14-VC.py', skipping save
No changes detected in 'C:\mr-coding-tutor-unity\data\P14-VC\main_P14-VC.py', skipping save
No changes detected in 'C:\mr-coding-tutor-unity\data\P14-VC\main_P14-VC.py', skipping save
No changes detected in 'C:\mr-coding-tutor-unity\data\P14-VC\main_P14-VC.py', skipping save
No changes detected in 'C:\mr-coding-tutor-unity\data\P14-VC\main_P14-VC.py', skipping save
No changes detected in 'C:\mr-coding-tutor-unity\data\P14-VC\main_P14-VC.py', skipping save
No changes detected in 'C:\mr-coding-tutor-unity\data\P14-VC\main_P14-VC.py', skipping save
No changes detected in 'C:\mr-coding-tutor-unity\data\P14-VC\main_P14-VC.py', skipping save
No changes detected in 'C:\mr-coding-tutor-unity\data\P14-VC\main_P14-VC.py', skipping save
No changes detected in 'C:\mr-coding-tutor-unity\data\P14-VC\main_P14-VC.py', skipping save
No changes detected in 'C:\mr-coding-tutor-unity\data\P14-VC\main_P14-VC.py', skipping save
No changes detected in 'C:\mr-coding-tutor-unity\data\P14-VC\main_P14-VC.py', skipping save
No changes detected in 'C:\mr-coding-tutor-unity\data\P14-VC\main_P14-VC.py', skipping save
No changes detected in 'C:\mr-coding-tutor-unity\data\P14-VC\main_P14-VC.py', skipping save
No changes detected in 'C:\mr-coding-tutor-unity\data\P14-VC\main_P14-VC.py', skipping save
No changes detected in 'C:\mr-coding-tutor-unity\data\P14-VC\main_P14-VC.py', skipping save
No changes detected in 'C:\mr-coding-tutor-unity\data\P14-VC\main_P14-VC.py', skipping save
No changes detected in 'C:\mr-coding-tutor-unity\data\P14-VC\main_P14-VC.py', skipping save
